-- The C compiler identification is GNU 11.4.0
-- The CXX compiler identification is GNU 11.4.0
-- Detecting C compiler ABI info
-- Detecting C compiler ABI info - done
-- Check for working C compiler: /usr/bin/cc - skipped
-- Detecting C compile features
-- Detecting C compile features - done
-- Detecting CXX compiler ABI info
-- Detecting CXX compiler ABI info - done
-- Check for working CXX compiler: /usr/bin/c++ - skipped
-- Detecting CXX compile features
-- Detecting CXX compile features - done
-- Found ament_cmake: 1.3.11 (/opt/ros/humble/share/ament_cmake/cmake)
-- Found Python3: /usr/bin/python3 (found version "3.10.12") found components: Interpreter 
-- Override CMake install command with custom implementation using symlinks instead of copying resources
-- Found rclpy: 3.3.15 (/opt/ros/humble/share/rclpy/cmake)
-- Found geometry_msgs: 4.2.4 (/opt/ros/humble/share/geometry_msgs/cmake)
-- Found rosidl_generator_c: 3.1.6 (/opt/ros/humble/share/rosidl_generator_c/cmake)
-- Found rosidl_adapter: 3.1.6 (/opt/ros/humble/share/rosidl_adapter/cmake)
-- Found rosidl_generator_cpp: 3.1.6 (/opt/ros/humble/share/rosidl_generator_cpp/cmake)
-- Using all available rosidl_typesupport_c: rosidl_typesupport_fastrtps_c;rosidl_typesupport_introspection_c
-- Using all available rosidl_typesupport_cpp: rosidl_typesupport_fastrtps_cpp;rosidl_typesupport_introspection_cpp
-- Found sensor_msgs: 4.2.4 (/opt/ros/humble/share/sensor_msgs/cmake)
-- Found tf2_ros: 0.25.12 (/opt/ros/humble/share/tf2_ros/cmake)
-- Found rmw_implementation_cmake: 6.1.2 (/opt/ros/humble/share/rmw_implementation_cmake/cmake)
-- Found rmw_cyclonedds_cpp: 1.3.4 (/opt/ros/humble/share/rmw_cyclonedds_cpp/cmake)
-- Using RMW implementation 'rmw_cyclonedds_cpp' as default
-- Looking for pthread.h
-- Looking for pthread.h - found
-- Performing Test CMAKE_HAVE_LIBC_PTHREAD
-- Performing Test CMAKE_HAVE_LIBC_PTHREAD - Success
-- Found Threads: TRUE  
-- Found visualization_msgs: 4.2.4 (/opt/ros/humble/share/visualization_msgs/cmake)
-- Found cv_bridge: 3.2.1 (/opt/ros/humble/share/cv_bridge/cmake)
-- Configuring done
-- Generating done
-- Build files have been written to: /workspaces/isaac_ros-dev/ros_ws/build/ur5e_visual_servo
-- Install configuration: ""
-- Execute custom install script
-- Symlinking: /workspaces/isaac_ros-dev/ros_ws/install/ur5e_visual_servo/lib/ur5e_visual_servo/gui_interface.py
-- Symlinking: /workspaces/isaac_ros-dev/ros_ws/install/ur5e_visual_servo/lib/ur5e_visual_servo/zed_surface_detector.py
-- Symlinking: /workspaces/isaac_ros-dev/ros_ws/install/ur5e_visual_servo/lib/ur5e_visual_servo/svg_pattern_projector.py
-- Symlinking: /workspaces/isaac_ros-dev/ros_ws/install/ur5e_visual_servo/lib/ur5e_visual_servo/hand_eye_calibrator.py
-- Symlinking: /workspaces/isaac_ros-dev/ros_ws/install/ur5e_visual_servo/lib/ur5e_visual_servo/object_detector.py
-- Symlinking: /workspaces/isaac_ros-dev/ros_ws/install/ur5e_visual_servo/lib/ur5e_visual_servo/visual_servo_controller.py
-- Symlinking: /workspaces/isaac_ros-dev/ros_ws/install/ur5e_visual_servo/share/ur5e_visual_servo/launch/gui.launch.py
-- Symlinking: /workspaces/isaac_ros-dev/ros_ws/install/ur5e_visual_servo/share/ur5e_visual_servo/launch/hand_eye_calibrator.launch.py
-- Symlinking: /workspaces/isaac_ros-dev/ros_ws/install/ur5e_visual_servo/share/ur5e_visual_servo/launch/object_detector.launch.py
-- Symlinking: /workspaces/isaac_ros-dev/ros_ws/install/ur5e_visual_servo/share/ur5e_visual_servo/launch/svg_pattern_projector.launch.py
-- Symlinking: /workspaces/isaac_ros-dev/ros_ws/install/ur5e_visual_servo/share/ur5e_visual_servo/launch/urdf_only.launch.py
-- Symlinking: /workspaces/isaac_ros-dev/ros_ws/install/ur5e_visual_servo/share/ur5e_visual_servo/launch/visual_servo_controller.launch.py
-- Symlinking: /workspaces/isaac_ros-dev/ros_ws/install/ur5e_visual_servo/share/ur5e_visual_servo/launch/zed_surface_detector.launch.py
-- Symlinking: /workspaces/isaac_ros-dev/ros_ws/install/ur5e_visual_servo/share/ur5e_visual_servo/urdf/romulus.urdf
-- Symlinking: /workspaces/isaac_ros-dev/ros_ws/install/ur5e_visual_servo/share/ur5e_visual_servo/urdf/romulus_bak.urdf
-- Symlinking: /workspaces/isaac_ros-dev/ros_ws/install/ur5e_visual_servo/share/ur5e_visual_servo/urdf/ur5e_calibration.yaml
-- Symlinking: /workspaces/isaac_ros-dev/ros_ws/install/ur5e_visual_servo/share/ur5e_visual_servo/config/ur5e_calibration.yaml
-- Symlinking: /workspaces/isaac_ros-dev/ros_ws/install/ur5e_visual_servo/share/ur5e_visual_servo/config/visual_servo.rviz
-- Symlinking: /workspaces/isaac_ros-dev/ros_ws/install/ur5e_visual_servo/share/ur5e_visual_servo/media/rise_baking_logo.png
-- Symlinking: /workspaces/isaac_ros-dev/ros_ws/install/ur5e_visual_servo/share/ament_index/resource_index/package_run_dependencies/ur5e_visual_servo
-- Symlinking: /workspaces/isaac_ros-dev/ros_ws/install/ur5e_visual_servo/share/ament_index/resource_index/parent_prefix_path/ur5e_visual_servo
-- Symlinking: /workspaces/isaac_ros-dev/ros_ws/install/ur5e_visual_servo/share/ur5e_visual_servo/environment/ament_prefix_path.sh
-- Symlinking: /workspaces/isaac_ros-dev/ros_ws/install/ur5e_visual_servo/share/ur5e_visual_servo/environment/ament_prefix_path.dsv
-- Symlinking: /workspaces/isaac_ros-dev/ros_ws/install/ur5e_visual_servo/share/ur5e_visual_servo/environment/path.sh
-- Symlinking: /workspaces/isaac_ros-dev/ros_ws/install/ur5e_visual_servo/share/ur5e_visual_servo/environment/path.dsv
-- Symlinking: /workspaces/isaac_ros-dev/ros_ws/install/ur5e_visual_servo/share/ur5e_visual_servo/local_setup.bash
-- Symlinking: /workspaces/isaac_ros-dev/ros_ws/install/ur5e_visual_servo/share/ur5e_visual_servo/local_setup.sh
-- Symlinking: /workspaces/isaac_ros-dev/ros_ws/install/ur5e_visual_servo/share/ur5e_visual_servo/local_setup.zsh
-- Symlinking: /workspaces/isaac_ros-dev/ros_ws/install/ur5e_visual_servo/share/ur5e_visual_servo/local_setup.dsv
-- Symlinking: /workspaces/isaac_ros-dev/ros_ws/install/ur5e_visual_servo/share/ur5e_visual_servo/package.dsv
-- Symlinking: /workspaces/isaac_ros-dev/ros_ws/install/ur5e_visual_servo/share/ament_index/resource_index/packages/ur5e_visual_servo
-- Symlinking: /workspaces/isaac_ros-dev/ros_ws/install/ur5e_visual_servo/share/ur5e_visual_servo/cmake/ur5e_visual_servoConfig.cmake
-- Symlinking: /workspaces/isaac_ros-dev/ros_ws/install/ur5e_visual_servo/share/ur5e_visual_servo/cmake/ur5e_visual_servoConfig-version.cmake
-- Symlinking: /workspaces/isaac_ros-dev/ros_ws/install/ur5e_visual_servo/share/ur5e_visual_servo/package.xml
