[3.461s] Invoking command in '/workspaces/isaac_ros-dev/ros_ws/src/pattern': PYTHONPATH=/workspaces/isaac_ros-dev/ros_ws/build/pattern/prefix_override:/usr/lib/python3/dist-packages/colcon_core/task/python/colcon_distutils_commands:/workspaces/isaac_ros-dev/ros_ws/install/pattern/lib/python3.10/site-packages:${PYTHONPATH} /usr/bin/python3 -W ignore:setup.py install is deprecated -W ignore:easy_install command is deprecated setup.py egg_info --egg-base ../../build/pattern build --build-base /workspaces/isaac_ros-dev/ros_ws/build/pattern/build install --record /workspaces/isaac_ros-dev/ros_ws/build/pattern/install.log --single-version-externally-managed install_data
[4.200s] running egg_info
[4.231s] writing ../../build/pattern/pattern.egg-info/PKG-INFO
[4.232s] writing dependency_links to ../../build/pattern/pattern.egg-info/dependency_links.txt
[4.232s] writing entry points to ../../build/pattern/pattern.egg-info/entry_points.txt
[4.233s] writing requirements to ../../build/pattern/pattern.egg-info/requires.txt
[4.233s] writing top-level names to ../../build/pattern/pattern.egg-info/top_level.txt
[4.361s] ERROR setuptools_scm._file_finders.git listing git files failed - pretending there aren't any
[4.547s] reading manifest file '../../build/pattern/pattern.egg-info/SOURCES.txt'
[4.549s] writing manifest file '../../build/pattern/pattern.egg-info/SOURCES.txt'
[4.550s] running build
[4.550s] running build_py
[4.550s] running install
[4.559s] running install_lib
[4.591s] running install_data
[4.591s] running install_egg_info
[4.624s] removing '/workspaces/isaac_ros-dev/ros_ws/install/pattern/lib/python3.10/site-packages/pattern-0.0.1-py3.10.egg-info' (and everything under it)
[4.625s] Copying ../../build/pattern/pattern.egg-info to /workspaces/isaac_ros-dev/ros_ws/install/pattern/lib/python3.10/site-packages/pattern-0.0.1-py3.10.egg-info
[4.627s] running install_scripts
[4.744s] Installing pattern_node script to /workspaces/isaac_ros-dev/ros_ws/install/pattern/lib/pattern
[4.745s] writing list of installed files to '/workspaces/isaac_ros-dev/ros_ws/build/pattern/install.log'
[4.849s] Invoked command in '/workspaces/isaac_ros-dev/ros_ws/src/pattern' returned '0': PYTHONPATH=/workspaces/isaac_ros-dev/ros_ws/build/pattern/prefix_override:/usr/lib/python3/dist-packages/colcon_core/task/python/colcon_distutils_commands:/workspaces/isaac_ros-dev/ros_ws/install/pattern/lib/python3.10/site-packages:${PYTHONPATH} /usr/bin/python3 -W ignore:setup.py install is deprecated -W ignore:easy_install command is deprecated setup.py egg_info --egg-base ../../build/pattern build --build-base /workspaces/isaac_ros-dev/ros_ws/build/pattern/build install --record /workspaces/isaac_ros-dev/ros_ws/build/pattern/install.log --single-version-externally-managed install_data
