[0.026s] Invoking command in '/workspaces/isaac_ros-dev/ros_ws/build/zed_msgs': CMAKE_PREFIX_PATH=${CMAKE_PREFIX_PATH}:/opt/ros/humble /usr/bin/cmake --build /workspaces/isaac_ros-dev/ros_ws/build/zed_msgs -- -j12 -l12
[0.154s] [35m[1mConsolidate compiler generated dependencies of target zed_msgs__rosidl_generator_c[0m
[0.164s] [  0%] Built target zed_msgs__cpp
[0.176s] [  0%] Built target ament_cmake_python_symlink_zed_msgs
[0.197s] [35m[1mConsolidate compiler generated dependencies of target zed_msgs__rosidl_typesupport_cpp[0m
[0.201s] [ 12%] Built target zed_msgs__rosidl_generator_c
[0.232s] [35m[1mConsolidate compiler generated dependencies of target zed_msgs__rosidl_typesupport_c[0m
[0.239s] [35m[1mConsolidate compiler generated dependencies of target zed_msgs__rosidl_typesupport_introspection_cpp[0m
[0.241s] [35m[1mConsolidate compiler generated dependencies of target zed_msgs__rosidl_typesupport_fastrtps_c[0m
[0.241s] [35m[1mConsolidate compiler generated dependencies of target zed_msgs__rosidl_typesupport_introspection_c[0m
[0.244s] [35m[1mConsolidate compiler generated dependencies of target zed_msgs__rosidl_typesupport_fastrtps_cpp[0m
[0.248s] [ 24%] Built target zed_msgs__rosidl_typesupport_cpp
[0.280s] [ 36%] Built target zed_msgs__rosidl_typesupport_c
[0.284s] [ 48%] Built target zed_msgs__rosidl_typesupport_introspection_c
[0.311s] [ 60%] Built target zed_msgs__rosidl_typesupport_fastrtps_c
[0.313s] [ 72%] Built target zed_msgs__rosidl_typesupport_fastrtps_cpp
[0.320s] [ 85%] Built target zed_msgs__rosidl_typesupport_introspection_cpp
[0.360s] [ 85%] Built target zed_msgs
[0.405s] [ 86%] Built target zed_msgs__py
[0.434s] [35m[1mConsolidate compiler generated dependencies of target zed_msgs__rosidl_generator_py[0m
[0.496s] [ 97%] Built target zed_msgs__rosidl_generator_py
[0.519s] [35m[1mConsolidate compiler generated dependencies of target zed_msgs__rosidl_typesupport_fastrtps_c__pyext[0m
[0.519s] [35m[1mConsolidate compiler generated dependencies of target zed_msgs__rosidl_typesupport_introspection_c__pyext[0m
[0.519s] [35m[1mConsolidate compiler generated dependencies of target zed_msgs__rosidl_typesupport_c__pyext[0m
[0.548s] [ 98%] Built target zed_msgs__rosidl_typesupport_introspection_c__pyext
[0.549s] [ 99%] Built target zed_msgs__rosidl_typesupport_fastrtps_c__pyext
[0.551s] [100%] Built target zed_msgs__rosidl_typesupport_c__pyext
[0.886s] running egg_info
[0.917s] writing zed_msgs.egg-info/PKG-INFO
[0.918s] writing dependency_links to zed_msgs.egg-info/dependency_links.txt
[0.919s] writing top-level names to zed_msgs.egg-info/top_level.txt
[1.117s] ERROR setuptools_scm._file_finders.git listing git files failed - pretending there aren't any
[1.349s] reading manifest file 'zed_msgs.egg-info/SOURCES.txt'
[1.352s] writing manifest file 'zed_msgs.egg-info/SOURCES.txt'
[1.491s] [100%] Built target ament_cmake_python_build_zed_msgs_egg
[1.516s] Invoked command in '/workspaces/isaac_ros-dev/ros_ws/build/zed_msgs' returned '0': CMAKE_PREFIX_PATH=${CMAKE_PREFIX_PATH}:/opt/ros/humble /usr/bin/cmake --build /workspaces/isaac_ros-dev/ros_ws/build/zed_msgs -- -j12 -l12
[1.521s] Invoking command in '/workspaces/isaac_ros-dev/ros_ws/build/zed_msgs': CMAKE_PREFIX_PATH=${CMAKE_PREFIX_PATH}:/opt/ros/humble /usr/bin/cmake --install /workspaces/isaac_ros-dev/ros_ws/build/zed_msgs
[1.540s] -- Install configuration: ""
[1.541s] -- Execute custom install script
[1.542s] -- Up-to-date symlink: /workspaces/isaac_ros-dev/ros_ws/install/zed_msgs/share/ament_index/resource_index/rosidl_interfaces/zed_msgs
[1.544s] -- Up-to-date symlink: /workspaces/isaac_ros-dev/ros_ws/install/zed_msgs/include/zed_msgs/zed_msgs/msg/bounding_box2_df.h
[1.544s] -- Up-to-date symlink: /workspaces/isaac_ros-dev/ros_ws/install/zed_msgs/include/zed_msgs/zed_msgs/msg/bounding_box2_di.h
[1.544s] -- Up-to-date symlink: /workspaces/isaac_ros-dev/ros_ws/install/zed_msgs/include/zed_msgs/zed_msgs/msg/bounding_box3_d.h
[1.545s] -- Up-to-date symlink: /workspaces/isaac_ros-dev/ros_ws/install/zed_msgs/include/zed_msgs/zed_msgs/msg/depth_info_stamped.h
[1.545s] -- Up-to-date symlink: /workspaces/isaac_ros-dev/ros_ws/install/zed_msgs/include/zed_msgs/zed_msgs/msg/detail/bounding_box2_df__functions.h
[1.545s] -- Up-to-date symlink: /workspaces/isaac_ros-dev/ros_ws/install/zed_msgs/include/zed_msgs/zed_msgs/msg/detail/bounding_box2_df__struct.h
[1.546s] -- Up-to-date symlink: /workspaces/isaac_ros-dev/ros_ws/install/zed_msgs/include/zed_msgs/zed_msgs/msg/detail/bounding_box2_df__type_support.h
[1.546s] -- Up-to-date symlink: /workspaces/isaac_ros-dev/ros_ws/install/zed_msgs/include/zed_msgs/zed_msgs/msg/detail/bounding_box2_di__functions.h
[1.546s] -- Up-to-date symlink: /workspaces/isaac_ros-dev/ros_ws/install/zed_msgs/include/zed_msgs/zed_msgs/msg/detail/bounding_box2_di__struct.h
[1.546s] -- Up-to-date symlink: /workspaces/isaac_ros-dev/ros_ws/install/zed_msgs/include/zed_msgs/zed_msgs/msg/detail/bounding_box2_di__type_support.h
[1.547s] -- Up-to-date symlink: /workspaces/isaac_ros-dev/ros_ws/install/zed_msgs/include/zed_msgs/zed_msgs/msg/detail/bounding_box3_d__functions.h
[1.547s] -- Up-to-date symlink: /workspaces/isaac_ros-dev/ros_ws/install/zed_msgs/include/zed_msgs/zed_msgs/msg/detail/bounding_box3_d__struct.h
[1.547s] -- Up-to-date symlink: /workspaces/isaac_ros-dev/ros_ws/install/zed_msgs/include/zed_msgs/zed_msgs/msg/detail/bounding_box3_d__type_support.h
[1.547s] -- Up-to-date symlink: /workspaces/isaac_ros-dev/ros_ws/install/zed_msgs/include/zed_msgs/zed_msgs/msg/detail/depth_info_stamped__functions.h
[1.548s] -- Up-to-date symlink: /workspaces/isaac_ros-dev/ros_ws/install/zed_msgs/include/zed_msgs/zed_msgs/msg/detail/depth_info_stamped__struct.h
[1.548s] -- Up-to-date symlink: /workspaces/isaac_ros-dev/ros_ws/install/zed_msgs/include/zed_msgs/zed_msgs/msg/detail/depth_info_stamped__type_support.h
[1.548s] -- Up-to-date symlink: /workspaces/isaac_ros-dev/ros_ws/install/zed_msgs/include/zed_msgs/zed_msgs/msg/detail/gnss_fusion_status__functions.h
[1.548s] -- Up-to-date symlink: /workspaces/isaac_ros-dev/ros_ws/install/zed_msgs/include/zed_msgs/zed_msgs/msg/detail/gnss_fusion_status__struct.h
[1.548s] -- Up-to-date symlink: /workspaces/isaac_ros-dev/ros_ws/install/zed_msgs/include/zed_msgs/zed_msgs/msg/detail/gnss_fusion_status__type_support.h
[1.549s] -- Up-to-date symlink: /workspaces/isaac_ros-dev/ros_ws/install/zed_msgs/include/zed_msgs/zed_msgs/msg/detail/health_status_stamped__functions.h
[1.549s] -- Up-to-date symlink: /workspaces/isaac_ros-dev/ros_ws/install/zed_msgs/include/zed_msgs/zed_msgs/msg/detail/health_status_stamped__struct.h
[1.549s] -- Up-to-date symlink: /workspaces/isaac_ros-dev/ros_ws/install/zed_msgs/include/zed_msgs/zed_msgs/msg/detail/health_status_stamped__type_support.h
[1.550s] -- Up-to-date symlink: /workspaces/isaac_ros-dev/ros_ws/install/zed_msgs/include/zed_msgs/zed_msgs/msg/detail/heartbeat__functions.h
[1.550s] -- Up-to-date symlink: /workspaces/isaac_ros-dev/ros_ws/install/zed_msgs/include/zed_msgs/zed_msgs/msg/detail/heartbeat__struct.h
[1.550s] -- Up-to-date symlink: /workspaces/isaac_ros-dev/ros_ws/install/zed_msgs/include/zed_msgs/zed_msgs/msg/detail/heartbeat__type_support.h
[1.550s] -- Up-to-date symlink: /workspaces/isaac_ros-dev/ros_ws/install/zed_msgs/include/zed_msgs/zed_msgs/msg/detail/keypoint2_df__functions.h
[1.551s] -- Up-to-date symlink: /workspaces/isaac_ros-dev/ros_ws/install/zed_msgs/include/zed_msgs/zed_msgs/msg/detail/keypoint2_df__struct.h
[1.551s] -- Up-to-date symlink: /workspaces/isaac_ros-dev/ros_ws/install/zed_msgs/include/zed_msgs/zed_msgs/msg/detail/keypoint2_df__type_support.h
[1.551s] -- Up-to-date symlink: /workspaces/isaac_ros-dev/ros_ws/install/zed_msgs/include/zed_msgs/zed_msgs/msg/detail/keypoint2_di__functions.h
[1.551s] -- Up-to-date symlink: /workspaces/isaac_ros-dev/ros_ws/install/zed_msgs/include/zed_msgs/zed_msgs/msg/detail/keypoint2_di__struct.h
[1.552s] -- Up-to-date symlink: /workspaces/isaac_ros-dev/ros_ws/install/zed_msgs/include/zed_msgs/zed_msgs/msg/detail/keypoint2_di__type_support.h
[1.552s] -- Up-to-date symlink: /workspaces/isaac_ros-dev/ros_ws/install/zed_msgs/include/zed_msgs/zed_msgs/msg/detail/keypoint3_d__functions.h
[1.552s] -- Up-to-date symlink: /workspaces/isaac_ros-dev/ros_ws/install/zed_msgs/include/zed_msgs/zed_msgs/msg/detail/keypoint3_d__struct.h
[1.552s] -- Up-to-date symlink: /workspaces/isaac_ros-dev/ros_ws/install/zed_msgs/include/zed_msgs/zed_msgs/msg/detail/keypoint3_d__type_support.h
[1.552s] -- Up-to-date symlink: /workspaces/isaac_ros-dev/ros_ws/install/zed_msgs/include/zed_msgs/zed_msgs/msg/detail/mag_heading_status__functions.h
[1.553s] -- Up-to-date symlink: /workspaces/isaac_ros-dev/ros_ws/install/zed_msgs/include/zed_msgs/zed_msgs/msg/detail/mag_heading_status__struct.h
[1.553s] -- Up-to-date symlink: /workspaces/isaac_ros-dev/ros_ws/install/zed_msgs/include/zed_msgs/zed_msgs/msg/detail/mag_heading_status__type_support.h
[1.553s] -- Up-to-date symlink: /workspaces/isaac_ros-dev/ros_ws/install/zed_msgs/include/zed_msgs/zed_msgs/msg/detail/object__functions.h
[1.553s] -- Up-to-date symlink: /workspaces/isaac_ros-dev/ros_ws/install/zed_msgs/include/zed_msgs/zed_msgs/msg/detail/object__struct.h
[1.554s] -- Up-to-date symlink: /workspaces/isaac_ros-dev/ros_ws/install/zed_msgs/include/zed_msgs/zed_msgs/msg/detail/object__type_support.h
[1.554s] -- Up-to-date symlink: /workspaces/isaac_ros-dev/ros_ws/install/zed_msgs/include/zed_msgs/zed_msgs/msg/detail/objects_stamped__functions.h
[1.554s] -- Up-to-date symlink: /workspaces/isaac_ros-dev/ros_ws/install/zed_msgs/include/zed_msgs/zed_msgs/msg/detail/objects_stamped__struct.h
[1.555s] -- Up-to-date symlink: /workspaces/isaac_ros-dev/ros_ws/install/zed_msgs/include/zed_msgs/zed_msgs/msg/detail/objects_stamped__type_support.h
[1.555s] -- Up-to-date symlink: /workspaces/isaac_ros-dev/ros_ws/install/zed_msgs/include/zed_msgs/zed_msgs/msg/detail/plane_stamped__functions.h
[1.555s] -- Up-to-date symlink: /workspaces/isaac_ros-dev/ros_ws/install/zed_msgs/include/zed_msgs/zed_msgs/msg/detail/plane_stamped__struct.h
[1.556s] -- Up-to-date symlink: /workspaces/isaac_ros-dev/ros_ws/install/zed_msgs/include/zed_msgs/zed_msgs/msg/detail/plane_stamped__type_support.h
[1.556s] -- Up-to-date symlink: /workspaces/isaac_ros-dev/ros_ws/install/zed_msgs/include/zed_msgs/zed_msgs/msg/detail/pos_track_status__functions.h
[1.556s] -- Up-to-date symlink: /workspaces/isaac_ros-dev/ros_ws/install/zed_msgs/include/zed_msgs/zed_msgs/msg/detail/pos_track_status__struct.h
[1.556s] -- Up-to-date symlink: /workspaces/isaac_ros-dev/ros_ws/install/zed_msgs/include/zed_msgs/zed_msgs/msg/detail/pos_track_status__type_support.h
[1.556s] -- Up-to-date symlink: /workspaces/isaac_ros-dev/ros_ws/install/zed_msgs/include/zed_msgs/zed_msgs/msg/detail/skeleton2_d__functions.h
[1.557s] -- Up-to-date symlink: /workspaces/isaac_ros-dev/ros_ws/install/zed_msgs/include/zed_msgs/zed_msgs/msg/detail/skeleton2_d__struct.h
[1.557s] -- Up-to-date symlink: /workspaces/isaac_ros-dev/ros_ws/install/zed_msgs/include/zed_msgs/zed_msgs/msg/detail/skeleton2_d__type_support.h
[1.558s] -- Up-to-date symlink: /workspaces/isaac_ros-dev/ros_ws/install/zed_msgs/include/zed_msgs/zed_msgs/msg/detail/skeleton3_d__functions.h
[1.558s] -- Up-to-date symlink: /workspaces/isaac_ros-dev/ros_ws/install/zed_msgs/include/zed_msgs/zed_msgs/msg/detail/skeleton3_d__struct.h
[1.559s] -- Up-to-date symlink: /workspaces/isaac_ros-dev/ros_ws/install/zed_msgs/include/zed_msgs/zed_msgs/msg/detail/skeleton3_d__type_support.h
[1.560s] -- Up-to-date symlink: /workspaces/isaac_ros-dev/ros_ws/install/zed_msgs/include/zed_msgs/zed_msgs/msg/detail/svo_status__functions.h
[1.560s] -- Up-to-date symlink: /workspaces/isaac_ros-dev/ros_ws/install/zed_msgs/include/zed_msgs/zed_msgs/msg/detail/svo_status__struct.h
[1.560s] -- Up-to-date symlink: /workspaces/isaac_ros-dev/ros_ws/install/zed_msgs/include/zed_msgs/zed_msgs/msg/detail/svo_status__type_support.h
[1.560s] -- Up-to-date symlink: /workspaces/isaac_ros-dev/ros_ws/install/zed_msgs/include/zed_msgs/zed_msgs/msg/gnss_fusion_status.h
[1.560s] -- Up-to-date symlink: /workspaces/isaac_ros-dev/ros_ws/install/zed_msgs/include/zed_msgs/zed_msgs/msg/health_status_stamped.h
[1.561s] -- Up-to-date symlink: /workspaces/isaac_ros-dev/ros_ws/install/zed_msgs/include/zed_msgs/zed_msgs/msg/heartbeat.h
[1.561s] -- Up-to-date symlink: /workspaces/isaac_ros-dev/ros_ws/install/zed_msgs/include/zed_msgs/zed_msgs/msg/keypoint2_df.h
[1.562s] -- Up-to-date symlink: /workspaces/isaac_ros-dev/ros_ws/install/zed_msgs/include/zed_msgs/zed_msgs/msg/keypoint2_di.h
[1.562s] -- Up-to-date symlink: /workspaces/isaac_ros-dev/ros_ws/install/zed_msgs/include/zed_msgs/zed_msgs/msg/keypoint3_d.h
[1.562s] -- Up-to-date symlink: /workspaces/isaac_ros-dev/ros_ws/install/zed_msgs/include/zed_msgs/zed_msgs/msg/mag_heading_status.h
[1.562s] -- Up-to-date symlink: /workspaces/isaac_ros-dev/ros_ws/install/zed_msgs/include/zed_msgs/zed_msgs/msg/object.h
[1.563s] -- Up-to-date symlink: /workspaces/isaac_ros-dev/ros_ws/install/zed_msgs/include/zed_msgs/zed_msgs/msg/objects_stamped.h
[1.563s] -- Up-to-date symlink: /workspaces/isaac_ros-dev/ros_ws/install/zed_msgs/include/zed_msgs/zed_msgs/msg/plane_stamped.h
[1.563s] -- Up-to-date symlink: /workspaces/isaac_ros-dev/ros_ws/install/zed_msgs/include/zed_msgs/zed_msgs/msg/pos_track_status.h
[1.563s] -- Up-to-date symlink: /workspaces/isaac_ros-dev/ros_ws/install/zed_msgs/include/zed_msgs/zed_msgs/msg/rosidl_generator_c__visibility_control.h
[1.563s] -- Up-to-date symlink: /workspaces/isaac_ros-dev/ros_ws/install/zed_msgs/include/zed_msgs/zed_msgs/msg/skeleton2_d.h
[1.564s] -- Up-to-date symlink: /workspaces/isaac_ros-dev/ros_ws/install/zed_msgs/include/zed_msgs/zed_msgs/msg/skeleton3_d.h
[1.564s] -- Up-to-date symlink: /workspaces/isaac_ros-dev/ros_ws/install/zed_msgs/include/zed_msgs/zed_msgs/msg/svo_status.h
[1.565s] -- Up-to-date symlink: /workspaces/isaac_ros-dev/ros_ws/install/zed_msgs/include/zed_msgs/zed_msgs/srv/detail/set_pose__functions.h
[1.565s] -- Up-to-date symlink: /workspaces/isaac_ros-dev/ros_ws/install/zed_msgs/include/zed_msgs/zed_msgs/srv/detail/set_pose__struct.h
[1.565s] -- Up-to-date symlink: /workspaces/isaac_ros-dev/ros_ws/install/zed_msgs/include/zed_msgs/zed_msgs/srv/detail/set_pose__type_support.h
[1.565s] -- Up-to-date symlink: /workspaces/isaac_ros-dev/ros_ws/install/zed_msgs/include/zed_msgs/zed_msgs/srv/detail/set_roi__functions.h
[1.566s] -- Up-to-date symlink: /workspaces/isaac_ros-dev/ros_ws/install/zed_msgs/include/zed_msgs/zed_msgs/srv/detail/set_roi__struct.h
[1.566s] -- Up-to-date symlink: /workspaces/isaac_ros-dev/ros_ws/install/zed_msgs/include/zed_msgs/zed_msgs/srv/detail/set_roi__type_support.h
[1.566s] -- Up-to-date symlink: /workspaces/isaac_ros-dev/ros_ws/install/zed_msgs/include/zed_msgs/zed_msgs/srv/detail/set_svo_frame__functions.h
[1.567s] -- Up-to-date symlink: /workspaces/isaac_ros-dev/ros_ws/install/zed_msgs/include/zed_msgs/zed_msgs/srv/detail/set_svo_frame__struct.h
[1.567s] -- Up-to-date symlink: /workspaces/isaac_ros-dev/ros_ws/install/zed_msgs/include/zed_msgs/zed_msgs/srv/detail/set_svo_frame__type_support.h
[1.567s] -- Up-to-date symlink: /workspaces/isaac_ros-dev/ros_ws/install/zed_msgs/include/zed_msgs/zed_msgs/srv/detail/start_svo_rec__functions.h
[1.567s] -- Up-to-date symlink: /workspaces/isaac_ros-dev/ros_ws/install/zed_msgs/include/zed_msgs/zed_msgs/srv/detail/start_svo_rec__struct.h
[1.567s] -- Up-to-date symlink: /workspaces/isaac_ros-dev/ros_ws/install/zed_msgs/include/zed_msgs/zed_msgs/srv/detail/start_svo_rec__type_support.h
[1.567s] -- Up-to-date symlink: /workspaces/isaac_ros-dev/ros_ws/install/zed_msgs/include/zed_msgs/zed_msgs/srv/set_pose.h
[1.567s] -- Up-to-date symlink: /workspaces/isaac_ros-dev/ros_ws/install/zed_msgs/include/zed_msgs/zed_msgs/srv/set_roi.h
[1.568s] -- Up-to-date symlink: /workspaces/isaac_ros-dev/ros_ws/install/zed_msgs/include/zed_msgs/zed_msgs/srv/set_svo_frame.h
[1.568s] -- Up-to-date symlink: /workspaces/isaac_ros-dev/ros_ws/install/zed_msgs/include/zed_msgs/zed_msgs/srv/start_svo_rec.h
[1.568s] -- Up-to-date symlink: /workspaces/isaac_ros-dev/ros_ws/install/zed_msgs/share/zed_msgs/environment/library_path.sh
[1.568s] -- Up-to-date symlink: /workspaces/isaac_ros-dev/ros_ws/install/zed_msgs/share/zed_msgs/environment/library_path.dsv
[1.570s] -- Up-to-date symlink: /workspaces/isaac_ros-dev/ros_ws/install/zed_msgs/include/zed_msgs/zed_msgs/msg/detail/bounding_box2_df__rosidl_typesupport_fastrtps_c.h
[1.571s] -- Up-to-date symlink: /workspaces/isaac_ros-dev/ros_ws/install/zed_msgs/include/zed_msgs/zed_msgs/msg/detail/bounding_box2_di__rosidl_typesupport_fastrtps_c.h
[1.571s] -- Up-to-date symlink: /workspaces/isaac_ros-dev/ros_ws/install/zed_msgs/include/zed_msgs/zed_msgs/msg/detail/bounding_box3_d__rosidl_typesupport_fastrtps_c.h
[1.571s] -- Up-to-date symlink: /workspaces/isaac_ros-dev/ros_ws/install/zed_msgs/include/zed_msgs/zed_msgs/msg/detail/depth_info_stamped__rosidl_typesupport_fastrtps_c.h
[1.571s] -- Up-to-date symlink: /workspaces/isaac_ros-dev/ros_ws/install/zed_msgs/include/zed_msgs/zed_msgs/msg/detail/gnss_fusion_status__rosidl_typesupport_fastrtps_c.h
[1.571s] -- Up-to-date symlink: /workspaces/isaac_ros-dev/ros_ws/install/zed_msgs/include/zed_msgs/zed_msgs/msg/detail/health_status_stamped__rosidl_typesupport_fastrtps_c.h
[1.572s] -- Up-to-date symlink: /workspaces/isaac_ros-dev/ros_ws/install/zed_msgs/include/zed_msgs/zed_msgs/msg/detail/heartbeat__rosidl_typesupport_fastrtps_c.h
[1.572s] -- Up-to-date symlink: /workspaces/isaac_ros-dev/ros_ws/install/zed_msgs/include/zed_msgs/zed_msgs/msg/detail/keypoint2_df__rosidl_typesupport_fastrtps_c.h
[1.572s] -- Up-to-date symlink: /workspaces/isaac_ros-dev/ros_ws/install/zed_msgs/include/zed_msgs/zed_msgs/msg/detail/keypoint2_di__rosidl_typesupport_fastrtps_c.h
[1.572s] -- Up-to-date symlink: /workspaces/isaac_ros-dev/ros_ws/install/zed_msgs/include/zed_msgs/zed_msgs/msg/detail/keypoint3_d__rosidl_typesupport_fastrtps_c.h
[1.572s] -- Up-to-date symlink: /workspaces/isaac_ros-dev/ros_ws/install/zed_msgs/include/zed_msgs/zed_msgs/msg/detail/mag_heading_status__rosidl_typesupport_fastrtps_c.h
[1.572s] -- Up-to-date symlink: /workspaces/isaac_ros-dev/ros_ws/install/zed_msgs/include/zed_msgs/zed_msgs/msg/detail/object__rosidl_typesupport_fastrtps_c.h
[1.572s] -- Up-to-date symlink: /workspaces/isaac_ros-dev/ros_ws/install/zed_msgs/include/zed_msgs/zed_msgs/msg/detail/objects_stamped__rosidl_typesupport_fastrtps_c.h
[1.572s] -- Up-to-date symlink: /workspaces/isaac_ros-dev/ros_ws/install/zed_msgs/include/zed_msgs/zed_msgs/msg/detail/plane_stamped__rosidl_typesupport_fastrtps_c.h
[1.573s] -- Up-to-date symlink: /workspaces/isaac_ros-dev/ros_ws/install/zed_msgs/include/zed_msgs/zed_msgs/msg/detail/pos_track_status__rosidl_typesupport_fastrtps_c.h
[1.573s] -- Up-to-date symlink: /workspaces/isaac_ros-dev/ros_ws/install/zed_msgs/include/zed_msgs/zed_msgs/msg/detail/skeleton2_d__rosidl_typesupport_fastrtps_c.h
[1.573s] -- Up-to-date symlink: /workspaces/isaac_ros-dev/ros_ws/install/zed_msgs/include/zed_msgs/zed_msgs/msg/detail/skeleton3_d__rosidl_typesupport_fastrtps_c.h
[1.573s] -- Up-to-date symlink: /workspaces/isaac_ros-dev/ros_ws/install/zed_msgs/include/zed_msgs/zed_msgs/msg/detail/svo_status__rosidl_typesupport_fastrtps_c.h
[1.574s] -- Up-to-date symlink: /workspaces/isaac_ros-dev/ros_ws/install/zed_msgs/include/zed_msgs/zed_msgs/msg/rosidl_typesupport_fastrtps_c__visibility_control.h
[1.574s] -- Up-to-date symlink: /workspaces/isaac_ros-dev/ros_ws/install/zed_msgs/include/zed_msgs/zed_msgs/srv/detail/set_pose__rosidl_typesupport_fastrtps_c.h
[1.574s] -- Up-to-date symlink: /workspaces/isaac_ros-dev/ros_ws/install/zed_msgs/include/zed_msgs/zed_msgs/srv/detail/set_roi__rosidl_typesupport_fastrtps_c.h
[1.574s] -- Up-to-date symlink: /workspaces/isaac_ros-dev/ros_ws/install/zed_msgs/include/zed_msgs/zed_msgs/srv/detail/set_svo_frame__rosidl_typesupport_fastrtps_c.h
[1.575s] -- Up-to-date symlink: /workspaces/isaac_ros-dev/ros_ws/install/zed_msgs/include/zed_msgs/zed_msgs/srv/detail/start_svo_rec__rosidl_typesupport_fastrtps_c.h
[1.576s] -- Up-to-date symlink: /workspaces/isaac_ros-dev/ros_ws/install/zed_msgs/include/zed_msgs/zed_msgs/msg/bounding_box2_df.hpp
[1.577s] -- Up-to-date symlink: /workspaces/isaac_ros-dev/ros_ws/install/zed_msgs/include/zed_msgs/zed_msgs/msg/bounding_box2_di.hpp
[1.577s] -- Up-to-date symlink: /workspaces/isaac_ros-dev/ros_ws/install/zed_msgs/include/zed_msgs/zed_msgs/msg/bounding_box3_d.hpp
[1.577s] -- Up-to-date symlink: /workspaces/isaac_ros-dev/ros_ws/install/zed_msgs/include/zed_msgs/zed_msgs/msg/depth_info_stamped.hpp
[1.577s] -- Up-to-date symlink: /workspaces/isaac_ros-dev/ros_ws/install/zed_msgs/include/zed_msgs/zed_msgs/msg/detail/bounding_box2_df__builder.hpp
[1.577s] -- Up-to-date symlink: /workspaces/isaac_ros-dev/ros_ws/install/zed_msgs/include/zed_msgs/zed_msgs/msg/detail/bounding_box2_df__struct.hpp
[1.578s] -- Up-to-date symlink: /workspaces/isaac_ros-dev/ros_ws/install/zed_msgs/include/zed_msgs/zed_msgs/msg/detail/bounding_box2_df__traits.hpp
[1.578s] -- Up-to-date symlink: /workspaces/isaac_ros-dev/ros_ws/install/zed_msgs/include/zed_msgs/zed_msgs/msg/detail/bounding_box2_df__type_support.hpp
[1.578s] -- Up-to-date symlink: /workspaces/isaac_ros-dev/ros_ws/install/zed_msgs/include/zed_msgs/zed_msgs/msg/detail/bounding_box2_di__builder.hpp
[1.578s] -- Up-to-date symlink: /workspaces/isaac_ros-dev/ros_ws/install/zed_msgs/include/zed_msgs/zed_msgs/msg/detail/bounding_box2_di__struct.hpp
[1.579s] -- Up-to-date symlink: /workspaces/isaac_ros-dev/ros_ws/install/zed_msgs/include/zed_msgs/zed_msgs/msg/detail/bounding_box2_di__traits.hpp
[1.579s] -- Up-to-date symlink: /workspaces/isaac_ros-dev/ros_ws/install/zed_msgs/include/zed_msgs/zed_msgs/msg/detail/bounding_box2_di__type_support.hpp
[1.579s] -- Up-to-date symlink: /workspaces/isaac_ros-dev/ros_ws/install/zed_msgs/include/zed_msgs/zed_msgs/msg/detail/bounding_box3_d__builder.hpp
[1.579s] -- Up-to-date symlink: /workspaces/isaac_ros-dev/ros_ws/install/zed_msgs/include/zed_msgs/zed_msgs/msg/detail/bounding_box3_d__struct.hpp
[1.580s] -- Up-to-date symlink: /workspaces/isaac_ros-dev/ros_ws/install/zed_msgs/include/zed_msgs/zed_msgs/msg/detail/bounding_box3_d__traits.hpp
[1.580s] -- Up-to-date symlink: /workspaces/isaac_ros-dev/ros_ws/install/zed_msgs/include/zed_msgs/zed_msgs/msg/detail/bounding_box3_d__type_support.hpp
[1.580s] -- Up-to-date symlink: /workspaces/isaac_ros-dev/ros_ws/install/zed_msgs/include/zed_msgs/zed_msgs/msg/detail/depth_info_stamped__builder.hpp
[1.580s] -- Up-to-date symlink: /workspaces/isaac_ros-dev/ros_ws/install/zed_msgs/include/zed_msgs/zed_msgs/msg/detail/depth_info_stamped__struct.hpp
[1.581s] -- Up-to-date symlink: /workspaces/isaac_ros-dev/ros_ws/install/zed_msgs/include/zed_msgs/zed_msgs/msg/detail/depth_info_stamped__traits.hpp
[1.581s] -- Up-to-date symlink: /workspaces/isaac_ros-dev/ros_ws/install/zed_msgs/include/zed_msgs/zed_msgs/msg/detail/depth_info_stamped__type_support.hpp
[1.581s] -- Up-to-date symlink: /workspaces/isaac_ros-dev/ros_ws/install/zed_msgs/include/zed_msgs/zed_msgs/msg/detail/gnss_fusion_status__builder.hpp
[1.581s] -- Up-to-date symlink: /workspaces/isaac_ros-dev/ros_ws/install/zed_msgs/include/zed_msgs/zed_msgs/msg/detail/gnss_fusion_status__struct.hpp
[1.582s] -- Up-to-date symlink: /workspaces/isaac_ros-dev/ros_ws/install/zed_msgs/include/zed_msgs/zed_msgs/msg/detail/gnss_fusion_status__traits.hpp
[1.582s] -- Up-to-date symlink: /workspaces/isaac_ros-dev/ros_ws/install/zed_msgs/include/zed_msgs/zed_msgs/msg/detail/gnss_fusion_status__type_support.hpp
[1.582s] -- Up-to-date symlink: /workspaces/isaac_ros-dev/ros_ws/install/zed_msgs/include/zed_msgs/zed_msgs/msg/detail/health_status_stamped__builder.hpp
[1.582s] -- Up-to-date symlink: /workspaces/isaac_ros-dev/ros_ws/install/zed_msgs/include/zed_msgs/zed_msgs/msg/detail/health_status_stamped__struct.hpp
[1.582s] -- Up-to-date symlink: /workspaces/isaac_ros-dev/ros_ws/install/zed_msgs/include/zed_msgs/zed_msgs/msg/detail/health_status_stamped__traits.hpp
[1.583s] -- Up-to-date symlink: /workspaces/isaac_ros-dev/ros_ws/install/zed_msgs/include/zed_msgs/zed_msgs/msg/detail/health_status_stamped__type_support.hpp
[1.583s] -- Up-to-date symlink: /workspaces/isaac_ros-dev/ros_ws/install/zed_msgs/include/zed_msgs/zed_msgs/msg/detail/heartbeat__builder.hpp
[1.583s] -- Up-to-date symlink: /workspaces/isaac_ros-dev/ros_ws/install/zed_msgs/include/zed_msgs/zed_msgs/msg/detail/heartbeat__struct.hpp
[1.583s] -- Up-to-date symlink: /workspaces/isaac_ros-dev/ros_ws/install/zed_msgs/include/zed_msgs/zed_msgs/msg/detail/heartbeat__traits.hpp
[1.584s] -- Up-to-date symlink: /workspaces/isaac_ros-dev/ros_ws/install/zed_msgs/include/zed_msgs/zed_msgs/msg/detail/heartbeat__type_support.hpp
[1.584s] -- Up-to-date symlink: /workspaces/isaac_ros-dev/ros_ws/install/zed_msgs/include/zed_msgs/zed_msgs/msg/detail/keypoint2_df__builder.hpp
[1.584s] -- Up-to-date symlink: /workspaces/isaac_ros-dev/ros_ws/install/zed_msgs/include/zed_msgs/zed_msgs/msg/detail/keypoint2_df__struct.hpp
[1.584s] -- Up-to-date symlink: /workspaces/isaac_ros-dev/ros_ws/install/zed_msgs/include/zed_msgs/zed_msgs/msg/detail/keypoint2_df__traits.hpp
[1.585s] -- Up-to-date symlink: /workspaces/isaac_ros-dev/ros_ws/install/zed_msgs/include/zed_msgs/zed_msgs/msg/detail/keypoint2_df__type_support.hpp
[1.585s] -- Up-to-date symlink: /workspaces/isaac_ros-dev/ros_ws/install/zed_msgs/include/zed_msgs/zed_msgs/msg/detail/keypoint2_di__builder.hpp
[1.585s] -- Up-to-date symlink: /workspaces/isaac_ros-dev/ros_ws/install/zed_msgs/include/zed_msgs/zed_msgs/msg/detail/keypoint2_di__struct.hpp
[1.585s] -- Up-to-date symlink: /workspaces/isaac_ros-dev/ros_ws/install/zed_msgs/include/zed_msgs/zed_msgs/msg/detail/keypoint2_di__traits.hpp
[1.587s] -- Up-to-date symlink: /workspaces/isaac_ros-dev/ros_ws/install/zed_msgs/include/zed_msgs/zed_msgs/msg/detail/keypoint2_di__type_support.hpp
[1.588s] -- Up-to-date symlink: /workspaces/isaac_ros-dev/ros_ws/install/zed_msgs/include/zed_msgs/zed_msgs/msg/detail/keypoint3_d__builder.hpp
[1.588s] -- Up-to-date symlink: /workspaces/isaac_ros-dev/ros_ws/install/zed_msgs/include/zed_msgs/zed_msgs/msg/detail/keypoint3_d__struct.hpp
[1.588s] -- Up-to-date symlink: /workspaces/isaac_ros-dev/ros_ws/install/zed_msgs/include/zed_msgs/zed_msgs/msg/detail/keypoint3_d__traits.hpp
[1.588s] -- Up-to-date symlink: /workspaces/isaac_ros-dev/ros_ws/install/zed_msgs/include/zed_msgs/zed_msgs/msg/detail/keypoint3_d__type_support.hpp
[1.588s] -- Up-to-date symlink: /workspaces/isaac_ros-dev/ros_ws/install/zed_msgs/include/zed_msgs/zed_msgs/msg/detail/mag_heading_status__builder.hpp
[1.589s] -- Up-to-date symlink: /workspaces/isaac_ros-dev/ros_ws/install/zed_msgs/include/zed_msgs/zed_msgs/msg/detail/mag_heading_status__struct.hpp
[1.589s] -- Up-to-date symlink: /workspaces/isaac_ros-dev/ros_ws/install/zed_msgs/include/zed_msgs/zed_msgs/msg/detail/mag_heading_status__traits.hpp
[1.589s] -- Up-to-date symlink: /workspaces/isaac_ros-dev/ros_ws/install/zed_msgs/include/zed_msgs/zed_msgs/msg/detail/mag_heading_status__type_support.hpp
[1.589s] -- Up-to-date symlink: /workspaces/isaac_ros-dev/ros_ws/install/zed_msgs/include/zed_msgs/zed_msgs/msg/detail/object__builder.hpp
[1.589s] -- Up-to-date symlink: /workspaces/isaac_ros-dev/ros_ws/install/zed_msgs/include/zed_msgs/zed_msgs/msg/detail/object__struct.hpp
[1.589s] -- Up-to-date symlink: /workspaces/isaac_ros-dev/ros_ws/install/zed_msgs/include/zed_msgs/zed_msgs/msg/detail/object__traits.hpp
[1.589s] -- Up-to-date symlink: /workspaces/isaac_ros-dev/ros_ws/install/zed_msgs/include/zed_msgs/zed_msgs/msg/detail/object__type_support.hpp
[1.589s] -- Up-to-date symlink: /workspaces/isaac_ros-dev/ros_ws/install/zed_msgs/include/zed_msgs/zed_msgs/msg/detail/objects_stamped__builder.hpp
[1.590s] -- Up-to-date symlink: /workspaces/isaac_ros-dev/ros_ws/install/zed_msgs/include/zed_msgs/zed_msgs/msg/detail/objects_stamped__struct.hpp
[1.590s] -- Up-to-date symlink: /workspaces/isaac_ros-dev/ros_ws/install/zed_msgs/include/zed_msgs/zed_msgs/msg/detail/objects_stamped__traits.hpp
[1.590s] -- Up-to-date symlink: /workspaces/isaac_ros-dev/ros_ws/install/zed_msgs/include/zed_msgs/zed_msgs/msg/detail/objects_stamped__type_support.hpp
[1.590s] -- Up-to-date symlink: /workspaces/isaac_ros-dev/ros_ws/install/zed_msgs/include/zed_msgs/zed_msgs/msg/detail/plane_stamped__builder.hpp
[1.590s] -- Up-to-date symlink: /workspaces/isaac_ros-dev/ros_ws/install/zed_msgs/include/zed_msgs/zed_msgs/msg/detail/plane_stamped__struct.hpp
[1.591s] -- Up-to-date symlink: /workspaces/isaac_ros-dev/ros_ws/install/zed_msgs/include/zed_msgs/zed_msgs/msg/detail/plane_stamped__traits.hpp
[1.591s] -- Up-to-date symlink: /workspaces/isaac_ros-dev/ros_ws/install/zed_msgs/include/zed_msgs/zed_msgs/msg/detail/plane_stamped__type_support.hpp
[1.591s] -- Up-to-date symlink: /workspaces/isaac_ros-dev/ros_ws/install/zed_msgs/include/zed_msgs/zed_msgs/msg/detail/pos_track_status__builder.hpp
[1.592s] -- Up-to-date symlink: /workspaces/isaac_ros-dev/ros_ws/install/zed_msgs/include/zed_msgs/zed_msgs/msg/detail/pos_track_status__struct.hpp
[1.592s] -- Up-to-date symlink: /workspaces/isaac_ros-dev/ros_ws/install/zed_msgs/include/zed_msgs/zed_msgs/msg/detail/pos_track_status__traits.hpp
[1.592s] -- Up-to-date symlink: /workspaces/isaac_ros-dev/ros_ws/install/zed_msgs/include/zed_msgs/zed_msgs/msg/detail/pos_track_status__type_support.hpp
[1.593s] -- Up-to-date symlink: /workspaces/isaac_ros-dev/ros_ws/install/zed_msgs/include/zed_msgs/zed_msgs/msg/detail/skeleton2_d__builder.hpp
[1.593s] -- Up-to-date symlink: /workspaces/isaac_ros-dev/ros_ws/install/zed_msgs/include/zed_msgs/zed_msgs/msg/detail/skeleton2_d__struct.hpp
[1.593s] -- Up-to-date symlink: /workspaces/isaac_ros-dev/ros_ws/install/zed_msgs/include/zed_msgs/zed_msgs/msg/detail/skeleton2_d__traits.hpp
[1.594s] -- Up-to-date symlink: /workspaces/isaac_ros-dev/ros_ws/install/zed_msgs/include/zed_msgs/zed_msgs/msg/detail/skeleton2_d__type_support.hpp
[1.597s] -- Up-to-date symlink: /workspaces/isaac_ros-dev/ros_ws/install/zed_msgs/include/zed_msgs/zed_msgs/msg/detail/skeleton3_d__builder.hpp
[1.598s] -- Up-to-date symlink: /workspaces/isaac_ros-dev/ros_ws/install/zed_msgs/include/zed_msgs/zed_msgs/msg/detail/skeleton3_d__struct.hpp
[1.598s] -- Up-to-date symlink: /workspaces/isaac_ros-dev/ros_ws/install/zed_msgs/include/zed_msgs/zed_msgs/msg/detail/skeleton3_d__traits.hpp
[1.598s] -- Up-to-date symlink: /workspaces/isaac_ros-dev/ros_ws/install/zed_msgs/include/zed_msgs/zed_msgs/msg/detail/skeleton3_d__type_support.hpp
[1.598s] -- Up-to-date symlink: /workspaces/isaac_ros-dev/ros_ws/install/zed_msgs/include/zed_msgs/zed_msgs/msg/detail/svo_status__builder.hpp
[1.598s] -- Up-to-date symlink: /workspaces/isaac_ros-dev/ros_ws/install/zed_msgs/include/zed_msgs/zed_msgs/msg/detail/svo_status__struct.hpp
[1.598s] -- Up-to-date symlink: /workspaces/isaac_ros-dev/ros_ws/install/zed_msgs/include/zed_msgs/zed_msgs/msg/detail/svo_status__traits.hpp
[1.598s] -- Up-to-date symlink: /workspaces/isaac_ros-dev/ros_ws/install/zed_msgs/include/zed_msgs/zed_msgs/msg/detail/svo_status__type_support.hpp
[1.599s] -- Up-to-date symlink: /workspaces/isaac_ros-dev/ros_ws/install/zed_msgs/include/zed_msgs/zed_msgs/msg/gnss_fusion_status.hpp
[1.599s] -- Up-to-date symlink: /workspaces/isaac_ros-dev/ros_ws/install/zed_msgs/include/zed_msgs/zed_msgs/msg/health_status_stamped.hpp
[1.599s] -- Up-to-date symlink: /workspaces/isaac_ros-dev/ros_ws/install/zed_msgs/include/zed_msgs/zed_msgs/msg/heartbeat.hpp
[1.599s] -- Up-to-date symlink: /workspaces/isaac_ros-dev/ros_ws/install/zed_msgs/include/zed_msgs/zed_msgs/msg/keypoint2_df.hpp
[1.599s] -- Up-to-date symlink: /workspaces/isaac_ros-dev/ros_ws/install/zed_msgs/include/zed_msgs/zed_msgs/msg/keypoint2_di.hpp
[1.599s] -- Up-to-date symlink: /workspaces/isaac_ros-dev/ros_ws/install/zed_msgs/include/zed_msgs/zed_msgs/msg/keypoint3_d.hpp
[1.599s] -- Up-to-date symlink: /workspaces/isaac_ros-dev/ros_ws/install/zed_msgs/include/zed_msgs/zed_msgs/msg/mag_heading_status.hpp
[1.599s] -- Up-to-date symlink: /workspaces/isaac_ros-dev/ros_ws/install/zed_msgs/include/zed_msgs/zed_msgs/msg/object.hpp
[1.599s] -- Up-to-date symlink: /workspaces/isaac_ros-dev/ros_ws/install/zed_msgs/include/zed_msgs/zed_msgs/msg/objects_stamped.hpp
[1.600s] -- Up-to-date symlink: /workspaces/isaac_ros-dev/ros_ws/install/zed_msgs/include/zed_msgs/zed_msgs/msg/plane_stamped.hpp
[1.600s] -- Up-to-date symlink: /workspaces/isaac_ros-dev/ros_ws/install/zed_msgs/include/zed_msgs/zed_msgs/msg/pos_track_status.hpp
[1.600s] -- Up-to-date symlink: /workspaces/isaac_ros-dev/ros_ws/install/zed_msgs/include/zed_msgs/zed_msgs/msg/rosidl_generator_cpp__visibility_control.hpp
[1.600s] -- Up-to-date symlink: /workspaces/isaac_ros-dev/ros_ws/install/zed_msgs/include/zed_msgs/zed_msgs/msg/skeleton2_d.hpp
[1.600s] -- Up-to-date symlink: /workspaces/isaac_ros-dev/ros_ws/install/zed_msgs/include/zed_msgs/zed_msgs/msg/skeleton3_d.hpp
[1.600s] -- Up-to-date symlink: /workspaces/isaac_ros-dev/ros_ws/install/zed_msgs/include/zed_msgs/zed_msgs/msg/svo_status.hpp
[1.600s] -- Up-to-date symlink: /workspaces/isaac_ros-dev/ros_ws/install/zed_msgs/include/zed_msgs/zed_msgs/srv/detail/set_pose__builder.hpp
[1.600s] -- Up-to-date symlink: /workspaces/isaac_ros-dev/ros_ws/install/zed_msgs/include/zed_msgs/zed_msgs/srv/detail/set_pose__struct.hpp
[1.601s] -- Up-to-date symlink: /workspaces/isaac_ros-dev/ros_ws/install/zed_msgs/include/zed_msgs/zed_msgs/srv/detail/set_pose__traits.hpp
[1.601s] -- Up-to-date symlink: /workspaces/isaac_ros-dev/ros_ws/install/zed_msgs/include/zed_msgs/zed_msgs/srv/detail/set_pose__type_support.hpp
[1.601s] -- Up-to-date symlink: /workspaces/isaac_ros-dev/ros_ws/install/zed_msgs/include/zed_msgs/zed_msgs/srv/detail/set_roi__builder.hpp
[1.601s] -- Up-to-date symlink: /workspaces/isaac_ros-dev/ros_ws/install/zed_msgs/include/zed_msgs/zed_msgs/srv/detail/set_roi__struct.hpp
[1.601s] -- Up-to-date symlink: /workspaces/isaac_ros-dev/ros_ws/install/zed_msgs/include/zed_msgs/zed_msgs/srv/detail/set_roi__traits.hpp
[1.601s] -- Up-to-date symlink: /workspaces/isaac_ros-dev/ros_ws/install/zed_msgs/include/zed_msgs/zed_msgs/srv/detail/set_roi__type_support.hpp
[1.601s] -- Up-to-date symlink: /workspaces/isaac_ros-dev/ros_ws/install/zed_msgs/include/zed_msgs/zed_msgs/srv/detail/set_svo_frame__builder.hpp
[1.603s] -- Up-to-date symlink: /workspaces/isaac_ros-dev/ros_ws/install/zed_msgs/include/zed_msgs/zed_msgs/srv/detail/set_svo_frame__struct.hpp
[1.603s] -- Up-to-date symlink: /workspaces/isaac_ros-dev/ros_ws/install/zed_msgs/include/zed_msgs/zed_msgs/srv/detail/set_svo_frame__traits.hpp
[1.604s] -- Up-to-date symlink: /workspaces/isaac_ros-dev/ros_ws/install/zed_msgs/include/zed_msgs/zed_msgs/srv/detail/set_svo_frame__type_support.hpp
[1.604s] -- Up-to-date symlink: /workspaces/isaac_ros-dev/ros_ws/install/zed_msgs/include/zed_msgs/zed_msgs/srv/detail/start_svo_rec__builder.hpp
[1.604s] -- Up-to-date symlink: /workspaces/isaac_ros-dev/ros_ws/install/zed_msgs/include/zed_msgs/zed_msgs/srv/detail/start_svo_rec__struct.hpp
[1.604s] -- Up-to-date symlink: /workspaces/isaac_ros-dev/ros_ws/install/zed_msgs/include/zed_msgs/zed_msgs/srv/detail/start_svo_rec__traits.hpp
[1.604s] -- Up-to-date symlink: /workspaces/isaac_ros-dev/ros_ws/install/zed_msgs/include/zed_msgs/zed_msgs/srv/detail/start_svo_rec__type_support.hpp
[1.604s] -- Up-to-date symlink: /workspaces/isaac_ros-dev/ros_ws/install/zed_msgs/include/zed_msgs/zed_msgs/srv/set_pose.hpp
[1.604s] -- Up-to-date symlink: /workspaces/isaac_ros-dev/ros_ws/install/zed_msgs/include/zed_msgs/zed_msgs/srv/set_roi.hpp
[1.605s] -- Up-to-date symlink: /workspaces/isaac_ros-dev/ros_ws/install/zed_msgs/include/zed_msgs/zed_msgs/srv/set_svo_frame.hpp
[1.605s] -- Up-to-date symlink: /workspaces/isaac_ros-dev/ros_ws/install/zed_msgs/include/zed_msgs/zed_msgs/srv/start_svo_rec.hpp
[1.606s] -- Up-to-date symlink: /workspaces/isaac_ros-dev/ros_ws/install/zed_msgs/include/zed_msgs/zed_msgs/msg/detail/bounding_box2_df__rosidl_typesupport_fastrtps_cpp.hpp
[1.606s] -- Up-to-date symlink: /workspaces/isaac_ros-dev/ros_ws/install/zed_msgs/include/zed_msgs/zed_msgs/msg/detail/bounding_box2_di__rosidl_typesupport_fastrtps_cpp.hpp
[1.606s] -- Up-to-date symlink: /workspaces/isaac_ros-dev/ros_ws/install/zed_msgs/include/zed_msgs/zed_msgs/msg/detail/bounding_box3_d__rosidl_typesupport_fastrtps_cpp.hpp
[1.606s] -- Up-to-date symlink: /workspaces/isaac_ros-dev/ros_ws/install/zed_msgs/include/zed_msgs/zed_msgs/msg/detail/depth_info_stamped__rosidl_typesupport_fastrtps_cpp.hpp
[1.607s] -- Up-to-date symlink: /workspaces/isaac_ros-dev/ros_ws/install/zed_msgs/include/zed_msgs/zed_msgs/msg/detail/gnss_fusion_status__rosidl_typesupport_fastrtps_cpp.hpp
[1.612s] -- Up-to-date symlink: /workspaces/isaac_ros-dev/ros_ws/install/zed_msgs/include/zed_msgs/zed_msgs/msg/detail/health_status_stamped__rosidl_typesupport_fastrtps_cpp.hpp
[1.612s] -- Up-to-date symlink: /workspaces/isaac_ros-dev/ros_ws/install/zed_msgs/include/zed_msgs/zed_msgs/msg/detail/heartbeat__rosidl_typesupport_fastrtps_cpp.hpp
[1.612s] -- Up-to-date symlink: /workspaces/isaac_ros-dev/ros_ws/install/zed_msgs/include/zed_msgs/zed_msgs/msg/detail/keypoint2_df__rosidl_typesupport_fastrtps_cpp.hpp
[1.612s] -- Up-to-date symlink: /workspaces/isaac_ros-dev/ros_ws/install/zed_msgs/include/zed_msgs/zed_msgs/msg/detail/keypoint2_di__rosidl_typesupport_fastrtps_cpp.hpp
[1.612s] -- Up-to-date symlink: /workspaces/isaac_ros-dev/ros_ws/install/zed_msgs/include/zed_msgs/zed_msgs/msg/detail/keypoint3_d__rosidl_typesupport_fastrtps_cpp.hpp
[1.613s] -- Up-to-date symlink: /workspaces/isaac_ros-dev/ros_ws/install/zed_msgs/include/zed_msgs/zed_msgs/msg/detail/mag_heading_status__rosidl_typesupport_fastrtps_cpp.hpp
[1.613s] -- Up-to-date symlink: /workspaces/isaac_ros-dev/ros_ws/install/zed_msgs/include/zed_msgs/zed_msgs/msg/detail/object__rosidl_typesupport_fastrtps_cpp.hpp
[1.613s] -- Up-to-date symlink: /workspaces/isaac_ros-dev/ros_ws/install/zed_msgs/include/zed_msgs/zed_msgs/msg/detail/objects_stamped__rosidl_typesupport_fastrtps_cpp.hpp
[1.613s] -- Up-to-date symlink: /workspaces/isaac_ros-dev/ros_ws/install/zed_msgs/include/zed_msgs/zed_msgs/msg/detail/plane_stamped__rosidl_typesupport_fastrtps_cpp.hpp
[1.613s] -- Up-to-date symlink: /workspaces/isaac_ros-dev/ros_ws/install/zed_msgs/include/zed_msgs/zed_msgs/msg/detail/pos_track_status__rosidl_typesupport_fastrtps_cpp.hpp
[1.613s] -- Up-to-date symlink: /workspaces/isaac_ros-dev/ros_ws/install/zed_msgs/include/zed_msgs/zed_msgs/msg/detail/skeleton2_d__rosidl_typesupport_fastrtps_cpp.hpp
[1.613s] -- Up-to-date symlink: /workspaces/isaac_ros-dev/ros_ws/install/zed_msgs/include/zed_msgs/zed_msgs/msg/detail/skeleton3_d__rosidl_typesupport_fastrtps_cpp.hpp
[1.614s] -- Up-to-date symlink: /workspaces/isaac_ros-dev/ros_ws/install/zed_msgs/include/zed_msgs/zed_msgs/msg/detail/svo_status__rosidl_typesupport_fastrtps_cpp.hpp
[1.614s] -- Up-to-date symlink: /workspaces/isaac_ros-dev/ros_ws/install/zed_msgs/include/zed_msgs/zed_msgs/msg/rosidl_typesupport_fastrtps_cpp__visibility_control.h
[1.614s] -- Up-to-date symlink: /workspaces/isaac_ros-dev/ros_ws/install/zed_msgs/include/zed_msgs/zed_msgs/srv/detail/set_pose__rosidl_typesupport_fastrtps_cpp.hpp
[1.614s] -- Up-to-date symlink: /workspaces/isaac_ros-dev/ros_ws/install/zed_msgs/include/zed_msgs/zed_msgs/srv/detail/set_roi__rosidl_typesupport_fastrtps_cpp.hpp
[1.614s] -- Up-to-date symlink: /workspaces/isaac_ros-dev/ros_ws/install/zed_msgs/include/zed_msgs/zed_msgs/srv/detail/set_svo_frame__rosidl_typesupport_fastrtps_cpp.hpp
[1.614s] -- Up-to-date symlink: /workspaces/isaac_ros-dev/ros_ws/install/zed_msgs/include/zed_msgs/zed_msgs/srv/detail/start_svo_rec__rosidl_typesupport_fastrtps_cpp.hpp
[1.614s] -- Up-to-date symlink: /workspaces/isaac_ros-dev/ros_ws/install/zed_msgs/include/zed_msgs/zed_msgs/msg/detail/bounding_box2_df__rosidl_typesupport_introspection_c.h
[1.614s] -- Up-to-date symlink: /workspaces/isaac_ros-dev/ros_ws/install/zed_msgs/include/zed_msgs/zed_msgs/msg/detail/bounding_box2_di__rosidl_typesupport_introspection_c.h
[1.615s] -- Up-to-date symlink: /workspaces/isaac_ros-dev/ros_ws/install/zed_msgs/include/zed_msgs/zed_msgs/msg/detail/bounding_box3_d__rosidl_typesupport_introspection_c.h
[1.615s] -- Up-to-date symlink: /workspaces/isaac_ros-dev/ros_ws/install/zed_msgs/include/zed_msgs/zed_msgs/msg/detail/depth_info_stamped__rosidl_typesupport_introspection_c.h
[1.615s] -- Up-to-date symlink: /workspaces/isaac_ros-dev/ros_ws/install/zed_msgs/include/zed_msgs/zed_msgs/msg/detail/gnss_fusion_status__rosidl_typesupport_introspection_c.h
[1.615s] -- Up-to-date symlink: /workspaces/isaac_ros-dev/ros_ws/install/zed_msgs/include/zed_msgs/zed_msgs/msg/detail/health_status_stamped__rosidl_typesupport_introspection_c.h
[1.615s] -- Up-to-date symlink: /workspaces/isaac_ros-dev/ros_ws/install/zed_msgs/include/zed_msgs/zed_msgs/msg/detail/heartbeat__rosidl_typesupport_introspection_c.h
[1.615s] -- Up-to-date symlink: /workspaces/isaac_ros-dev/ros_ws/install/zed_msgs/include/zed_msgs/zed_msgs/msg/detail/keypoint2_df__rosidl_typesupport_introspection_c.h
[1.615s] -- Up-to-date symlink: /workspaces/isaac_ros-dev/ros_ws/install/zed_msgs/include/zed_msgs/zed_msgs/msg/detail/keypoint2_di__rosidl_typesupport_introspection_c.h
[1.615s] -- Up-to-date symlink: /workspaces/isaac_ros-dev/ros_ws/install/zed_msgs/include/zed_msgs/zed_msgs/msg/detail/keypoint3_d__rosidl_typesupport_introspection_c.h
[1.615s] -- Up-to-date symlink: /workspaces/isaac_ros-dev/ros_ws/install/zed_msgs/include/zed_msgs/zed_msgs/msg/detail/mag_heading_status__rosidl_typesupport_introspection_c.h
[1.616s] -- Up-to-date symlink: /workspaces/isaac_ros-dev/ros_ws/install/zed_msgs/include/zed_msgs/zed_msgs/msg/detail/object__rosidl_typesupport_introspection_c.h
[1.616s] -- Up-to-date symlink: /workspaces/isaac_ros-dev/ros_ws/install/zed_msgs/include/zed_msgs/zed_msgs/msg/detail/objects_stamped__rosidl_typesupport_introspection_c.h
[1.616s] -- Up-to-date symlink: /workspaces/isaac_ros-dev/ros_ws/install/zed_msgs/include/zed_msgs/zed_msgs/msg/detail/plane_stamped__rosidl_typesupport_introspection_c.h
[1.617s] -- Up-to-date symlink: /workspaces/isaac_ros-dev/ros_ws/install/zed_msgs/include/zed_msgs/zed_msgs/msg/detail/pos_track_status__rosidl_typesupport_introspection_c.h
[1.617s] -- Up-to-date symlink: /workspaces/isaac_ros-dev/ros_ws/install/zed_msgs/include/zed_msgs/zed_msgs/msg/detail/skeleton2_d__rosidl_typesupport_introspection_c.h
[1.617s] -- Up-to-date symlink: /workspaces/isaac_ros-dev/ros_ws/install/zed_msgs/include/zed_msgs/zed_msgs/msg/detail/skeleton3_d__rosidl_typesupport_introspection_c.h
[1.617s] -- Up-to-date symlink: /workspaces/isaac_ros-dev/ros_ws/install/zed_msgs/include/zed_msgs/zed_msgs/msg/detail/svo_status__rosidl_typesupport_introspection_c.h
[1.617s] -- Up-to-date symlink: /workspaces/isaac_ros-dev/ros_ws/install/zed_msgs/include/zed_msgs/zed_msgs/msg/rosidl_typesupport_introspection_c__visibility_control.h
[1.617s] -- Up-to-date symlink: /workspaces/isaac_ros-dev/ros_ws/install/zed_msgs/include/zed_msgs/zed_msgs/srv/detail/set_pose__rosidl_typesupport_introspection_c.h
[1.618s] -- Up-to-date symlink: /workspaces/isaac_ros-dev/ros_ws/install/zed_msgs/include/zed_msgs/zed_msgs/srv/detail/set_roi__rosidl_typesupport_introspection_c.h
[1.618s] -- Up-to-date symlink: /workspaces/isaac_ros-dev/ros_ws/install/zed_msgs/include/zed_msgs/zed_msgs/srv/detail/set_svo_frame__rosidl_typesupport_introspection_c.h
[1.618s] -- Up-to-date symlink: /workspaces/isaac_ros-dev/ros_ws/install/zed_msgs/include/zed_msgs/zed_msgs/srv/detail/start_svo_rec__rosidl_typesupport_introspection_c.h
[1.619s] -- Up-to-date symlink: /workspaces/isaac_ros-dev/ros_ws/install/zed_msgs/include/zed_msgs/zed_msgs/msg/detail/bounding_box2_df__rosidl_typesupport_introspection_cpp.hpp
[1.620s] -- Up-to-date symlink: /workspaces/isaac_ros-dev/ros_ws/install/zed_msgs/include/zed_msgs/zed_msgs/msg/detail/bounding_box2_di__rosidl_typesupport_introspection_cpp.hpp
[1.620s] -- Up-to-date symlink: /workspaces/isaac_ros-dev/ros_ws/install/zed_msgs/include/zed_msgs/zed_msgs/msg/detail/bounding_box3_d__rosidl_typesupport_introspection_cpp.hpp
[1.620s] -- Up-to-date symlink: /workspaces/isaac_ros-dev/ros_ws/install/zed_msgs/include/zed_msgs/zed_msgs/msg/detail/depth_info_stamped__rosidl_typesupport_introspection_cpp.hpp
[1.621s] -- Up-to-date symlink: /workspaces/isaac_ros-dev/ros_ws/install/zed_msgs/include/zed_msgs/zed_msgs/msg/detail/gnss_fusion_status__rosidl_typesupport_introspection_cpp.hpp
[1.621s] -- Up-to-date symlink: /workspaces/isaac_ros-dev/ros_ws/install/zed_msgs/include/zed_msgs/zed_msgs/msg/detail/health_status_stamped__rosidl_typesupport_introspection_cpp.hpp
[1.621s] -- Up-to-date symlink: /workspaces/isaac_ros-dev/ros_ws/install/zed_msgs/include/zed_msgs/zed_msgs/msg/detail/heartbeat__rosidl_typesupport_introspection_cpp.hpp
[1.621s] -- Up-to-date symlink: /workspaces/isaac_ros-dev/ros_ws/install/zed_msgs/include/zed_msgs/zed_msgs/msg/detail/keypoint2_df__rosidl_typesupport_introspection_cpp.hpp
[1.621s] -- Up-to-date symlink: /workspaces/isaac_ros-dev/ros_ws/install/zed_msgs/include/zed_msgs/zed_msgs/msg/detail/keypoint2_di__rosidl_typesupport_introspection_cpp.hpp
[1.622s] -- Up-to-date symlink: /workspaces/isaac_ros-dev/ros_ws/install/zed_msgs/include/zed_msgs/zed_msgs/msg/detail/keypoint3_d__rosidl_typesupport_introspection_cpp.hpp
[1.622s] -- Up-to-date symlink: /workspaces/isaac_ros-dev/ros_ws/install/zed_msgs/include/zed_msgs/zed_msgs/msg/detail/mag_heading_status__rosidl_typesupport_introspection_cpp.hpp
[1.622s] -- Up-to-date symlink: /workspaces/isaac_ros-dev/ros_ws/install/zed_msgs/include/zed_msgs/zed_msgs/msg/detail/object__rosidl_typesupport_introspection_cpp.hpp
[1.622s] -- Up-to-date symlink: /workspaces/isaac_ros-dev/ros_ws/install/zed_msgs/include/zed_msgs/zed_msgs/msg/detail/objects_stamped__rosidl_typesupport_introspection_cpp.hpp
[1.623s] -- Up-to-date symlink: /workspaces/isaac_ros-dev/ros_ws/install/zed_msgs/include/zed_msgs/zed_msgs/msg/detail/plane_stamped__rosidl_typesupport_introspection_cpp.hpp
[1.623s] -- Up-to-date symlink: /workspaces/isaac_ros-dev/ros_ws/install/zed_msgs/include/zed_msgs/zed_msgs/msg/detail/pos_track_status__rosidl_typesupport_introspection_cpp.hpp
[1.623s] -- Up-to-date symlink: /workspaces/isaac_ros-dev/ros_ws/install/zed_msgs/include/zed_msgs/zed_msgs/msg/detail/skeleton2_d__rosidl_typesupport_introspection_cpp.hpp
[1.623s] -- Up-to-date symlink: /workspaces/isaac_ros-dev/ros_ws/install/zed_msgs/include/zed_msgs/zed_msgs/msg/detail/skeleton3_d__rosidl_typesupport_introspection_cpp.hpp
[1.623s] -- Up-to-date symlink: /workspaces/isaac_ros-dev/ros_ws/install/zed_msgs/include/zed_msgs/zed_msgs/msg/detail/svo_status__rosidl_typesupport_introspection_cpp.hpp
[1.624s] -- Up-to-date symlink: /workspaces/isaac_ros-dev/ros_ws/install/zed_msgs/include/zed_msgs/zed_msgs/srv/detail/set_pose__rosidl_typesupport_introspection_cpp.hpp
[1.624s] -- Up-to-date symlink: /workspaces/isaac_ros-dev/ros_ws/install/zed_msgs/include/zed_msgs/zed_msgs/srv/detail/set_roi__rosidl_typesupport_introspection_cpp.hpp
[1.624s] -- Up-to-date symlink: /workspaces/isaac_ros-dev/ros_ws/install/zed_msgs/include/zed_msgs/zed_msgs/srv/detail/set_svo_frame__rosidl_typesupport_introspection_cpp.hpp
[1.625s] -- Up-to-date symlink: /workspaces/isaac_ros-dev/ros_ws/install/zed_msgs/include/zed_msgs/zed_msgs/srv/detail/start_svo_rec__rosidl_typesupport_introspection_cpp.hpp
[1.625s] -- Up-to-date symlink: /workspaces/isaac_ros-dev/ros_ws/install/zed_msgs/share/zed_msgs/environment/pythonpath.sh
[1.625s] -- Up-to-date symlink: /workspaces/isaac_ros-dev/ros_ws/install/zed_msgs/share/zed_msgs/environment/pythonpath.dsv
[1.625s] -- Up-to-date symlink: /workspaces/isaac_ros-dev/ros_ws/install/zed_msgs/local/lib/python3.10/dist-packages/zed_msgs-5.0.0-py3.10.egg-info/PKG-INFO
[1.626s] -- Up-to-date symlink: /workspaces/isaac_ros-dev/ros_ws/install/zed_msgs/local/lib/python3.10/dist-packages/zed_msgs-5.0.0-py3.10.egg-info/SOURCES.txt
[1.626s] -- Up-to-date symlink: /workspaces/isaac_ros-dev/ros_ws/install/zed_msgs/local/lib/python3.10/dist-packages/zed_msgs-5.0.0-py3.10.egg-info/dependency_links.txt
[1.626s] -- Up-to-date symlink: /workspaces/isaac_ros-dev/ros_ws/install/zed_msgs/local/lib/python3.10/dist-packages/zed_msgs-5.0.0-py3.10.egg-info/top_level.txt
[1.628s] -- Up-to-date symlink: /workspaces/isaac_ros-dev/ros_ws/install/zed_msgs/local/lib/python3.10/dist-packages/zed_msgs/__init__.py
[1.629s] -- Up-to-date symlink: /workspaces/isaac_ros-dev/ros_ws/install/zed_msgs/local/lib/python3.10/dist-packages/zed_msgs/_zed_msgs_s.ep.rosidl_typesupport_c.c
[1.629s] -- Up-to-date symlink: /workspaces/isaac_ros-dev/ros_ws/install/zed_msgs/local/lib/python3.10/dist-packages/zed_msgs/_zed_msgs_s.ep.rosidl_typesupport_fastrtps_c.c
[1.629s] -- Up-to-date symlink: /workspaces/isaac_ros-dev/ros_ws/install/zed_msgs/local/lib/python3.10/dist-packages/zed_msgs/_zed_msgs_s.ep.rosidl_typesupport_introspection_c.c
[1.629s] -- Up-to-date symlink: /workspaces/isaac_ros-dev/ros_ws/install/zed_msgs/local/lib/python3.10/dist-packages/zed_msgs/libzed_msgs__rosidl_generator_py.so
[1.630s] -- Up-to-date symlink: /workspaces/isaac_ros-dev/ros_ws/install/zed_msgs/local/lib/python3.10/dist-packages/zed_msgs/msg/__init__.py
[1.630s] -- Up-to-date symlink: /workspaces/isaac_ros-dev/ros_ws/install/zed_msgs/local/lib/python3.10/dist-packages/zed_msgs/msg/_bounding_box2_df.py
[1.630s] -- Up-to-date symlink: /workspaces/isaac_ros-dev/ros_ws/install/zed_msgs/local/lib/python3.10/dist-packages/zed_msgs/msg/_bounding_box2_df_s.c
[1.630s] -- Up-to-date symlink: /workspaces/isaac_ros-dev/ros_ws/install/zed_msgs/local/lib/python3.10/dist-packages/zed_msgs/msg/_bounding_box2_di.py
[1.630s] -- Up-to-date symlink: /workspaces/isaac_ros-dev/ros_ws/install/zed_msgs/local/lib/python3.10/dist-packages/zed_msgs/msg/_bounding_box2_di_s.c
[1.630s] -- Up-to-date symlink: /workspaces/isaac_ros-dev/ros_ws/install/zed_msgs/local/lib/python3.10/dist-packages/zed_msgs/msg/_bounding_box3_d.py
[1.631s] -- Up-to-date symlink: /workspaces/isaac_ros-dev/ros_ws/install/zed_msgs/local/lib/python3.10/dist-packages/zed_msgs/msg/_bounding_box3_d_s.c
[1.631s] -- Up-to-date symlink: /workspaces/isaac_ros-dev/ros_ws/install/zed_msgs/local/lib/python3.10/dist-packages/zed_msgs/msg/_depth_info_stamped.py
[1.631s] -- Up-to-date symlink: /workspaces/isaac_ros-dev/ros_ws/install/zed_msgs/local/lib/python3.10/dist-packages/zed_msgs/msg/_depth_info_stamped_s.c
[1.631s] -- Up-to-date symlink: /workspaces/isaac_ros-dev/ros_ws/install/zed_msgs/local/lib/python3.10/dist-packages/zed_msgs/msg/_gnss_fusion_status.py
[1.631s] -- Up-to-date symlink: /workspaces/isaac_ros-dev/ros_ws/install/zed_msgs/local/lib/python3.10/dist-packages/zed_msgs/msg/_gnss_fusion_status_s.c
[1.632s] -- Up-to-date symlink: /workspaces/isaac_ros-dev/ros_ws/install/zed_msgs/local/lib/python3.10/dist-packages/zed_msgs/msg/_health_status_stamped.py
[1.632s] -- Up-to-date symlink: /workspaces/isaac_ros-dev/ros_ws/install/zed_msgs/local/lib/python3.10/dist-packages/zed_msgs/msg/_health_status_stamped_s.c
[1.632s] -- Up-to-date symlink: /workspaces/isaac_ros-dev/ros_ws/install/zed_msgs/local/lib/python3.10/dist-packages/zed_msgs/msg/_heartbeat.py
[1.632s] -- Up-to-date symlink: /workspaces/isaac_ros-dev/ros_ws/install/zed_msgs/local/lib/python3.10/dist-packages/zed_msgs/msg/_heartbeat_s.c
[1.633s] -- Up-to-date symlink: /workspaces/isaac_ros-dev/ros_ws/install/zed_msgs/local/lib/python3.10/dist-packages/zed_msgs/msg/_keypoint2_df.py
[1.633s] -- Up-to-date symlink: /workspaces/isaac_ros-dev/ros_ws/install/zed_msgs/local/lib/python3.10/dist-packages/zed_msgs/msg/_keypoint2_df_s.c
[1.633s] -- Up-to-date symlink: /workspaces/isaac_ros-dev/ros_ws/install/zed_msgs/local/lib/python3.10/dist-packages/zed_msgs/msg/_keypoint2_di.py
[1.633s] -- Up-to-date symlink: /workspaces/isaac_ros-dev/ros_ws/install/zed_msgs/local/lib/python3.10/dist-packages/zed_msgs/msg/_keypoint2_di_s.c
[1.634s] -- Up-to-date symlink: /workspaces/isaac_ros-dev/ros_ws/install/zed_msgs/local/lib/python3.10/dist-packages/zed_msgs/msg/_keypoint3_d.py
[1.634s] -- Up-to-date symlink: /workspaces/isaac_ros-dev/ros_ws/install/zed_msgs/local/lib/python3.10/dist-packages/zed_msgs/msg/_keypoint3_d_s.c
[1.634s] -- Up-to-date symlink: /workspaces/isaac_ros-dev/ros_ws/install/zed_msgs/local/lib/python3.10/dist-packages/zed_msgs/msg/_mag_heading_status.py
[1.634s] -- Up-to-date symlink: /workspaces/isaac_ros-dev/ros_ws/install/zed_msgs/local/lib/python3.10/dist-packages/zed_msgs/msg/_mag_heading_status_s.c
[1.635s] -- Up-to-date symlink: /workspaces/isaac_ros-dev/ros_ws/install/zed_msgs/local/lib/python3.10/dist-packages/zed_msgs/msg/_object.py
[1.635s] -- Up-to-date symlink: /workspaces/isaac_ros-dev/ros_ws/install/zed_msgs/local/lib/python3.10/dist-packages/zed_msgs/msg/_object_s.c
[1.635s] -- Up-to-date symlink: /workspaces/isaac_ros-dev/ros_ws/install/zed_msgs/local/lib/python3.10/dist-packages/zed_msgs/msg/_objects_stamped.py
[1.635s] -- Up-to-date symlink: /workspaces/isaac_ros-dev/ros_ws/install/zed_msgs/local/lib/python3.10/dist-packages/zed_msgs/msg/_objects_stamped_s.c
[1.636s] -- Up-to-date symlink: /workspaces/isaac_ros-dev/ros_ws/install/zed_msgs/local/lib/python3.10/dist-packages/zed_msgs/msg/_plane_stamped.py
[1.636s] -- Up-to-date symlink: /workspaces/isaac_ros-dev/ros_ws/install/zed_msgs/local/lib/python3.10/dist-packages/zed_msgs/msg/_plane_stamped_s.c
[1.636s] -- Up-to-date symlink: /workspaces/isaac_ros-dev/ros_ws/install/zed_msgs/local/lib/python3.10/dist-packages/zed_msgs/msg/_pos_track_status.py
[1.637s] -- Up-to-date symlink: /workspaces/isaac_ros-dev/ros_ws/install/zed_msgs/local/lib/python3.10/dist-packages/zed_msgs/msg/_pos_track_status_s.c
[1.637s] -- Up-to-date symlink: /workspaces/isaac_ros-dev/ros_ws/install/zed_msgs/local/lib/python3.10/dist-packages/zed_msgs/msg/_skeleton2_d.py
[1.637s] -- Up-to-date symlink: /workspaces/isaac_ros-dev/ros_ws/install/zed_msgs/local/lib/python3.10/dist-packages/zed_msgs/msg/_skeleton2_d_s.c
[1.637s] -- Up-to-date symlink: /workspaces/isaac_ros-dev/ros_ws/install/zed_msgs/local/lib/python3.10/dist-packages/zed_msgs/msg/_skeleton3_d.py
[1.638s] -- Up-to-date symlink: /workspaces/isaac_ros-dev/ros_ws/install/zed_msgs/local/lib/python3.10/dist-packages/zed_msgs/msg/_skeleton3_d_s.c
[1.638s] -- Up-to-date symlink: /workspaces/isaac_ros-dev/ros_ws/install/zed_msgs/local/lib/python3.10/dist-packages/zed_msgs/msg/_svo_status.py
[1.638s] -- Up-to-date symlink: /workspaces/isaac_ros-dev/ros_ws/install/zed_msgs/local/lib/python3.10/dist-packages/zed_msgs/msg/_svo_status_s.c
[1.638s] -- Up-to-date symlink: /workspaces/isaac_ros-dev/ros_ws/install/zed_msgs/local/lib/python3.10/dist-packages/zed_msgs/srv/__init__.py
[1.639s] -- Up-to-date symlink: /workspaces/isaac_ros-dev/ros_ws/install/zed_msgs/local/lib/python3.10/dist-packages/zed_msgs/srv/_set_pose.py
[1.639s] -- Up-to-date symlink: /workspaces/isaac_ros-dev/ros_ws/install/zed_msgs/local/lib/python3.10/dist-packages/zed_msgs/srv/_set_pose_s.c
[1.639s] -- Up-to-date symlink: /workspaces/isaac_ros-dev/ros_ws/install/zed_msgs/local/lib/python3.10/dist-packages/zed_msgs/srv/_set_roi.py
[1.639s] -- Up-to-date symlink: /workspaces/isaac_ros-dev/ros_ws/install/zed_msgs/local/lib/python3.10/dist-packages/zed_msgs/srv/_set_roi_s.c
[1.639s] -- Up-to-date symlink: /workspaces/isaac_ros-dev/ros_ws/install/zed_msgs/local/lib/python3.10/dist-packages/zed_msgs/srv/_set_svo_frame.py
[1.640s] -- Up-to-date symlink: /workspaces/isaac_ros-dev/ros_ws/install/zed_msgs/local/lib/python3.10/dist-packages/zed_msgs/srv/_set_svo_frame_s.c
[1.640s] -- Up-to-date symlink: /workspaces/isaac_ros-dev/ros_ws/install/zed_msgs/local/lib/python3.10/dist-packages/zed_msgs/srv/_start_svo_rec.py
[1.640s] -- Up-to-date symlink: /workspaces/isaac_ros-dev/ros_ws/install/zed_msgs/local/lib/python3.10/dist-packages/zed_msgs/srv/_start_svo_rec_s.c
[1.640s] -- Up-to-date symlink: /workspaces/isaac_ros-dev/ros_ws/install/zed_msgs/local/lib/python3.10/dist-packages/zed_msgs/zed_msgs_s__rosidl_typesupport_c.cpython-310-aarch64-linux-gnu.so
[1.640s] -- Up-to-date symlink: /workspaces/isaac_ros-dev/ros_ws/install/zed_msgs/local/lib/python3.10/dist-packages/zed_msgs/zed_msgs_s__rosidl_typesupport_fastrtps_c.cpython-310-aarch64-linux-gnu.so
[1.641s] -- Up-to-date symlink: /workspaces/isaac_ros-dev/ros_ws/install/zed_msgs/local/lib/python3.10/dist-packages/zed_msgs/zed_msgs_s__rosidl_typesupport_introspection_c.cpython-310-aarch64-linux-gnu.so
[1.642s] -- Up-to-date symlink: /workspaces/isaac_ros-dev/ros_ws/install/zed_msgs/local/lib/python3.10/dist-packages/zed_msgs/zed_msgs_s__rosidl_typesupport_fastrtps_c.cpython-310-aarch64-linux-gnu.so
[1.642s] -- Up-to-date symlink: /workspaces/isaac_ros-dev/ros_ws/install/zed_msgs/local/lib/python3.10/dist-packages/zed_msgs/zed_msgs_s__rosidl_typesupport_introspection_c.cpython-310-aarch64-linux-gnu.so
[1.642s] -- Up-to-date symlink: /workspaces/isaac_ros-dev/ros_ws/install/zed_msgs/local/lib/python3.10/dist-packages/zed_msgs/zed_msgs_s__rosidl_typesupport_c.cpython-310-aarch64-linux-gnu.so
[1.642s] -- Up-to-date symlink: /workspaces/isaac_ros-dev/ros_ws/install/zed_msgs/share/zed_msgs/msg/Object.idl
[1.643s] -- Up-to-date symlink: /workspaces/isaac_ros-dev/ros_ws/install/zed_msgs/share/zed_msgs/msg/ObjectsStamped.idl
[1.643s] -- Up-to-date symlink: /workspaces/isaac_ros-dev/ros_ws/install/zed_msgs/share/zed_msgs/msg/Keypoint2Di.idl
[1.643s] -- Up-to-date symlink: /workspaces/isaac_ros-dev/ros_ws/install/zed_msgs/share/zed_msgs/msg/Keypoint2Df.idl
[1.644s] -- Up-to-date symlink: /workspaces/isaac_ros-dev/ros_ws/install/zed_msgs/share/zed_msgs/msg/Keypoint3D.idl
[1.644s] -- Up-to-date symlink: /workspaces/isaac_ros-dev/ros_ws/install/zed_msgs/share/zed_msgs/msg/BoundingBox2Di.idl
[1.644s] -- Up-to-date symlink: /workspaces/isaac_ros-dev/ros_ws/install/zed_msgs/share/zed_msgs/msg/BoundingBox2Df.idl
[1.644s] -- Up-to-date symlink: /workspaces/isaac_ros-dev/ros_ws/install/zed_msgs/share/zed_msgs/msg/BoundingBox3D.idl
[1.645s] -- Up-to-date symlink: /workspaces/isaac_ros-dev/ros_ws/install/zed_msgs/share/zed_msgs/msg/Skeleton2D.idl
[1.645s] -- Up-to-date symlink: /workspaces/isaac_ros-dev/ros_ws/install/zed_msgs/share/zed_msgs/msg/Skeleton3D.idl
[1.646s] -- Up-to-date symlink: /workspaces/isaac_ros-dev/ros_ws/install/zed_msgs/share/zed_msgs/msg/DepthInfoStamped.idl
[1.646s] -- Up-to-date symlink: /workspaces/isaac_ros-dev/ros_ws/install/zed_msgs/share/zed_msgs/msg/PlaneStamped.idl
[1.646s] -- Up-to-date symlink: /workspaces/isaac_ros-dev/ros_ws/install/zed_msgs/share/zed_msgs/msg/PosTrackStatus.idl
[1.646s] -- Up-to-date symlink: /workspaces/isaac_ros-dev/ros_ws/install/zed_msgs/share/zed_msgs/msg/GnssFusionStatus.idl
[1.646s] -- Up-to-date symlink: /workspaces/isaac_ros-dev/ros_ws/install/zed_msgs/share/zed_msgs/msg/Heartbeat.idl
[1.647s] -- Up-to-date symlink: /workspaces/isaac_ros-dev/ros_ws/install/zed_msgs/share/zed_msgs/msg/MagHeadingStatus.idl
[1.647s] -- Up-to-date symlink: /workspaces/isaac_ros-dev/ros_ws/install/zed_msgs/share/zed_msgs/msg/SvoStatus.idl
[1.647s] -- Up-to-date symlink: /workspaces/isaac_ros-dev/ros_ws/install/zed_msgs/share/zed_msgs/msg/HealthStatusStamped.idl
[1.648s] -- Up-to-date symlink: /workspaces/isaac_ros-dev/ros_ws/install/zed_msgs/share/zed_msgs/srv/SetPose.idl
[1.648s] -- Up-to-date symlink: /workspaces/isaac_ros-dev/ros_ws/install/zed_msgs/share/zed_msgs/srv/StartSvoRec.idl
[1.648s] -- Up-to-date symlink: /workspaces/isaac_ros-dev/ros_ws/install/zed_msgs/share/zed_msgs/srv/SetROI.idl
[1.648s] -- Up-to-date symlink: /workspaces/isaac_ros-dev/ros_ws/install/zed_msgs/share/zed_msgs/srv/SetSvoFrame.idl
[1.649s] -- Up-to-date symlink: /workspaces/isaac_ros-dev/ros_ws/install/zed_msgs/share/zed_msgs/msg/Object.msg
[1.649s] -- Up-to-date symlink: /workspaces/isaac_ros-dev/ros_ws/install/zed_msgs/share/zed_msgs/msg/ObjectsStamped.msg
[1.649s] -- Up-to-date symlink: /workspaces/isaac_ros-dev/ros_ws/install/zed_msgs/share/zed_msgs/msg/Keypoint2Di.msg
[1.650s] -- Up-to-date symlink: /workspaces/isaac_ros-dev/ros_ws/install/zed_msgs/share/zed_msgs/msg/Keypoint2Df.msg
[1.653s] -- Up-to-date symlink: /workspaces/isaac_ros-dev/ros_ws/install/zed_msgs/share/zed_msgs/msg/Keypoint3D.msg
[1.653s] -- Up-to-date symlink: /workspaces/isaac_ros-dev/ros_ws/install/zed_msgs/share/zed_msgs/msg/BoundingBox2Di.msg
[1.653s] -- Up-to-date symlink: /workspaces/isaac_ros-dev/ros_ws/install/zed_msgs/share/zed_msgs/msg/BoundingBox2Df.msg
[1.654s] -- Up-to-date symlink: /workspaces/isaac_ros-dev/ros_ws/install/zed_msgs/share/zed_msgs/msg/BoundingBox3D.msg
[1.654s] -- Up-to-date symlink: /workspaces/isaac_ros-dev/ros_ws/install/zed_msgs/share/zed_msgs/msg/Skeleton2D.msg
[1.654s] -- Up-to-date symlink: /workspaces/isaac_ros-dev/ros_ws/install/zed_msgs/share/zed_msgs/msg/Skeleton3D.msg
[1.654s] -- Up-to-date symlink: /workspaces/isaac_ros-dev/ros_ws/install/zed_msgs/share/zed_msgs/msg/DepthInfoStamped.msg
[1.654s] -- Up-to-date symlink: /workspaces/isaac_ros-dev/ros_ws/install/zed_msgs/share/zed_msgs/msg/PlaneStamped.msg
[1.654s] -- Up-to-date symlink: /workspaces/isaac_ros-dev/ros_ws/install/zed_msgs/share/zed_msgs/msg/PosTrackStatus.msg
[1.654s] -- Up-to-date symlink: /workspaces/isaac_ros-dev/ros_ws/install/zed_msgs/share/zed_msgs/msg/GnssFusionStatus.msg
[1.654s] -- Up-to-date symlink: /workspaces/isaac_ros-dev/ros_ws/install/zed_msgs/share/zed_msgs/msg/Heartbeat.msg
[1.654s] -- Up-to-date symlink: /workspaces/isaac_ros-dev/ros_ws/install/zed_msgs/share/zed_msgs/msg/MagHeadingStatus.msg
[1.655s] -- Up-to-date symlink: /workspaces/isaac_ros-dev/ros_ws/install/zed_msgs/share/zed_msgs/msg/SvoStatus.msg
[1.655s] -- Up-to-date symlink: /workspaces/isaac_ros-dev/ros_ws/install/zed_msgs/share/zed_msgs/msg/HealthStatusStamped.msg
[1.655s] -- Up-to-date symlink: /workspaces/isaac_ros-dev/ros_ws/install/zed_msgs/share/zed_msgs/srv/SetPose.srv
[1.655s] -- Up-to-date symlink: /workspaces/isaac_ros-dev/ros_ws/install/zed_msgs/share/zed_msgs/srv/SetPose_Request.msg
[1.655s] -- Up-to-date symlink: /workspaces/isaac_ros-dev/ros_ws/install/zed_msgs/share/zed_msgs/srv/SetPose_Response.msg
[1.655s] -- Up-to-date symlink: /workspaces/isaac_ros-dev/ros_ws/install/zed_msgs/share/zed_msgs/srv/StartSvoRec.srv
[1.655s] -- Up-to-date symlink: /workspaces/isaac_ros-dev/ros_ws/install/zed_msgs/share/zed_msgs/srv/StartSvoRec_Request.msg
[1.655s] -- Up-to-date symlink: /workspaces/isaac_ros-dev/ros_ws/install/zed_msgs/share/zed_msgs/srv/StartSvoRec_Response.msg
[1.655s] -- Up-to-date symlink: /workspaces/isaac_ros-dev/ros_ws/install/zed_msgs/share/zed_msgs/srv/SetROI.srv
[1.655s] -- Up-to-date symlink: /workspaces/isaac_ros-dev/ros_ws/install/zed_msgs/share/zed_msgs/srv/SetROI_Request.msg
[1.656s] -- Up-to-date symlink: /workspaces/isaac_ros-dev/ros_ws/install/zed_msgs/share/zed_msgs/srv/SetROI_Response.msg
[1.656s] -- Up-to-date symlink: /workspaces/isaac_ros-dev/ros_ws/install/zed_msgs/share/zed_msgs/srv/SetSvoFrame.srv
[1.656s] -- Up-to-date symlink: /workspaces/isaac_ros-dev/ros_ws/install/zed_msgs/share/zed_msgs/srv/SetSvoFrame_Request.msg
[1.656s] -- Up-to-date symlink: /workspaces/isaac_ros-dev/ros_ws/install/zed_msgs/share/zed_msgs/srv/SetSvoFrame_Response.msg
[1.657s] -- Up-to-date symlink: /workspaces/isaac_ros-dev/ros_ws/install/zed_msgs/share/zed_msgs/meshes/virtual.stl
[1.657s] -- Up-to-date symlink: /workspaces/isaac_ros-dev/ros_ws/install/zed_msgs/share/zed_msgs/meshes/zed.stl
[1.657s] -- Up-to-date symlink: /workspaces/isaac_ros-dev/ros_ws/install/zed_msgs/share/zed_msgs/meshes/zed2.stl
[1.658s] -- Up-to-date symlink: /workspaces/isaac_ros-dev/ros_ws/install/zed_msgs/share/zed_msgs/meshes/zed2i.stl
[1.658s] -- Up-to-date symlink: /workspaces/isaac_ros-dev/ros_ws/install/zed_msgs/share/zed_msgs/meshes/zedm.stl
[1.658s] -- Up-to-date symlink: /workspaces/isaac_ros-dev/ros_ws/install/zed_msgs/share/zed_msgs/meshes/zedx.stl
[1.658s] -- Up-to-date symlink: /workspaces/isaac_ros-dev/ros_ws/install/zed_msgs/share/zed_msgs/meshes/zedxm.stl
[1.658s] -- Up-to-date symlink: /workspaces/isaac_ros-dev/ros_ws/install/zed_msgs/share/zed_msgs/meshes/zedxone4k.stl
[1.659s] -- Up-to-date symlink: /workspaces/isaac_ros-dev/ros_ws/install/zed_msgs/share/zed_msgs/meshes/zedxonegs.stl
[1.659s] -- Up-to-date symlink: /workspaces/isaac_ros-dev/ros_ws/install/zed_msgs/share/ament_index/resource_index/package_run_dependencies/zed_msgs
[1.659s] -- Up-to-date symlink: /workspaces/isaac_ros-dev/ros_ws/install/zed_msgs/share/ament_index/resource_index/parent_prefix_path/zed_msgs
[1.660s] -- Up-to-date symlink: /workspaces/isaac_ros-dev/ros_ws/install/zed_msgs/share/zed_msgs/environment/ament_prefix_path.sh
[1.660s] -- Up-to-date symlink: /workspaces/isaac_ros-dev/ros_ws/install/zed_msgs/share/zed_msgs/environment/ament_prefix_path.dsv
[1.660s] -- Up-to-date symlink: /workspaces/isaac_ros-dev/ros_ws/install/zed_msgs/share/zed_msgs/environment/path.sh
[1.660s] -- Up-to-date symlink: /workspaces/isaac_ros-dev/ros_ws/install/zed_msgs/share/zed_msgs/environment/path.dsv
[1.661s] -- Up-to-date symlink: /workspaces/isaac_ros-dev/ros_ws/install/zed_msgs/share/zed_msgs/local_setup.bash
[1.661s] -- Up-to-date symlink: /workspaces/isaac_ros-dev/ros_ws/install/zed_msgs/share/zed_msgs/local_setup.sh
[1.661s] -- Up-to-date symlink: /workspaces/isaac_ros-dev/ros_ws/install/zed_msgs/share/zed_msgs/local_setup.zsh
[1.661s] -- Up-to-date symlink: /workspaces/isaac_ros-dev/ros_ws/install/zed_msgs/share/zed_msgs/local_setup.dsv
[1.662s] -- Symlinking: /workspaces/isaac_ros-dev/ros_ws/install/zed_msgs/share/zed_msgs/package.dsv
[1.677s] -- Up-to-date symlink: /workspaces/isaac_ros-dev/ros_ws/install/zed_msgs/share/ament_index/resource_index/packages/zed_msgs
[1.677s] -- Up-to-date symlink: /workspaces/isaac_ros-dev/ros_ws/install/zed_msgs/share/zed_msgs/cmake/rosidl_cmake-extras.cmake
[1.677s] -- Up-to-date symlink: /workspaces/isaac_ros-dev/ros_ws/install/zed_msgs/share/zed_msgs/cmake/ament_cmake_export_dependencies-extras.cmake
[1.678s] -- Up-to-date symlink: /workspaces/isaac_ros-dev/ros_ws/install/zed_msgs/share/zed_msgs/cmake/ament_cmake_export_include_directories-extras.cmake
[1.678s] -- Up-to-date symlink: /workspaces/isaac_ros-dev/ros_ws/install/zed_msgs/share/zed_msgs/cmake/ament_cmake_export_libraries-extras.cmake
[1.678s] -- Up-to-date symlink: /workspaces/isaac_ros-dev/ros_ws/install/zed_msgs/share/zed_msgs/cmake/ament_cmake_export_targets-extras.cmake
[1.679s] -- Up-to-date symlink: /workspaces/isaac_ros-dev/ros_ws/install/zed_msgs/share/zed_msgs/cmake/rosidl_cmake_export_typesupport_targets-extras.cmake
[1.679s] -- Up-to-date symlink: /workspaces/isaac_ros-dev/ros_ws/install/zed_msgs/share/zed_msgs/cmake/rosidl_cmake_export_typesupport_libraries-extras.cmake
[1.679s] -- Up-to-date symlink: /workspaces/isaac_ros-dev/ros_ws/install/zed_msgs/share/zed_msgs/cmake/zed_msgsConfig.cmake
[1.679s] -- Up-to-date symlink: /workspaces/isaac_ros-dev/ros_ws/install/zed_msgs/share/zed_msgs/cmake/zed_msgsConfig-version.cmake
[1.680s] -- Up-to-date symlink: /workspaces/isaac_ros-dev/ros_ws/install/zed_msgs/share/zed_msgs/package.xml
[1.681s] -- Up-to-date: /workspaces/isaac_ros-dev/ros_ws/install/zed_msgs/lib/libzed_msgs__rosidl_generator_c.so
[1.681s] -- Up-to-date: /workspaces/isaac_ros-dev/ros_ws/install/zed_msgs/lib/libzed_msgs__rosidl_typesupport_fastrtps_c.so
[1.682s] -- Up-to-date: /workspaces/isaac_ros-dev/ros_ws/install/zed_msgs/lib/libzed_msgs__rosidl_typesupport_fastrtps_cpp.so
[1.682s] -- Up-to-date: /workspaces/isaac_ros-dev/ros_ws/install/zed_msgs/lib/libzed_msgs__rosidl_typesupport_introspection_c.so
[1.683s] -- Up-to-date: /workspaces/isaac_ros-dev/ros_ws/install/zed_msgs/lib/libzed_msgs__rosidl_typesupport_c.so
[1.683s] -- Up-to-date: /workspaces/isaac_ros-dev/ros_ws/install/zed_msgs/lib/libzed_msgs__rosidl_typesupport_introspection_cpp.so
[1.684s] -- Up-to-date: /workspaces/isaac_ros-dev/ros_ws/install/zed_msgs/lib/libzed_msgs__rosidl_typesupport_cpp.so
[1.752s] Listing '/workspaces/isaac_ros-dev/ros_ws/install/zed_msgs/local/lib/python3.10/dist-packages/zed_msgs'...
[1.752s] Listing '/workspaces/isaac_ros-dev/ros_ws/install/zed_msgs/local/lib/python3.10/dist-packages/zed_msgs/msg'...
[1.752s] Listing '/workspaces/isaac_ros-dev/ros_ws/install/zed_msgs/local/lib/python3.10/dist-packages/zed_msgs/srv'...
[1.762s] -- Up-to-date: /workspaces/isaac_ros-dev/ros_ws/install/zed_msgs/lib/libzed_msgs__rosidl_generator_py.so
[1.763s] -- Up-to-date: /workspaces/isaac_ros-dev/ros_ws/install/zed_msgs/share/zed_msgs/cmake/export_zed_msgs__rosidl_generator_cExport.cmake
[1.763s] -- Up-to-date: /workspaces/isaac_ros-dev/ros_ws/install/zed_msgs/share/zed_msgs/cmake/export_zed_msgs__rosidl_generator_cExport-noconfig.cmake
[1.763s] -- Up-to-date: /workspaces/isaac_ros-dev/ros_ws/install/zed_msgs/share/zed_msgs/cmake/export_zed_msgs__rosidl_typesupport_fastrtps_cExport.cmake
[1.764s] -- Up-to-date: /workspaces/isaac_ros-dev/ros_ws/install/zed_msgs/share/zed_msgs/cmake/export_zed_msgs__rosidl_typesupport_fastrtps_cExport-noconfig.cmake
[1.764s] -- Up-to-date: /workspaces/isaac_ros-dev/ros_ws/install/zed_msgs/share/zed_msgs/cmake/export_zed_msgs__rosidl_generator_cppExport.cmake
[1.764s] -- Up-to-date: /workspaces/isaac_ros-dev/ros_ws/install/zed_msgs/share/zed_msgs/cmake/export_zed_msgs__rosidl_typesupport_fastrtps_cppExport.cmake
[1.764s] -- Up-to-date: /workspaces/isaac_ros-dev/ros_ws/install/zed_msgs/share/zed_msgs/cmake/export_zed_msgs__rosidl_typesupport_fastrtps_cppExport-noconfig.cmake
[1.764s] -- Up-to-date: /workspaces/isaac_ros-dev/ros_ws/install/zed_msgs/share/zed_msgs/cmake/zed_msgs__rosidl_typesupport_introspection_cExport.cmake
[1.764s] -- Up-to-date: /workspaces/isaac_ros-dev/ros_ws/install/zed_msgs/share/zed_msgs/cmake/zed_msgs__rosidl_typesupport_introspection_cExport-noconfig.cmake
[1.765s] -- Up-to-date: /workspaces/isaac_ros-dev/ros_ws/install/zed_msgs/share/zed_msgs/cmake/zed_msgs__rosidl_typesupport_cExport.cmake
[1.765s] -- Up-to-date: /workspaces/isaac_ros-dev/ros_ws/install/zed_msgs/share/zed_msgs/cmake/zed_msgs__rosidl_typesupport_cExport-noconfig.cmake
[1.765s] -- Up-to-date: /workspaces/isaac_ros-dev/ros_ws/install/zed_msgs/share/zed_msgs/cmake/zed_msgs__rosidl_typesupport_introspection_cppExport.cmake
[1.765s] -- Up-to-date: /workspaces/isaac_ros-dev/ros_ws/install/zed_msgs/share/zed_msgs/cmake/zed_msgs__rosidl_typesupport_introspection_cppExport-noconfig.cmake
[1.765s] -- Up-to-date: /workspaces/isaac_ros-dev/ros_ws/install/zed_msgs/share/zed_msgs/cmake/zed_msgs__rosidl_typesupport_cppExport.cmake
[1.766s] -- Up-to-date: /workspaces/isaac_ros-dev/ros_ws/install/zed_msgs/share/zed_msgs/cmake/zed_msgs__rosidl_typesupport_cppExport-noconfig.cmake
[1.766s] -- Up-to-date: /workspaces/isaac_ros-dev/ros_ws/install/zed_msgs/share/zed_msgs/cmake/export_zed_msgs__rosidl_generator_pyExport.cmake
[1.766s] -- Up-to-date: /workspaces/isaac_ros-dev/ros_ws/install/zed_msgs/share/zed_msgs/cmake/export_zed_msgs__rosidl_generator_pyExport-noconfig.cmake
[1.771s] Invoked command in '/workspaces/isaac_ros-dev/ros_ws/build/zed_msgs' returned '0': CMAKE_PREFIX_PATH=${CMAKE_PREFIX_PATH}:/opt/ros/humble /usr/bin/cmake --install /workspaces/isaac_ros-dev/ros_ws/build/zed_msgs
