-- Found ament_cmake: 1.3.11 (/opt/ros/humble/share/ament_cmake/cmake)
-- Override CMake install command with custom implementation using symlinks instead of copying resources
-- Found rclpy: 3.3.15 (/opt/ros/humble/share/rclpy/cmake)
-- Found geometry_msgs: 4.2.4 (/opt/ros/humble/share/geometry_msgs/cmake)
-- Found rosidl_generator_c: 3.1.6 (/opt/ros/humble/share/rosidl_generator_c/cmake)
-- Found rosidl_adapter: 3.1.6 (/opt/ros/humble/share/rosidl_adapter/cmake)
-- Found rosidl_generator_cpp: 3.1.6 (/opt/ros/humble/share/rosidl_generator_cpp/cmake)
-- Using all available rosidl_typesupport_c: rosidl_typesupport_fastrtps_c;rosidl_typesupport_introspection_c
-- Using all available rosidl_typesupport_cpp: rosidl_typesupport_fastrtps_cpp;rosidl_typesupport_introspection_cpp
-- Found sensor_msgs: 4.2.4 (/opt/ros/humble/share/sensor_msgs/cmake)
-- Found tf2_ros: 0.25.12 (/opt/ros/humble/share/tf2_ros/cmake)
-- Found rmw_implementation_cmake: 6.1.2 (/opt/ros/humble/share/rmw_implementation_cmake/cmake)
-- Found rmw_cyclonedds_cpp: 1.3.4 (/opt/ros/humble/share/rmw_cyclonedds_cpp/cmake)
-- Using RMW implementation 'rmw_cyclonedds_cpp' as default
-- Found visualization_msgs: 4.2.4 (/opt/ros/humble/share/visualization_msgs/cmake)
-- Found cv_bridge: 3.2.1 (/opt/ros/humble/share/cv_bridge/cmake)
-- Configuring done
-- Generating done
-- Build files have been written to: /workspaces/isaac_ros-dev/ros_ws/build/ur5e_visual_servo
-- Install configuration: ""
-- Execute custom install script
-- Up-to-date symlink: /workspaces/isaac_ros-dev/ros_ws/install/ur5e_visual_servo/lib/ur5e_visual_servo/gui_interface.py
-- Symlinking: /workspaces/isaac_ros-dev/ros_ws/install/ur5e_visual_servo/lib/ur5e_visual_servo/cake_surface_detector.py
-- Up-to-date symlink: /workspaces/isaac_ros-dev/ros_ws/install/ur5e_visual_servo/lib/ur5e_visual_servo/svg_pattern_projector.py
-- Up-to-date symlink: /workspaces/isaac_ros-dev/ros_ws/install/ur5e_visual_servo/lib/ur5e_visual_servo/hand_eye_calibrator.py
-- Up-to-date symlink: /workspaces/isaac_ros-dev/ros_ws/install/ur5e_visual_servo/lib/ur5e_visual_servo/object_detector.py
-- Up-to-date symlink: /workspaces/isaac_ros-dev/ros_ws/install/ur5e_visual_servo/lib/ur5e_visual_servo/visual_servo_controller.py
-- Symlinking: /workspaces/isaac_ros-dev/ros_ws/install/ur5e_visual_servo/share/ur5e_visual_servo/launch/cake_surface_pattern.launch.py
-- Up-to-date symlink: /workspaces/isaac_ros-dev/ros_ws/install/ur5e_visual_servo/share/ur5e_visual_servo/launch/gui.launch.py
-- Up-to-date symlink: /workspaces/isaac_ros-dev/ros_ws/install/ur5e_visual_servo/share/ur5e_visual_servo/launch/hand_eye_calibrator.launch.py
-- Up-to-date symlink: /workspaces/isaac_ros-dev/ros_ws/install/ur5e_visual_servo/share/ur5e_visual_servo/launch/object_detector.launch.py
-- Up-to-date symlink: /workspaces/isaac_ros-dev/ros_ws/install/ur5e_visual_servo/share/ur5e_visual_servo/launch/svg_pattern_projector.launch.py
-- Up-to-date symlink: /workspaces/isaac_ros-dev/ros_ws/install/ur5e_visual_servo/share/ur5e_visual_servo/launch/urdf_only.launch.py
-- Up-to-date symlink: /workspaces/isaac_ros-dev/ros_ws/install/ur5e_visual_servo/share/ur5e_visual_servo/launch/visual_servo_controller.launch.py
-- Up-to-date symlink: /workspaces/isaac_ros-dev/ros_ws/install/ur5e_visual_servo/share/ur5e_visual_servo/launch/zed_surface_detector.launch.py
-- Up-to-date symlink: /workspaces/isaac_ros-dev/ros_ws/install/ur5e_visual_servo/share/ur5e_visual_servo/urdf/romulus.urdf
-- Up-to-date symlink: /workspaces/isaac_ros-dev/ros_ws/install/ur5e_visual_servo/share/ur5e_visual_servo/urdf/romulus_bak.urdf
-- Up-to-date symlink: /workspaces/isaac_ros-dev/ros_ws/install/ur5e_visual_servo/share/ur5e_visual_servo/urdf/ur5e_calibration.yaml
-- Symlinking: /workspaces/isaac_ros-dev/ros_ws/install/ur5e_visual_servo/share/ur5e_visual_servo/config/cake_surface.rviz
-- Up-to-date symlink: /workspaces/isaac_ros-dev/ros_ws/install/ur5e_visual_servo/share/ur5e_visual_servo/config/ur5e_calibration.yaml
-- Up-to-date symlink: /workspaces/isaac_ros-dev/ros_ws/install/ur5e_visual_servo/share/ur5e_visual_servo/config/visual_servo.rviz
-- Up-to-date symlink: /workspaces/isaac_ros-dev/ros_ws/install/ur5e_visual_servo/share/ur5e_visual_servo/media/rise_baking_logo.png
-- Up-to-date symlink: /workspaces/isaac_ros-dev/ros_ws/install/ur5e_visual_servo/share/ament_index/resource_index/package_run_dependencies/ur5e_visual_servo
-- Up-to-date symlink: /workspaces/isaac_ros-dev/ros_ws/install/ur5e_visual_servo/share/ament_index/resource_index/parent_prefix_path/ur5e_visual_servo
-- Up-to-date symlink: /workspaces/isaac_ros-dev/ros_ws/install/ur5e_visual_servo/share/ur5e_visual_servo/environment/ament_prefix_path.sh
-- Up-to-date symlink: /workspaces/isaac_ros-dev/ros_ws/install/ur5e_visual_servo/share/ur5e_visual_servo/environment/ament_prefix_path.dsv
-- Up-to-date symlink: /workspaces/isaac_ros-dev/ros_ws/install/ur5e_visual_servo/share/ur5e_visual_servo/environment/path.sh
-- Up-to-date symlink: /workspaces/isaac_ros-dev/ros_ws/install/ur5e_visual_servo/share/ur5e_visual_servo/environment/path.dsv
-- Up-to-date symlink: /workspaces/isaac_ros-dev/ros_ws/install/ur5e_visual_servo/share/ur5e_visual_servo/local_setup.bash
-- Up-to-date symlink: /workspaces/isaac_ros-dev/ros_ws/install/ur5e_visual_servo/share/ur5e_visual_servo/local_setup.sh
-- Up-to-date symlink: /workspaces/isaac_ros-dev/ros_ws/install/ur5e_visual_servo/share/ur5e_visual_servo/local_setup.zsh
-- Up-to-date symlink: /workspaces/isaac_ros-dev/ros_ws/install/ur5e_visual_servo/share/ur5e_visual_servo/local_setup.dsv
-- Symlinking: /workspaces/isaac_ros-dev/ros_ws/install/ur5e_visual_servo/share/ur5e_visual_servo/package.dsv
-- Up-to-date symlink: /workspaces/isaac_ros-dev/ros_ws/install/ur5e_visual_servo/share/ament_index/resource_index/packages/ur5e_visual_servo
-- Up-to-date symlink: /workspaces/isaac_ros-dev/ros_ws/install/ur5e_visual_servo/share/ur5e_visual_servo/cmake/ur5e_visual_servoConfig.cmake
-- Up-to-date symlink: /workspaces/isaac_ros-dev/ros_ws/install/ur5e_visual_servo/share/ur5e_visual_servo/cmake/ur5e_visual_servoConfig-version.cmake
-- Up-to-date symlink: /workspaces/isaac_ros-dev/ros_ws/install/ur5e_visual_servo/share/ur5e_visual_servo/package.xml
