[0.030s] Invoking command in '/workspaces/isaac_ros-dev/ros_ws/build/ur5e_visual_servo': CMAKE_PREFIX_PATH=/workspaces/isaac_ros-dev/ros_ws/install/zed_wrapper:/workspaces/isaac_ros-dev/ros_ws/install/zed_components:/workspaces/isaac_ros-dev/ros_ws/install/zed_msgs:/workspaces/isaac_ros-dev/ros_ws/install/zed_ros2:/workspaces/isaac_ros-dev/ros_ws/install/ur5e_visual_servo:/usr/local/libcudss-linux-0.3.0.9_cuda12-archive:/opt/ros/humble /usr/bin/cmake /workspaces/isaac_ros-dev/ros_ws/src/ur5e_visual_servo -DAMENT_CMAKE_SYMLINK_INSTALL=1 -DCMAKE_INSTALL_PREFIX=/workspaces/isaac_ros-dev/ros_ws/install/ur5e_visual_servo
[0.052s] -- Found ament_cmake: 1.3.11 (/opt/ros/humble/share/ament_cmake/cmake)
[0.371s] -- Override CMake install command with custom implementation using symlinks instead of copying resources
[0.401s] -- Found rclpy: 3.3.15 (/opt/ros/humble/share/rclpy/cmake)
[0.401s] -- Found geometry_msgs: 4.2.4 (/opt/ros/humble/share/geometry_msgs/cmake)
[0.489s] -- Found rosidl_generator_c: 3.1.6 (/opt/ros/humble/share/rosidl_generator_c/cmake)
[0.493s] -- Found rosidl_adapter: 3.1.6 (/opt/ros/humble/share/rosidl_adapter/cmake)
[0.501s] -- Found rosidl_generator_cpp: 3.1.6 (/opt/ros/humble/share/rosidl_generator_cpp/cmake)
[0.516s] -- Using all available rosidl_typesupport_c: rosidl_typesupport_fastrtps_c;rosidl_typesupport_introspection_c
[0.538s] -- Using all available rosidl_typesupport_cpp: rosidl_typesupport_fastrtps_cpp;rosidl_typesupport_introspection_cpp
[0.596s] -- Found sensor_msgs: 4.2.4 (/opt/ros/humble/share/sensor_msgs/cmake)
[0.619s] -- Found tf2_ros: 0.25.12 (/opt/ros/humble/share/tf2_ros/cmake)
[0.690s] -- Found rmw_implementation_cmake: 6.1.2 (/opt/ros/humble/share/rmw_implementation_cmake/cmake)
[0.693s] -- Found rmw_cyclonedds_cpp: 1.3.4 (/opt/ros/humble/share/rmw_cyclonedds_cpp/cmake)
[0.724s] -- Using RMW implementation 'rmw_cyclonedds_cpp' as default
[0.882s] -- Found visualization_msgs: 4.2.4 (/opt/ros/humble/share/visualization_msgs/cmake)
[0.910s] -- Found cv_bridge: 3.2.1 (/opt/ros/humble/share/cv_bridge/cmake)
[1.079s] -- Configuring done
[1.093s] -- Generating done
[1.097s] -- Build files have been written to: /workspaces/isaac_ros-dev/ros_ws/build/ur5e_visual_servo
[1.112s] Invoked command in '/workspaces/isaac_ros-dev/ros_ws/build/ur5e_visual_servo' returned '0': CMAKE_PREFIX_PATH=/workspaces/isaac_ros-dev/ros_ws/install/zed_wrapper:/workspaces/isaac_ros-dev/ros_ws/install/zed_components:/workspaces/isaac_ros-dev/ros_ws/install/zed_msgs:/workspaces/isaac_ros-dev/ros_ws/install/zed_ros2:/workspaces/isaac_ros-dev/ros_ws/install/ur5e_visual_servo:/usr/local/libcudss-linux-0.3.0.9_cuda12-archive:/opt/ros/humble /usr/bin/cmake /workspaces/isaac_ros-dev/ros_ws/src/ur5e_visual_servo -DAMENT_CMAKE_SYMLINK_INSTALL=1 -DCMAKE_INSTALL_PREFIX=/workspaces/isaac_ros-dev/ros_ws/install/ur5e_visual_servo
[1.115s] Invoking command in '/workspaces/isaac_ros-dev/ros_ws/build/ur5e_visual_servo': CMAKE_PREFIX_PATH=/workspaces/isaac_ros-dev/ros_ws/install/zed_wrapper:/workspaces/isaac_ros-dev/ros_ws/install/zed_components:/workspaces/isaac_ros-dev/ros_ws/install/zed_msgs:/workspaces/isaac_ros-dev/ros_ws/install/zed_ros2:/workspaces/isaac_ros-dev/ros_ws/install/ur5e_visual_servo:/usr/local/libcudss-linux-0.3.0.9_cuda12-archive:/opt/ros/humble /usr/bin/cmake --build /workspaces/isaac_ros-dev/ros_ws/build/ur5e_visual_servo -- -j12 -l12
[1.201s] Invoked command in '/workspaces/isaac_ros-dev/ros_ws/build/ur5e_visual_servo' returned '0': CMAKE_PREFIX_PATH=/workspaces/isaac_ros-dev/ros_ws/install/zed_wrapper:/workspaces/isaac_ros-dev/ros_ws/install/zed_components:/workspaces/isaac_ros-dev/ros_ws/install/zed_msgs:/workspaces/isaac_ros-dev/ros_ws/install/zed_ros2:/workspaces/isaac_ros-dev/ros_ws/install/ur5e_visual_servo:/usr/local/libcudss-linux-0.3.0.9_cuda12-archive:/opt/ros/humble /usr/bin/cmake --build /workspaces/isaac_ros-dev/ros_ws/build/ur5e_visual_servo -- -j12 -l12
[1.203s] Invoking command in '/workspaces/isaac_ros-dev/ros_ws/build/ur5e_visual_servo': CMAKE_PREFIX_PATH=/workspaces/isaac_ros-dev/ros_ws/install/zed_wrapper:/workspaces/isaac_ros-dev/ros_ws/install/zed_components:/workspaces/isaac_ros-dev/ros_ws/install/zed_msgs:/workspaces/isaac_ros-dev/ros_ws/install/zed_ros2:/workspaces/isaac_ros-dev/ros_ws/install/ur5e_visual_servo:/usr/local/libcudss-linux-0.3.0.9_cuda12-archive:/opt/ros/humble /usr/bin/cmake --install /workspaces/isaac_ros-dev/ros_ws/build/ur5e_visual_servo
[1.216s] -- Install configuration: ""
[1.217s] -- Execute custom install script
[1.218s] -- Up-to-date symlink: /workspaces/isaac_ros-dev/ros_ws/install/ur5e_visual_servo/lib/ur5e_visual_servo/gui_interface.py
[1.218s] -- Symlinking: /workspaces/isaac_ros-dev/ros_ws/install/ur5e_visual_servo/lib/ur5e_visual_servo/cake_surface_detector.py
[1.233s] -- Up-to-date symlink: /workspaces/isaac_ros-dev/ros_ws/install/ur5e_visual_servo/lib/ur5e_visual_servo/svg_pattern_projector.py
[1.233s] -- Up-to-date symlink: /workspaces/isaac_ros-dev/ros_ws/install/ur5e_visual_servo/lib/ur5e_visual_servo/hand_eye_calibrator.py
[1.234s] -- Up-to-date symlink: /workspaces/isaac_ros-dev/ros_ws/install/ur5e_visual_servo/lib/ur5e_visual_servo/object_detector.py
[1.234s] -- Up-to-date symlink: /workspaces/isaac_ros-dev/ros_ws/install/ur5e_visual_servo/lib/ur5e_visual_servo/visual_servo_controller.py
[1.234s] -- Symlinking: /workspaces/isaac_ros-dev/ros_ws/install/ur5e_visual_servo/share/ur5e_visual_servo/launch/cake_surface_pattern.launch.py
[1.252s] -- Up-to-date symlink: /workspaces/isaac_ros-dev/ros_ws/install/ur5e_visual_servo/share/ur5e_visual_servo/launch/gui.launch.py
[1.252s] -- Up-to-date symlink: /workspaces/isaac_ros-dev/ros_ws/install/ur5e_visual_servo/share/ur5e_visual_servo/launch/hand_eye_calibrator.launch.py
[1.252s] -- Up-to-date symlink: /workspaces/isaac_ros-dev/ros_ws/install/ur5e_visual_servo/share/ur5e_visual_servo/launch/object_detector.launch.py
[1.253s] -- Up-to-date symlink: /workspaces/isaac_ros-dev/ros_ws/install/ur5e_visual_servo/share/ur5e_visual_servo/launch/svg_pattern_projector.launch.py
[1.253s] -- Up-to-date symlink: /workspaces/isaac_ros-dev/ros_ws/install/ur5e_visual_servo/share/ur5e_visual_servo/launch/urdf_only.launch.py
[1.253s] -- Up-to-date symlink: /workspaces/isaac_ros-dev/ros_ws/install/ur5e_visual_servo/share/ur5e_visual_servo/launch/visual_servo_controller.launch.py
[1.253s] -- Up-to-date symlink: /workspaces/isaac_ros-dev/ros_ws/install/ur5e_visual_servo/share/ur5e_visual_servo/launch/zed_surface_detector.launch.py
[1.253s] -- Up-to-date symlink: /workspaces/isaac_ros-dev/ros_ws/install/ur5e_visual_servo/share/ur5e_visual_servo/urdf/romulus.urdf
[1.253s] -- Up-to-date symlink: /workspaces/isaac_ros-dev/ros_ws/install/ur5e_visual_servo/share/ur5e_visual_servo/urdf/romulus_bak.urdf
[1.253s] -- Up-to-date symlink: /workspaces/isaac_ros-dev/ros_ws/install/ur5e_visual_servo/share/ur5e_visual_servo/urdf/ur5e_calibration.yaml
[1.254s] -- Symlinking: /workspaces/isaac_ros-dev/ros_ws/install/ur5e_visual_servo/share/ur5e_visual_servo/config/cake_surface.rviz
[1.279s] -- Up-to-date symlink: /workspaces/isaac_ros-dev/ros_ws/install/ur5e_visual_servo/share/ur5e_visual_servo/config/ur5e_calibration.yaml
[1.279s] -- Up-to-date symlink: /workspaces/isaac_ros-dev/ros_ws/install/ur5e_visual_servo/share/ur5e_visual_servo/config/visual_servo.rviz
[1.280s] -- Up-to-date symlink: /workspaces/isaac_ros-dev/ros_ws/install/ur5e_visual_servo/share/ur5e_visual_servo/media/rise_baking_logo.png
[1.280s] -- Up-to-date symlink: /workspaces/isaac_ros-dev/ros_ws/install/ur5e_visual_servo/share/ament_index/resource_index/package_run_dependencies/ur5e_visual_servo
[1.280s] -- Up-to-date symlink: /workspaces/isaac_ros-dev/ros_ws/install/ur5e_visual_servo/share/ament_index/resource_index/parent_prefix_path/ur5e_visual_servo
[1.280s] -- Up-to-date symlink: /workspaces/isaac_ros-dev/ros_ws/install/ur5e_visual_servo/share/ur5e_visual_servo/environment/ament_prefix_path.sh
[1.280s] -- Up-to-date symlink: /workspaces/isaac_ros-dev/ros_ws/install/ur5e_visual_servo/share/ur5e_visual_servo/environment/ament_prefix_path.dsv
[1.280s] -- Up-to-date symlink: /workspaces/isaac_ros-dev/ros_ws/install/ur5e_visual_servo/share/ur5e_visual_servo/environment/path.sh
[1.281s] -- Up-to-date symlink: /workspaces/isaac_ros-dev/ros_ws/install/ur5e_visual_servo/share/ur5e_visual_servo/environment/path.dsv
[1.281s] -- Up-to-date symlink: /workspaces/isaac_ros-dev/ros_ws/install/ur5e_visual_servo/share/ur5e_visual_servo/local_setup.bash
[1.281s] -- Up-to-date symlink: /workspaces/isaac_ros-dev/ros_ws/install/ur5e_visual_servo/share/ur5e_visual_servo/local_setup.sh
[1.281s] -- Up-to-date symlink: /workspaces/isaac_ros-dev/ros_ws/install/ur5e_visual_servo/share/ur5e_visual_servo/local_setup.zsh
[1.282s] -- Up-to-date symlink: /workspaces/isaac_ros-dev/ros_ws/install/ur5e_visual_servo/share/ur5e_visual_servo/local_setup.dsv
[1.282s] -- Symlinking: /workspaces/isaac_ros-dev/ros_ws/install/ur5e_visual_servo/share/ur5e_visual_servo/package.dsv
[1.298s] -- Up-to-date symlink: /workspaces/isaac_ros-dev/ros_ws/install/ur5e_visual_servo/share/ament_index/resource_index/packages/ur5e_visual_servo
[1.298s] -- Up-to-date symlink: /workspaces/isaac_ros-dev/ros_ws/install/ur5e_visual_servo/share/ur5e_visual_servo/cmake/ur5e_visual_servoConfig.cmake
[1.299s] -- Up-to-date symlink: /workspaces/isaac_ros-dev/ros_ws/install/ur5e_visual_servo/share/ur5e_visual_servo/cmake/ur5e_visual_servoConfig-version.cmake
[1.299s] -- Up-to-date symlink: /workspaces/isaac_ros-dev/ros_ws/install/ur5e_visual_servo/share/ur5e_visual_servo/package.xml
[1.306s] Invoked command in '/workspaces/isaac_ros-dev/ros_ws/build/ur5e_visual_servo' returned '0': CMAKE_PREFIX_PATH=/workspaces/isaac_ros-dev/ros_ws/install/zed_wrapper:/workspaces/isaac_ros-dev/ros_ws/install/zed_components:/workspaces/isaac_ros-dev/ros_ws/install/zed_msgs:/workspaces/isaac_ros-dev/ros_ws/install/zed_ros2:/workspaces/isaac_ros-dev/ros_ws/install/ur5e_visual_servo:/usr/local/libcudss-linux-0.3.0.9_cuda12-archive:/opt/ros/humble /usr/bin/cmake --install /workspaces/isaac_ros-dev/ros_ws/build/ur5e_visual_servo
