[0.024s] Invoking command in '/workspaces/isaac_ros-dev/ros_ws/build/zed_components': CMAKE_PREFIX_PATH=/workspaces/isaac_ros-dev/ros_ws/install/zed_msgs:/workspaces/isaac_ros-dev/ros_ws/install/zed_ros2:/workspaces/isaac_ros-dev/ros_ws/install/zed_wrapper:/workspaces/isaac_ros-dev/ros_ws/install/zed_components:/workspaces/isaac_ros-dev/ros_ws/install/ur5e_visual_servo:/usr/local/libcudss-linux-0.3.0.9_cuda12-archive:/opt/ros/humble LD_LIBRARY_PATH=/workspaces/isaac_ros-dev/ros_ws/install/zed_msgs/lib:/workspaces/isaac_ros-dev/ros_ws/install/zed_components/lib:/opt/ros/humble/opt/rviz_ogre_vendor/lib:/opt/ros/humble/lib/aarch64-linux-gnu:/opt/ros/humble/lib:/usr/lib/aarch64-linux-gnu/tegra/weston:/usr/lib/aarch64-linux-gnu/tegra-egl:/usr/local/cuda-12.6/targets/aarch64-linux/lib:/usr/lib/aarch64-linux-gnu/tegra:/opt/nvidia/vpi3/lib64:/usr/local/libcudss-linux-0.3.0.9_cuda12-archive/lib:/usr/local/nvidia/lib:/usr/local/nvidia/lib64:/usr/lib/aarch64-linux-gnu-host:/opt/tritonserver/lib:/usr/local/zed/lib /usr/bin/cmake /workspaces/isaac_ros-dev/ros_ws/src/zed-ros2-wrapper/zed_components -DCMAKE_INSTALL_PREFIX=/workspaces/isaac_ros-dev/ros_ws/install/zed_components
[0.110s] -- Found CUDA: /usr/local/cuda (found suitable version "12.6", minimum required is "12.6") 
[0.147s] -- Found CUDA: /usr/local/cuda (found version "12.6") 
[0.148s] -- Found ament_cmake_auto: 1.3.11 (/opt/ros/humble/share/ament_cmake_auto/cmake)
[0.369s] -- Override CMake install command with custom implementation using symlinks instead of copying resources
[0.556s] -- Found rosidl_generator_c: 3.1.6 (/opt/ros/humble/share/rosidl_generator_c/cmake)
[0.561s] -- Found rosidl_adapter: 3.1.6 (/opt/ros/humble/share/rosidl_adapter/cmake)
[0.574s] -- Found rosidl_generator_cpp: 3.1.6 (/opt/ros/humble/share/rosidl_generator_cpp/cmake)
[0.595s] -- Using all available rosidl_typesupport_c: rosidl_typesupport_fastrtps_c;rosidl_typesupport_introspection_c
[0.614s] -- Using all available rosidl_typesupport_cpp: rosidl_typesupport_fastrtps_cpp;rosidl_typesupport_introspection_cpp
[0.737s] -- Found rmw_implementation_cmake: 6.1.2 (/opt/ros/humble/share/rmw_implementation_cmake/cmake)
[0.738s] -- Found rmw_cyclonedds_cpp: 1.3.4 (/opt/ros/humble/share/rmw_cyclonedds_cpp/cmake)
[0.762s] -- Using RMW implementation 'rmw_cyclonedds_cpp' as default
[1.047s] -- Found eigen3_cmake_module: 0.1.1 (/opt/ros/humble/share/eigen3_cmake_module/cmake)
[1.048s] -- Ensuring Eigen3 include directory is part of orocos-kdl CMake target
[1.200s] -- Found ament_lint_auto: 0.12.11 (/opt/ros/humble/share/ament_lint_auto/cmake)
[1.240s] -- Added test 'copyright' to check source files copyright and LICENSE
[1.242s] -- Added test 'cppcheck' to perform static code analysis on C / C++ code
[1.243s] -- Configured cppcheck include dirs: /workspaces/isaac_ros-dev/ros_ws/src/zed-ros2-wrapper/zed_components/src/include;/workspaces/isaac_ros-dev/ros_ws/src/zed-ros2-wrapper/zed_components/src/zed_camera/include;/workspaces/isaac_ros-dev/ros_ws/src/zed-ros2-wrapper/zed_components/src/tools/include
[1.243s] -- Configured cppcheck exclude dirs and/or files: 
[1.244s] -- Added test 'lint_cmake' to check CMake code style
[1.246s] -- Added test 'uncrustify' to check C / C++ code style
[1.246s] -- Configured uncrustify additional arguments: 
[1.247s] -- Added test 'xmllint' to check XML markup files
[1.252s] -- Configuring done
[1.305s] -- Generating done
[1.319s] -- Build files have been written to: /workspaces/isaac_ros-dev/ros_ws/build/zed_components
[1.340s] Invoked command in '/workspaces/isaac_ros-dev/ros_ws/build/zed_components' returned '0': CMAKE_PREFIX_PATH=/workspaces/isaac_ros-dev/ros_ws/install/zed_msgs:/workspaces/isaac_ros-dev/ros_ws/install/zed_ros2:/workspaces/isaac_ros-dev/ros_ws/install/zed_wrapper:/workspaces/isaac_ros-dev/ros_ws/install/zed_components:/workspaces/isaac_ros-dev/ros_ws/install/ur5e_visual_servo:/usr/local/libcudss-linux-0.3.0.9_cuda12-archive:/opt/ros/humble LD_LIBRARY_PATH=/workspaces/isaac_ros-dev/ros_ws/install/zed_msgs/lib:/workspaces/isaac_ros-dev/ros_ws/install/zed_components/lib:/opt/ros/humble/opt/rviz_ogre_vendor/lib:/opt/ros/humble/lib/aarch64-linux-gnu:/opt/ros/humble/lib:/usr/lib/aarch64-linux-gnu/tegra/weston:/usr/lib/aarch64-linux-gnu/tegra-egl:/usr/local/cuda-12.6/targets/aarch64-linux/lib:/usr/lib/aarch64-linux-gnu/tegra:/opt/nvidia/vpi3/lib64:/usr/local/libcudss-linux-0.3.0.9_cuda12-archive/lib:/usr/local/nvidia/lib:/usr/local/nvidia/lib64:/usr/lib/aarch64-linux-gnu-host:/opt/tritonserver/lib:/usr/local/zed/lib /usr/bin/cmake /workspaces/isaac_ros-dev/ros_ws/src/zed-ros2-wrapper/zed_components -DCMAKE_INSTALL_PREFIX=/workspaces/isaac_ros-dev/ros_ws/install/zed_components
[1.344s] Invoking command in '/workspaces/isaac_ros-dev/ros_ws/build/zed_components': CMAKE_PREFIX_PATH=/workspaces/isaac_ros-dev/ros_ws/install/zed_msgs:/workspaces/isaac_ros-dev/ros_ws/install/zed_ros2:/workspaces/isaac_ros-dev/ros_ws/install/zed_wrapper:/workspaces/isaac_ros-dev/ros_ws/install/zed_components:/workspaces/isaac_ros-dev/ros_ws/install/ur5e_visual_servo:/usr/local/libcudss-linux-0.3.0.9_cuda12-archive:/opt/ros/humble LD_LIBRARY_PATH=/workspaces/isaac_ros-dev/ros_ws/install/zed_msgs/lib:/workspaces/isaac_ros-dev/ros_ws/install/zed_components/lib:/opt/ros/humble/opt/rviz_ogre_vendor/lib:/opt/ros/humble/lib/aarch64-linux-gnu:/opt/ros/humble/lib:/usr/lib/aarch64-linux-gnu/tegra/weston:/usr/lib/aarch64-linux-gnu/tegra-egl:/usr/local/cuda-12.6/targets/aarch64-linux/lib:/usr/lib/aarch64-linux-gnu/tegra:/opt/nvidia/vpi3/lib64:/usr/local/libcudss-linux-0.3.0.9_cuda12-archive/lib:/usr/local/nvidia/lib:/usr/local/nvidia/lib64:/usr/lib/aarch64-linux-gnu-host:/opt/tritonserver/lib:/usr/local/zed/lib /usr/bin/cmake --build /workspaces/isaac_ros-dev/ros_ws/build/zed_components -- -j12 -l12
[1.429s] [35m[1mConsolidate compiler generated dependencies of target zed_camera_one_component[0m
[1.429s] [35m[1mConsolidate compiler generated dependencies of target zed_camera_component[0m
[1.481s] [ 50%] Built target zed_camera_one_component
[1.483s] [100%] Built target zed_camera_component
[1.505s] Invoked command in '/workspaces/isaac_ros-dev/ros_ws/build/zed_components' returned '0': CMAKE_PREFIX_PATH=/workspaces/isaac_ros-dev/ros_ws/install/zed_msgs:/workspaces/isaac_ros-dev/ros_ws/install/zed_ros2:/workspaces/isaac_ros-dev/ros_ws/install/zed_wrapper:/workspaces/isaac_ros-dev/ros_ws/install/zed_components:/workspaces/isaac_ros-dev/ros_ws/install/ur5e_visual_servo:/usr/local/libcudss-linux-0.3.0.9_cuda12-archive:/opt/ros/humble LD_LIBRARY_PATH=/workspaces/isaac_ros-dev/ros_ws/install/zed_msgs/lib:/workspaces/isaac_ros-dev/ros_ws/install/zed_components/lib:/opt/ros/humble/opt/rviz_ogre_vendor/lib:/opt/ros/humble/lib/aarch64-linux-gnu:/opt/ros/humble/lib:/usr/lib/aarch64-linux-gnu/tegra/weston:/usr/lib/aarch64-linux-gnu/tegra-egl:/usr/local/cuda-12.6/targets/aarch64-linux/lib:/usr/lib/aarch64-linux-gnu/tegra:/opt/nvidia/vpi3/lib64:/usr/local/libcudss-linux-0.3.0.9_cuda12-archive/lib:/usr/local/nvidia/lib:/usr/local/nvidia/lib64:/usr/lib/aarch64-linux-gnu-host:/opt/tritonserver/lib:/usr/local/zed/lib /usr/bin/cmake --build /workspaces/isaac_ros-dev/ros_ws/build/zed_components -- -j12 -l12
[1.525s] Invoking command in '/workspaces/isaac_ros-dev/ros_ws/build/zed_components': CMAKE_PREFIX_PATH=/workspaces/isaac_ros-dev/ros_ws/install/zed_msgs:/workspaces/isaac_ros-dev/ros_ws/install/zed_ros2:/workspaces/isaac_ros-dev/ros_ws/install/zed_wrapper:/workspaces/isaac_ros-dev/ros_ws/install/zed_components:/workspaces/isaac_ros-dev/ros_ws/install/ur5e_visual_servo:/usr/local/libcudss-linux-0.3.0.9_cuda12-archive:/opt/ros/humble LD_LIBRARY_PATH=/workspaces/isaac_ros-dev/ros_ws/install/zed_msgs/lib:/workspaces/isaac_ros-dev/ros_ws/install/zed_components/lib:/opt/ros/humble/opt/rviz_ogre_vendor/lib:/opt/ros/humble/lib/aarch64-linux-gnu:/opt/ros/humble/lib:/usr/lib/aarch64-linux-gnu/tegra/weston:/usr/lib/aarch64-linux-gnu/tegra-egl:/usr/local/cuda-12.6/targets/aarch64-linux/lib:/usr/lib/aarch64-linux-gnu/tegra:/opt/nvidia/vpi3/lib64:/usr/local/libcudss-linux-0.3.0.9_cuda12-archive/lib:/usr/local/nvidia/lib:/usr/local/nvidia/lib64:/usr/lib/aarch64-linux-gnu-host:/opt/tritonserver/lib:/usr/local/zed/lib /usr/bin/cmake --install /workspaces/isaac_ros-dev/ros_ws/build/zed_components
[1.541s] -- Install configuration: "Release"
[1.542s] -- Execute custom install script
[1.543s] -- Up-to-date symlink: /workspaces/isaac_ros-dev/ros_ws/install/zed_components/lib/libzed_camera_component.so
[1.543s] -- Up-to-date symlink: /workspaces/isaac_ros-dev/ros_ws/install/zed_components/lib/libzed_camera_one_component.so
[1.544s] -- Up-to-date symlink: /workspaces/isaac_ros-dev/ros_ws/install/zed_components/include/zed_components//cost_traversability.hpp
[1.544s] -- Up-to-date symlink: /workspaces/isaac_ros-dev/ros_ws/install/zed_components/include/zed_components//sl_types.hpp
[1.544s] -- Up-to-date symlink: /workspaces/isaac_ros-dev/ros_ws/install/zed_components/include/zed_components//zed_camera_component.hpp
[1.544s] -- Up-to-date symlink: /workspaces/isaac_ros-dev/ros_ws/install/zed_components/include/zed_components//zed_camera_one_component.hpp
[1.545s] -- Up-to-date symlink: /workspaces/isaac_ros-dev/ros_ws/install/zed_components/include/zed_components//gnss_replay.hpp
[1.545s] -- Up-to-date symlink: /workspaces/isaac_ros-dev/ros_ws/install/zed_components/include/zed_components//json.hpp
[1.545s] -- Up-to-date symlink: /workspaces/isaac_ros-dev/ros_ws/install/zed_components/include/zed_components//sl_logging.hpp
[1.546s] -- Up-to-date symlink: /workspaces/isaac_ros-dev/ros_ws/install/zed_components/include/zed_components//sl_tools.hpp
[1.546s] -- Up-to-date symlink: /workspaces/isaac_ros-dev/ros_ws/install/zed_components/include/zed_components//sl_win_avg.hpp
[1.546s] -- Up-to-date symlink: /workspaces/isaac_ros-dev/ros_ws/install/zed_components/include/zed_components//visibility_control.hpp
[1.546s] -- Up-to-date symlink: /workspaces/isaac_ros-dev/ros_ws/install/zed_components/share/zed_components/environment/library_path.sh
[1.547s] -- Up-to-date symlink: /workspaces/isaac_ros-dev/ros_ws/install/zed_components/share/zed_components/environment/library_path.dsv
[1.547s] -- Up-to-date symlink: /workspaces/isaac_ros-dev/ros_ws/install/zed_components/share/ament_index/resource_index/package_run_dependencies/zed_components
[1.547s] -- Up-to-date symlink: /workspaces/isaac_ros-dev/ros_ws/install/zed_components/share/ament_index/resource_index/parent_prefix_path/zed_components
[1.547s] -- Up-to-date symlink: /workspaces/isaac_ros-dev/ros_ws/install/zed_components/share/zed_components/environment/ament_prefix_path.sh
[1.548s] -- Up-to-date symlink: /workspaces/isaac_ros-dev/ros_ws/install/zed_components/share/zed_components/environment/ament_prefix_path.dsv
[1.548s] -- Up-to-date symlink: /workspaces/isaac_ros-dev/ros_ws/install/zed_components/share/zed_components/environment/path.sh
[1.548s] -- Up-to-date symlink: /workspaces/isaac_ros-dev/ros_ws/install/zed_components/share/zed_components/environment/path.dsv
[1.548s] -- Up-to-date symlink: /workspaces/isaac_ros-dev/ros_ws/install/zed_components/share/zed_components/local_setup.bash
[1.549s] -- Up-to-date symlink: /workspaces/isaac_ros-dev/ros_ws/install/zed_components/share/zed_components/local_setup.sh
[1.549s] -- Up-to-date symlink: /workspaces/isaac_ros-dev/ros_ws/install/zed_components/share/zed_components/local_setup.zsh
[1.549s] -- Up-to-date symlink: /workspaces/isaac_ros-dev/ros_ws/install/zed_components/share/zed_components/local_setup.dsv
[1.549s] -- Symlinking: /workspaces/isaac_ros-dev/ros_ws/install/zed_components/share/zed_components/package.dsv
[1.567s] -- Up-to-date symlink: /workspaces/isaac_ros-dev/ros_ws/install/zed_components/share/ament_index/resource_index/packages/zed_components
[1.567s] -- Up-to-date symlink: /workspaces/isaac_ros-dev/ros_ws/install/zed_components/share/ament_index/resource_index/rclcpp_components/zed_components
[1.567s] -- Up-to-date symlink: /workspaces/isaac_ros-dev/ros_ws/install/zed_components/share/zed_components/cmake/ament_cmake_export_include_directories-extras.cmake
[1.567s] -- Up-to-date symlink: /workspaces/isaac_ros-dev/ros_ws/install/zed_components/share/zed_components/cmake/ament_cmake_export_libraries-extras.cmake
[1.568s] -- Up-to-date symlink: /workspaces/isaac_ros-dev/ros_ws/install/zed_components/share/zed_components/cmake/ament_cmake_export_dependencies-extras.cmake
[1.568s] -- Up-to-date symlink: /workspaces/isaac_ros-dev/ros_ws/install/zed_components/share/zed_components/cmake/zed_componentsConfig.cmake
[1.568s] -- Up-to-date symlink: /workspaces/isaac_ros-dev/ros_ws/install/zed_components/share/zed_components/cmake/zed_componentsConfig-version.cmake
[1.568s] -- Up-to-date symlink: /workspaces/isaac_ros-dev/ros_ws/install/zed_components/share/zed_components/package.xml
[1.574s] Invoked command in '/workspaces/isaac_ros-dev/ros_ws/build/zed_components' returned '0': CMAKE_PREFIX_PATH=/workspaces/isaac_ros-dev/ros_ws/install/zed_msgs:/workspaces/isaac_ros-dev/ros_ws/install/zed_ros2:/workspaces/isaac_ros-dev/ros_ws/install/zed_wrapper:/workspaces/isaac_ros-dev/ros_ws/install/zed_components:/workspaces/isaac_ros-dev/ros_ws/install/ur5e_visual_servo:/usr/local/libcudss-linux-0.3.0.9_cuda12-archive:/opt/ros/humble LD_LIBRARY_PATH=/workspaces/isaac_ros-dev/ros_ws/install/zed_msgs/lib:/workspaces/isaac_ros-dev/ros_ws/install/zed_components/lib:/opt/ros/humble/opt/rviz_ogre_vendor/lib:/opt/ros/humble/lib/aarch64-linux-gnu:/opt/ros/humble/lib:/usr/lib/aarch64-linux-gnu/tegra/weston:/usr/lib/aarch64-linux-gnu/tegra-egl:/usr/local/cuda-12.6/targets/aarch64-linux/lib:/usr/lib/aarch64-linux-gnu/tegra:/opt/nvidia/vpi3/lib64:/usr/local/libcudss-linux-0.3.0.9_cuda12-archive/lib:/usr/local/nvidia/lib:/usr/local/nvidia/lib64:/usr/lib/aarch64-linux-gnu-host:/opt/tritonserver/lib:/usr/local/zed/lib /usr/bin/cmake --install /workspaces/isaac_ros-dev/ros_ws/build/zed_components
