[0.026s] Invoking command in '/workspaces/isaac_ros-dev/ros_ws/build/zed_components': CMAKE_PREFIX_PATH=/workspaces/isaac_ros-dev/ros_ws/install/zed_msgs:/workspaces/isaac_ros-dev/ros_ws/install/zed_ros2:/workspaces/isaac_ros-dev/ros_ws/install/zed_wrapper:/workspaces/isaac_ros-dev/ros_ws/install/zed_components:/workspaces/isaac_ros-dev/ros_ws/install/ur5e_visual_servo:/usr/local/libcudss-linux-0.3.0.9_cuda12-archive:/workspaces/isaac_ros-dev/ros_ws/install/vision:/opt/ros/humble LD_LIBRARY_PATH=/workspaces/isaac_ros-dev/ros_ws/install/zed_msgs/lib:/workspaces/isaac_ros-dev/ros_ws/install/zed_components/lib:/opt/ros/humble/opt/rviz_ogre_vendor/lib:/opt/ros/humble/lib/aarch64-linux-gnu:/opt/ros/humble/lib:/usr/lib/aarch64-linux-gnu/tegra/weston:/usr/lib/aarch64-linux-gnu/tegra-egl:/usr/local/cuda-12.6/targets/aarch64-linux/lib:/usr/lib/aarch64-linux-gnu/tegra:/opt/nvidia/vpi3/lib64:/usr/local/libcudss-linux-0.3.0.9_cuda12-archive/lib:/usr/local/nvidia/lib:/usr/local/nvidia/lib64:/usr/lib/aarch64-linux-gnu-host:/opt/tritonserver/lib:/usr/local/zed/lib /usr/bin/cmake /workspaces/isaac_ros-dev/ros_ws/src/zed-ros2-wrapper/zed_components -DAMENT_CMAKE_SYMLINK_INSTALL=1 -DCMAKE_INSTALL_PREFIX=/workspaces/isaac_ros-dev/ros_ws/install/zed_components
[0.108s] -- Found CUDA: /usr/local/cuda (found suitable version "12.6", minimum required is "12.6") 
[0.146s] -- Found CUDA: /usr/local/cuda (found version "12.6") 
[0.147s] -- Found ament_cmake_auto: 1.3.11 (/opt/ros/humble/share/ament_cmake_auto/cmake)
[0.355s] -- Override CMake install command with custom implementation using symlinks instead of copying resources
[0.501s] -- Found rosidl_generator_c: 3.1.6 (/opt/ros/humble/share/rosidl_generator_c/cmake)
[0.504s] -- Found rosidl_adapter: 3.1.6 (/opt/ros/humble/share/rosidl_adapter/cmake)
[0.512s] -- Found rosidl_generator_cpp: 3.1.6 (/opt/ros/humble/share/rosidl_generator_cpp/cmake)
[0.526s] -- Using all available rosidl_typesupport_c: rosidl_typesupport_fastrtps_c;rosidl_typesupport_introspection_c
[0.544s] -- Using all available rosidl_typesupport_cpp: rosidl_typesupport_fastrtps_cpp;rosidl_typesupport_introspection_cpp
[0.666s] -- Found rmw_implementation_cmake: 6.1.2 (/opt/ros/humble/share/rmw_implementation_cmake/cmake)
[0.668s] -- Found rmw_cyclonedds_cpp: 1.3.4 (/opt/ros/humble/share/rmw_cyclonedds_cpp/cmake)
[0.691s] -- Using RMW implementation 'rmw_cyclonedds_cpp' as default
[0.965s] -- Found eigen3_cmake_module: 0.1.1 (/opt/ros/humble/share/eigen3_cmake_module/cmake)
[0.966s] -- Ensuring Eigen3 include directory is part of orocos-kdl CMake target
[1.105s] -- Found ament_lint_auto: 0.12.11 (/opt/ros/humble/share/ament_lint_auto/cmake)
[1.146s] -- Added test 'copyright' to check source files copyright and LICENSE
[1.148s] -- Added test 'cppcheck' to perform static code analysis on C / C++ code
[1.149s] -- Configured cppcheck include dirs: /workspaces/isaac_ros-dev/ros_ws/src/zed-ros2-wrapper/zed_components/src/include;/workspaces/isaac_ros-dev/ros_ws/src/zed-ros2-wrapper/zed_components/src/zed_camera/include;/workspaces/isaac_ros-dev/ros_ws/src/zed-ros2-wrapper/zed_components/src/tools/include
[1.149s] -- Configured cppcheck exclude dirs and/or files: 
[1.150s] -- Added test 'lint_cmake' to check CMake code style
[1.152s] -- Added test 'uncrustify' to check C / C++ code style
[1.152s] -- Configured uncrustify additional arguments: 
[1.153s] -- Added test 'xmllint' to check XML markup files
[1.157s] -- Configuring done
[1.208s] -- Generating done
[1.221s] -- Build files have been written to: /workspaces/isaac_ros-dev/ros_ws/build/zed_components
[1.241s] Invoked command in '/workspaces/isaac_ros-dev/ros_ws/build/zed_components' returned '0': CMAKE_PREFIX_PATH=/workspaces/isaac_ros-dev/ros_ws/install/zed_msgs:/workspaces/isaac_ros-dev/ros_ws/install/zed_ros2:/workspaces/isaac_ros-dev/ros_ws/install/zed_wrapper:/workspaces/isaac_ros-dev/ros_ws/install/zed_components:/workspaces/isaac_ros-dev/ros_ws/install/ur5e_visual_servo:/usr/local/libcudss-linux-0.3.0.9_cuda12-archive:/workspaces/isaac_ros-dev/ros_ws/install/vision:/opt/ros/humble LD_LIBRARY_PATH=/workspaces/isaac_ros-dev/ros_ws/install/zed_msgs/lib:/workspaces/isaac_ros-dev/ros_ws/install/zed_components/lib:/opt/ros/humble/opt/rviz_ogre_vendor/lib:/opt/ros/humble/lib/aarch64-linux-gnu:/opt/ros/humble/lib:/usr/lib/aarch64-linux-gnu/tegra/weston:/usr/lib/aarch64-linux-gnu/tegra-egl:/usr/local/cuda-12.6/targets/aarch64-linux/lib:/usr/lib/aarch64-linux-gnu/tegra:/opt/nvidia/vpi3/lib64:/usr/local/libcudss-linux-0.3.0.9_cuda12-archive/lib:/usr/local/nvidia/lib:/usr/local/nvidia/lib64:/usr/lib/aarch64-linux-gnu-host:/opt/tritonserver/lib:/usr/local/zed/lib /usr/bin/cmake /workspaces/isaac_ros-dev/ros_ws/src/zed-ros2-wrapper/zed_components -DAMENT_CMAKE_SYMLINK_INSTALL=1 -DCMAKE_INSTALL_PREFIX=/workspaces/isaac_ros-dev/ros_ws/install/zed_components
[1.246s] Invoking command in '/workspaces/isaac_ros-dev/ros_ws/build/zed_components': CMAKE_PREFIX_PATH=/workspaces/isaac_ros-dev/ros_ws/install/zed_msgs:/workspaces/isaac_ros-dev/ros_ws/install/zed_ros2:/workspaces/isaac_ros-dev/ros_ws/install/zed_wrapper:/workspaces/isaac_ros-dev/ros_ws/install/zed_components:/workspaces/isaac_ros-dev/ros_ws/install/ur5e_visual_servo:/usr/local/libcudss-linux-0.3.0.9_cuda12-archive:/workspaces/isaac_ros-dev/ros_ws/install/vision:/opt/ros/humble LD_LIBRARY_PATH=/workspaces/isaac_ros-dev/ros_ws/install/zed_msgs/lib:/workspaces/isaac_ros-dev/ros_ws/install/zed_components/lib:/opt/ros/humble/opt/rviz_ogre_vendor/lib:/opt/ros/humble/lib/aarch64-linux-gnu:/opt/ros/humble/lib:/usr/lib/aarch64-linux-gnu/tegra/weston:/usr/lib/aarch64-linux-gnu/tegra-egl:/usr/local/cuda-12.6/targets/aarch64-linux/lib:/usr/lib/aarch64-linux-gnu/tegra:/opt/nvidia/vpi3/lib64:/usr/local/libcudss-linux-0.3.0.9_cuda12-archive/lib:/usr/local/nvidia/lib:/usr/local/nvidia/lib64:/usr/lib/aarch64-linux-gnu-host:/opt/tritonserver/lib:/usr/local/zed/lib /usr/bin/cmake --build /workspaces/isaac_ros-dev/ros_ws/build/zed_components -- -j12 -l12
[1.327s] [35m[1mConsolidate compiler generated dependencies of target zed_camera_one_component[0m
[1.327s] [35m[1mConsolidate compiler generated dependencies of target zed_camera_component[0m
[1.380s] [ 50%] Built target zed_camera_one_component
[1.381s] [100%] Built target zed_camera_component
[1.407s] Invoked command in '/workspaces/isaac_ros-dev/ros_ws/build/zed_components' returned '0': CMAKE_PREFIX_PATH=/workspaces/isaac_ros-dev/ros_ws/install/zed_msgs:/workspaces/isaac_ros-dev/ros_ws/install/zed_ros2:/workspaces/isaac_ros-dev/ros_ws/install/zed_wrapper:/workspaces/isaac_ros-dev/ros_ws/install/zed_components:/workspaces/isaac_ros-dev/ros_ws/install/ur5e_visual_servo:/usr/local/libcudss-linux-0.3.0.9_cuda12-archive:/workspaces/isaac_ros-dev/ros_ws/install/vision:/opt/ros/humble LD_LIBRARY_PATH=/workspaces/isaac_ros-dev/ros_ws/install/zed_msgs/lib:/workspaces/isaac_ros-dev/ros_ws/install/zed_components/lib:/opt/ros/humble/opt/rviz_ogre_vendor/lib:/opt/ros/humble/lib/aarch64-linux-gnu:/opt/ros/humble/lib:/usr/lib/aarch64-linux-gnu/tegra/weston:/usr/lib/aarch64-linux-gnu/tegra-egl:/usr/local/cuda-12.6/targets/aarch64-linux/lib:/usr/lib/aarch64-linux-gnu/tegra:/opt/nvidia/vpi3/lib64:/usr/local/libcudss-linux-0.3.0.9_cuda12-archive/lib:/usr/local/nvidia/lib:/usr/local/nvidia/lib64:/usr/lib/aarch64-linux-gnu-host:/opt/tritonserver/lib:/usr/local/zed/lib /usr/bin/cmake --build /workspaces/isaac_ros-dev/ros_ws/build/zed_components -- -j12 -l12
[1.409s] Invoking command in '/workspaces/isaac_ros-dev/ros_ws/build/zed_components': CMAKE_PREFIX_PATH=/workspaces/isaac_ros-dev/ros_ws/install/zed_msgs:/workspaces/isaac_ros-dev/ros_ws/install/zed_ros2:/workspaces/isaac_ros-dev/ros_ws/install/zed_wrapper:/workspaces/isaac_ros-dev/ros_ws/install/zed_components:/workspaces/isaac_ros-dev/ros_ws/install/ur5e_visual_servo:/usr/local/libcudss-linux-0.3.0.9_cuda12-archive:/workspaces/isaac_ros-dev/ros_ws/install/vision:/opt/ros/humble LD_LIBRARY_PATH=/workspaces/isaac_ros-dev/ros_ws/install/zed_msgs/lib:/workspaces/isaac_ros-dev/ros_ws/install/zed_components/lib:/opt/ros/humble/opt/rviz_ogre_vendor/lib:/opt/ros/humble/lib/aarch64-linux-gnu:/opt/ros/humble/lib:/usr/lib/aarch64-linux-gnu/tegra/weston:/usr/lib/aarch64-linux-gnu/tegra-egl:/usr/local/cuda-12.6/targets/aarch64-linux/lib:/usr/lib/aarch64-linux-gnu/tegra:/opt/nvidia/vpi3/lib64:/usr/local/libcudss-linux-0.3.0.9_cuda12-archive/lib:/usr/local/nvidia/lib:/usr/local/nvidia/lib64:/usr/lib/aarch64-linux-gnu-host:/opt/tritonserver/lib:/usr/local/zed/lib /usr/bin/cmake --install /workspaces/isaac_ros-dev/ros_ws/build/zed_components
[1.421s] -- Install configuration: "Release"
[1.422s] -- Execute custom install script
[1.422s] -- Up-to-date symlink: /workspaces/isaac_ros-dev/ros_ws/install/zed_components/lib/libzed_camera_component.so
[1.422s] -- Up-to-date symlink: /workspaces/isaac_ros-dev/ros_ws/install/zed_components/lib/libzed_camera_one_component.so
[1.423s] -- Up-to-date symlink: /workspaces/isaac_ros-dev/ros_ws/install/zed_components/include/zed_components//cost_traversability.hpp
[1.423s] -- Up-to-date symlink: /workspaces/isaac_ros-dev/ros_ws/install/zed_components/include/zed_components//sl_types.hpp
[1.423s] -- Up-to-date symlink: /workspaces/isaac_ros-dev/ros_ws/install/zed_components/include/zed_components//zed_camera_component.hpp
[1.423s] -- Up-to-date symlink: /workspaces/isaac_ros-dev/ros_ws/install/zed_components/include/zed_components//zed_camera_one_component.hpp
[1.424s] -- Up-to-date symlink: /workspaces/isaac_ros-dev/ros_ws/install/zed_components/include/zed_components//gnss_replay.hpp
[1.424s] -- Up-to-date symlink: /workspaces/isaac_ros-dev/ros_ws/install/zed_components/include/zed_components//json.hpp
[1.424s] -- Up-to-date symlink: /workspaces/isaac_ros-dev/ros_ws/install/zed_components/include/zed_components//sl_logging.hpp
[1.424s] -- Up-to-date symlink: /workspaces/isaac_ros-dev/ros_ws/install/zed_components/include/zed_components//sl_tools.hpp
[1.424s] -- Up-to-date symlink: /workspaces/isaac_ros-dev/ros_ws/install/zed_components/include/zed_components//sl_win_avg.hpp
[1.425s] -- Up-to-date symlink: /workspaces/isaac_ros-dev/ros_ws/install/zed_components/include/zed_components//visibility_control.hpp
[1.425s] -- Up-to-date symlink: /workspaces/isaac_ros-dev/ros_ws/install/zed_components/share/zed_components/environment/library_path.sh
[1.425s] -- Up-to-date symlink: /workspaces/isaac_ros-dev/ros_ws/install/zed_components/share/zed_components/environment/library_path.dsv
[1.425s] -- Up-to-date symlink: /workspaces/isaac_ros-dev/ros_ws/install/zed_components/share/ament_index/resource_index/package_run_dependencies/zed_components
[1.426s] -- Up-to-date symlink: /workspaces/isaac_ros-dev/ros_ws/install/zed_components/share/ament_index/resource_index/parent_prefix_path/zed_components
[1.426s] -- Up-to-date symlink: /workspaces/isaac_ros-dev/ros_ws/install/zed_components/share/zed_components/environment/ament_prefix_path.sh
[1.426s] -- Up-to-date symlink: /workspaces/isaac_ros-dev/ros_ws/install/zed_components/share/zed_components/environment/ament_prefix_path.dsv
[1.426s] -- Up-to-date symlink: /workspaces/isaac_ros-dev/ros_ws/install/zed_components/share/zed_components/environment/path.sh
[1.426s] -- Up-to-date symlink: /workspaces/isaac_ros-dev/ros_ws/install/zed_components/share/zed_components/environment/path.dsv
[1.427s] -- Up-to-date symlink: /workspaces/isaac_ros-dev/ros_ws/install/zed_components/share/zed_components/local_setup.bash
[1.427s] -- Up-to-date symlink: /workspaces/isaac_ros-dev/ros_ws/install/zed_components/share/zed_components/local_setup.sh
[1.427s] -- Up-to-date symlink: /workspaces/isaac_ros-dev/ros_ws/install/zed_components/share/zed_components/local_setup.zsh
[1.427s] -- Up-to-date symlink: /workspaces/isaac_ros-dev/ros_ws/install/zed_components/share/zed_components/local_setup.dsv
[1.427s] -- Symlinking: /workspaces/isaac_ros-dev/ros_ws/install/zed_components/share/zed_components/package.dsv
[1.444s] -- Up-to-date symlink: /workspaces/isaac_ros-dev/ros_ws/install/zed_components/share/ament_index/resource_index/packages/zed_components
[1.444s] -- Up-to-date symlink: /workspaces/isaac_ros-dev/ros_ws/install/zed_components/share/ament_index/resource_index/rclcpp_components/zed_components
[1.444s] -- Up-to-date symlink: /workspaces/isaac_ros-dev/ros_ws/install/zed_components/share/zed_components/cmake/ament_cmake_export_include_directories-extras.cmake
[1.444s] -- Up-to-date symlink: /workspaces/isaac_ros-dev/ros_ws/install/zed_components/share/zed_components/cmake/ament_cmake_export_libraries-extras.cmake
[1.445s] -- Up-to-date symlink: /workspaces/isaac_ros-dev/ros_ws/install/zed_components/share/zed_components/cmake/ament_cmake_export_dependencies-extras.cmake
[1.445s] -- Up-to-date symlink: /workspaces/isaac_ros-dev/ros_ws/install/zed_components/share/zed_components/cmake/zed_componentsConfig.cmake
[1.445s] -- Up-to-date symlink: /workspaces/isaac_ros-dev/ros_ws/install/zed_components/share/zed_components/cmake/zed_componentsConfig-version.cmake
[1.445s] -- Up-to-date symlink: /workspaces/isaac_ros-dev/ros_ws/install/zed_components/share/zed_components/package.xml
[1.449s] Invoked command in '/workspaces/isaac_ros-dev/ros_ws/build/zed_components' returned '0': CMAKE_PREFIX_PATH=/workspaces/isaac_ros-dev/ros_ws/install/zed_msgs:/workspaces/isaac_ros-dev/ros_ws/install/zed_ros2:/workspaces/isaac_ros-dev/ros_ws/install/zed_wrapper:/workspaces/isaac_ros-dev/ros_ws/install/zed_components:/workspaces/isaac_ros-dev/ros_ws/install/ur5e_visual_servo:/usr/local/libcudss-linux-0.3.0.9_cuda12-archive:/workspaces/isaac_ros-dev/ros_ws/install/vision:/opt/ros/humble LD_LIBRARY_PATH=/workspaces/isaac_ros-dev/ros_ws/install/zed_msgs/lib:/workspaces/isaac_ros-dev/ros_ws/install/zed_components/lib:/opt/ros/humble/opt/rviz_ogre_vendor/lib:/opt/ros/humble/lib/aarch64-linux-gnu:/opt/ros/humble/lib:/usr/lib/aarch64-linux-gnu/tegra/weston:/usr/lib/aarch64-linux-gnu/tegra-egl:/usr/local/cuda-12.6/targets/aarch64-linux/lib:/usr/lib/aarch64-linux-gnu/tegra:/opt/nvidia/vpi3/lib64:/usr/local/libcudss-linux-0.3.0.9_cuda12-archive/lib:/usr/local/nvidia/lib:/usr/local/nvidia/lib64:/usr/lib/aarch64-linux-gnu-host:/opt/tritonserver/lib:/usr/local/zed/lib /usr/bin/cmake --install /workspaces/isaac_ros-dev/ros_ws/build/zed_components
