-- Install configuration: ""
-- Up-to-date: /workspaces/isaac_ros-dev/ros_ws/install/cake_decorator/share/cake_decorator//urdf
-- Up-to-date: /workspaces/isaac_ros-dev/ros_ws/install/cake_decorator/share/cake_decorator//urdf/romulus.urdf
-- Up-to-date: /workspaces/isaac_ros-dev/ros_ws/install/cake_decorator/share/cake_decorator//launch
-- Up-to-date: /workspaces/isaac_ros-dev/ros_ws/install/cake_decorator/share/cake_decorator//launch/cake_decorator.launch.py
-- Up-to-date: /workspaces/isaac_ros-dev/ros_ws/install/cake_decorator/share/ament_index/resource_index/package_run_dependencies/cake_decorator
-- Up-to-date: /workspaces/isaac_ros-dev/ros_ws/install/cake_decorator/share/ament_index/resource_index/parent_prefix_path/cake_decorator
-- Up-to-date: /workspaces/isaac_ros-dev/ros_ws/install/cake_decorator/share/cake_decorator/environment/ament_prefix_path.sh
-- Up-to-date: /workspaces/isaac_ros-dev/ros_ws/install/cake_decorator/share/cake_decorator/environment/ament_prefix_path.dsv
-- Up-to-date: /workspaces/isaac_ros-dev/ros_ws/install/cake_decorator/share/cake_decorator/environment/path.sh
-- Up-to-date: /workspaces/isaac_ros-dev/ros_ws/install/cake_decorator/share/cake_decorator/environment/path.dsv
-- Up-to-date: /workspaces/isaac_ros-dev/ros_ws/install/cake_decorator/share/cake_decorator/local_setup.bash
-- Up-to-date: /workspaces/isaac_ros-dev/ros_ws/install/cake_decorator/share/cake_decorator/local_setup.sh
-- Up-to-date: /workspaces/isaac_ros-dev/ros_ws/install/cake_decorator/share/cake_decorator/local_setup.zsh
-- Up-to-date: /workspaces/isaac_ros-dev/ros_ws/install/cake_decorator/share/cake_decorator/local_setup.dsv
-- Installing: /workspaces/isaac_ros-dev/ros_ws/install/cake_decorator/share/cake_decorator/package.dsv
-- Up-to-date: /workspaces/isaac_ros-dev/ros_ws/install/cake_decorator/share/ament_index/resource_index/packages/cake_decorator
-- Up-to-date: /workspaces/isaac_ros-dev/ros_ws/install/cake_decorator/share/cake_decorator/cmake/cake_decoratorConfig.cmake
-- Up-to-date: /workspaces/isaac_ros-dev/ros_ws/install/cake_decorator/share/cake_decorator/cmake/cake_decoratorConfig-version.cmake
-- Up-to-date: /workspaces/isaac_ros-dev/ros_ws/install/cake_decorator/share/cake_decorator/package.xml
