[1.952s] Invoking command in '/workspaces/isaac_ros-dev/ros_ws/src/vision': PYTHONPATH=/workspaces/isaac_ros-dev/ros_ws/build/vision/prefix_override:/usr/lib/python3/dist-packages/colcon_core/task/python/colcon_distutils_commands:/workspaces/isaac_ros-dev/ros_ws/install/vision/lib/python3.10/site-packages:${PYTHONPATH} /usr/bin/python3 -W ignore:setup.py install is deprecated -W ignore:easy_install command is deprecated setup.py egg_info --egg-base ../../build/vision build --build-base /workspaces/isaac_ros-dev/ros_ws/build/vision/build install --record /workspaces/isaac_ros-dev/ros_ws/build/vision/install.log --single-version-externally-managed install_data
[2.657s] running egg_info
[2.658s] creating ../../build/vision/vision.egg-info
[2.686s] writing ../../build/vision/vision.egg-info/PKG-INFO
[2.687s] writing dependency_links to ../../build/vision/vision.egg-info/dependency_links.txt
[2.687s] writing entry points to ../../build/vision/vision.egg-info/entry_points.txt
[2.688s] writing requirements to ../../build/vision/vision.egg-info/requires.txt
[2.688s] writing top-level names to ../../build/vision/vision.egg-info/top_level.txt
[2.688s] writing manifest file '../../build/vision/vision.egg-info/SOURCES.txt'
[3.039s] reading manifest file '../../build/vision/vision.egg-info/SOURCES.txt'
[3.039s] writing manifest file '../../build/vision/vision.egg-info/SOURCES.txt'
[3.040s] running build
[3.040s] running build_py
[3.041s] creating /workspaces/isaac_ros-dev/ros_ws/build/vision/build
[3.041s] creating /workspaces/isaac_ros-dev/ros_ws/build/vision/build/lib
[3.041s] creating /workspaces/isaac_ros-dev/ros_ws/build/vision/build/lib/vision
[3.041s] copying vision/__init__.py -> /workspaces/isaac_ros-dev/ros_ws/build/vision/build/lib/vision
[3.042s] copying vision/vision_node.py -> /workspaces/isaac_ros-dev/ros_ws/build/vision/build/lib/vision
[3.042s] running install
[3.049s] running install_lib
[3.079s] creating /workspaces/isaac_ros-dev/ros_ws/install/vision/lib/python3.10/site-packages/vision
[3.079s] copying /workspaces/isaac_ros-dev/ros_ws/build/vision/build/lib/vision/__init__.py -> /workspaces/isaac_ros-dev/ros_ws/install/vision/lib/python3.10/site-packages/vision
[3.079s] copying /workspaces/isaac_ros-dev/ros_ws/build/vision/build/lib/vision/vision_node.py -> /workspaces/isaac_ros-dev/ros_ws/install/vision/lib/python3.10/site-packages/vision
[3.080s] byte-compiling /workspaces/isaac_ros-dev/ros_ws/install/vision/lib/python3.10/site-packages/vision/__init__.py to __init__.cpython-310.pyc
[3.080s] byte-compiling /workspaces/isaac_ros-dev/ros_ws/install/vision/lib/python3.10/site-packages/vision/vision_node.py to vision_node.cpython-310.pyc
[3.083s] running install_data
[3.084s] creating /workspaces/isaac_ros-dev/ros_ws/install/vision/share/ament_index
[3.084s] creating /workspaces/isaac_ros-dev/ros_ws/install/vision/share/ament_index/resource_index
[3.084s] creating /workspaces/isaac_ros-dev/ros_ws/install/vision/share/ament_index/resource_index/packages
[3.085s] copying resource/vision -> /workspaces/isaac_ros-dev/ros_ws/install/vision/share/ament_index/resource_index/packages
[3.085s] copying package.xml -> /workspaces/isaac_ros-dev/ros_ws/install/vision/share/vision
[3.085s] creating /workspaces/isaac_ros-dev/ros_ws/install/vision/share/vision/launch
[3.085s] copying launch/vision.launch.py -> /workspaces/isaac_ros-dev/ros_ws/install/vision/share/vision/launch
[3.085s] running install_egg_info
[3.114s] Copying ../../build/vision/vision.egg-info to /workspaces/isaac_ros-dev/ros_ws/install/vision/lib/python3.10/site-packages/vision-0.0.1-py3.10.egg-info
[3.115s] running install_scripts
[3.225s] Installing vision_node script to /workspaces/isaac_ros-dev/ros_ws/install/vision/lib/vision
[3.225s] writing list of installed files to '/workspaces/isaac_ros-dev/ros_ws/build/vision/install.log'
[3.311s] Invoked command in '/workspaces/isaac_ros-dev/ros_ws/src/vision' returned '0': PYTHONPATH=/workspaces/isaac_ros-dev/ros_ws/build/vision/prefix_override:/usr/lib/python3/dist-packages/colcon_core/task/python/colcon_distutils_commands:/workspaces/isaac_ros-dev/ros_ws/install/vision/lib/python3.10/site-packages:${PYTHONPATH} /usr/bin/python3 -W ignore:setup.py install is deprecated -W ignore:easy_install command is deprecated setup.py egg_info --egg-base ../../build/vision build --build-base /workspaces/isaac_ros-dev/ros_ws/build/vision/build install --record /workspaces/isaac_ros-dev/ros_ws/build/vision/install.log --single-version-externally-managed install_data
