[1.904s] Invoking command in '/workspaces/isaac_ros-dev/ros_ws/src/vision': PYTHONPATH=/workspaces/isaac_ros-dev/ros_ws/build/vision/prefix_override:/usr/lib/python3/dist-packages/colcon_core/task/python/colcon_distutils_commands:/workspaces/isaac_ros-dev/ros_ws/install/vision/lib/python3.10/site-packages:${PYTHONPATH} /usr/bin/python3 -W ignore:setup.py install is deprecated -W ignore:easy_install command is deprecated setup.py egg_info --egg-base ../../build/vision build --build-base /workspaces/isaac_ros-dev/ros_ws/build/vision/build install --record /workspaces/isaac_ros-dev/ros_ws/build/vision/install.log --single-version-externally-managed install_data
[2.621s] running egg_info
[2.621s] creating ../../build/vision/vision.egg-info
[2.650s] writing ../../build/vision/vision.egg-info/PKG-INFO
[2.650s] writing dependency_links to ../../build/vision/vision.egg-info/dependency_links.txt
[2.650s] writing entry points to ../../build/vision/vision.egg-info/entry_points.txt
[2.651s] writing requirements to ../../build/vision/vision.egg-info/requires.txt
[2.651s] writing top-level names to ../../build/vision/vision.egg-info/top_level.txt
[2.651s] writing manifest file '../../build/vision/vision.egg-info/SOURCES.txt'
[2.782s] writing manifest file '../../build/vision/vision.egg-info/SOURCES.txt'
[2.783s] running build
[2.783s] running build_py
[2.783s] creating /workspaces/isaac_ros-dev/ros_ws/build/vision/build
[2.784s] creating /workspaces/isaac_ros-dev/ros_ws/build/vision/build/lib
[2.784s] creating /workspaces/isaac_ros-dev/ros_ws/build/vision/build/lib/vision
[2.784s] copying vision/__init__.py -> /workspaces/isaac_ros-dev/ros_ws/build/vision/build/lib/vision
[2.785s] copying vision/vision_node.py -> /workspaces/isaac_ros-dev/ros_ws/build/vision/build/lib/vision
[2.785s] running install
[2.792s] running install_lib
[2.822s] creating /workspaces/isaac_ros-dev/ros_ws/install/vision/lib/python3.10/site-packages/vision
[2.822s] copying /workspaces/isaac_ros-dev/ros_ws/build/vision/build/lib/vision/__init__.py -> /workspaces/isaac_ros-dev/ros_ws/install/vision/lib/python3.10/site-packages/vision
[2.822s] copying /workspaces/isaac_ros-dev/ros_ws/build/vision/build/lib/vision/vision_node.py -> /workspaces/isaac_ros-dev/ros_ws/install/vision/lib/python3.10/site-packages/vision
[2.823s] byte-compiling /workspaces/isaac_ros-dev/ros_ws/install/vision/lib/python3.10/site-packages/vision/__init__.py to __init__.cpython-310.pyc
[2.823s] byte-compiling /workspaces/isaac_ros-dev/ros_ws/install/vision/lib/python3.10/site-packages/vision/vision_node.py to vision_node.cpython-310.pyc
[2.827s] running install_data
[2.827s] creating /workspaces/isaac_ros-dev/ros_ws/install/vision/share/ament_index
[2.827s] creating /workspaces/isaac_ros-dev/ros_ws/install/vision/share/ament_index/resource_index
[2.827s] creating /workspaces/isaac_ros-dev/ros_ws/install/vision/share/ament_index/resource_index/packages
[2.827s] copying resource/vision -> /workspaces/isaac_ros-dev/ros_ws/install/vision/share/ament_index/resource_index/packages
[2.828s] copying package.xml -> /workspaces/isaac_ros-dev/ros_ws/install/vision/share/vision
[2.828s] creating /workspaces/isaac_ros-dev/ros_ws/install/vision/share/vision/launch
[2.828s] copying launch/vision.launch.py -> /workspaces/isaac_ros-dev/ros_ws/install/vision/share/vision/launch
[2.828s] running install_egg_info
[2.859s] Copying ../../build/vision/vision.egg-info to /workspaces/isaac_ros-dev/ros_ws/install/vision/lib/python3.10/site-packages/vision-0.0.1-py3.10.egg-info
[2.860s] running install_scripts
[2.974s] Installing vision_node script to /workspaces/isaac_ros-dev/ros_ws/install/vision/lib/vision
[2.975s] writing list of installed files to '/workspaces/isaac_ros-dev/ros_ws/build/vision/install.log'
[3.060s] Invoked command in '/workspaces/isaac_ros-dev/ros_ws/src/vision' returned '0': PYTHONPATH=/workspaces/isaac_ros-dev/ros_ws/build/vision/prefix_override:/usr/lib/python3/dist-packages/colcon_core/task/python/colcon_distutils_commands:/workspaces/isaac_ros-dev/ros_ws/install/vision/lib/python3.10/site-packages:${PYTHONPATH} /usr/bin/python3 -W ignore:setup.py install is deprecated -W ignore:easy_install command is deprecated setup.py egg_info --egg-base ../../build/vision build --build-base /workspaces/isaac_ros-dev/ros_ws/build/vision/build install --record /workspaces/isaac_ros-dev/ros_ws/build/vision/install.log --single-version-externally-managed install_data
