running egg_info
writing ../../build/control/control.egg-info/PKG-INFO
writing dependency_links to ../../build/control/control.egg-info/dependency_links.txt
writing entry points to ../../build/control/control.egg-info/entry_points.txt
writing requirements to ../../build/control/control.egg-info/requires.txt
writing top-level names to ../../build/control/control.egg-info/top_level.txt
ERROR setuptools_scm._file_finders.git listing git files failed - pretending there aren't any
reading manifest file '../../build/control/control.egg-info/SOURCES.txt'
writing manifest file '../../build/control/control.egg-info/SOURCES.txt'
running build
running build_py
running install
running install_lib
running install_data
running install_egg_info
removing '/workspaces/isaac_ros-dev/ros_ws/install/control/lib/python3.10/site-packages/control-0.0.1-py3.10.egg-info' (and everything under it)
Copying ../../build/control/control.egg-info to /workspaces/isaac_ros-dev/ros_ws/install/control/lib/python3.10/site-packages/control-0.0.1-py3.10.egg-info
running install_scripts
Installing control_node script to /workspaces/isaac_ros-dev/ros_ws/install/control/lib/control
writing list of installed files to '/workspaces/isaac_ros-dev/ros_ws/build/control/install.log'
