[3.470s] Invoking command in '/workspaces/isaac_ros-dev/ros_ws/src/control': PYTHONPATH=/workspaces/isaac_ros-dev/ros_ws/build/control/prefix_override:/usr/lib/python3/dist-packages/colcon_core/task/python/colcon_distutils_commands:/workspaces/isaac_ros-dev/ros_ws/install/control/lib/python3.10/site-packages:${PYTHONPATH} /usr/bin/python3 -W ignore:setup.py install is deprecated -W ignore:easy_install command is deprecated setup.py egg_info --egg-base ../../build/control build --build-base /workspaces/isaac_ros-dev/ros_ws/build/control/build install --record /workspaces/isaac_ros-dev/ros_ws/build/control/install.log --single-version-externally-managed install_data
[4.201s] running egg_info
[4.230s] writing ../../build/control/control.egg-info/PKG-INFO
[4.231s] writing dependency_links to ../../build/control/control.egg-info/dependency_links.txt
[4.231s] writing entry points to ../../build/control/control.egg-info/entry_points.txt
[4.232s] writing requirements to ../../build/control/control.egg-info/requires.txt
[4.232s] writing top-level names to ../../build/control/control.egg-info/top_level.txt
[4.355s] ERROR setuptools_scm._file_finders.git listing git files failed - pretending there aren't any
[4.554s] reading manifest file '../../build/control/control.egg-info/SOURCES.txt'
[4.557s] writing manifest file '../../build/control/control.egg-info/SOURCES.txt'
[4.558s] running build
[4.558s] running build_py
[4.558s] running install
[4.566s] running install_lib
[4.599s] running install_data
[4.600s] running install_egg_info
[4.632s] removing '/workspaces/isaac_ros-dev/ros_ws/install/control/lib/python3.10/site-packages/control-0.0.1-py3.10.egg-info' (and everything under it)
[4.633s] Copying ../../build/control/control.egg-info to /workspaces/isaac_ros-dev/ros_ws/install/control/lib/python3.10/site-packages/control-0.0.1-py3.10.egg-info
[4.636s] running install_scripts
[4.752s] Installing control_node script to /workspaces/isaac_ros-dev/ros_ws/install/control/lib/control
[4.753s] writing list of installed files to '/workspaces/isaac_ros-dev/ros_ws/build/control/install.log'
[4.877s] Invoked command in '/workspaces/isaac_ros-dev/ros_ws/src/control' returned '0': PYTHONPATH=/workspaces/isaac_ros-dev/ros_ws/build/control/prefix_override:/usr/lib/python3/dist-packages/colcon_core/task/python/colcon_distutils_commands:/workspaces/isaac_ros-dev/ros_ws/install/control/lib/python3.10/site-packages:${PYTHONPATH} /usr/bin/python3 -W ignore:setup.py install is deprecated -W ignore:easy_install command is deprecated setup.py egg_info --egg-base ../../build/control build --build-base /workspaces/isaac_ros-dev/ros_ws/build/control/build install --record /workspaces/isaac_ros-dev/ros_ws/build/control/install.log --single-version-externally-managed install_data
