[0.179s] [34mcolcon[0m [1;30mDEBUG[0m [32mCommand line arguments: ['/usr/bin/colcon', 'build', '--symlink-install'][0m
[0.179s] [34mcolcon[0m [1;30mDEBUG[0m [32mParsed command line arguments: Namespace(log_base=None, log_level=None, verb_name='build', build_base='build', install_base='install', merge_install=False, symlink_install=True, test_result_base=None, continue_on_error=False, executor='parallel', parallel_workers=12, event_handlers=None, ignore_user_meta=False, metas=['./colcon.meta'], base_paths=['.'], packages_ignore=None, packages_ignore_regex=None, paths=None, packages_up_to=None, packages_up_to_regex=None, packages_above=None, packages_above_and_dependencies=None, packages_above_depth=None, packages_select_by_dep=None, packages_skip_by_dep=None, packages_skip_up_to=None, packages_select_build_failed=False, packages_skip_build_finished=False, packages_select_test_failures=False, packages_skip_test_passed=False, packages_select=None, packages_skip=None, packages_select_regex=None, packages_skip_regex=None, packages_start=None, packages_end=None, allow_overriding=[], cmake_args=None, cmake_target=None, cmake_target_skip_unavailable=False, cmake_clean_cache=False, cmake_clean_first=False, cmake_force_configure=False, ament_cmake_args=None, catkin_cmake_args=None, catkin_skip_building_tests=False, verb_parser=<colcon_defaults.argument_parser.defaults.DefaultArgumentsDecorator object at 0xffffaa047160>, verb_extension=<colcon_core.verb.build.BuildVerb object at 0xffffaa1b4430>, main=<bound method BuildVerb.main of <colcon_core.verb.build.BuildVerb object at 0xffffaa1b4430>>)[0m
[0.592s] [34mcolcon.colcon_core.package_discovery[0m [1;30mLevel 1[0m discover_packages(colcon_meta) check parameters
[0.592s] [34mcolcon.colcon_core.package_discovery[0m [1;30mLevel 1[0m discover_packages(recursive) check parameters
[0.592s] [34mcolcon.colcon_core.package_discovery[0m [1;30mLevel 1[0m discover_packages(ignore) check parameters
[0.592s] [34mcolcon.colcon_core.package_discovery[0m [1;30mLevel 1[0m discover_packages(path) check parameters
[0.592s] [34mcolcon.colcon_core.package_discovery[0m [1;30mLevel 1[0m discover_packages(colcon_meta) discover
[0.592s] [34mcolcon.colcon_core.package_discovery[0m [1;30mLevel 1[0m discover_packages(recursive) discover
[0.593s] [34mcolcon.colcon_core.package_discovery[0m [1;30mINFO[0m Crawling recursively for packages in '/workspaces/isaac_ros-dev/ros_ws'
[0.593s] [34mcolcon.colcon_core.package_identification[0m [1;30mLevel 1[0m _identify(.) by extensions ['ignore', 'ignore_ament_install']
[0.593s] [34mcolcon.colcon_core.package_identification[0m [1;30mLevel 1[0m _identify(.) by extension 'ignore'
[0.593s] [34mcolcon.colcon_core.package_identification[0m [1;30mLevel 1[0m _identify(.) by extension 'ignore_ament_install'
[0.593s] [34mcolcon.colcon_core.package_identification[0m [1;30mLevel 1[0m _identify(.) by extensions ['colcon_pkg']
[0.593s] [34mcolcon.colcon_core.package_identification[0m [1;30mLevel 1[0m _identify(.) by extension 'colcon_pkg'
[0.593s] [34mcolcon.colcon_core.package_identification[0m [1;30mLevel 1[0m _identify(.) by extensions ['colcon_meta']
[0.593s] [34mcolcon.colcon_core.package_identification[0m [1;30mLevel 1[0m _identify(.) by extension 'colcon_meta'
[0.593s] [34mcolcon.colcon_core.package_identification[0m [1;30mLevel 1[0m _identify(.) by extensions ['ros']
[0.593s] [34mcolcon.colcon_core.package_identification[0m [1;30mLevel 1[0m _identify(.) by extension 'ros'
[0.614s] [34mcolcon.colcon_core.package_identification[0m [1;30mLevel 1[0m _identify(.) by extensions ['cmake', 'python']
[0.615s] [34mcolcon.colcon_core.package_identification[0m [1;30mLevel 1[0m _identify(.) by extension 'cmake'
[0.615s] [34mcolcon.colcon_core.package_identification[0m [1;30mLevel 1[0m _identify(.) by extension 'python'
[0.615s] [34mcolcon.colcon_core.package_identification[0m [1;30mLevel 1[0m _identify(.) by extensions ['python_setup_py']
[0.615s] [34mcolcon.colcon_core.package_identification[0m [1;30mLevel 1[0m _identify(.) by extension 'python_setup_py'
[0.615s] [34mcolcon.colcon_core.package_identification[0m [1;30mLevel 1[0m _identify(build) by extensions ['ignore', 'ignore_ament_install']
[0.615s] [34mcolcon.colcon_core.package_identification[0m [1;30mLevel 1[0m _identify(build) by extension 'ignore'
[0.615s] [34mcolcon.colcon_core.package_identification[0m [1;30mLevel 1[0m _identify(build) ignored
[0.616s] [34mcolcon.colcon_core.package_identification[0m [1;30mLevel 1[0m _identify(install) by extensions ['ignore', 'ignore_ament_install']
[0.616s] [34mcolcon.colcon_core.package_identification[0m [1;30mLevel 1[0m _identify(install) by extension 'ignore'
[0.616s] [34mcolcon.colcon_core.package_identification[0m [1;30mLevel 1[0m _identify(install) ignored
[0.616s] [34mcolcon.colcon_core.package_identification[0m [1;30mLevel 1[0m _identify(log) by extensions ['ignore', 'ignore_ament_install']
[0.616s] [34mcolcon.colcon_core.package_identification[0m [1;30mLevel 1[0m _identify(log) by extension 'ignore'
[0.616s] [34mcolcon.colcon_core.package_identification[0m [1;30mLevel 1[0m _identify(log) ignored
[0.616s] [34mcolcon.colcon_core.package_identification[0m [1;30mLevel 1[0m _identify(src) by extensions ['ignore', 'ignore_ament_install']
[0.616s] [34mcolcon.colcon_core.package_identification[0m [1;30mLevel 1[0m _identify(src) by extension 'ignore'
[0.617s] [34mcolcon.colcon_core.package_identification[0m [1;30mLevel 1[0m _identify(src) by extension 'ignore_ament_install'
[0.617s] [34mcolcon.colcon_core.package_identification[0m [1;30mLevel 1[0m _identify(src) by extensions ['colcon_pkg']
[0.617s] [34mcolcon.colcon_core.package_identification[0m [1;30mLevel 1[0m _identify(src) by extension 'colcon_pkg'
[0.617s] [34mcolcon.colcon_core.package_identification[0m [1;30mLevel 1[0m _identify(src) by extensions ['colcon_meta']
[0.617s] [34mcolcon.colcon_core.package_identification[0m [1;30mLevel 1[0m _identify(src) by extension 'colcon_meta'
[0.617s] [34mcolcon.colcon_core.package_identification[0m [1;30mLevel 1[0m _identify(src) by extensions ['ros']
[0.617s] [34mcolcon.colcon_core.package_identification[0m [1;30mLevel 1[0m _identify(src) by extension 'ros'
[0.617s] [34mcolcon.colcon_core.package_identification[0m [1;30mLevel 1[0m _identify(src) by extensions ['cmake', 'python']
[0.617s] [34mcolcon.colcon_core.package_identification[0m [1;30mLevel 1[0m _identify(src) by extension 'cmake'
[0.617s] [34mcolcon.colcon_core.package_identification[0m [1;30mLevel 1[0m _identify(src) by extension 'python'
[0.617s] [34mcolcon.colcon_core.package_identification[0m [1;30mLevel 1[0m _identify(src) by extensions ['python_setup_py']
[0.617s] [34mcolcon.colcon_core.package_identification[0m [1;30mLevel 1[0m _identify(src) by extension 'python_setup_py'
[0.617s] [34mcolcon.colcon_core.package_identification[0m [1;30mLevel 1[0m _identify(src/ur5e_visual_servo) by extensions ['ignore', 'ignore_ament_install']
[0.618s] [34mcolcon.colcon_core.package_identification[0m [1;30mLevel 1[0m _identify(src/ur5e_visual_servo) by extension 'ignore'
[0.618s] [34mcolcon.colcon_core.package_identification[0m [1;30mLevel 1[0m _identify(src/ur5e_visual_servo) by extension 'ignore_ament_install'
[0.618s] [34mcolcon.colcon_core.package_identification[0m [1;30mLevel 1[0m _identify(src/ur5e_visual_servo) by extensions ['colcon_pkg']
[0.618s] [34mcolcon.colcon_core.package_identification[0m [1;30mLevel 1[0m _identify(src/ur5e_visual_servo) by extension 'colcon_pkg'
[0.618s] [34mcolcon.colcon_core.package_identification[0m [1;30mLevel 1[0m _identify(src/ur5e_visual_servo) by extensions ['colcon_meta']
[0.618s] [34mcolcon.colcon_core.package_identification[0m [1;30mLevel 1[0m _identify(src/ur5e_visual_servo) by extension 'colcon_meta'
[0.618s] [34mcolcon.colcon_core.package_identification[0m [1;30mLevel 1[0m _identify(src/ur5e_visual_servo) by extensions ['ros']
[0.618s] [34mcolcon.colcon_core.package_identification[0m [1;30mLevel 1[0m _identify(src/ur5e_visual_servo) by extension 'ros'
[0.623s] [34mcolcon.colcon_core.package_identification[0m [1;30mDEBUG[0m [32mPackage 'src/ur5e_visual_servo' with type 'ros.ament_cmake' and name 'ur5e_visual_servo'[0m
[0.623s] [34mcolcon.colcon_core.package_identification[0m [1;30mLevel 1[0m _identify(src/zed-ros2-interfaces) by extensions ['ignore', 'ignore_ament_install']
[0.623s] [34mcolcon.colcon_core.package_identification[0m [1;30mLevel 1[0m _identify(src/zed-ros2-interfaces) by extension 'ignore'
[0.623s] [34mcolcon.colcon_core.package_identification[0m [1;30mLevel 1[0m _identify(src/zed-ros2-interfaces) by extension 'ignore_ament_install'
[0.623s] [34mcolcon.colcon_core.package_identification[0m [1;30mLevel 1[0m _identify(src/zed-ros2-interfaces) by extensions ['colcon_pkg']
[0.623s] [34mcolcon.colcon_core.package_identification[0m [1;30mLevel 1[0m _identify(src/zed-ros2-interfaces) by extension 'colcon_pkg'
[0.624s] [34mcolcon.colcon_core.package_identification[0m [1;30mLevel 1[0m _identify(src/zed-ros2-interfaces) by extensions ['colcon_meta']
[0.624s] [34mcolcon.colcon_core.package_identification[0m [1;30mLevel 1[0m _identify(src/zed-ros2-interfaces) by extension 'colcon_meta'
[0.624s] [34mcolcon.colcon_core.package_identification[0m [1;30mLevel 1[0m _identify(src/zed-ros2-interfaces) by extensions ['ros']
[0.624s] [34mcolcon.colcon_core.package_identification[0m [1;30mLevel 1[0m _identify(src/zed-ros2-interfaces) by extension 'ros'
[0.625s] [34mcolcon.colcon_core.package_identification[0m [1;30mDEBUG[0m [32mPackage 'src/zed-ros2-interfaces' with type 'ros.ament_cmake' and name 'zed_msgs'[0m
[0.625s] [34mcolcon.colcon_core.package_identification[0m [1;30mLevel 1[0m _identify(src/zed-ros2-wrapper) by extensions ['ignore', 'ignore_ament_install']
[0.625s] [34mcolcon.colcon_core.package_identification[0m [1;30mLevel 1[0m _identify(src/zed-ros2-wrapper) by extension 'ignore'
[0.625s] [34mcolcon.colcon_core.package_identification[0m [1;30mLevel 1[0m _identify(src/zed-ros2-wrapper) by extension 'ignore_ament_install'
[0.625s] [34mcolcon.colcon_core.package_identification[0m [1;30mLevel 1[0m _identify(src/zed-ros2-wrapper) by extensions ['colcon_pkg']
[0.625s] [34mcolcon.colcon_core.package_identification[0m [1;30mLevel 1[0m _identify(src/zed-ros2-wrapper) by extension 'colcon_pkg'
[0.626s] [34mcolcon.colcon_core.package_identification[0m [1;30mLevel 1[0m _identify(src/zed-ros2-wrapper) by extensions ['colcon_meta']
[0.626s] [34mcolcon.colcon_core.package_identification[0m [1;30mLevel 1[0m _identify(src/zed-ros2-wrapper) by extension 'colcon_meta'
[0.626s] [34mcolcon.colcon_core.package_identification[0m [1;30mLevel 1[0m _identify(src/zed-ros2-wrapper) by extensions ['ros']
[0.626s] [34mcolcon.colcon_core.package_identification[0m [1;30mLevel 1[0m _identify(src/zed-ros2-wrapper) by extension 'ros'
[0.626s] [34mcolcon.colcon_core.package_identification[0m [1;30mLevel 1[0m _identify(src/zed-ros2-wrapper) by extensions ['cmake', 'python']
[0.626s] [34mcolcon.colcon_core.package_identification[0m [1;30mLevel 1[0m _identify(src/zed-ros2-wrapper) by extension 'cmake'
[0.626s] [34mcolcon.colcon_core.package_identification[0m [1;30mLevel 1[0m _identify(src/zed-ros2-wrapper) by extension 'python'
[0.626s] [34mcolcon.colcon_core.package_identification[0m [1;30mLevel 1[0m _identify(src/zed-ros2-wrapper) by extensions ['python_setup_py']
[0.626s] [34mcolcon.colcon_core.package_identification[0m [1;30mLevel 1[0m _identify(src/zed-ros2-wrapper) by extension 'python_setup_py'
[0.626s] [34mcolcon.colcon_core.package_identification[0m [1;30mLevel 1[0m _identify(src/zed-ros2-wrapper/docker) by extensions ['ignore', 'ignore_ament_install']
[0.626s] [34mcolcon.colcon_core.package_identification[0m [1;30mLevel 1[0m _identify(src/zed-ros2-wrapper/docker) by extension 'ignore'
[0.626s] [34mcolcon.colcon_core.package_identification[0m [1;30mLevel 1[0m _identify(src/zed-ros2-wrapper/docker) by extension 'ignore_ament_install'
[0.627s] [34mcolcon.colcon_core.package_identification[0m [1;30mLevel 1[0m _identify(src/zed-ros2-wrapper/docker) by extensions ['colcon_pkg']
[0.627s] [34mcolcon.colcon_core.package_identification[0m [1;30mLevel 1[0m _identify(src/zed-ros2-wrapper/docker) by extension 'colcon_pkg'
[0.627s] [34mcolcon.colcon_core.package_identification[0m [1;30mLevel 1[0m _identify(src/zed-ros2-wrapper/docker) by extensions ['colcon_meta']
[0.627s] [34mcolcon.colcon_core.package_identification[0m [1;30mLevel 1[0m _identify(src/zed-ros2-wrapper/docker) by extension 'colcon_meta'
[0.627s] [34mcolcon.colcon_core.package_identification[0m [1;30mLevel 1[0m _identify(src/zed-ros2-wrapper/docker) by extensions ['ros']
[0.627s] [34mcolcon.colcon_core.package_identification[0m [1;30mLevel 1[0m _identify(src/zed-ros2-wrapper/docker) by extension 'ros'
[0.627s] [34mcolcon.colcon_core.package_identification[0m [1;30mLevel 1[0m _identify(src/zed-ros2-wrapper/docker) by extensions ['cmake', 'python']
[0.627s] [34mcolcon.colcon_core.package_identification[0m [1;30mLevel 1[0m _identify(src/zed-ros2-wrapper/docker) by extension 'cmake'
[0.627s] [34mcolcon.colcon_core.package_identification[0m [1;30mLevel 1[0m _identify(src/zed-ros2-wrapper/docker) by extension 'python'
[0.627s] [34mcolcon.colcon_core.package_identification[0m [1;30mLevel 1[0m _identify(src/zed-ros2-wrapper/docker) by extensions ['python_setup_py']
[0.627s] [34mcolcon.colcon_core.package_identification[0m [1;30mLevel 1[0m _identify(src/zed-ros2-wrapper/docker) by extension 'python_setup_py'
[0.627s] [34mcolcon.colcon_core.package_identification[0m [1;30mLevel 1[0m _identify(src/zed-ros2-wrapper/images) by extensions ['ignore', 'ignore_ament_install']
[0.627s] [34mcolcon.colcon_core.package_identification[0m [1;30mLevel 1[0m _identify(src/zed-ros2-wrapper/images) by extension 'ignore'
[0.628s] [34mcolcon.colcon_core.package_identification[0m [1;30mLevel 1[0m _identify(src/zed-ros2-wrapper/images) by extension 'ignore_ament_install'
[0.628s] [34mcolcon.colcon_core.package_identification[0m [1;30mLevel 1[0m _identify(src/zed-ros2-wrapper/images) by extensions ['colcon_pkg']
[0.628s] [34mcolcon.colcon_core.package_identification[0m [1;30mLevel 1[0m _identify(src/zed-ros2-wrapper/images) by extension 'colcon_pkg'
[0.628s] [34mcolcon.colcon_core.package_identification[0m [1;30mLevel 1[0m _identify(src/zed-ros2-wrapper/images) by extensions ['colcon_meta']
[0.628s] [34mcolcon.colcon_core.package_identification[0m [1;30mLevel 1[0m _identify(src/zed-ros2-wrapper/images) by extension 'colcon_meta'
[0.628s] [34mcolcon.colcon_core.package_identification[0m [1;30mLevel 1[0m _identify(src/zed-ros2-wrapper/images) by extensions ['ros']
[0.628s] [34mcolcon.colcon_core.package_identification[0m [1;30mLevel 1[0m _identify(src/zed-ros2-wrapper/images) by extension 'ros'
[0.628s] [34mcolcon.colcon_core.package_identification[0m [1;30mLevel 1[0m _identify(src/zed-ros2-wrapper/images) by extensions ['cmake', 'python']
[0.628s] [34mcolcon.colcon_core.package_identification[0m [1;30mLevel 1[0m _identify(src/zed-ros2-wrapper/images) by extension 'cmake'
[0.628s] [34mcolcon.colcon_core.package_identification[0m [1;30mLevel 1[0m _identify(src/zed-ros2-wrapper/images) by extension 'python'
[0.628s] [34mcolcon.colcon_core.package_identification[0m [1;30mLevel 1[0m _identify(src/zed-ros2-wrapper/images) by extensions ['python_setup_py']
[0.628s] [34mcolcon.colcon_core.package_identification[0m [1;30mLevel 1[0m _identify(src/zed-ros2-wrapper/images) by extension 'python_setup_py'
[0.628s] [34mcolcon.colcon_core.package_identification[0m [1;30mLevel 1[0m _identify(src/zed-ros2-wrapper/zed_components) by extensions ['ignore', 'ignore_ament_install']
[0.629s] [34mcolcon.colcon_core.package_identification[0m [1;30mLevel 1[0m _identify(src/zed-ros2-wrapper/zed_components) by extension 'ignore'
[0.629s] [34mcolcon.colcon_core.package_identification[0m [1;30mLevel 1[0m _identify(src/zed-ros2-wrapper/zed_components) by extension 'ignore_ament_install'
[0.629s] [34mcolcon.colcon_core.package_identification[0m [1;30mLevel 1[0m _identify(src/zed-ros2-wrapper/zed_components) by extensions ['colcon_pkg']
[0.629s] [34mcolcon.colcon_core.package_identification[0m [1;30mLevel 1[0m _identify(src/zed-ros2-wrapper/zed_components) by extension 'colcon_pkg'
[0.629s] [34mcolcon.colcon_core.package_identification[0m [1;30mLevel 1[0m _identify(src/zed-ros2-wrapper/zed_components) by extensions ['colcon_meta']
[0.629s] [34mcolcon.colcon_core.package_identification[0m [1;30mLevel 1[0m _identify(src/zed-ros2-wrapper/zed_components) by extension 'colcon_meta'
[0.629s] [34mcolcon.colcon_core.package_identification[0m [1;30mLevel 1[0m _identify(src/zed-ros2-wrapper/zed_components) by extensions ['ros']
[0.629s] [34mcolcon.colcon_core.package_identification[0m [1;30mLevel 1[0m _identify(src/zed-ros2-wrapper/zed_components) by extension 'ros'
[0.631s] [34mcolcon.colcon_core.package_identification[0m [1;30mDEBUG[0m [32mPackage 'src/zed-ros2-wrapper/zed_components' with type 'ros.ament_cmake' and name 'zed_components'[0m
[0.631s] [34mcolcon.colcon_core.package_identification[0m [1;30mLevel 1[0m _identify(src/zed-ros2-wrapper/zed_ros2) by extensions ['ignore', 'ignore_ament_install']
[0.631s] [34mcolcon.colcon_core.package_identification[0m [1;30mLevel 1[0m _identify(src/zed-ros2-wrapper/zed_ros2) by extension 'ignore'
[0.631s] [34mcolcon.colcon_core.package_identification[0m [1;30mLevel 1[0m _identify(src/zed-ros2-wrapper/zed_ros2) by extension 'ignore_ament_install'
[0.631s] [34mcolcon.colcon_core.package_identification[0m [1;30mLevel 1[0m _identify(src/zed-ros2-wrapper/zed_ros2) by extensions ['colcon_pkg']
[0.631s] [34mcolcon.colcon_core.package_identification[0m [1;30mLevel 1[0m _identify(src/zed-ros2-wrapper/zed_ros2) by extension 'colcon_pkg'
[0.631s] [34mcolcon.colcon_core.package_identification[0m [1;30mLevel 1[0m _identify(src/zed-ros2-wrapper/zed_ros2) by extensions ['colcon_meta']
[0.631s] [34mcolcon.colcon_core.package_identification[0m [1;30mLevel 1[0m _identify(src/zed-ros2-wrapper/zed_ros2) by extension 'colcon_meta'
[0.631s] [34mcolcon.colcon_core.package_identification[0m [1;30mLevel 1[0m _identify(src/zed-ros2-wrapper/zed_ros2) by extensions ['ros']
[0.631s] [34mcolcon.colcon_core.package_identification[0m [1;30mLevel 1[0m _identify(src/zed-ros2-wrapper/zed_ros2) by extension 'ros'
[0.632s] [34mcolcon.colcon_core.package_identification[0m [1;30mDEBUG[0m [32mPackage 'src/zed-ros2-wrapper/zed_ros2' with type 'ros.ament_cmake' and name 'zed_ros2'[0m
[0.633s] [34mcolcon.colcon_core.package_identification[0m [1;30mLevel 1[0m _identify(src/zed-ros2-wrapper/zed_wrapper) by extensions ['ignore', 'ignore_ament_install']
[0.633s] [34mcolcon.colcon_core.package_identification[0m [1;30mLevel 1[0m _identify(src/zed-ros2-wrapper/zed_wrapper) by extension 'ignore'
[0.633s] [34mcolcon.colcon_core.package_identification[0m [1;30mLevel 1[0m _identify(src/zed-ros2-wrapper/zed_wrapper) by extension 'ignore_ament_install'
[0.633s] [34mcolcon.colcon_core.package_identification[0m [1;30mLevel 1[0m _identify(src/zed-ros2-wrapper/zed_wrapper) by extensions ['colcon_pkg']
[0.633s] [34mcolcon.colcon_core.package_identification[0m [1;30mLevel 1[0m _identify(src/zed-ros2-wrapper/zed_wrapper) by extension 'colcon_pkg'
[0.633s] [34mcolcon.colcon_core.package_identification[0m [1;30mLevel 1[0m _identify(src/zed-ros2-wrapper/zed_wrapper) by extensions ['colcon_meta']
[0.633s] [34mcolcon.colcon_core.package_identification[0m [1;30mLevel 1[0m _identify(src/zed-ros2-wrapper/zed_wrapper) by extension 'colcon_meta'
[0.633s] [34mcolcon.colcon_core.package_identification[0m [1;30mLevel 1[0m _identify(src/zed-ros2-wrapper/zed_wrapper) by extensions ['ros']
[0.633s] [34mcolcon.colcon_core.package_identification[0m [1;30mLevel 1[0m _identify(src/zed-ros2-wrapper/zed_wrapper) by extension 'ros'
[0.634s] [34mcolcon.colcon_core.package_identification[0m [1;30mDEBUG[0m [32mPackage 'src/zed-ros2-wrapper/zed_wrapper' with type 'ros.ament_cmake' and name 'zed_wrapper'[0m
[0.634s] [34mcolcon.colcon_core.package_discovery[0m [1;30mLevel 1[0m discover_packages(recursive) using defaults
[0.634s] [34mcolcon.colcon_core.package_discovery[0m [1;30mLevel 1[0m discover_packages(ignore) discover
[0.635s] [34mcolcon.colcon_core.package_discovery[0m [1;30mLevel 1[0m discover_packages(ignore) using defaults
[0.635s] [34mcolcon.colcon_core.package_discovery[0m [1;30mLevel 1[0m discover_packages(path) discover
[0.635s] [34mcolcon.colcon_core.package_discovery[0m [1;30mLevel 1[0m discover_packages(path) using defaults
[0.662s] [34mcolcon.colcon_core.package_discovery[0m [1;30mLevel 1[0m discover_packages(prefix_path) check parameters
[0.662s] [34mcolcon.colcon_core.package_discovery[0m [1;30mLevel 1[0m discover_packages(prefix_path) discover
[0.665s] [34mcolcon.colcon_installed_package_information.package_discovery[0m [1;30mDEBUG[0m [32mFound 5 installed packages in /workspaces/isaac_ros-dev/ros_ws/install[0m
[0.668s] [34mcolcon.colcon_installed_package_information.package_discovery[0m [1;30mDEBUG[0m [32mFound 439 installed packages in /opt/ros/humble[0m
[0.670s] [34mcolcon.colcon_core.package_discovery[0m [1;30mLevel 1[0m discover_packages(prefix_path) using defaults
[0.741s] [34mcolcon.colcon_core.verb[0m [1;30mLevel 5[0m set package 'ur5e_visual_servo' build argument 'cmake_args' from command line to 'None'
[0.742s] [34mcolcon.colcon_core.verb[0m [1;30mLevel 5[0m set package 'ur5e_visual_servo' build argument 'cmake_target' from command line to 'None'
[0.742s] [34mcolcon.colcon_core.verb[0m [1;30mLevel 5[0m set package 'ur5e_visual_servo' build argument 'cmake_target_skip_unavailable' from command line to 'False'
[0.742s] [34mcolcon.colcon_core.verb[0m [1;30mLevel 5[0m set package 'ur5e_visual_servo' build argument 'cmake_clean_cache' from command line to 'False'
[0.742s] [34mcolcon.colcon_core.verb[0m [1;30mLevel 5[0m set package 'ur5e_visual_servo' build argument 'cmake_clean_first' from command line to 'False'
[0.742s] [34mcolcon.colcon_core.verb[0m [1;30mLevel 5[0m set package 'ur5e_visual_servo' build argument 'cmake_force_configure' from command line to 'False'
[0.742s] [34mcolcon.colcon_core.verb[0m [1;30mLevel 5[0m set package 'ur5e_visual_servo' build argument 'ament_cmake_args' from command line to 'None'
[0.742s] [34mcolcon.colcon_core.verb[0m [1;30mLevel 5[0m set package 'ur5e_visual_servo' build argument 'catkin_cmake_args' from command line to 'None'
[0.742s] [34mcolcon.colcon_core.verb[0m [1;30mLevel 5[0m set package 'ur5e_visual_servo' build argument 'catkin_skip_building_tests' from command line to 'False'
[0.742s] [34mcolcon.colcon_core.verb[0m [1;30mDEBUG[0m [32mBuilding package 'ur5e_visual_servo' with the following arguments: {'ament_cmake_args': None, 'build_base': '/workspaces/isaac_ros-dev/ros_ws/build/ur5e_visual_servo', 'catkin_cmake_args': None, 'catkin_skip_building_tests': False, 'cmake_args': None, 'cmake_clean_cache': False, 'cmake_clean_first': False, 'cmake_force_configure': False, 'cmake_target': None, 'cmake_target_skip_unavailable': False, 'install_base': '/workspaces/isaac_ros-dev/ros_ws/install/ur5e_visual_servo', 'merge_install': False, 'path': '/workspaces/isaac_ros-dev/ros_ws/src/ur5e_visual_servo', 'symlink_install': True, 'test_result_base': None}[0m
[0.743s] [34mcolcon.colcon_core.verb[0m [1;30mLevel 5[0m set package 'zed_msgs' build argument 'cmake_args' from command line to 'None'
[0.743s] [34mcolcon.colcon_core.verb[0m [1;30mLevel 5[0m set package 'zed_msgs' build argument 'cmake_target' from command line to 'None'
[0.743s] [34mcolcon.colcon_core.verb[0m [1;30mLevel 5[0m set package 'zed_msgs' build argument 'cmake_target_skip_unavailable' from command line to 'False'
[0.743s] [34mcolcon.colcon_core.verb[0m [1;30mLevel 5[0m set package 'zed_msgs' build argument 'cmake_clean_cache' from command line to 'False'
[0.743s] [34mcolcon.colcon_core.verb[0m [1;30mLevel 5[0m set package 'zed_msgs' build argument 'cmake_clean_first' from command line to 'False'
[0.743s] [34mcolcon.colcon_core.verb[0m [1;30mLevel 5[0m set package 'zed_msgs' build argument 'cmake_force_configure' from command line to 'False'
[0.743s] [34mcolcon.colcon_core.verb[0m [1;30mLevel 5[0m set package 'zed_msgs' build argument 'ament_cmake_args' from command line to 'None'
[0.743s] [34mcolcon.colcon_core.verb[0m [1;30mLevel 5[0m set package 'zed_msgs' build argument 'catkin_cmake_args' from command line to 'None'
[0.743s] [34mcolcon.colcon_core.verb[0m [1;30mLevel 5[0m set package 'zed_msgs' build argument 'catkin_skip_building_tests' from command line to 'False'
[0.743s] [34mcolcon.colcon_core.verb[0m [1;30mDEBUG[0m [32mBuilding package 'zed_msgs' with the following arguments: {'ament_cmake_args': None, 'build_base': '/workspaces/isaac_ros-dev/ros_ws/build/zed_msgs', 'catkin_cmake_args': None, 'catkin_skip_building_tests': False, 'cmake_args': None, 'cmake_clean_cache': False, 'cmake_clean_first': False, 'cmake_force_configure': False, 'cmake_target': None, 'cmake_target_skip_unavailable': False, 'install_base': '/workspaces/isaac_ros-dev/ros_ws/install/zed_msgs', 'merge_install': False, 'path': '/workspaces/isaac_ros-dev/ros_ws/src/zed-ros2-interfaces', 'symlink_install': True, 'test_result_base': None}[0m
[0.743s] [34mcolcon.colcon_core.verb[0m [1;30mLevel 5[0m set package 'zed_components' build argument 'cmake_args' from command line to 'None'
[0.743s] [34mcolcon.colcon_core.verb[0m [1;30mLevel 5[0m set package 'zed_components' build argument 'cmake_target' from command line to 'None'
[0.744s] [34mcolcon.colcon_core.verb[0m [1;30mLevel 5[0m set package 'zed_components' build argument 'cmake_target_skip_unavailable' from command line to 'False'
[0.744s] [34mcolcon.colcon_core.verb[0m [1;30mLevel 5[0m set package 'zed_components' build argument 'cmake_clean_cache' from command line to 'False'
[0.744s] [34mcolcon.colcon_core.verb[0m [1;30mLevel 5[0m set package 'zed_components' build argument 'cmake_clean_first' from command line to 'False'
[0.744s] [34mcolcon.colcon_core.verb[0m [1;30mLevel 5[0m set package 'zed_components' build argument 'cmake_force_configure' from command line to 'False'
[0.744s] [34mcolcon.colcon_core.verb[0m [1;30mLevel 5[0m set package 'zed_components' build argument 'ament_cmake_args' from command line to 'None'
[0.744s] [34mcolcon.colcon_core.verb[0m [1;30mLevel 5[0m set package 'zed_components' build argument 'catkin_cmake_args' from command line to 'None'
[0.744s] [34mcolcon.colcon_core.verb[0m [1;30mLevel 5[0m set package 'zed_components' build argument 'catkin_skip_building_tests' from command line to 'False'
[0.744s] [34mcolcon.colcon_core.verb[0m [1;30mDEBUG[0m [32mBuilding package 'zed_components' with the following arguments: {'ament_cmake_args': None, 'build_base': '/workspaces/isaac_ros-dev/ros_ws/build/zed_components', 'catkin_cmake_args': None, 'catkin_skip_building_tests': False, 'cmake_args': None, 'cmake_clean_cache': False, 'cmake_clean_first': False, 'cmake_force_configure': False, 'cmake_target': None, 'cmake_target_skip_unavailable': False, 'install_base': '/workspaces/isaac_ros-dev/ros_ws/install/zed_components', 'merge_install': False, 'path': '/workspaces/isaac_ros-dev/ros_ws/src/zed-ros2-wrapper/zed_components', 'symlink_install': True, 'test_result_base': None}[0m
[0.744s] [34mcolcon.colcon_core.verb[0m [1;30mLevel 5[0m set package 'zed_wrapper' build argument 'cmake_args' from command line to 'None'
[0.744s] [34mcolcon.colcon_core.verb[0m [1;30mLevel 5[0m set package 'zed_wrapper' build argument 'cmake_target' from command line to 'None'
[0.744s] [34mcolcon.colcon_core.verb[0m [1;30mLevel 5[0m set package 'zed_wrapper' build argument 'cmake_target_skip_unavailable' from command line to 'False'
[0.744s] [34mcolcon.colcon_core.verb[0m [1;30mLevel 5[0m set package 'zed_wrapper' build argument 'cmake_clean_cache' from command line to 'False'
[0.744s] [34mcolcon.colcon_core.verb[0m [1;30mLevel 5[0m set package 'zed_wrapper' build argument 'cmake_clean_first' from command line to 'False'
[0.744s] [34mcolcon.colcon_core.verb[0m [1;30mLevel 5[0m set package 'zed_wrapper' build argument 'cmake_force_configure' from command line to 'False'
[0.745s] [34mcolcon.colcon_core.verb[0m [1;30mLevel 5[0m set package 'zed_wrapper' build argument 'ament_cmake_args' from command line to 'None'
[0.745s] [34mcolcon.colcon_core.verb[0m [1;30mLevel 5[0m set package 'zed_wrapper' build argument 'catkin_cmake_args' from command line to 'None'
[0.745s] [34mcolcon.colcon_core.verb[0m [1;30mLevel 5[0m set package 'zed_wrapper' build argument 'catkin_skip_building_tests' from command line to 'False'
[0.745s] [34mcolcon.colcon_core.verb[0m [1;30mDEBUG[0m [32mBuilding package 'zed_wrapper' with the following arguments: {'ament_cmake_args': None, 'build_base': '/workspaces/isaac_ros-dev/ros_ws/build/zed_wrapper', 'catkin_cmake_args': None, 'catkin_skip_building_tests': False, 'cmake_args': None, 'cmake_clean_cache': False, 'cmake_clean_first': False, 'cmake_force_configure': False, 'cmake_target': None, 'cmake_target_skip_unavailable': False, 'install_base': '/workspaces/isaac_ros-dev/ros_ws/install/zed_wrapper', 'merge_install': False, 'path': '/workspaces/isaac_ros-dev/ros_ws/src/zed-ros2-wrapper/zed_wrapper', 'symlink_install': True, 'test_result_base': None}[0m
[0.745s] [34mcolcon.colcon_core.verb[0m [1;30mLevel 5[0m set package 'zed_ros2' build argument 'cmake_args' from command line to 'None'
[0.745s] [34mcolcon.colcon_core.verb[0m [1;30mLevel 5[0m set package 'zed_ros2' build argument 'cmake_target' from command line to 'None'
[0.745s] [34mcolcon.colcon_core.verb[0m [1;30mLevel 5[0m set package 'zed_ros2' build argument 'cmake_target_skip_unavailable' from command line to 'False'
[0.745s] [34mcolcon.colcon_core.verb[0m [1;30mLevel 5[0m set package 'zed_ros2' build argument 'cmake_clean_cache' from command line to 'False'
[0.745s] [34mcolcon.colcon_core.verb[0m [1;30mLevel 5[0m set package 'zed_ros2' build argument 'cmake_clean_first' from command line to 'False'
[0.745s] [34mcolcon.colcon_core.verb[0m [1;30mLevel 5[0m set package 'zed_ros2' build argument 'cmake_force_configure' from command line to 'False'
[0.745s] [34mcolcon.colcon_core.verb[0m [1;30mLevel 5[0m set package 'zed_ros2' build argument 'ament_cmake_args' from command line to 'None'
[0.745s] [34mcolcon.colcon_core.verb[0m [1;30mLevel 5[0m set package 'zed_ros2' build argument 'catkin_cmake_args' from command line to 'None'
[0.745s] [34mcolcon.colcon_core.verb[0m [1;30mLevel 5[0m set package 'zed_ros2' build argument 'catkin_skip_building_tests' from command line to 'False'
[0.745s] [34mcolcon.colcon_core.verb[0m [1;30mDEBUG[0m [32mBuilding package 'zed_ros2' with the following arguments: {'ament_cmake_args': None, 'build_base': '/workspaces/isaac_ros-dev/ros_ws/build/zed_ros2', 'catkin_cmake_args': None, 'catkin_skip_building_tests': False, 'cmake_args': None, 'cmake_clean_cache': False, 'cmake_clean_first': False, 'cmake_force_configure': False, 'cmake_target': None, 'cmake_target_skip_unavailable': False, 'install_base': '/workspaces/isaac_ros-dev/ros_ws/install/zed_ros2', 'merge_install': False, 'path': '/workspaces/isaac_ros-dev/ros_ws/src/zed-ros2-wrapper/zed_ros2', 'symlink_install': True, 'test_result_base': None}[0m
[0.746s] [34mcolcon.colcon_core.executor[0m [1;30mINFO[0m Executing jobs using 'parallel' executor
[0.748s] [34mcolcon.colcon_parallel_executor.executor.parallel[0m [1;30mDEBUG[0m [32mrun_until_complete[0m
[0.749s] [34mcolcon.colcon_ros.task.ament_cmake.build[0m [1;30mINFO[0m Building ROS package in '/workspaces/isaac_ros-dev/ros_ws/src/zed-ros2-interfaces' with build type 'ament_cmake'
[0.749s] [34mcolcon.colcon_cmake.task.cmake.build[0m [1;30mINFO[0m Building CMake package in '/workspaces/isaac_ros-dev/ros_ws/src/zed-ros2-interfaces'
[0.752s] [34mcolcon.colcon_core.plugin_system[0m [1;30mINFO[0m Skipping extension 'colcon_core.shell.bat': Not used on non-Windows systems
[0.753s] [34mcolcon.colcon_core.shell[0m [1;30mINFO[0m Skip shell extension 'powershell' for command environment: Not usable outside of PowerShell
[0.753s] [34mcolcon.colcon_core.shell[0m [1;30mDEBUG[0m [32mSkip shell extension 'dsv' for command environment[0m
[0.759s] [34mcolcon.colcon_ros.task.ament_cmake.build[0m [1;30mINFO[0m Building ROS package in '/workspaces/isaac_ros-dev/ros_ws/src/ur5e_visual_servo' with build type 'ament_cmake'
[0.759s] [34mcolcon.colcon_cmake.task.cmake.build[0m [1;30mINFO[0m Building CMake package in '/workspaces/isaac_ros-dev/ros_ws/src/ur5e_visual_servo'
[0.760s] [34mcolcon.colcon_core.shell[0m [1;30mINFO[0m Skip shell extension 'powershell' for command environment: Not usable outside of PowerShell
[0.760s] [34mcolcon.colcon_core.shell[0m [1;30mDEBUG[0m [32mSkip shell extension 'dsv' for command environment[0m
[0.774s] [34mcolcon.colcon_core.event_handler.log_command[0m [1;30mDEBUG[0m [32mInvoking command in '/workspaces/isaac_ros-dev/ros_ws/build/zed_msgs': CMAKE_PREFIX_PATH=${CMAKE_PREFIX_PATH}:/opt/ros/humble /usr/bin/cmake --build /workspaces/isaac_ros-dev/ros_ws/build/zed_msgs -- -j12 -l12[0m
[0.783s] [34mcolcon.colcon_core.event_handler.log_command[0m [1;30mDEBUG[0m [32mInvoking command in '/workspaces/isaac_ros-dev/ros_ws/build/ur5e_visual_servo': CMAKE_PREFIX_PATH=${CMAKE_PREFIX_PATH}:/opt/ros/humble /usr/bin/cmake --build /workspaces/isaac_ros-dev/ros_ws/build/ur5e_visual_servo -- -j12 -l12[0m
[0.858s] [34mcolcon.colcon_core.event_handler.log_command[0m [1;30mDEBUG[0m [32mInvoked command in '/workspaces/isaac_ros-dev/ros_ws/build/ur5e_visual_servo' returned '0': CMAKE_PREFIX_PATH=${CMAKE_PREFIX_PATH}:/opt/ros/humble /usr/bin/cmake --build /workspaces/isaac_ros-dev/ros_ws/build/ur5e_visual_servo -- -j12 -l12[0m
[0.874s] [34mcolcon.colcon_core.event_handler.log_command[0m [1;30mDEBUG[0m [32mInvoking command in '/workspaces/isaac_ros-dev/ros_ws/build/ur5e_visual_servo': CMAKE_PREFIX_PATH=${CMAKE_PREFIX_PATH}:/opt/ros/humble /usr/bin/cmake --install /workspaces/isaac_ros-dev/ros_ws/build/ur5e_visual_servo[0m
[0.913s] [34mcolcon.colcon_core.environment[0m [1;30mLevel 1[0m create_environment_scripts_only(ur5e_visual_servo)
[0.914s] [34mcolcon.colcon_core.event_handler.log_command[0m [1;30mDEBUG[0m [32mInvoked command in '/workspaces/isaac_ros-dev/ros_ws/build/ur5e_visual_servo' returned '0': CMAKE_PREFIX_PATH=${CMAKE_PREFIX_PATH}:/opt/ros/humble /usr/bin/cmake --install /workspaces/isaac_ros-dev/ros_ws/build/ur5e_visual_servo[0m
[0.919s] [34mcolcon.colcon_core.environment[0m [1;30mLevel 1[0m checking '/workspaces/isaac_ros-dev/ros_ws/install/ur5e_visual_servo' for CMake module files
[0.920s] [34mcolcon.colcon_core.environment[0m [1;30mLevel 1[0m checking '/workspaces/isaac_ros-dev/ros_ws/install/ur5e_visual_servo' for CMake config files
[0.921s] [34mcolcon.colcon_core.shell[0m [1;30mLevel 1[0m create_environment_hook('ur5e_visual_servo', 'cmake_prefix_path')
[0.921s] [34mcolcon.colcon_core.shell[0m [1;30mINFO[0m Creating environment hook '/workspaces/isaac_ros-dev/ros_ws/install/ur5e_visual_servo/share/ur5e_visual_servo/hook/cmake_prefix_path.ps1'
[0.923s] [34mcolcon.colcon_core.shell[0m [1;30mINFO[0m Creating environment descriptor '/workspaces/isaac_ros-dev/ros_ws/install/ur5e_visual_servo/share/ur5e_visual_servo/hook/cmake_prefix_path.dsv'
[0.924s] [34mcolcon.colcon_core.shell[0m [1;30mINFO[0m Creating environment hook '/workspaces/isaac_ros-dev/ros_ws/install/ur5e_visual_servo/share/ur5e_visual_servo/hook/cmake_prefix_path.sh'
[0.926s] [34mcolcon.colcon_core.environment[0m [1;30mLevel 1[0m checking '/workspaces/isaac_ros-dev/ros_ws/install/ur5e_visual_servo/lib'
[0.926s] [34mcolcon.colcon_core.environment[0m [1;30mLevel 1[0m checking '/workspaces/isaac_ros-dev/ros_ws/install/ur5e_visual_servo/bin'
[0.926s] [34mcolcon.colcon_core.environment[0m [1;30mLevel 1[0m checking '/workspaces/isaac_ros-dev/ros_ws/install/ur5e_visual_servo/lib/pkgconfig/ur5e_visual_servo.pc'
[0.927s] [34mcolcon.colcon_core.environment[0m [1;30mLevel 1[0m checking '/workspaces/isaac_ros-dev/ros_ws/install/ur5e_visual_servo/lib/python3.10/site-packages'
[0.928s] [34mcolcon.colcon_core.environment[0m [1;30mLevel 1[0m checking '/workspaces/isaac_ros-dev/ros_ws/install/ur5e_visual_servo/bin'
[0.928s] [34mcolcon.colcon_core.shell[0m [1;30mINFO[0m Creating package script '/workspaces/isaac_ros-dev/ros_ws/install/ur5e_visual_servo/share/ur5e_visual_servo/package.ps1'
[0.930s] [34mcolcon.colcon_core.shell[0m [1;30mINFO[0m Creating package descriptor '/workspaces/isaac_ros-dev/ros_ws/install/ur5e_visual_servo/share/ur5e_visual_servo/package.dsv'
[0.932s] [34mcolcon.colcon_core.shell[0m [1;30mINFO[0m Creating package script '/workspaces/isaac_ros-dev/ros_ws/install/ur5e_visual_servo/share/ur5e_visual_servo/package.sh'
[0.934s] [34mcolcon.colcon_core.shell[0m [1;30mINFO[0m Creating package script '/workspaces/isaac_ros-dev/ros_ws/install/ur5e_visual_servo/share/ur5e_visual_servo/package.bash'
[0.936s] [34mcolcon.colcon_core.shell[0m [1;30mINFO[0m Creating package script '/workspaces/isaac_ros-dev/ros_ws/install/ur5e_visual_servo/share/ur5e_visual_servo/package.zsh'
[0.937s] [34mcolcon.colcon_core.environment[0m [1;30mLevel 1[0m create_file_with_runtime_dependencies(/workspaces/isaac_ros-dev/ros_ws/install/ur5e_visual_servo/share/colcon-core/packages/ur5e_visual_servo)
[0.938s] [34mcolcon.colcon_core.environment[0m [1;30mLevel 1[0m create_environment_scripts_only(ur5e_visual_servo)
[0.938s] [34mcolcon.colcon_core.environment[0m [1;30mLevel 1[0m checking '/workspaces/isaac_ros-dev/ros_ws/install/ur5e_visual_servo' for CMake module files
[0.939s] [34mcolcon.colcon_core.environment[0m [1;30mLevel 1[0m checking '/workspaces/isaac_ros-dev/ros_ws/install/ur5e_visual_servo' for CMake config files
[0.940s] [34mcolcon.colcon_core.shell[0m [1;30mLevel 1[0m create_environment_hook('ur5e_visual_servo', 'cmake_prefix_path')
[0.940s] [34mcolcon.colcon_core.shell[0m [1;30mINFO[0m Creating environment hook '/workspaces/isaac_ros-dev/ros_ws/install/ur5e_visual_servo/share/ur5e_visual_servo/hook/cmake_prefix_path.ps1'
[0.941s] [34mcolcon.colcon_core.shell[0m [1;30mINFO[0m Creating environment descriptor '/workspaces/isaac_ros-dev/ros_ws/install/ur5e_visual_servo/share/ur5e_visual_servo/hook/cmake_prefix_path.dsv'
[0.942s] [34mcolcon.colcon_core.shell[0m [1;30mINFO[0m Creating environment hook '/workspaces/isaac_ros-dev/ros_ws/install/ur5e_visual_servo/share/ur5e_visual_servo/hook/cmake_prefix_path.sh'
[0.943s] [34mcolcon.colcon_core.environment[0m [1;30mLevel 1[0m checking '/workspaces/isaac_ros-dev/ros_ws/install/ur5e_visual_servo/lib'
[0.943s] [34mcolcon.colcon_core.environment[0m [1;30mLevel 1[0m checking '/workspaces/isaac_ros-dev/ros_ws/install/ur5e_visual_servo/bin'
[0.944s] [34mcolcon.colcon_core.environment[0m [1;30mLevel 1[0m checking '/workspaces/isaac_ros-dev/ros_ws/install/ur5e_visual_servo/lib/pkgconfig/ur5e_visual_servo.pc'
[0.944s] [34mcolcon.colcon_core.environment[0m [1;30mLevel 1[0m checking '/workspaces/isaac_ros-dev/ros_ws/install/ur5e_visual_servo/lib/python3.10/site-packages'
[0.945s] [34mcolcon.colcon_core.environment[0m [1;30mLevel 1[0m checking '/workspaces/isaac_ros-dev/ros_ws/install/ur5e_visual_servo/bin'
[0.945s] [34mcolcon.colcon_core.shell[0m [1;30mINFO[0m Creating package script '/workspaces/isaac_ros-dev/ros_ws/install/ur5e_visual_servo/share/ur5e_visual_servo/package.ps1'
[0.947s] [34mcolcon.colcon_core.shell[0m [1;30mINFO[0m Creating package descriptor '/workspaces/isaac_ros-dev/ros_ws/install/ur5e_visual_servo/share/ur5e_visual_servo/package.dsv'
[0.949s] [34mcolcon.colcon_core.shell[0m [1;30mINFO[0m Creating package script '/workspaces/isaac_ros-dev/ros_ws/install/ur5e_visual_servo/share/ur5e_visual_servo/package.sh'
[0.949s] [34mcolcon.colcon_core.shell[0m [1;30mINFO[0m Creating package script '/workspaces/isaac_ros-dev/ros_ws/install/ur5e_visual_servo/share/ur5e_visual_servo/package.bash'
[0.950s] [34mcolcon.colcon_core.shell[0m [1;30mINFO[0m Creating package script '/workspaces/isaac_ros-dev/ros_ws/install/ur5e_visual_servo/share/ur5e_visual_servo/package.zsh'
[0.951s] [34mcolcon.colcon_core.environment[0m [1;30mLevel 1[0m create_file_with_runtime_dependencies(/workspaces/isaac_ros-dev/ros_ws/install/ur5e_visual_servo/share/colcon-core/packages/ur5e_visual_servo)
[2.012s] [34mcolcon.colcon_core.event_handler.log_command[0m [1;30mDEBUG[0m [32mInvoked command in '/workspaces/isaac_ros-dev/ros_ws/build/zed_msgs' returned '0': CMAKE_PREFIX_PATH=${CMAKE_PREFIX_PATH}:/opt/ros/humble /usr/bin/cmake --build /workspaces/isaac_ros-dev/ros_ws/build/zed_msgs -- -j12 -l12[0m
[2.017s] [34mcolcon.colcon_core.event_handler.log_command[0m [1;30mDEBUG[0m [32mInvoking command in '/workspaces/isaac_ros-dev/ros_ws/build/zed_msgs': CMAKE_PREFIX_PATH=${CMAKE_PREFIX_PATH}:/opt/ros/humble /usr/bin/cmake --install /workspaces/isaac_ros-dev/ros_ws/build/zed_msgs[0m
[2.219s] [34mcolcon.colcon_core.environment[0m [1;30mLevel 1[0m create_environment_scripts_only(zed_msgs)
[2.219s] [34mcolcon.colcon_core.environment[0m [1;30mLevel 1[0m checking '/workspaces/isaac_ros-dev/ros_ws/install/zed_msgs' for CMake module files
[2.221s] [34mcolcon.colcon_core.event_handler.log_command[0m [1;30mDEBUG[0m [32mInvoked command in '/workspaces/isaac_ros-dev/ros_ws/build/zed_msgs' returned '0': CMAKE_PREFIX_PATH=${CMAKE_PREFIX_PATH}:/opt/ros/humble /usr/bin/cmake --install /workspaces/isaac_ros-dev/ros_ws/build/zed_msgs[0m
[2.222s] [34mcolcon.colcon_core.environment[0m [1;30mLevel 1[0m checking '/workspaces/isaac_ros-dev/ros_ws/install/zed_msgs' for CMake config files
[2.226s] [34mcolcon.colcon_core.shell[0m [1;30mLevel 1[0m create_environment_hook('zed_msgs', 'cmake_prefix_path')
[2.226s] [34mcolcon.colcon_core.shell[0m [1;30mINFO[0m Creating environment hook '/workspaces/isaac_ros-dev/ros_ws/install/zed_msgs/share/zed_msgs/hook/cmake_prefix_path.ps1'
[2.227s] [34mcolcon.colcon_core.shell[0m [1;30mINFO[0m Creating environment descriptor '/workspaces/isaac_ros-dev/ros_ws/install/zed_msgs/share/zed_msgs/hook/cmake_prefix_path.dsv'
[2.228s] [34mcolcon.colcon_core.shell[0m [1;30mINFO[0m Creating environment hook '/workspaces/isaac_ros-dev/ros_ws/install/zed_msgs/share/zed_msgs/hook/cmake_prefix_path.sh'
[2.229s] [34mcolcon.colcon_core.environment[0m [1;30mLevel 1[0m checking '/workspaces/isaac_ros-dev/ros_ws/install/zed_msgs/lib'
[2.229s] [34mcolcon.colcon_core.shell[0m [1;30mLevel 1[0m create_environment_hook('zed_msgs', 'ld_library_path_lib')
[2.229s] [34mcolcon.colcon_core.shell[0m [1;30mINFO[0m Creating environment hook '/workspaces/isaac_ros-dev/ros_ws/install/zed_msgs/share/zed_msgs/hook/ld_library_path_lib.ps1'
[2.230s] [34mcolcon.colcon_core.shell[0m [1;30mINFO[0m Creating environment descriptor '/workspaces/isaac_ros-dev/ros_ws/install/zed_msgs/share/zed_msgs/hook/ld_library_path_lib.dsv'
[2.230s] [34mcolcon.colcon_core.shell[0m [1;30mINFO[0m Creating environment hook '/workspaces/isaac_ros-dev/ros_ws/install/zed_msgs/share/zed_msgs/hook/ld_library_path_lib.sh'
[2.231s] [34mcolcon.colcon_core.environment[0m [1;30mLevel 1[0m checking '/workspaces/isaac_ros-dev/ros_ws/install/zed_msgs/bin'
[2.231s] [34mcolcon.colcon_core.environment[0m [1;30mLevel 1[0m checking '/workspaces/isaac_ros-dev/ros_ws/install/zed_msgs/lib/pkgconfig/zed_msgs.pc'
[2.231s] [34mcolcon.colcon_core.environment[0m [1;30mLevel 1[0m checking '/workspaces/isaac_ros-dev/ros_ws/install/zed_msgs/lib/python3.10/site-packages'
[2.232s] [34mcolcon.colcon_core.environment[0m [1;30mLevel 1[0m checking '/workspaces/isaac_ros-dev/ros_ws/install/zed_msgs/bin'
[2.232s] [34mcolcon.colcon_core.shell[0m [1;30mINFO[0m Creating package script '/workspaces/isaac_ros-dev/ros_ws/install/zed_msgs/share/zed_msgs/package.ps1'
[2.233s] [34mcolcon.colcon_core.shell[0m [1;30mINFO[0m Creating package descriptor '/workspaces/isaac_ros-dev/ros_ws/install/zed_msgs/share/zed_msgs/package.dsv'
[2.234s] [34mcolcon.colcon_core.shell[0m [1;30mINFO[0m Creating package script '/workspaces/isaac_ros-dev/ros_ws/install/zed_msgs/share/zed_msgs/package.sh'
[2.234s] [34mcolcon.colcon_core.shell[0m [1;30mINFO[0m Creating package script '/workspaces/isaac_ros-dev/ros_ws/install/zed_msgs/share/zed_msgs/package.bash'
[2.235s] [34mcolcon.colcon_core.shell[0m [1;30mINFO[0m Creating package script '/workspaces/isaac_ros-dev/ros_ws/install/zed_msgs/share/zed_msgs/package.zsh'
[2.235s] [34mcolcon.colcon_core.environment[0m [1;30mLevel 1[0m create_file_with_runtime_dependencies(/workspaces/isaac_ros-dev/ros_ws/install/zed_msgs/share/colcon-core/packages/zed_msgs)
[2.236s] [34mcolcon.colcon_core.environment[0m [1;30mLevel 1[0m create_environment_scripts_only(zed_msgs)
[2.237s] [34mcolcon.colcon_core.environment[0m [1;30mLevel 1[0m checking '/workspaces/isaac_ros-dev/ros_ws/install/zed_msgs' for CMake module files
[2.237s] [34mcolcon.colcon_core.environment[0m [1;30mLevel 1[0m checking '/workspaces/isaac_ros-dev/ros_ws/install/zed_msgs' for CMake config files
[2.241s] [34mcolcon.colcon_core.shell[0m [1;30mLevel 1[0m create_environment_hook('zed_msgs', 'cmake_prefix_path')
[2.241s] [34mcolcon.colcon_core.shell[0m [1;30mINFO[0m Creating environment hook '/workspaces/isaac_ros-dev/ros_ws/install/zed_msgs/share/zed_msgs/hook/cmake_prefix_path.ps1'
[2.242s] [34mcolcon.colcon_core.shell[0m [1;30mINFO[0m Creating environment descriptor '/workspaces/isaac_ros-dev/ros_ws/install/zed_msgs/share/zed_msgs/hook/cmake_prefix_path.dsv'
[2.243s] [34mcolcon.colcon_core.shell[0m [1;30mINFO[0m Creating environment hook '/workspaces/isaac_ros-dev/ros_ws/install/zed_msgs/share/zed_msgs/hook/cmake_prefix_path.sh'
[2.245s] [34mcolcon.colcon_core.environment[0m [1;30mLevel 1[0m checking '/workspaces/isaac_ros-dev/ros_ws/install/zed_msgs/lib'
[2.245s] [34mcolcon.colcon_core.shell[0m [1;30mLevel 1[0m create_environment_hook('zed_msgs', 'ld_library_path_lib')
[2.246s] [34mcolcon.colcon_core.shell[0m [1;30mINFO[0m Creating environment hook '/workspaces/isaac_ros-dev/ros_ws/install/zed_msgs/share/zed_msgs/hook/ld_library_path_lib.ps1'
[2.247s] [34mcolcon.colcon_core.shell[0m [1;30mINFO[0m Creating environment descriptor '/workspaces/isaac_ros-dev/ros_ws/install/zed_msgs/share/zed_msgs/hook/ld_library_path_lib.dsv'
[2.248s] [34mcolcon.colcon_core.shell[0m [1;30mINFO[0m Creating environment hook '/workspaces/isaac_ros-dev/ros_ws/install/zed_msgs/share/zed_msgs/hook/ld_library_path_lib.sh'
[2.249s] [34mcolcon.colcon_core.environment[0m [1;30mLevel 1[0m checking '/workspaces/isaac_ros-dev/ros_ws/install/zed_msgs/bin'
[2.249s] [34mcolcon.colcon_core.environment[0m [1;30mLevel 1[0m checking '/workspaces/isaac_ros-dev/ros_ws/install/zed_msgs/lib/pkgconfig/zed_msgs.pc'
[2.250s] [34mcolcon.colcon_core.environment[0m [1;30mLevel 1[0m checking '/workspaces/isaac_ros-dev/ros_ws/install/zed_msgs/lib/python3.10/site-packages'
[2.250s] [34mcolcon.colcon_core.environment[0m [1;30mLevel 1[0m checking '/workspaces/isaac_ros-dev/ros_ws/install/zed_msgs/bin'
[2.251s] [34mcolcon.colcon_core.shell[0m [1;30mINFO[0m Creating package script '/workspaces/isaac_ros-dev/ros_ws/install/zed_msgs/share/zed_msgs/package.ps1'
[2.253s] [34mcolcon.colcon_core.shell[0m [1;30mINFO[0m Creating package descriptor '/workspaces/isaac_ros-dev/ros_ws/install/zed_msgs/share/zed_msgs/package.dsv'
[2.254s] [34mcolcon.colcon_core.shell[0m [1;30mINFO[0m Creating package script '/workspaces/isaac_ros-dev/ros_ws/install/zed_msgs/share/zed_msgs/package.sh'
[2.255s] [34mcolcon.colcon_core.shell[0m [1;30mINFO[0m Creating package script '/workspaces/isaac_ros-dev/ros_ws/install/zed_msgs/share/zed_msgs/package.bash'
[2.256s] [34mcolcon.colcon_core.shell[0m [1;30mINFO[0m Creating package script '/workspaces/isaac_ros-dev/ros_ws/install/zed_msgs/share/zed_msgs/package.zsh'
[2.256s] [34mcolcon.colcon_core.environment[0m [1;30mLevel 1[0m create_file_with_runtime_dependencies(/workspaces/isaac_ros-dev/ros_ws/install/zed_msgs/share/colcon-core/packages/zed_msgs)
[2.257s] [34mcolcon.colcon_ros.task.ament_cmake.build[0m [1;30mINFO[0m Building ROS package in '/workspaces/isaac_ros-dev/ros_ws/src/zed-ros2-wrapper/zed_components' with build type 'ament_cmake'
[2.257s] [34mcolcon.colcon_cmake.task.cmake.build[0m [1;30mINFO[0m Building CMake package in '/workspaces/isaac_ros-dev/ros_ws/src/zed-ros2-wrapper/zed_components'
[2.258s] [34mcolcon.colcon_core.shell[0m [1;30mINFO[0m Skip shell extension 'powershell' for command environment: Not usable outside of PowerShell
[2.258s] [34mcolcon.colcon_core.shell[0m [1;30mDEBUG[0m [32mSkip shell extension 'dsv' for command environment[0m
[2.283s] [34mcolcon.colcon_core.event_handler.log_command[0m [1;30mDEBUG[0m [32mInvoking command in '/workspaces/isaac_ros-dev/ros_ws/build/zed_components': CMAKE_PREFIX_PATH=/workspaces/isaac_ros-dev/ros_ws/install/zed_msgs:/workspaces/isaac_ros-dev/ros_ws/install/zed_ros2:/workspaces/isaac_ros-dev/ros_ws/install/zed_wrapper:/workspaces/isaac_ros-dev/ros_ws/install/zed_components:/workspaces/isaac_ros-dev/ros_ws/install/ur5e_visual_servo:/usr/local/libcudss-linux-0.3.0.9_cuda12-archive:/opt/ros/humble LD_LIBRARY_PATH=/workspaces/isaac_ros-dev/ros_ws/install/zed_msgs/lib:/workspaces/isaac_ros-dev/ros_ws/install/zed_components/lib:/opt/ros/humble/opt/rviz_ogre_vendor/lib:/opt/ros/humble/lib/aarch64-linux-gnu:/opt/ros/humble/lib:/usr/lib/aarch64-linux-gnu/tegra/weston:/usr/lib/aarch64-linux-gnu/tegra-egl:/usr/local/cuda-12.6/targets/aarch64-linux/lib:/usr/lib/aarch64-linux-gnu/tegra:/opt/nvidia/vpi3/lib64:/usr/local/libcudss-linux-0.3.0.9_cuda12-archive/lib:/usr/local/nvidia/lib:/usr/local/nvidia/lib64:/usr/lib/aarch64-linux-gnu-host:/opt/tritonserver/lib:/usr/local/zed/lib /usr/bin/cmake --build /workspaces/isaac_ros-dev/ros_ws/build/zed_components -- -j12 -l12[0m
[2.437s] [34mcolcon.colcon_core.event_handler.log_command[0m [1;30mDEBUG[0m [32mInvoked command in '/workspaces/isaac_ros-dev/ros_ws/build/zed_components' returned '0': CMAKE_PREFIX_PATH=/workspaces/isaac_ros-dev/ros_ws/install/zed_msgs:/workspaces/isaac_ros-dev/ros_ws/install/zed_ros2:/workspaces/isaac_ros-dev/ros_ws/install/zed_wrapper:/workspaces/isaac_ros-dev/ros_ws/install/zed_components:/workspaces/isaac_ros-dev/ros_ws/install/ur5e_visual_servo:/usr/local/libcudss-linux-0.3.0.9_cuda12-archive:/opt/ros/humble LD_LIBRARY_PATH=/workspaces/isaac_ros-dev/ros_ws/install/zed_msgs/lib:/workspaces/isaac_ros-dev/ros_ws/install/zed_components/lib:/opt/ros/humble/opt/rviz_ogre_vendor/lib:/opt/ros/humble/lib/aarch64-linux-gnu:/opt/ros/humble/lib:/usr/lib/aarch64-linux-gnu/tegra/weston:/usr/lib/aarch64-linux-gnu/tegra-egl:/usr/local/cuda-12.6/targets/aarch64-linux/lib:/usr/lib/aarch64-linux-gnu/tegra:/opt/nvidia/vpi3/lib64:/usr/local/libcudss-linux-0.3.0.9_cuda12-archive/lib:/usr/local/nvidia/lib:/usr/local/nvidia/lib64:/usr/lib/aarch64-linux-gnu-host:/opt/tritonserver/lib:/usr/local/zed/lib /usr/bin/cmake --build /workspaces/isaac_ros-dev/ros_ws/build/zed_components -- -j12 -l12[0m
[2.441s] [34mcolcon.colcon_core.event_handler.log_command[0m [1;30mDEBUG[0m [32mInvoking command in '/workspaces/isaac_ros-dev/ros_ws/build/zed_components': CMAKE_PREFIX_PATH=/workspaces/isaac_ros-dev/ros_ws/install/zed_msgs:/workspaces/isaac_ros-dev/ros_ws/install/zed_ros2:/workspaces/isaac_ros-dev/ros_ws/install/zed_wrapper:/workspaces/isaac_ros-dev/ros_ws/install/zed_components:/workspaces/isaac_ros-dev/ros_ws/install/ur5e_visual_servo:/usr/local/libcudss-linux-0.3.0.9_cuda12-archive:/opt/ros/humble LD_LIBRARY_PATH=/workspaces/isaac_ros-dev/ros_ws/install/zed_msgs/lib:/workspaces/isaac_ros-dev/ros_ws/install/zed_components/lib:/opt/ros/humble/opt/rviz_ogre_vendor/lib:/opt/ros/humble/lib/aarch64-linux-gnu:/opt/ros/humble/lib:/usr/lib/aarch64-linux-gnu/tegra/weston:/usr/lib/aarch64-linux-gnu/tegra-egl:/usr/local/cuda-12.6/targets/aarch64-linux/lib:/usr/lib/aarch64-linux-gnu/tegra:/opt/nvidia/vpi3/lib64:/usr/local/libcudss-linux-0.3.0.9_cuda12-archive/lib:/usr/local/nvidia/lib:/usr/local/nvidia/lib64:/usr/lib/aarch64-linux-gnu-host:/opt/tritonserver/lib:/usr/local/zed/lib /usr/bin/cmake --install /workspaces/isaac_ros-dev/ros_ws/build/zed_components[0m
[2.485s] [34mcolcon.colcon_core.environment[0m [1;30mLevel 1[0m create_environment_scripts_only(zed_components)
[2.486s] [34mcolcon.colcon_core.environment[0m [1;30mLevel 1[0m checking '/workspaces/isaac_ros-dev/ros_ws/install/zed_components' for CMake module files
[2.487s] [34mcolcon.colcon_core.event_handler.log_command[0m [1;30mDEBUG[0m [32mInvoked command in '/workspaces/isaac_ros-dev/ros_ws/build/zed_components' returned '0': CMAKE_PREFIX_PATH=/workspaces/isaac_ros-dev/ros_ws/install/zed_msgs:/workspaces/isaac_ros-dev/ros_ws/install/zed_ros2:/workspaces/isaac_ros-dev/ros_ws/install/zed_wrapper:/workspaces/isaac_ros-dev/ros_ws/install/zed_components:/workspaces/isaac_ros-dev/ros_ws/install/ur5e_visual_servo:/usr/local/libcudss-linux-0.3.0.9_cuda12-archive:/opt/ros/humble LD_LIBRARY_PATH=/workspaces/isaac_ros-dev/ros_ws/install/zed_msgs/lib:/workspaces/isaac_ros-dev/ros_ws/install/zed_components/lib:/opt/ros/humble/opt/rviz_ogre_vendor/lib:/opt/ros/humble/lib/aarch64-linux-gnu:/opt/ros/humble/lib:/usr/lib/aarch64-linux-gnu/tegra/weston:/usr/lib/aarch64-linux-gnu/tegra-egl:/usr/local/cuda-12.6/targets/aarch64-linux/lib:/usr/lib/aarch64-linux-gnu/tegra:/opt/nvidia/vpi3/lib64:/usr/local/libcudss-linux-0.3.0.9_cuda12-archive/lib:/usr/local/nvidia/lib:/usr/local/nvidia/lib64:/usr/lib/aarch64-linux-gnu-host:/opt/tritonserver/lib:/usr/local/zed/lib /usr/bin/cmake --install /workspaces/isaac_ros-dev/ros_ws/build/zed_components[0m
[2.488s] [34mcolcon.colcon_core.environment[0m [1;30mLevel 1[0m checking '/workspaces/isaac_ros-dev/ros_ws/install/zed_components' for CMake config files
[2.488s] [34mcolcon.colcon_core.shell[0m [1;30mLevel 1[0m create_environment_hook('zed_components', 'cmake_prefix_path')
[2.489s] [34mcolcon.colcon_core.shell[0m [1;30mINFO[0m Creating environment hook '/workspaces/isaac_ros-dev/ros_ws/install/zed_components/share/zed_components/hook/cmake_prefix_path.ps1'
[2.490s] [34mcolcon.colcon_core.shell[0m [1;30mINFO[0m Creating environment descriptor '/workspaces/isaac_ros-dev/ros_ws/install/zed_components/share/zed_components/hook/cmake_prefix_path.dsv'
[2.490s] [34mcolcon.colcon_core.shell[0m [1;30mINFO[0m Creating environment hook '/workspaces/isaac_ros-dev/ros_ws/install/zed_components/share/zed_components/hook/cmake_prefix_path.sh'
[2.491s] [34mcolcon.colcon_core.environment[0m [1;30mLevel 1[0m checking '/workspaces/isaac_ros-dev/ros_ws/install/zed_components/lib'
[2.492s] [34mcolcon.colcon_core.shell[0m [1;30mLevel 1[0m create_environment_hook('zed_components', 'ld_library_path_lib')
[2.492s] [34mcolcon.colcon_core.shell[0m [1;30mINFO[0m Creating environment hook '/workspaces/isaac_ros-dev/ros_ws/install/zed_components/share/zed_components/hook/ld_library_path_lib.ps1'
[2.493s] [34mcolcon.colcon_core.shell[0m [1;30mINFO[0m Creating environment descriptor '/workspaces/isaac_ros-dev/ros_ws/install/zed_components/share/zed_components/hook/ld_library_path_lib.dsv'
[2.493s] [34mcolcon.colcon_core.shell[0m [1;30mINFO[0m Creating environment hook '/workspaces/isaac_ros-dev/ros_ws/install/zed_components/share/zed_components/hook/ld_library_path_lib.sh'
[2.494s] [34mcolcon.colcon_core.environment[0m [1;30mLevel 1[0m checking '/workspaces/isaac_ros-dev/ros_ws/install/zed_components/bin'
[2.494s] [34mcolcon.colcon_core.environment[0m [1;30mLevel 1[0m checking '/workspaces/isaac_ros-dev/ros_ws/install/zed_components/lib/pkgconfig/zed_components.pc'
[2.495s] [34mcolcon.colcon_core.environment[0m [1;30mLevel 1[0m checking '/workspaces/isaac_ros-dev/ros_ws/install/zed_components/lib/python3.10/site-packages'
[2.495s] [34mcolcon.colcon_core.environment[0m [1;30mLevel 1[0m checking '/workspaces/isaac_ros-dev/ros_ws/install/zed_components/bin'
[2.495s] [34mcolcon.colcon_core.shell[0m [1;30mINFO[0m Creating package script '/workspaces/isaac_ros-dev/ros_ws/install/zed_components/share/zed_components/package.ps1'
[2.496s] [34mcolcon.colcon_core.shell[0m [1;30mINFO[0m Creating package descriptor '/workspaces/isaac_ros-dev/ros_ws/install/zed_components/share/zed_components/package.dsv'
[2.497s] [34mcolcon.colcon_core.shell[0m [1;30mINFO[0m Creating package script '/workspaces/isaac_ros-dev/ros_ws/install/zed_components/share/zed_components/package.sh'
[2.498s] [34mcolcon.colcon_core.shell[0m [1;30mINFO[0m Creating package script '/workspaces/isaac_ros-dev/ros_ws/install/zed_components/share/zed_components/package.bash'
[2.499s] [34mcolcon.colcon_core.shell[0m [1;30mINFO[0m Creating package script '/workspaces/isaac_ros-dev/ros_ws/install/zed_components/share/zed_components/package.zsh'
[2.499s] [34mcolcon.colcon_core.environment[0m [1;30mLevel 1[0m create_file_with_runtime_dependencies(/workspaces/isaac_ros-dev/ros_ws/install/zed_components/share/colcon-core/packages/zed_components)
[2.500s] [34mcolcon.colcon_core.environment[0m [1;30mLevel 1[0m create_environment_scripts_only(zed_components)
[2.500s] [34mcolcon.colcon_core.environment[0m [1;30mLevel 1[0m checking '/workspaces/isaac_ros-dev/ros_ws/install/zed_components' for CMake module files
[2.501s] [34mcolcon.colcon_core.environment[0m [1;30mLevel 1[0m checking '/workspaces/isaac_ros-dev/ros_ws/install/zed_components' for CMake config files
[2.502s] [34mcolcon.colcon_core.shell[0m [1;30mLevel 1[0m create_environment_hook('zed_components', 'cmake_prefix_path')
[2.502s] [34mcolcon.colcon_core.shell[0m [1;30mINFO[0m Creating environment hook '/workspaces/isaac_ros-dev/ros_ws/install/zed_components/share/zed_components/hook/cmake_prefix_path.ps1'
[2.503s] [34mcolcon.colcon_core.shell[0m [1;30mINFO[0m Creating environment descriptor '/workspaces/isaac_ros-dev/ros_ws/install/zed_components/share/zed_components/hook/cmake_prefix_path.dsv'
[2.503s] [34mcolcon.colcon_core.shell[0m [1;30mINFO[0m Creating environment hook '/workspaces/isaac_ros-dev/ros_ws/install/zed_components/share/zed_components/hook/cmake_prefix_path.sh'
[2.504s] [34mcolcon.colcon_core.environment[0m [1;30mLevel 1[0m checking '/workspaces/isaac_ros-dev/ros_ws/install/zed_components/lib'
[2.504s] [34mcolcon.colcon_core.shell[0m [1;30mLevel 1[0m create_environment_hook('zed_components', 'ld_library_path_lib')
[2.505s] [34mcolcon.colcon_core.shell[0m [1;30mINFO[0m Creating environment hook '/workspaces/isaac_ros-dev/ros_ws/install/zed_components/share/zed_components/hook/ld_library_path_lib.ps1'
[2.505s] [34mcolcon.colcon_core.shell[0m [1;30mINFO[0m Creating environment descriptor '/workspaces/isaac_ros-dev/ros_ws/install/zed_components/share/zed_components/hook/ld_library_path_lib.dsv'
[2.506s] [34mcolcon.colcon_core.shell[0m [1;30mINFO[0m Creating environment hook '/workspaces/isaac_ros-dev/ros_ws/install/zed_components/share/zed_components/hook/ld_library_path_lib.sh'
[2.507s] [34mcolcon.colcon_core.environment[0m [1;30mLevel 1[0m checking '/workspaces/isaac_ros-dev/ros_ws/install/zed_components/bin'
[2.507s] [34mcolcon.colcon_core.environment[0m [1;30mLevel 1[0m checking '/workspaces/isaac_ros-dev/ros_ws/install/zed_components/lib/pkgconfig/zed_components.pc'
[2.507s] [34mcolcon.colcon_core.environment[0m [1;30mLevel 1[0m checking '/workspaces/isaac_ros-dev/ros_ws/install/zed_components/lib/python3.10/site-packages'
[2.507s] [34mcolcon.colcon_core.environment[0m [1;30mLevel 1[0m checking '/workspaces/isaac_ros-dev/ros_ws/install/zed_components/bin'
[2.508s] [34mcolcon.colcon_core.shell[0m [1;30mINFO[0m Creating package script '/workspaces/isaac_ros-dev/ros_ws/install/zed_components/share/zed_components/package.ps1'
[2.509s] [34mcolcon.colcon_core.shell[0m [1;30mINFO[0m Creating package descriptor '/workspaces/isaac_ros-dev/ros_ws/install/zed_components/share/zed_components/package.dsv'
[2.510s] [34mcolcon.colcon_core.shell[0m [1;30mINFO[0m Creating package script '/workspaces/isaac_ros-dev/ros_ws/install/zed_components/share/zed_components/package.sh'
[2.510s] [34mcolcon.colcon_core.shell[0m [1;30mINFO[0m Creating package script '/workspaces/isaac_ros-dev/ros_ws/install/zed_components/share/zed_components/package.bash'
[2.511s] [34mcolcon.colcon_core.shell[0m [1;30mINFO[0m Creating package script '/workspaces/isaac_ros-dev/ros_ws/install/zed_components/share/zed_components/package.zsh'
[2.512s] [34mcolcon.colcon_core.environment[0m [1;30mLevel 1[0m create_file_with_runtime_dependencies(/workspaces/isaac_ros-dev/ros_ws/install/zed_components/share/colcon-core/packages/zed_components)
[2.512s] [34mcolcon.colcon_ros.task.ament_cmake.build[0m [1;30mINFO[0m Building ROS package in '/workspaces/isaac_ros-dev/ros_ws/src/zed-ros2-wrapper/zed_wrapper' with build type 'ament_cmake'
[2.513s] [34mcolcon.colcon_cmake.task.cmake.build[0m [1;30mINFO[0m Building CMake package in '/workspaces/isaac_ros-dev/ros_ws/src/zed-ros2-wrapper/zed_wrapper'
[2.513s] [34mcolcon.colcon_core.shell[0m [1;30mINFO[0m Skip shell extension 'powershell' for command environment: Not usable outside of PowerShell
[2.513s] [34mcolcon.colcon_core.shell[0m [1;30mDEBUG[0m [32mSkip shell extension 'dsv' for command environment[0m
[2.539s] [34mcolcon.colcon_core.event_handler.log_command[0m [1;30mDEBUG[0m [32mInvoking command in '/workspaces/isaac_ros-dev/ros_ws/build/zed_wrapper': CMAKE_PREFIX_PATH=/workspaces/isaac_ros-dev/ros_ws/install/zed_components:/workspaces/isaac_ros-dev/ros_ws/install/zed_msgs:/workspaces/isaac_ros-dev/ros_ws/install/zed_ros2:/workspaces/isaac_ros-dev/ros_ws/install/zed_wrapper:/workspaces/isaac_ros-dev/ros_ws/install/ur5e_visual_servo:/usr/local/libcudss-linux-0.3.0.9_cuda12-archive:/opt/ros/humble /usr/bin/cmake --build /workspaces/isaac_ros-dev/ros_ws/build/zed_wrapper -- -j12 -l12[0m
[2.619s] [34mcolcon.colcon_core.event_handler.log_command[0m [1;30mDEBUG[0m [32mInvoked command in '/workspaces/isaac_ros-dev/ros_ws/build/zed_wrapper' returned '0': CMAKE_PREFIX_PATH=/workspaces/isaac_ros-dev/ros_ws/install/zed_components:/workspaces/isaac_ros-dev/ros_ws/install/zed_msgs:/workspaces/isaac_ros-dev/ros_ws/install/zed_ros2:/workspaces/isaac_ros-dev/ros_ws/install/zed_wrapper:/workspaces/isaac_ros-dev/ros_ws/install/ur5e_visual_servo:/usr/local/libcudss-linux-0.3.0.9_cuda12-archive:/opt/ros/humble /usr/bin/cmake --build /workspaces/isaac_ros-dev/ros_ws/build/zed_wrapper -- -j12 -l12[0m
[2.623s] [34mcolcon.colcon_core.event_handler.log_command[0m [1;30mDEBUG[0m [32mInvoking command in '/workspaces/isaac_ros-dev/ros_ws/build/zed_wrapper': CMAKE_PREFIX_PATH=/workspaces/isaac_ros-dev/ros_ws/install/zed_components:/workspaces/isaac_ros-dev/ros_ws/install/zed_msgs:/workspaces/isaac_ros-dev/ros_ws/install/zed_ros2:/workspaces/isaac_ros-dev/ros_ws/install/zed_wrapper:/workspaces/isaac_ros-dev/ros_ws/install/ur5e_visual_servo:/usr/local/libcudss-linux-0.3.0.9_cuda12-archive:/opt/ros/humble /usr/bin/cmake --install /workspaces/isaac_ros-dev/ros_ws/build/zed_wrapper[0m
[2.670s] [34mcolcon.colcon_core.environment[0m [1;30mLevel 1[0m create_environment_scripts_only(zed_wrapper)
[2.671s] [34mcolcon.colcon_core.environment[0m [1;30mLevel 1[0m checking '/workspaces/isaac_ros-dev/ros_ws/install/zed_wrapper' for CMake module files
[2.673s] [34mcolcon.colcon_core.event_handler.log_command[0m [1;30mDEBUG[0m [32mInvoked command in '/workspaces/isaac_ros-dev/ros_ws/build/zed_wrapper' returned '0': CMAKE_PREFIX_PATH=/workspaces/isaac_ros-dev/ros_ws/install/zed_components:/workspaces/isaac_ros-dev/ros_ws/install/zed_msgs:/workspaces/isaac_ros-dev/ros_ws/install/zed_ros2:/workspaces/isaac_ros-dev/ros_ws/install/zed_wrapper:/workspaces/isaac_ros-dev/ros_ws/install/ur5e_visual_servo:/usr/local/libcudss-linux-0.3.0.9_cuda12-archive:/opt/ros/humble /usr/bin/cmake --install /workspaces/isaac_ros-dev/ros_ws/build/zed_wrapper[0m
[2.674s] [34mcolcon.colcon_core.environment[0m [1;30mLevel 1[0m checking '/workspaces/isaac_ros-dev/ros_ws/install/zed_wrapper' for CMake config files
[2.675s] [34mcolcon.colcon_core.shell[0m [1;30mLevel 1[0m create_environment_hook('zed_wrapper', 'cmake_prefix_path')
[2.676s] [34mcolcon.colcon_core.shell[0m [1;30mINFO[0m Creating environment hook '/workspaces/isaac_ros-dev/ros_ws/install/zed_wrapper/share/zed_wrapper/hook/cmake_prefix_path.ps1'
[2.678s] [34mcolcon.colcon_core.shell[0m [1;30mINFO[0m Creating environment descriptor '/workspaces/isaac_ros-dev/ros_ws/install/zed_wrapper/share/zed_wrapper/hook/cmake_prefix_path.dsv'
[2.679s] [34mcolcon.colcon_core.shell[0m [1;30mINFO[0m Creating environment hook '/workspaces/isaac_ros-dev/ros_ws/install/zed_wrapper/share/zed_wrapper/hook/cmake_prefix_path.sh'
[2.681s] [34mcolcon.colcon_core.environment[0m [1;30mLevel 1[0m checking '/workspaces/isaac_ros-dev/ros_ws/install/zed_wrapper/bin'
[2.681s] [34mcolcon.colcon_core.environment[0m [1;30mLevel 1[0m checking '/workspaces/isaac_ros-dev/ros_ws/install/zed_wrapper/lib/pkgconfig/zed_wrapper.pc'
[2.682s] [34mcolcon.colcon_core.environment[0m [1;30mLevel 1[0m checking '/workspaces/isaac_ros-dev/ros_ws/install/zed_wrapper/lib/python3.10/site-packages'
[2.683s] [34mcolcon.colcon_core.environment[0m [1;30mLevel 1[0m checking '/workspaces/isaac_ros-dev/ros_ws/install/zed_wrapper/bin'
[2.684s] [34mcolcon.colcon_core.shell[0m [1;30mINFO[0m Creating package script '/workspaces/isaac_ros-dev/ros_ws/install/zed_wrapper/share/zed_wrapper/package.ps1'
[2.686s] [34mcolcon.colcon_core.shell[0m [1;30mINFO[0m Creating package descriptor '/workspaces/isaac_ros-dev/ros_ws/install/zed_wrapper/share/zed_wrapper/package.dsv'
[2.687s] [34mcolcon.colcon_core.shell[0m [1;30mINFO[0m Creating package script '/workspaces/isaac_ros-dev/ros_ws/install/zed_wrapper/share/zed_wrapper/package.sh'
[2.688s] [34mcolcon.colcon_core.shell[0m [1;30mINFO[0m Creating package script '/workspaces/isaac_ros-dev/ros_ws/install/zed_wrapper/share/zed_wrapper/package.bash'
[2.689s] [34mcolcon.colcon_core.shell[0m [1;30mINFO[0m Creating package script '/workspaces/isaac_ros-dev/ros_ws/install/zed_wrapper/share/zed_wrapper/package.zsh'
[2.690s] [34mcolcon.colcon_core.environment[0m [1;30mLevel 1[0m create_file_with_runtime_dependencies(/workspaces/isaac_ros-dev/ros_ws/install/zed_wrapper/share/colcon-core/packages/zed_wrapper)
[2.692s] [34mcolcon.colcon_core.environment[0m [1;30mLevel 1[0m create_environment_scripts_only(zed_wrapper)
[2.693s] [34mcolcon.colcon_core.environment[0m [1;30mLevel 1[0m checking '/workspaces/isaac_ros-dev/ros_ws/install/zed_wrapper' for CMake module files
[2.695s] [34mcolcon.colcon_core.environment[0m [1;30mLevel 1[0m checking '/workspaces/isaac_ros-dev/ros_ws/install/zed_wrapper' for CMake config files
[2.696s] [34mcolcon.colcon_core.shell[0m [1;30mLevel 1[0m create_environment_hook('zed_wrapper', 'cmake_prefix_path')
[2.697s] [34mcolcon.colcon_core.shell[0m [1;30mINFO[0m Creating environment hook '/workspaces/isaac_ros-dev/ros_ws/install/zed_wrapper/share/zed_wrapper/hook/cmake_prefix_path.ps1'
[2.698s] [34mcolcon.colcon_core.shell[0m [1;30mINFO[0m Creating environment descriptor '/workspaces/isaac_ros-dev/ros_ws/install/zed_wrapper/share/zed_wrapper/hook/cmake_prefix_path.dsv'
[2.700s] [34mcolcon.colcon_core.shell[0m [1;30mINFO[0m Creating environment hook '/workspaces/isaac_ros-dev/ros_ws/install/zed_wrapper/share/zed_wrapper/hook/cmake_prefix_path.sh'
[2.702s] [34mcolcon.colcon_core.environment[0m [1;30mLevel 1[0m checking '/workspaces/isaac_ros-dev/ros_ws/install/zed_wrapper/bin'
[2.702s] [34mcolcon.colcon_core.environment[0m [1;30mLevel 1[0m checking '/workspaces/isaac_ros-dev/ros_ws/install/zed_wrapper/lib/pkgconfig/zed_wrapper.pc'
[2.703s] [34mcolcon.colcon_core.environment[0m [1;30mLevel 1[0m checking '/workspaces/isaac_ros-dev/ros_ws/install/zed_wrapper/lib/python3.10/site-packages'
[2.703s] [34mcolcon.colcon_core.environment[0m [1;30mLevel 1[0m checking '/workspaces/isaac_ros-dev/ros_ws/install/zed_wrapper/bin'
[2.704s] [34mcolcon.colcon_core.shell[0m [1;30mINFO[0m Creating package script '/workspaces/isaac_ros-dev/ros_ws/install/zed_wrapper/share/zed_wrapper/package.ps1'
[2.706s] [34mcolcon.colcon_core.shell[0m [1;30mINFO[0m Creating package descriptor '/workspaces/isaac_ros-dev/ros_ws/install/zed_wrapper/share/zed_wrapper/package.dsv'
[2.708s] [34mcolcon.colcon_core.shell[0m [1;30mINFO[0m Creating package script '/workspaces/isaac_ros-dev/ros_ws/install/zed_wrapper/share/zed_wrapper/package.sh'
[2.711s] [34mcolcon.colcon_core.shell[0m [1;30mINFO[0m Creating package script '/workspaces/isaac_ros-dev/ros_ws/install/zed_wrapper/share/zed_wrapper/package.bash'
[2.712s] [34mcolcon.colcon_core.shell[0m [1;30mINFO[0m Creating package script '/workspaces/isaac_ros-dev/ros_ws/install/zed_wrapper/share/zed_wrapper/package.zsh'
[2.714s] [34mcolcon.colcon_core.environment[0m [1;30mLevel 1[0m create_file_with_runtime_dependencies(/workspaces/isaac_ros-dev/ros_ws/install/zed_wrapper/share/colcon-core/packages/zed_wrapper)
[2.715s] [34mcolcon.colcon_ros.task.ament_cmake.build[0m [1;30mINFO[0m Building ROS package in '/workspaces/isaac_ros-dev/ros_ws/src/zed-ros2-wrapper/zed_ros2' with build type 'ament_cmake'
[2.715s] [34mcolcon.colcon_cmake.task.cmake.build[0m [1;30mINFO[0m Building CMake package in '/workspaces/isaac_ros-dev/ros_ws/src/zed-ros2-wrapper/zed_ros2'
[2.716s] [34mcolcon.colcon_core.shell[0m [1;30mINFO[0m Skip shell extension 'powershell' for command environment: Not usable outside of PowerShell
[2.717s] [34mcolcon.colcon_core.shell[0m [1;30mDEBUG[0m [32mSkip shell extension 'dsv' for command environment[0m
[2.755s] [34mcolcon.colcon_core.event_handler.log_command[0m [1;30mDEBUG[0m [32mInvoking command in '/workspaces/isaac_ros-dev/ros_ws/build/zed_ros2': CMAKE_PREFIX_PATH=/workspaces/isaac_ros-dev/ros_ws/install/zed_wrapper:/workspaces/isaac_ros-dev/ros_ws/install/zed_components:/workspaces/isaac_ros-dev/ros_ws/install/zed_msgs:/workspaces/isaac_ros-dev/ros_ws/install/zed_ros2:/workspaces/isaac_ros-dev/ros_ws/install/ur5e_visual_servo:/usr/local/libcudss-linux-0.3.0.9_cuda12-archive:/opt/ros/humble /usr/bin/cmake --build /workspaces/isaac_ros-dev/ros_ws/build/zed_ros2 -- -j12 -l12[0m
[2.822s] [34mcolcon.colcon_core.event_handler.log_command[0m [1;30mDEBUG[0m [32mInvoked command in '/workspaces/isaac_ros-dev/ros_ws/build/zed_ros2' returned '0': CMAKE_PREFIX_PATH=/workspaces/isaac_ros-dev/ros_ws/install/zed_wrapper:/workspaces/isaac_ros-dev/ros_ws/install/zed_components:/workspaces/isaac_ros-dev/ros_ws/install/zed_msgs:/workspaces/isaac_ros-dev/ros_ws/install/zed_ros2:/workspaces/isaac_ros-dev/ros_ws/install/ur5e_visual_servo:/usr/local/libcudss-linux-0.3.0.9_cuda12-archive:/opt/ros/humble /usr/bin/cmake --build /workspaces/isaac_ros-dev/ros_ws/build/zed_ros2 -- -j12 -l12[0m
[2.825s] [34mcolcon.colcon_core.event_handler.log_command[0m [1;30mDEBUG[0m [32mInvoking command in '/workspaces/isaac_ros-dev/ros_ws/build/zed_ros2': CMAKE_PREFIX_PATH=/workspaces/isaac_ros-dev/ros_ws/install/zed_wrapper:/workspaces/isaac_ros-dev/ros_ws/install/zed_components:/workspaces/isaac_ros-dev/ros_ws/install/zed_msgs:/workspaces/isaac_ros-dev/ros_ws/install/zed_ros2:/workspaces/isaac_ros-dev/ros_ws/install/ur5e_visual_servo:/usr/local/libcudss-linux-0.3.0.9_cuda12-archive:/opt/ros/humble /usr/bin/cmake --install /workspaces/isaac_ros-dev/ros_ws/build/zed_ros2[0m
[2.863s] [34mcolcon.colcon_core.environment[0m [1;30mLevel 1[0m create_environment_scripts_only(zed_ros2)
[2.864s] [34mcolcon.colcon_core.environment[0m [1;30mLevel 1[0m checking '/workspaces/isaac_ros-dev/ros_ws/install/zed_ros2' for CMake module files
[2.865s] [34mcolcon.colcon_core.event_handler.log_command[0m [1;30mDEBUG[0m [32mInvoked command in '/workspaces/isaac_ros-dev/ros_ws/build/zed_ros2' returned '0': CMAKE_PREFIX_PATH=/workspaces/isaac_ros-dev/ros_ws/install/zed_wrapper:/workspaces/isaac_ros-dev/ros_ws/install/zed_components:/workspaces/isaac_ros-dev/ros_ws/install/zed_msgs:/workspaces/isaac_ros-dev/ros_ws/install/zed_ros2:/workspaces/isaac_ros-dev/ros_ws/install/ur5e_visual_servo:/usr/local/libcudss-linux-0.3.0.9_cuda12-archive:/opt/ros/humble /usr/bin/cmake --install /workspaces/isaac_ros-dev/ros_ws/build/zed_ros2[0m
[2.866s] [34mcolcon.colcon_core.environment[0m [1;30mLevel 1[0m checking '/workspaces/isaac_ros-dev/ros_ws/install/zed_ros2' for CMake config files
[2.867s] [34mcolcon.colcon_core.shell[0m [1;30mLevel 1[0m create_environment_hook('zed_ros2', 'cmake_prefix_path')
[2.867s] [34mcolcon.colcon_core.shell[0m [1;30mINFO[0m Creating environment hook '/workspaces/isaac_ros-dev/ros_ws/install/zed_ros2/share/zed_ros2/hook/cmake_prefix_path.ps1'
[2.868s] [34mcolcon.colcon_core.shell[0m [1;30mINFO[0m Creating environment descriptor '/workspaces/isaac_ros-dev/ros_ws/install/zed_ros2/share/zed_ros2/hook/cmake_prefix_path.dsv'
[2.869s] [34mcolcon.colcon_core.shell[0m [1;30mINFO[0m Creating environment hook '/workspaces/isaac_ros-dev/ros_ws/install/zed_ros2/share/zed_ros2/hook/cmake_prefix_path.sh'
[2.869s] [34mcolcon.colcon_core.environment[0m [1;30mLevel 1[0m checking '/workspaces/isaac_ros-dev/ros_ws/install/zed_ros2/bin'
[2.870s] [34mcolcon.colcon_core.environment[0m [1;30mLevel 1[0m checking '/workspaces/isaac_ros-dev/ros_ws/install/zed_ros2/lib/pkgconfig/zed_ros2.pc'
[2.870s] [34mcolcon.colcon_core.environment[0m [1;30mLevel 1[0m checking '/workspaces/isaac_ros-dev/ros_ws/install/zed_ros2/lib/python3.10/site-packages'
[2.870s] [34mcolcon.colcon_core.environment[0m [1;30mLevel 1[0m checking '/workspaces/isaac_ros-dev/ros_ws/install/zed_ros2/bin'
[2.871s] [34mcolcon.colcon_core.shell[0m [1;30mINFO[0m Creating package script '/workspaces/isaac_ros-dev/ros_ws/install/zed_ros2/share/zed_ros2/package.ps1'
[2.872s] [34mcolcon.colcon_core.shell[0m [1;30mINFO[0m Creating package descriptor '/workspaces/isaac_ros-dev/ros_ws/install/zed_ros2/share/zed_ros2/package.dsv'
[2.873s] [34mcolcon.colcon_core.shell[0m [1;30mINFO[0m Creating package script '/workspaces/isaac_ros-dev/ros_ws/install/zed_ros2/share/zed_ros2/package.sh'
[2.873s] [34mcolcon.colcon_core.shell[0m [1;30mINFO[0m Creating package script '/workspaces/isaac_ros-dev/ros_ws/install/zed_ros2/share/zed_ros2/package.bash'
[2.874s] [34mcolcon.colcon_core.shell[0m [1;30mINFO[0m Creating package script '/workspaces/isaac_ros-dev/ros_ws/install/zed_ros2/share/zed_ros2/package.zsh'
[2.874s] [34mcolcon.colcon_core.environment[0m [1;30mLevel 1[0m create_file_with_runtime_dependencies(/workspaces/isaac_ros-dev/ros_ws/install/zed_ros2/share/colcon-core/packages/zed_ros2)
[2.875s] [34mcolcon.colcon_core.environment[0m [1;30mLevel 1[0m create_environment_scripts_only(zed_ros2)
[2.876s] [34mcolcon.colcon_core.environment[0m [1;30mLevel 1[0m checking '/workspaces/isaac_ros-dev/ros_ws/install/zed_ros2' for CMake module files
[2.876s] [34mcolcon.colcon_core.environment[0m [1;30mLevel 1[0m checking '/workspaces/isaac_ros-dev/ros_ws/install/zed_ros2' for CMake config files
[2.877s] [34mcolcon.colcon_core.shell[0m [1;30mLevel 1[0m create_environment_hook('zed_ros2', 'cmake_prefix_path')
[2.877s] [34mcolcon.colcon_core.shell[0m [1;30mINFO[0m Creating environment hook '/workspaces/isaac_ros-dev/ros_ws/install/zed_ros2/share/zed_ros2/hook/cmake_prefix_path.ps1'
[2.878s] [34mcolcon.colcon_core.shell[0m [1;30mINFO[0m Creating environment descriptor '/workspaces/isaac_ros-dev/ros_ws/install/zed_ros2/share/zed_ros2/hook/cmake_prefix_path.dsv'
[2.879s] [34mcolcon.colcon_core.shell[0m [1;30mINFO[0m Creating environment hook '/workspaces/isaac_ros-dev/ros_ws/install/zed_ros2/share/zed_ros2/hook/cmake_prefix_path.sh'
[2.879s] [34mcolcon.colcon_core.environment[0m [1;30mLevel 1[0m checking '/workspaces/isaac_ros-dev/ros_ws/install/zed_ros2/bin'
[2.880s] [34mcolcon.colcon_core.environment[0m [1;30mLevel 1[0m checking '/workspaces/isaac_ros-dev/ros_ws/install/zed_ros2/lib/pkgconfig/zed_ros2.pc'
[2.880s] [34mcolcon.colcon_core.environment[0m [1;30mLevel 1[0m checking '/workspaces/isaac_ros-dev/ros_ws/install/zed_ros2/lib/python3.10/site-packages'
[2.880s] [34mcolcon.colcon_core.environment[0m [1;30mLevel 1[0m checking '/workspaces/isaac_ros-dev/ros_ws/install/zed_ros2/bin'
[2.881s] [34mcolcon.colcon_core.shell[0m [1;30mINFO[0m Creating package script '/workspaces/isaac_ros-dev/ros_ws/install/zed_ros2/share/zed_ros2/package.ps1'
[2.882s] [34mcolcon.colcon_core.shell[0m [1;30mINFO[0m Creating package descriptor '/workspaces/isaac_ros-dev/ros_ws/install/zed_ros2/share/zed_ros2/package.dsv'
[2.882s] [34mcolcon.colcon_core.shell[0m [1;30mINFO[0m Creating package script '/workspaces/isaac_ros-dev/ros_ws/install/zed_ros2/share/zed_ros2/package.sh'
[2.883s] [34mcolcon.colcon_core.shell[0m [1;30mINFO[0m Creating package script '/workspaces/isaac_ros-dev/ros_ws/install/zed_ros2/share/zed_ros2/package.bash'
[2.884s] [34mcolcon.colcon_core.shell[0m [1;30mINFO[0m Creating package script '/workspaces/isaac_ros-dev/ros_ws/install/zed_ros2/share/zed_ros2/package.zsh'
[2.884s] [34mcolcon.colcon_core.environment[0m [1;30mLevel 1[0m create_file_with_runtime_dependencies(/workspaces/isaac_ros-dev/ros_ws/install/zed_ros2/share/colcon-core/packages/zed_ros2)
[2.885s] [34mcolcon.colcon_parallel_executor.executor.parallel[0m [1;30mDEBUG[0m [32mclosing loop[0m
[2.885s] [34mcolcon.colcon_parallel_executor.executor.parallel[0m [1;30mDEBUG[0m [32mloop closed[0m
[2.886s] [34mcolcon.colcon_parallel_executor.executor.parallel[0m [1;30mDEBUG[0m [32mrun_until_complete finished with '0'[0m
[2.886s] [34mcolcon.colcon_core.event_reactor[0m [1;30mDEBUG[0m [32mjoining thread[0m
[2.904s] [34mcolcon.colcon_core.plugin_system[0m [1;30mINFO[0m Skipping extension 'colcon_notification.desktop_notification.notify_send': Could not find 'notify-send'
[2.904s] [34mcolcon.colcon_core.plugin_system[0m [1;30mINFO[0m Skipping extension 'colcon_notification.desktop_notification.terminal_notifier': Not used on non-Darwin systems
[2.904s] [34mcolcon.colcon_core.plugin_system[0m [1;30mINFO[0m Skipping extension 'colcon_notification.desktop_notification.win32': Not used on non-Windows systems
[2.905s] [34mcolcon.colcon_notification.desktop_notification[0m [1;30mINFO[0m Sending desktop notification using 'notify2'
[2.913s] [34mcolcon.colcon_notification.desktop_notification.notify2[0m [1;30mDEBUG[0m [32mFailed to initialize notify2: org.freedesktop.DBus.Error.Spawn.ExecFailed: /usr/bin/dbus-launch terminated abnormally without any error message[0m
[2.914s] [34mcolcon.colcon_core.event_reactor[0m [1;30mDEBUG[0m [32mjoined thread[0m
[2.915s] [34mcolcon.colcon_core.shell[0m [1;30mINFO[0m Creating prefix script '/workspaces/isaac_ros-dev/ros_ws/install/local_setup.ps1'
[2.918s] [34mcolcon.colcon_core.shell[0m [1;30mINFO[0m Creating prefix util module '/workspaces/isaac_ros-dev/ros_ws/install/_local_setup_util_ps1.py'
[2.922s] [34mcolcon.colcon_core.shell[0m [1;30mINFO[0m Creating prefix chain script '/workspaces/isaac_ros-dev/ros_ws/install/setup.ps1'
[2.925s] [34mcolcon.colcon_core.shell[0m [1;30mINFO[0m Creating prefix script '/workspaces/isaac_ros-dev/ros_ws/install/local_setup.sh'
[2.927s] [34mcolcon.colcon_core.shell[0m [1;30mINFO[0m Creating prefix util module '/workspaces/isaac_ros-dev/ros_ws/install/_local_setup_util_sh.py'
[2.928s] [34mcolcon.colcon_core.shell[0m [1;30mINFO[0m Creating prefix chain script '/workspaces/isaac_ros-dev/ros_ws/install/setup.sh'
[2.931s] [34mcolcon.colcon_core.shell[0m [1;30mINFO[0m Creating prefix script '/workspaces/isaac_ros-dev/ros_ws/install/local_setup.bash'
[2.933s] [34mcolcon.colcon_core.shell[0m [1;30mINFO[0m Creating prefix chain script '/workspaces/isaac_ros-dev/ros_ws/install/setup.bash'
[2.934s] [34mcolcon.colcon_core.shell[0m [1;30mINFO[0m Creating prefix script '/workspaces/isaac_ros-dev/ros_ws/install/local_setup.zsh'
[2.935s] [34mcolcon.colcon_core.shell[0m [1;30mINFO[0m Creating prefix chain script '/workspaces/isaac_ros-dev/ros_ws/install/setup.zsh'
