[  0%] Built target zed_msgs__cpp
[ 12%] Built target zed_msgs__rosidl_generator_c
[ 12%] Built target ament_cmake_python_symlink_zed_msgs
[ 25%] Built target zed_msgs__rosidl_typesupport_introspection_cpp
[ 37%] Built target zed_msgs__rosidl_typesupport_fastrtps_cpp
[ 49%] Built target zed_msgs__rosidl_typesupport_cpp
[ 61%] Built target zed_msgs__rosidl_typesupport_c
[ 73%] Built target zed_msgs__rosidl_typesupport_introspection_c
[ 85%] Built target zed_msgs__rosidl_typesupport_fastrtps_c
[ 85%] Built target zed_msgs
[ 86%] Built target zed_msgs__py
[ 97%] Built target zed_msgs__rosidl_generator_py
[ 99%] Built target zed_msgs__rosidl_typesupport_introspection_c__pyext
[ 99%] Built target zed_msgs__rosidl_typesupport_c__pyext
[100%] Built target zed_msgs__rosidl_typesupport_fastrtps_c__pyext
running egg_info
writing zed_msgs.egg-info/PKG-INFO
writing dependency_links to zed_msgs.egg-info/dependency_links.txt
writing top-level names to zed_msgs.egg-info/top_level.txt
reading manifest file 'zed_msgs.egg-info/SOURCES.txt'
writing manifest file 'zed_msgs.egg-info/SOURCES.txt'
[100%] Built target ament_cmake_python_build_zed_msgs_egg
