[0.024s] Invoking command in '/workspaces/isaac_ros-dev/ros_ws/build/zed_msgs': CMAKE_PREFIX_PATH=${CMAKE_PREFIX_PATH}:/opt/ros/humble /usr/bin/cmake --build /workspaces/isaac_ros-dev/ros_ws/build/zed_msgs -- -j12 -l12
[0.142s] [  0%] Built target zed_msgs__cpp
[0.154s] [ 12%] Built target zed_msgs__rosidl_generator_c
[0.174s] [ 12%] Built target ament_cmake_python_symlink_zed_msgs
[0.199s] [ 25%] Built target zed_msgs__rosidl_typesupport_introspection_cpp
[0.203s] [ 37%] Built target zed_msgs__rosidl_typesupport_fastrtps_cpp
[0.207s] [ 49%] Built target zed_msgs__rosidl_typesupport_cpp
[0.214s] [ 61%] Built target zed_msgs__rosidl_typesupport_c
[0.220s] [ 73%] Built target zed_msgs__rosidl_typesupport_introspection_c
[0.232s] [ 85%] Built target zed_msgs__rosidl_typesupport_fastrtps_c
[0.276s] [ 85%] Built target zed_msgs
[0.320s] [ 86%] Built target zed_msgs__py
[0.375s] [ 97%] Built target zed_msgs__rosidl_generator_py
[0.421s] [ 99%] Built target zed_msgs__rosidl_typesupport_introspection_c__pyext
[0.421s] [ 99%] Built target zed_msgs__rosidl_typesupport_c__pyext
[0.434s] [100%] Built target zed_msgs__rosidl_typesupport_fastrtps_c__pyext
[0.966s] running egg_info
[0.997s] writing zed_msgs.egg-info/PKG-INFO
[0.998s] writing dependency_links to zed_msgs.egg-info/dependency_links.txt
[0.998s] writing top-level names to zed_msgs.egg-info/top_level.txt
[1.187s] ERROR setuptools_scm._file_finders.git listing git files failed - pretending there aren't any
[1.455s] reading manifest file 'zed_msgs.egg-info/SOURCES.txt'
[1.458s] writing manifest file 'zed_msgs.egg-info/SOURCES.txt'
[1.621s] [100%] Built target ament_cmake_python_build_zed_msgs_egg
