[1.900s] Invoking command in '/workspaces/isaac_ros-dev/ros_ws/src/vision': PYTHONPATH=/workspaces/isaac_ros-dev/ros_ws/build/vision/prefix_override:/usr/lib/python3/dist-packages/colcon_core/task/python/colcon_distutils_commands:/workspaces/isaac_ros-dev/ros_ws/install/vision/lib/python3.10/site-packages:${PYTHONPATH} /usr/bin/python3 -W ignore:setup.py install is deprecated -W ignore:easy_install command is deprecated setup.py egg_info --egg-base ../../build/vision build --build-base /workspaces/isaac_ros-dev/ros_ws/build/vision/build install --record /workspaces/isaac_ros-dev/ros_ws/build/vision/install.log --single-version-externally-managed install_data
[2.623s] running egg_info
[2.653s] writing ../../build/vision/vision.egg-info/PKG-INFO
[2.653s] writing dependency_links to ../../build/vision/vision.egg-info/dependency_links.txt
[2.653s] writing entry points to ../../build/vision/vision.egg-info/entry_points.txt
[2.653s] writing requirements to ../../build/vision/vision.egg-info/requires.txt
[2.654s] writing top-level names to ../../build/vision/vision.egg-info/top_level.txt
[2.791s] writing manifest file '../../build/vision/vision.egg-info/SOURCES.txt'
[2.791s] running build
[2.791s] running build_py
[2.792s] running install
[2.799s] running install_lib
[2.830s] running install_data
[2.831s] copying launch/vision.launch.py -> /workspaces/isaac_ros-dev/ros_ws/install/vision/share/vision/launch
[2.831s] running install_egg_info
[2.860s] removing '/workspaces/isaac_ros-dev/ros_ws/install/vision/lib/python3.10/site-packages/vision-0.0.1-py3.10.egg-info' (and everything under it)
[2.861s] Copying ../../build/vision/vision.egg-info to /workspaces/isaac_ros-dev/ros_ws/install/vision/lib/python3.10/site-packages/vision-0.0.1-py3.10.egg-info
[2.863s] running install_scripts
[2.977s] Installing vision_node script to /workspaces/isaac_ros-dev/ros_ws/install/vision/lib/vision
[2.978s] writing list of installed files to '/workspaces/isaac_ros-dev/ros_ws/build/vision/install.log'
[3.063s] Invoked command in '/workspaces/isaac_ros-dev/ros_ws/src/vision' returned '0': PYTHONPATH=/workspaces/isaac_ros-dev/ros_ws/build/vision/prefix_override:/usr/lib/python3/dist-packages/colcon_core/task/python/colcon_distutils_commands:/workspaces/isaac_ros-dev/ros_ws/install/vision/lib/python3.10/site-packages:${PYTHONPATH} /usr/bin/python3 -W ignore:setup.py install is deprecated -W ignore:easy_install command is deprecated setup.py egg_info --egg-base ../../build/vision build --build-base /workspaces/isaac_ros-dev/ros_ws/build/vision/build install --record /workspaces/isaac_ros-dev/ros_ws/build/vision/install.log --single-version-externally-managed install_data
