[0.029s] Invoking command in '/workspaces/isaac_ros-dev/ros_ws/build/zed_ros2': CMAKE_PREFIX_PATH=/workspaces/isaac_ros-dev/ros_ws/install/zed_wrapper:/workspaces/isaac_ros-dev/ros_ws/install/zed_components:/workspaces/isaac_ros-dev/ros_ws/install/zed_msgs:/workspaces/isaac_ros-dev/ros_ws/install/zed_ros2:/workspaces/isaac_ros-dev/ros_ws/install/ur5e_visual_servo:/usr/local/libcudss-linux-0.3.0.9_cuda12-archive:/opt/ros/humble /usr/bin/cmake --build /workspaces/isaac_ros-dev/ros_ws/build/zed_ros2 -- -j12 -l12
[0.097s] Invoked command in '/workspaces/isaac_ros-dev/ros_ws/build/zed_ros2' returned '0': CMAKE_PREFIX_PATH=/workspaces/isaac_ros-dev/ros_ws/install/zed_wrapper:/workspaces/isaac_ros-dev/ros_ws/install/zed_components:/workspaces/isaac_ros-dev/ros_ws/install/zed_msgs:/workspaces/isaac_ros-dev/ros_ws/install/zed_ros2:/workspaces/isaac_ros-dev/ros_ws/install/ur5e_visual_servo:/usr/local/libcudss-linux-0.3.0.9_cuda12-archive:/opt/ros/humble /usr/bin/cmake --build /workspaces/isaac_ros-dev/ros_ws/build/zed_ros2 -- -j12 -l12
[0.101s] Invoking command in '/workspaces/isaac_ros-dev/ros_ws/build/zed_ros2': CMAKE_PREFIX_PATH=/workspaces/isaac_ros-dev/ros_ws/install/zed_wrapper:/workspaces/isaac_ros-dev/ros_ws/install/zed_components:/workspaces/isaac_ros-dev/ros_ws/install/zed_msgs:/workspaces/isaac_ros-dev/ros_ws/install/zed_ros2:/workspaces/isaac_ros-dev/ros_ws/install/ur5e_visual_servo:/usr/local/libcudss-linux-0.3.0.9_cuda12-archive:/opt/ros/humble /usr/bin/cmake --install /workspaces/isaac_ros-dev/ros_ws/build/zed_ros2
[0.115s] -- Install configuration: ""
[0.116s] -- Execute custom install script
[0.116s] -- Up-to-date symlink: /workspaces/isaac_ros-dev/ros_ws/install/zed_ros2/share/ament_index/resource_index/package_run_dependencies/zed_ros2
[0.117s] -- Up-to-date symlink: /workspaces/isaac_ros-dev/ros_ws/install/zed_ros2/share/ament_index/resource_index/parent_prefix_path/zed_ros2
[0.117s] -- Up-to-date symlink: /workspaces/isaac_ros-dev/ros_ws/install/zed_ros2/share/zed_ros2/environment/ament_prefix_path.sh
[0.117s] -- Up-to-date symlink: /workspaces/isaac_ros-dev/ros_ws/install/zed_ros2/share/zed_ros2/environment/ament_prefix_path.dsv
[0.118s] -- Up-to-date symlink: /workspaces/isaac_ros-dev/ros_ws/install/zed_ros2/share/zed_ros2/environment/path.sh
[0.118s] -- Up-to-date symlink: /workspaces/isaac_ros-dev/ros_ws/install/zed_ros2/share/zed_ros2/environment/path.dsv
[0.118s] -- Up-to-date symlink: /workspaces/isaac_ros-dev/ros_ws/install/zed_ros2/share/zed_ros2/local_setup.bash
[0.118s] -- Up-to-date symlink: /workspaces/isaac_ros-dev/ros_ws/install/zed_ros2/share/zed_ros2/local_setup.sh
[0.119s] -- Up-to-date symlink: /workspaces/isaac_ros-dev/ros_ws/install/zed_ros2/share/zed_ros2/local_setup.zsh
[0.119s] -- Up-to-date symlink: /workspaces/isaac_ros-dev/ros_ws/install/zed_ros2/share/zed_ros2/local_setup.dsv
[0.119s] -- Symlinking: /workspaces/isaac_ros-dev/ros_ws/install/zed_ros2/share/zed_ros2/package.dsv
[0.137s] -- Up-to-date symlink: /workspaces/isaac_ros-dev/ros_ws/install/zed_ros2/share/ament_index/resource_index/packages/zed_ros2
[0.137s] -- Up-to-date symlink: /workspaces/isaac_ros-dev/ros_ws/install/zed_ros2/share/zed_ros2/cmake/zed_ros2Config.cmake
[0.137s] -- Up-to-date symlink: /workspaces/isaac_ros-dev/ros_ws/install/zed_ros2/share/zed_ros2/cmake/zed_ros2Config-version.cmake
[0.138s] -- Up-to-date symlink: /workspaces/isaac_ros-dev/ros_ws/install/zed_ros2/share/zed_ros2/package.xml
[0.143s] Invoked command in '/workspaces/isaac_ros-dev/ros_ws/build/zed_ros2' returned '0': CMAKE_PREFIX_PATH=/workspaces/isaac_ros-dev/ros_ws/install/zed_wrapper:/workspaces/isaac_ros-dev/ros_ws/install/zed_components:/workspaces/isaac_ros-dev/ros_ws/install/zed_msgs:/workspaces/isaac_ros-dev/ros_ws/install/zed_ros2:/workspaces/isaac_ros-dev/ros_ws/install/ur5e_visual_servo:/usr/local/libcudss-linux-0.3.0.9_cuda12-archive:/opt/ros/humble /usr/bin/cmake --install /workspaces/isaac_ros-dev/ros_ws/build/zed_ros2
