[0.025s] Invoking command in '/workspaces/isaac_ros-dev/ros_ws/build/zed_components': CMAKE_PREFIX_PATH=/workspaces/isaac_ros-dev/ros_ws/install/zed_msgs:/workspaces/isaac_ros-dev/ros_ws/install/zed_ros2:/workspaces/isaac_ros-dev/ros_ws/install/zed_wrapper:/workspaces/isaac_ros-dev/ros_ws/install/zed_components:/workspaces/isaac_ros-dev/ros_ws/install/ur5e_visual_servo:/usr/local/libcudss-linux-0.3.0.9_cuda12-archive:/opt/ros/humble LD_LIBRARY_PATH=/workspaces/isaac_ros-dev/ros_ws/install/zed_msgs/lib:/workspaces/isaac_ros-dev/ros_ws/install/zed_components/lib:/opt/ros/humble/opt/rviz_ogre_vendor/lib:/opt/ros/humble/lib/aarch64-linux-gnu:/opt/ros/humble/lib:/usr/lib/aarch64-linux-gnu/tegra/weston:/usr/lib/aarch64-linux-gnu/tegra-egl:/usr/local/cuda-12.6/targets/aarch64-linux/lib:/usr/lib/aarch64-linux-gnu/tegra:/opt/nvidia/vpi3/lib64:/usr/local/libcudss-linux-0.3.0.9_cuda12-archive/lib:/usr/local/nvidia/lib:/usr/local/nvidia/lib64:/usr/lib/aarch64-linux-gnu-host:/opt/tritonserver/lib:/usr/local/zed/lib /usr/bin/cmake --build /workspaces/isaac_ros-dev/ros_ws/build/zed_components -- -j12 -l12
[0.128s] [35m[1mConsolidate compiler generated dependencies of target zed_camera_one_component[0m
[0.129s] [35m[1mConsolidate compiler generated dependencies of target zed_camera_component[0m
[0.212s] [ 80%] Built target zed_camera_one_component
[0.212s] [100%] Built target zed_camera_component
[0.237s] Invoked command in '/workspaces/isaac_ros-dev/ros_ws/build/zed_components' returned '0': CMAKE_PREFIX_PATH=/workspaces/isaac_ros-dev/ros_ws/install/zed_msgs:/workspaces/isaac_ros-dev/ros_ws/install/zed_ros2:/workspaces/isaac_ros-dev/ros_ws/install/zed_wrapper:/workspaces/isaac_ros-dev/ros_ws/install/zed_components:/workspaces/isaac_ros-dev/ros_ws/install/ur5e_visual_servo:/usr/local/libcudss-linux-0.3.0.9_cuda12-archive:/opt/ros/humble LD_LIBRARY_PATH=/workspaces/isaac_ros-dev/ros_ws/install/zed_msgs/lib:/workspaces/isaac_ros-dev/ros_ws/install/zed_components/lib:/opt/ros/humble/opt/rviz_ogre_vendor/lib:/opt/ros/humble/lib/aarch64-linux-gnu:/opt/ros/humble/lib:/usr/lib/aarch64-linux-gnu/tegra/weston:/usr/lib/aarch64-linux-gnu/tegra-egl:/usr/local/cuda-12.6/targets/aarch64-linux/lib:/usr/lib/aarch64-linux-gnu/tegra:/opt/nvidia/vpi3/lib64:/usr/local/libcudss-linux-0.3.0.9_cuda12-archive/lib:/usr/local/nvidia/lib:/usr/local/nvidia/lib64:/usr/lib/aarch64-linux-gnu-host:/opt/tritonserver/lib:/usr/local/zed/lib /usr/bin/cmake --build /workspaces/isaac_ros-dev/ros_ws/build/zed_components -- -j12 -l12
[0.240s] Invoking command in '/workspaces/isaac_ros-dev/ros_ws/build/zed_components': CMAKE_PREFIX_PATH=/workspaces/isaac_ros-dev/ros_ws/install/zed_msgs:/workspaces/isaac_ros-dev/ros_ws/install/zed_ros2:/workspaces/isaac_ros-dev/ros_ws/install/zed_wrapper:/workspaces/isaac_ros-dev/ros_ws/install/zed_components:/workspaces/isaac_ros-dev/ros_ws/install/ur5e_visual_servo:/usr/local/libcudss-linux-0.3.0.9_cuda12-archive:/opt/ros/humble LD_LIBRARY_PATH=/workspaces/isaac_ros-dev/ros_ws/install/zed_msgs/lib:/workspaces/isaac_ros-dev/ros_ws/install/zed_components/lib:/opt/ros/humble/opt/rviz_ogre_vendor/lib:/opt/ros/humble/lib/aarch64-linux-gnu:/opt/ros/humble/lib:/usr/lib/aarch64-linux-gnu/tegra/weston:/usr/lib/aarch64-linux-gnu/tegra-egl:/usr/local/cuda-12.6/targets/aarch64-linux/lib:/usr/lib/aarch64-linux-gnu/tegra:/opt/nvidia/vpi3/lib64:/usr/local/libcudss-linux-0.3.0.9_cuda12-archive/lib:/usr/local/nvidia/lib:/usr/local/nvidia/lib64:/usr/lib/aarch64-linux-gnu-host:/opt/tritonserver/lib:/usr/local/zed/lib /usr/bin/cmake --install /workspaces/isaac_ros-dev/ros_ws/build/zed_components
[0.254s] -- Install configuration: "Release"
[0.254s] -- Execute custom install script
[0.255s] -- Up-to-date symlink: /workspaces/isaac_ros-dev/ros_ws/install/zed_components/lib/libzed_camera_component.so
[0.255s] -- Up-to-date symlink: /workspaces/isaac_ros-dev/ros_ws/install/zed_components/lib/libzed_camera_one_component.so
[0.256s] -- Up-to-date symlink: /workspaces/isaac_ros-dev/ros_ws/install/zed_components/include/zed_components//cost_traversability.hpp
[0.256s] -- Up-to-date symlink: /workspaces/isaac_ros-dev/ros_ws/install/zed_components/include/zed_components//sl_types.hpp
[0.257s] -- Up-to-date symlink: /workspaces/isaac_ros-dev/ros_ws/install/zed_components/include/zed_components//zed_camera_component.hpp
[0.257s] -- Up-to-date symlink: /workspaces/isaac_ros-dev/ros_ws/install/zed_components/include/zed_components//zed_camera_one_component.hpp
[0.257s] -- Up-to-date symlink: /workspaces/isaac_ros-dev/ros_ws/install/zed_components/include/zed_components//gnss_replay.hpp
[0.258s] -- Up-to-date symlink: /workspaces/isaac_ros-dev/ros_ws/install/zed_components/include/zed_components//json.hpp
[0.258s] -- Up-to-date symlink: /workspaces/isaac_ros-dev/ros_ws/install/zed_components/include/zed_components//sl_logging.hpp
[0.258s] -- Up-to-date symlink: /workspaces/isaac_ros-dev/ros_ws/install/zed_components/include/zed_components//sl_tools.hpp
[0.259s] -- Up-to-date symlink: /workspaces/isaac_ros-dev/ros_ws/install/zed_components/include/zed_components//sl_win_avg.hpp
[0.259s] -- Up-to-date symlink: /workspaces/isaac_ros-dev/ros_ws/install/zed_components/include/zed_components//visibility_control.hpp
[0.260s] -- Up-to-date symlink: /workspaces/isaac_ros-dev/ros_ws/install/zed_components/share/zed_components/environment/library_path.sh
[0.261s] -- Up-to-date symlink: /workspaces/isaac_ros-dev/ros_ws/install/zed_components/share/zed_components/environment/library_path.dsv
[0.261s] -- Up-to-date symlink: /workspaces/isaac_ros-dev/ros_ws/install/zed_components/share/ament_index/resource_index/package_run_dependencies/zed_components
[0.261s] -- Up-to-date symlink: /workspaces/isaac_ros-dev/ros_ws/install/zed_components/share/ament_index/resource_index/parent_prefix_path/zed_components
[0.261s] -- Up-to-date symlink: /workspaces/isaac_ros-dev/ros_ws/install/zed_components/share/zed_components/environment/ament_prefix_path.sh
[0.261s] -- Up-to-date symlink: /workspaces/isaac_ros-dev/ros_ws/install/zed_components/share/zed_components/environment/ament_prefix_path.dsv
[0.262s] -- Up-to-date symlink: /workspaces/isaac_ros-dev/ros_ws/install/zed_components/share/zed_components/environment/path.sh
[0.262s] -- Up-to-date symlink: /workspaces/isaac_ros-dev/ros_ws/install/zed_components/share/zed_components/environment/path.dsv
[0.263s] -- Up-to-date symlink: /workspaces/isaac_ros-dev/ros_ws/install/zed_components/share/zed_components/local_setup.bash
[0.263s] -- Up-to-date symlink: /workspaces/isaac_ros-dev/ros_ws/install/zed_components/share/zed_components/local_setup.sh
[0.263s] -- Up-to-date symlink: /workspaces/isaac_ros-dev/ros_ws/install/zed_components/share/zed_components/local_setup.zsh
[0.263s] -- Up-to-date symlink: /workspaces/isaac_ros-dev/ros_ws/install/zed_components/share/zed_components/local_setup.dsv
[0.264s] -- Symlinking: /workspaces/isaac_ros-dev/ros_ws/install/zed_components/share/zed_components/package.dsv
[0.281s] -- Up-to-date symlink: /workspaces/isaac_ros-dev/ros_ws/install/zed_components/share/ament_index/resource_index/packages/zed_components
[0.282s] -- Up-to-date symlink: /workspaces/isaac_ros-dev/ros_ws/install/zed_components/share/ament_index/resource_index/rclcpp_components/zed_components
[0.283s] -- Up-to-date symlink: /workspaces/isaac_ros-dev/ros_ws/install/zed_components/share/zed_components/cmake/ament_cmake_export_include_directories-extras.cmake
[0.283s] -- Up-to-date symlink: /workspaces/isaac_ros-dev/ros_ws/install/zed_components/share/zed_components/cmake/ament_cmake_export_libraries-extras.cmake
[0.283s] -- Up-to-date symlink: /workspaces/isaac_ros-dev/ros_ws/install/zed_components/share/zed_components/cmake/ament_cmake_export_dependencies-extras.cmake
[0.284s] -- Up-to-date symlink: /workspaces/isaac_ros-dev/ros_ws/install/zed_components/share/zed_components/cmake/zed_componentsConfig.cmake
[0.284s] -- Up-to-date symlink: /workspaces/isaac_ros-dev/ros_ws/install/zed_components/share/zed_components/cmake/zed_componentsConfig-version.cmake
[0.284s] -- Up-to-date symlink: /workspaces/isaac_ros-dev/ros_ws/install/zed_components/share/zed_components/package.xml
[0.289s] Invoked command in '/workspaces/isaac_ros-dev/ros_ws/build/zed_components' returned '0': CMAKE_PREFIX_PATH=/workspaces/isaac_ros-dev/ros_ws/install/zed_msgs:/workspaces/isaac_ros-dev/ros_ws/install/zed_ros2:/workspaces/isaac_ros-dev/ros_ws/install/zed_wrapper:/workspaces/isaac_ros-dev/ros_ws/install/zed_components:/workspaces/isaac_ros-dev/ros_ws/install/ur5e_visual_servo:/usr/local/libcudss-linux-0.3.0.9_cuda12-archive:/opt/ros/humble LD_LIBRARY_PATH=/workspaces/isaac_ros-dev/ros_ws/install/zed_msgs/lib:/workspaces/isaac_ros-dev/ros_ws/install/zed_components/lib:/opt/ros/humble/opt/rviz_ogre_vendor/lib:/opt/ros/humble/lib/aarch64-linux-gnu:/opt/ros/humble/lib:/usr/lib/aarch64-linux-gnu/tegra/weston:/usr/lib/aarch64-linux-gnu/tegra-egl:/usr/local/cuda-12.6/targets/aarch64-linux/lib:/usr/lib/aarch64-linux-gnu/tegra:/opt/nvidia/vpi3/lib64:/usr/local/libcudss-linux-0.3.0.9_cuda12-archive/lib:/usr/local/nvidia/lib:/usr/local/nvidia/lib64:/usr/lib/aarch64-linux-gnu-host:/opt/tritonserver/lib:/usr/local/zed/lib /usr/bin/cmake --install /workspaces/isaac_ros-dev/ros_ws/build/zed_components
