[3.374s] Invoking command in '/workspaces/isaac_ros-dev/ros_ws/src/pattern': PYTHONPATH=/workspaces/isaac_ros-dev/ros_ws/build/pattern/prefix_override:/usr/lib/python3/dist-packages/colcon_core/task/python/colcon_distutils_commands:/workspaces/isaac_ros-dev/ros_ws/install/pattern/lib/python3.10/site-packages:${PYTHONPATH} /usr/bin/python3 -W ignore:setup.py install is deprecated -W ignore:easy_install command is deprecated setup.py egg_info --egg-base ../../build/pattern build --build-base /workspaces/isaac_ros-dev/ros_ws/build/pattern/build install --record /workspaces/isaac_ros-dev/ros_ws/build/pattern/install.log --single-version-externally-managed install_data
[4.110s] running egg_info
[4.142s] writing ../../build/pattern/pattern.egg-info/PKG-INFO
[4.143s] writing dependency_links to ../../build/pattern/pattern.egg-info/dependency_links.txt
[4.143s] writing entry points to ../../build/pattern/pattern.egg-info/entry_points.txt
[4.143s] writing requirements to ../../build/pattern/pattern.egg-info/requires.txt
[4.143s] writing top-level names to ../../build/pattern/pattern.egg-info/top_level.txt
[4.471s] reading manifest file '../../build/pattern/pattern.egg-info/SOURCES.txt'
[4.472s] writing manifest file '../../build/pattern/pattern.egg-info/SOURCES.txt'
[4.473s] running build
[4.473s] running build_py
[4.473s] running install
[4.485s] running install_lib
[4.527s] running install_data
[4.528s] running install_egg_info
[4.562s] removing '/workspaces/isaac_ros-dev/ros_ws/install/pattern/lib/python3.10/site-packages/pattern-0.0.1-py3.10.egg-info' (and everything under it)
[4.563s] Copying ../../build/pattern/pattern.egg-info to /workspaces/isaac_ros-dev/ros_ws/install/pattern/lib/python3.10/site-packages/pattern-0.0.1-py3.10.egg-info
[4.565s] running install_scripts
[4.686s] Installing pattern_node script to /workspaces/isaac_ros-dev/ros_ws/install/pattern/lib/pattern
[4.687s] writing list of installed files to '/workspaces/isaac_ros-dev/ros_ws/build/pattern/install.log'
[4.786s] Invoked command in '/workspaces/isaac_ros-dev/ros_ws/src/pattern' returned '0': PYTHONPATH=/workspaces/isaac_ros-dev/ros_ws/build/pattern/prefix_override:/usr/lib/python3/dist-packages/colcon_core/task/python/colcon_distutils_commands:/workspaces/isaac_ros-dev/ros_ws/install/pattern/lib/python3.10/site-packages:${PYTHONPATH} /usr/bin/python3 -W ignore:setup.py install is deprecated -W ignore:easy_install command is deprecated setup.py egg_info --egg-base ../../build/pattern build --build-base /workspaces/isaac_ros-dev/ros_ws/build/pattern/build install --record /workspaces/isaac_ros-dev/ros_ws/build/pattern/install.log --single-version-externally-managed install_data
