[0.025s] Invoking command in '/workspaces/isaac_ros-dev/ros_ws/build/zed_msgs': CMAKE_PREFIX_PATH=${CMAKE_PREFIX_PATH}:/opt/ros/humble /usr/bin/cmake --build /workspaces/isaac_ros-dev/ros_ws/build/zed_msgs -- -j12 -l12
[0.134s] [  0%] Built target zed_msgs__cpp
[0.138s] [  0%] Built target ament_cmake_python_symlink_zed_msgs
[0.139s] [ 12%] Built target zed_msgs__rosidl_generator_c
[0.194s] [ 37%] Built target zed_msgs__rosidl_typesupport_introspection_c
[0.194s] [ 37%] Built target zed_msgs__rosidl_typesupport_introspection_cpp
[0.198s] [ 73%] Built target zed_msgs__rosidl_typesupport_cpp
[0.198s] [ 73%] Built target zed_msgs__rosidl_typesupport_c
[0.199s] [ 73%] Built target zed_msgs__rosidl_typesupport_fastrtps_cpp
[0.207s] [ 85%] Built target zed_msgs__rosidl_typesupport_fastrtps_c
[0.250s] [ 85%] Built target zed_msgs
[0.295s] [ 86%] Built target zed_msgs__py
[0.354s] [ 97%] Built target zed_msgs__rosidl_generator_py
[0.397s] [ 99%] Built target zed_msgs__rosidl_typesupport_fastrtps_c__pyext
[0.397s] [ 99%] Built target zed_msgs__rosidl_typesupport_c__pyext
[0.402s] [100%] Built target zed_msgs__rosidl_typesupport_introspection_c__pyext
[0.794s] running egg_info
[0.824s] writing zed_msgs.egg-info/PKG-INFO
[0.825s] writing dependency_links to zed_msgs.egg-info/dependency_links.txt
[0.825s] writing top-level names to zed_msgs.egg-info/top_level.txt
[1.001s] ERROR setuptools_scm._file_finders.git listing git files failed - pretending there aren't any
[1.192s] reading manifest file 'zed_msgs.egg-info/SOURCES.txt'
[1.195s] writing manifest file 'zed_msgs.egg-info/SOURCES.txt'
[1.293s] [100%] Built target ament_cmake_python_build_zed_msgs_egg
[1.323s] Invoked command in '/workspaces/isaac_ros-dev/ros_ws/build/zed_msgs' returned '0': CMAKE_PREFIX_PATH=${CMAKE_PREFIX_PATH}:/opt/ros/humble /usr/bin/cmake --build /workspaces/isaac_ros-dev/ros_ws/build/zed_msgs -- -j12 -l12
[1.328s] Invoking command in '/workspaces/isaac_ros-dev/ros_ws/build/zed_msgs': CMAKE_PREFIX_PATH=${CMAKE_PREFIX_PATH}:/opt/ros/humble /usr/bin/cmake --install /workspaces/isaac_ros-dev/ros_ws/build/zed_msgs
[1.343s] -- Install configuration: ""
[1.344s] -- Execute custom install script
[1.345s] -- Up-to-date symlink: /workspaces/isaac_ros-dev/ros_ws/install/zed_msgs/share/ament_index/resource_index/rosidl_interfaces/zed_msgs
[1.347s] -- Up-to-date symlink: /workspaces/isaac_ros-dev/ros_ws/install/zed_msgs/include/zed_msgs/zed_msgs/msg/bounding_box2_df.h
[1.348s] -- Up-to-date symlink: /workspaces/isaac_ros-dev/ros_ws/install/zed_msgs/include/zed_msgs/zed_msgs/msg/bounding_box2_di.h
[1.348s] -- Up-to-date symlink: /workspaces/isaac_ros-dev/ros_ws/install/zed_msgs/include/zed_msgs/zed_msgs/msg/bounding_box3_d.h
[1.349s] -- Up-to-date symlink: /workspaces/isaac_ros-dev/ros_ws/install/zed_msgs/include/zed_msgs/zed_msgs/msg/depth_info_stamped.h
[1.349s] -- Up-to-date symlink: /workspaces/isaac_ros-dev/ros_ws/install/zed_msgs/include/zed_msgs/zed_msgs/msg/detail/bounding_box2_df__functions.h
[1.349s] -- Up-to-date symlink: /workspaces/isaac_ros-dev/ros_ws/install/zed_msgs/include/zed_msgs/zed_msgs/msg/detail/bounding_box2_df__struct.h
[1.350s] -- Up-to-date symlink: /workspaces/isaac_ros-dev/ros_ws/install/zed_msgs/include/zed_msgs/zed_msgs/msg/detail/bounding_box2_df__type_support.h
[1.350s] -- Up-to-date symlink: /workspaces/isaac_ros-dev/ros_ws/install/zed_msgs/include/zed_msgs/zed_msgs/msg/detail/bounding_box2_di__functions.h
[1.351s] -- Up-to-date symlink: /workspaces/isaac_ros-dev/ros_ws/install/zed_msgs/include/zed_msgs/zed_msgs/msg/detail/bounding_box2_di__struct.h
[1.351s] -- Up-to-date symlink: /workspaces/isaac_ros-dev/ros_ws/install/zed_msgs/include/zed_msgs/zed_msgs/msg/detail/bounding_box2_di__type_support.h
[1.352s] -- Up-to-date symlink: /workspaces/isaac_ros-dev/ros_ws/install/zed_msgs/include/zed_msgs/zed_msgs/msg/detail/bounding_box3_d__functions.h
[1.352s] -- Up-to-date symlink: /workspaces/isaac_ros-dev/ros_ws/install/zed_msgs/include/zed_msgs/zed_msgs/msg/detail/bounding_box3_d__struct.h
[1.352s] -- Up-to-date symlink: /workspaces/isaac_ros-dev/ros_ws/install/zed_msgs/include/zed_msgs/zed_msgs/msg/detail/bounding_box3_d__type_support.h
[1.353s] -- Up-to-date symlink: /workspaces/isaac_ros-dev/ros_ws/install/zed_msgs/include/zed_msgs/zed_msgs/msg/detail/depth_info_stamped__functions.h
[1.353s] -- Up-to-date symlink: /workspaces/isaac_ros-dev/ros_ws/install/zed_msgs/include/zed_msgs/zed_msgs/msg/detail/depth_info_stamped__struct.h
[1.354s] -- Up-to-date symlink: /workspaces/isaac_ros-dev/ros_ws/install/zed_msgs/include/zed_msgs/zed_msgs/msg/detail/depth_info_stamped__type_support.h
[1.354s] -- Up-to-date symlink: /workspaces/isaac_ros-dev/ros_ws/install/zed_msgs/include/zed_msgs/zed_msgs/msg/detail/gnss_fusion_status__functions.h
[1.354s] -- Up-to-date symlink: /workspaces/isaac_ros-dev/ros_ws/install/zed_msgs/include/zed_msgs/zed_msgs/msg/detail/gnss_fusion_status__struct.h
[1.355s] -- Up-to-date symlink: /workspaces/isaac_ros-dev/ros_ws/install/zed_msgs/include/zed_msgs/zed_msgs/msg/detail/gnss_fusion_status__type_support.h
[1.355s] -- Up-to-date symlink: /workspaces/isaac_ros-dev/ros_ws/install/zed_msgs/include/zed_msgs/zed_msgs/msg/detail/health_status_stamped__functions.h
[1.355s] -- Up-to-date symlink: /workspaces/isaac_ros-dev/ros_ws/install/zed_msgs/include/zed_msgs/zed_msgs/msg/detail/health_status_stamped__struct.h
[1.356s] -- Up-to-date symlink: /workspaces/isaac_ros-dev/ros_ws/install/zed_msgs/include/zed_msgs/zed_msgs/msg/detail/health_status_stamped__type_support.h
[1.356s] -- Up-to-date symlink: /workspaces/isaac_ros-dev/ros_ws/install/zed_msgs/include/zed_msgs/zed_msgs/msg/detail/heartbeat__functions.h
[1.357s] -- Up-to-date symlink: /workspaces/isaac_ros-dev/ros_ws/install/zed_msgs/include/zed_msgs/zed_msgs/msg/detail/heartbeat__struct.h
[1.357s] -- Up-to-date symlink: /workspaces/isaac_ros-dev/ros_ws/install/zed_msgs/include/zed_msgs/zed_msgs/msg/detail/heartbeat__type_support.h
[1.358s] -- Up-to-date symlink: /workspaces/isaac_ros-dev/ros_ws/install/zed_msgs/include/zed_msgs/zed_msgs/msg/detail/keypoint2_df__functions.h
[1.358s] -- Up-to-date symlink: /workspaces/isaac_ros-dev/ros_ws/install/zed_msgs/include/zed_msgs/zed_msgs/msg/detail/keypoint2_df__struct.h
[1.358s] -- Up-to-date symlink: /workspaces/isaac_ros-dev/ros_ws/install/zed_msgs/include/zed_msgs/zed_msgs/msg/detail/keypoint2_df__type_support.h
[1.359s] -- Up-to-date symlink: /workspaces/isaac_ros-dev/ros_ws/install/zed_msgs/include/zed_msgs/zed_msgs/msg/detail/keypoint2_di__functions.h
[1.359s] -- Up-to-date symlink: /workspaces/isaac_ros-dev/ros_ws/install/zed_msgs/include/zed_msgs/zed_msgs/msg/detail/keypoint2_di__struct.h
[1.360s] -- Up-to-date symlink: /workspaces/isaac_ros-dev/ros_ws/install/zed_msgs/include/zed_msgs/zed_msgs/msg/detail/keypoint2_di__type_support.h
[1.360s] -- Up-to-date symlink: /workspaces/isaac_ros-dev/ros_ws/install/zed_msgs/include/zed_msgs/zed_msgs/msg/detail/keypoint3_d__functions.h
[1.360s] -- Up-to-date symlink: /workspaces/isaac_ros-dev/ros_ws/install/zed_msgs/include/zed_msgs/zed_msgs/msg/detail/keypoint3_d__struct.h
[1.361s] -- Up-to-date symlink: /workspaces/isaac_ros-dev/ros_ws/install/zed_msgs/include/zed_msgs/zed_msgs/msg/detail/keypoint3_d__type_support.h
[1.361s] -- Up-to-date symlink: /workspaces/isaac_ros-dev/ros_ws/install/zed_msgs/include/zed_msgs/zed_msgs/msg/detail/mag_heading_status__functions.h
[1.361s] -- Up-to-date symlink: /workspaces/isaac_ros-dev/ros_ws/install/zed_msgs/include/zed_msgs/zed_msgs/msg/detail/mag_heading_status__struct.h
[1.362s] -- Up-to-date symlink: /workspaces/isaac_ros-dev/ros_ws/install/zed_msgs/include/zed_msgs/zed_msgs/msg/detail/mag_heading_status__type_support.h
[1.362s] -- Up-to-date symlink: /workspaces/isaac_ros-dev/ros_ws/install/zed_msgs/include/zed_msgs/zed_msgs/msg/detail/object__functions.h
[1.362s] -- Up-to-date symlink: /workspaces/isaac_ros-dev/ros_ws/install/zed_msgs/include/zed_msgs/zed_msgs/msg/detail/object__struct.h
[1.363s] -- Up-to-date symlink: /workspaces/isaac_ros-dev/ros_ws/install/zed_msgs/include/zed_msgs/zed_msgs/msg/detail/object__type_support.h
[1.363s] -- Up-to-date symlink: /workspaces/isaac_ros-dev/ros_ws/install/zed_msgs/include/zed_msgs/zed_msgs/msg/detail/objects_stamped__functions.h
[1.363s] -- Up-to-date symlink: /workspaces/isaac_ros-dev/ros_ws/install/zed_msgs/include/zed_msgs/zed_msgs/msg/detail/objects_stamped__struct.h
[1.363s] -- Up-to-date symlink: /workspaces/isaac_ros-dev/ros_ws/install/zed_msgs/include/zed_msgs/zed_msgs/msg/detail/objects_stamped__type_support.h
[1.364s] -- Up-to-date symlink: /workspaces/isaac_ros-dev/ros_ws/install/zed_msgs/include/zed_msgs/zed_msgs/msg/detail/plane_stamped__functions.h
[1.364s] -- Up-to-date symlink: /workspaces/isaac_ros-dev/ros_ws/install/zed_msgs/include/zed_msgs/zed_msgs/msg/detail/plane_stamped__struct.h
[1.364s] -- Up-to-date symlink: /workspaces/isaac_ros-dev/ros_ws/install/zed_msgs/include/zed_msgs/zed_msgs/msg/detail/plane_stamped__type_support.h
[1.365s] -- Up-to-date symlink: /workspaces/isaac_ros-dev/ros_ws/install/zed_msgs/include/zed_msgs/zed_msgs/msg/detail/pos_track_status__functions.h
[1.365s] -- Up-to-date symlink: /workspaces/isaac_ros-dev/ros_ws/install/zed_msgs/include/zed_msgs/zed_msgs/msg/detail/pos_track_status__struct.h
[1.365s] -- Up-to-date symlink: /workspaces/isaac_ros-dev/ros_ws/install/zed_msgs/include/zed_msgs/zed_msgs/msg/detail/pos_track_status__type_support.h
[1.366s] -- Up-to-date symlink: /workspaces/isaac_ros-dev/ros_ws/install/zed_msgs/include/zed_msgs/zed_msgs/msg/detail/skeleton2_d__functions.h
[1.366s] -- Up-to-date symlink: /workspaces/isaac_ros-dev/ros_ws/install/zed_msgs/include/zed_msgs/zed_msgs/msg/detail/skeleton2_d__struct.h
[1.366s] -- Up-to-date symlink: /workspaces/isaac_ros-dev/ros_ws/install/zed_msgs/include/zed_msgs/zed_msgs/msg/detail/skeleton2_d__type_support.h
[1.367s] -- Up-to-date symlink: /workspaces/isaac_ros-dev/ros_ws/install/zed_msgs/include/zed_msgs/zed_msgs/msg/detail/skeleton3_d__functions.h
[1.367s] -- Up-to-date symlink: /workspaces/isaac_ros-dev/ros_ws/install/zed_msgs/include/zed_msgs/zed_msgs/msg/detail/skeleton3_d__struct.h
[1.367s] -- Up-to-date symlink: /workspaces/isaac_ros-dev/ros_ws/install/zed_msgs/include/zed_msgs/zed_msgs/msg/detail/skeleton3_d__type_support.h
[1.368s] -- Up-to-date symlink: /workspaces/isaac_ros-dev/ros_ws/install/zed_msgs/include/zed_msgs/zed_msgs/msg/detail/svo_status__functions.h
[1.368s] -- Up-to-date symlink: /workspaces/isaac_ros-dev/ros_ws/install/zed_msgs/include/zed_msgs/zed_msgs/msg/detail/svo_status__struct.h
[1.368s] -- Up-to-date symlink: /workspaces/isaac_ros-dev/ros_ws/install/zed_msgs/include/zed_msgs/zed_msgs/msg/detail/svo_status__type_support.h
[1.369s] -- Up-to-date symlink: /workspaces/isaac_ros-dev/ros_ws/install/zed_msgs/include/zed_msgs/zed_msgs/msg/gnss_fusion_status.h
[1.369s] -- Up-to-date symlink: /workspaces/isaac_ros-dev/ros_ws/install/zed_msgs/include/zed_msgs/zed_msgs/msg/health_status_stamped.h
[1.369s] -- Up-to-date symlink: /workspaces/isaac_ros-dev/ros_ws/install/zed_msgs/include/zed_msgs/zed_msgs/msg/heartbeat.h
[1.369s] -- Up-to-date symlink: /workspaces/isaac_ros-dev/ros_ws/install/zed_msgs/include/zed_msgs/zed_msgs/msg/keypoint2_df.h
[1.370s] -- Up-to-date symlink: /workspaces/isaac_ros-dev/ros_ws/install/zed_msgs/include/zed_msgs/zed_msgs/msg/keypoint2_di.h
[1.370s] -- Up-to-date symlink: /workspaces/isaac_ros-dev/ros_ws/install/zed_msgs/include/zed_msgs/zed_msgs/msg/keypoint3_d.h
[1.371s] -- Up-to-date symlink: /workspaces/isaac_ros-dev/ros_ws/install/zed_msgs/include/zed_msgs/zed_msgs/msg/mag_heading_status.h
[1.371s] -- Up-to-date symlink: /workspaces/isaac_ros-dev/ros_ws/install/zed_msgs/include/zed_msgs/zed_msgs/msg/object.h
[1.372s] -- Up-to-date symlink: /workspaces/isaac_ros-dev/ros_ws/install/zed_msgs/include/zed_msgs/zed_msgs/msg/objects_stamped.h
[1.372s] -- Up-to-date symlink: /workspaces/isaac_ros-dev/ros_ws/install/zed_msgs/include/zed_msgs/zed_msgs/msg/plane_stamped.h
[1.373s] -- Up-to-date symlink: /workspaces/isaac_ros-dev/ros_ws/install/zed_msgs/include/zed_msgs/zed_msgs/msg/pos_track_status.h
[1.373s] -- Up-to-date symlink: /workspaces/isaac_ros-dev/ros_ws/install/zed_msgs/include/zed_msgs/zed_msgs/msg/rosidl_generator_c__visibility_control.h
[1.373s] -- Up-to-date symlink: /workspaces/isaac_ros-dev/ros_ws/install/zed_msgs/include/zed_msgs/zed_msgs/msg/skeleton2_d.h
[1.374s] -- Up-to-date symlink: /workspaces/isaac_ros-dev/ros_ws/install/zed_msgs/include/zed_msgs/zed_msgs/msg/skeleton3_d.h
[1.374s] -- Up-to-date symlink: /workspaces/isaac_ros-dev/ros_ws/install/zed_msgs/include/zed_msgs/zed_msgs/msg/svo_status.h
[1.374s] -- Up-to-date symlink: /workspaces/isaac_ros-dev/ros_ws/install/zed_msgs/include/zed_msgs/zed_msgs/srv/detail/set_pose__functions.h
[1.375s] -- Up-to-date symlink: /workspaces/isaac_ros-dev/ros_ws/install/zed_msgs/include/zed_msgs/zed_msgs/srv/detail/set_pose__struct.h
[1.375s] -- Up-to-date symlink: /workspaces/isaac_ros-dev/ros_ws/install/zed_msgs/include/zed_msgs/zed_msgs/srv/detail/set_pose__type_support.h
[1.375s] -- Up-to-date symlink: /workspaces/isaac_ros-dev/ros_ws/install/zed_msgs/include/zed_msgs/zed_msgs/srv/detail/set_roi__functions.h
[1.376s] -- Up-to-date symlink: /workspaces/isaac_ros-dev/ros_ws/install/zed_msgs/include/zed_msgs/zed_msgs/srv/detail/set_roi__struct.h
[1.376s] -- Up-to-date symlink: /workspaces/isaac_ros-dev/ros_ws/install/zed_msgs/include/zed_msgs/zed_msgs/srv/detail/set_roi__type_support.h
[1.376s] -- Up-to-date symlink: /workspaces/isaac_ros-dev/ros_ws/install/zed_msgs/include/zed_msgs/zed_msgs/srv/detail/set_svo_frame__functions.h
[1.377s] -- Up-to-date symlink: /workspaces/isaac_ros-dev/ros_ws/install/zed_msgs/include/zed_msgs/zed_msgs/srv/detail/set_svo_frame__struct.h
[1.377s] -- Up-to-date symlink: /workspaces/isaac_ros-dev/ros_ws/install/zed_msgs/include/zed_msgs/zed_msgs/srv/detail/set_svo_frame__type_support.h
[1.377s] -- Up-to-date symlink: /workspaces/isaac_ros-dev/ros_ws/install/zed_msgs/include/zed_msgs/zed_msgs/srv/detail/start_svo_rec__functions.h
[1.378s] -- Up-to-date symlink: /workspaces/isaac_ros-dev/ros_ws/install/zed_msgs/include/zed_msgs/zed_msgs/srv/detail/start_svo_rec__struct.h
[1.378s] -- Up-to-date symlink: /workspaces/isaac_ros-dev/ros_ws/install/zed_msgs/include/zed_msgs/zed_msgs/srv/detail/start_svo_rec__type_support.h
[1.378s] -- Up-to-date symlink: /workspaces/isaac_ros-dev/ros_ws/install/zed_msgs/include/zed_msgs/zed_msgs/srv/set_pose.h
[1.378s] -- Up-to-date symlink: /workspaces/isaac_ros-dev/ros_ws/install/zed_msgs/include/zed_msgs/zed_msgs/srv/set_roi.h
[1.379s] -- Up-to-date symlink: /workspaces/isaac_ros-dev/ros_ws/install/zed_msgs/include/zed_msgs/zed_msgs/srv/set_svo_frame.h
[1.379s] -- Up-to-date symlink: /workspaces/isaac_ros-dev/ros_ws/install/zed_msgs/include/zed_msgs/zed_msgs/srv/start_svo_rec.h
[1.379s] -- Up-to-date symlink: /workspaces/isaac_ros-dev/ros_ws/install/zed_msgs/share/zed_msgs/environment/library_path.sh
[1.380s] -- Up-to-date symlink: /workspaces/isaac_ros-dev/ros_ws/install/zed_msgs/share/zed_msgs/environment/library_path.dsv
[1.380s] -- Up-to-date symlink: /workspaces/isaac_ros-dev/ros_ws/install/zed_msgs/include/zed_msgs/zed_msgs/msg/detail/bounding_box2_df__rosidl_typesupport_fastrtps_c.h
[1.380s] -- Up-to-date symlink: /workspaces/isaac_ros-dev/ros_ws/install/zed_msgs/include/zed_msgs/zed_msgs/msg/detail/bounding_box2_di__rosidl_typesupport_fastrtps_c.h
[1.380s] -- Up-to-date symlink: /workspaces/isaac_ros-dev/ros_ws/install/zed_msgs/include/zed_msgs/zed_msgs/msg/detail/bounding_box3_d__rosidl_typesupport_fastrtps_c.h
[1.381s] -- Up-to-date symlink: /workspaces/isaac_ros-dev/ros_ws/install/zed_msgs/include/zed_msgs/zed_msgs/msg/detail/depth_info_stamped__rosidl_typesupport_fastrtps_c.h
[1.381s] -- Up-to-date symlink: /workspaces/isaac_ros-dev/ros_ws/install/zed_msgs/include/zed_msgs/zed_msgs/msg/detail/gnss_fusion_status__rosidl_typesupport_fastrtps_c.h
[1.381s] -- Up-to-date symlink: /workspaces/isaac_ros-dev/ros_ws/install/zed_msgs/include/zed_msgs/zed_msgs/msg/detail/health_status_stamped__rosidl_typesupport_fastrtps_c.h
[1.381s] -- Up-to-date symlink: /workspaces/isaac_ros-dev/ros_ws/install/zed_msgs/include/zed_msgs/zed_msgs/msg/detail/heartbeat__rosidl_typesupport_fastrtps_c.h
[1.382s] -- Up-to-date symlink: /workspaces/isaac_ros-dev/ros_ws/install/zed_msgs/include/zed_msgs/zed_msgs/msg/detail/keypoint2_df__rosidl_typesupport_fastrtps_c.h
[1.382s] -- Up-to-date symlink: /workspaces/isaac_ros-dev/ros_ws/install/zed_msgs/include/zed_msgs/zed_msgs/msg/detail/keypoint2_di__rosidl_typesupport_fastrtps_c.h
[1.382s] -- Up-to-date symlink: /workspaces/isaac_ros-dev/ros_ws/install/zed_msgs/include/zed_msgs/zed_msgs/msg/detail/keypoint3_d__rosidl_typesupport_fastrtps_c.h
[1.383s] -- Up-to-date symlink: /workspaces/isaac_ros-dev/ros_ws/install/zed_msgs/include/zed_msgs/zed_msgs/msg/detail/mag_heading_status__rosidl_typesupport_fastrtps_c.h
[1.383s] -- Up-to-date symlink: /workspaces/isaac_ros-dev/ros_ws/install/zed_msgs/include/zed_msgs/zed_msgs/msg/detail/object__rosidl_typesupport_fastrtps_c.h
[1.383s] -- Up-to-date symlink: /workspaces/isaac_ros-dev/ros_ws/install/zed_msgs/include/zed_msgs/zed_msgs/msg/detail/objects_stamped__rosidl_typesupport_fastrtps_c.h
[1.384s] -- Up-to-date symlink: /workspaces/isaac_ros-dev/ros_ws/install/zed_msgs/include/zed_msgs/zed_msgs/msg/detail/plane_stamped__rosidl_typesupport_fastrtps_c.h
[1.384s] -- Up-to-date symlink: /workspaces/isaac_ros-dev/ros_ws/install/zed_msgs/include/zed_msgs/zed_msgs/msg/detail/pos_track_status__rosidl_typesupport_fastrtps_c.h
[1.384s] -- Up-to-date symlink: /workspaces/isaac_ros-dev/ros_ws/install/zed_msgs/include/zed_msgs/zed_msgs/msg/detail/skeleton2_d__rosidl_typesupport_fastrtps_c.h
[1.384s] -- Up-to-date symlink: /workspaces/isaac_ros-dev/ros_ws/install/zed_msgs/include/zed_msgs/zed_msgs/msg/detail/skeleton3_d__rosidl_typesupport_fastrtps_c.h
[1.385s] -- Up-to-date symlink: /workspaces/isaac_ros-dev/ros_ws/install/zed_msgs/include/zed_msgs/zed_msgs/msg/detail/svo_status__rosidl_typesupport_fastrtps_c.h
[1.385s] -- Up-to-date symlink: /workspaces/isaac_ros-dev/ros_ws/install/zed_msgs/include/zed_msgs/zed_msgs/msg/rosidl_typesupport_fastrtps_c__visibility_control.h
[1.385s] -- Up-to-date symlink: /workspaces/isaac_ros-dev/ros_ws/install/zed_msgs/include/zed_msgs/zed_msgs/srv/detail/set_pose__rosidl_typesupport_fastrtps_c.h
[1.385s] -- Up-to-date symlink: /workspaces/isaac_ros-dev/ros_ws/install/zed_msgs/include/zed_msgs/zed_msgs/srv/detail/set_roi__rosidl_typesupport_fastrtps_c.h
[1.386s] -- Up-to-date symlink: /workspaces/isaac_ros-dev/ros_ws/install/zed_msgs/include/zed_msgs/zed_msgs/srv/detail/set_svo_frame__rosidl_typesupport_fastrtps_c.h
[1.386s] -- Up-to-date symlink: /workspaces/isaac_ros-dev/ros_ws/install/zed_msgs/include/zed_msgs/zed_msgs/srv/detail/start_svo_rec__rosidl_typesupport_fastrtps_c.h
[1.386s] -- Up-to-date symlink: /workspaces/isaac_ros-dev/ros_ws/install/zed_msgs/include/zed_msgs/zed_msgs/msg/bounding_box2_df.hpp
[1.387s] -- Up-to-date symlink: /workspaces/isaac_ros-dev/ros_ws/install/zed_msgs/include/zed_msgs/zed_msgs/msg/bounding_box2_di.hpp
[1.387s] -- Up-to-date symlink: /workspaces/isaac_ros-dev/ros_ws/install/zed_msgs/include/zed_msgs/zed_msgs/msg/bounding_box3_d.hpp
[1.387s] -- Up-to-date symlink: /workspaces/isaac_ros-dev/ros_ws/install/zed_msgs/include/zed_msgs/zed_msgs/msg/depth_info_stamped.hpp
[1.387s] -- Up-to-date symlink: /workspaces/isaac_ros-dev/ros_ws/install/zed_msgs/include/zed_msgs/zed_msgs/msg/detail/bounding_box2_df__builder.hpp
[1.388s] -- Up-to-date symlink: /workspaces/isaac_ros-dev/ros_ws/install/zed_msgs/include/zed_msgs/zed_msgs/msg/detail/bounding_box2_df__struct.hpp
[1.388s] -- Up-to-date symlink: /workspaces/isaac_ros-dev/ros_ws/install/zed_msgs/include/zed_msgs/zed_msgs/msg/detail/bounding_box2_df__traits.hpp
[1.388s] -- Up-to-date symlink: /workspaces/isaac_ros-dev/ros_ws/install/zed_msgs/include/zed_msgs/zed_msgs/msg/detail/bounding_box2_df__type_support.hpp
[1.388s] -- Up-to-date symlink: /workspaces/isaac_ros-dev/ros_ws/install/zed_msgs/include/zed_msgs/zed_msgs/msg/detail/bounding_box2_di__builder.hpp
[1.389s] -- Up-to-date symlink: /workspaces/isaac_ros-dev/ros_ws/install/zed_msgs/include/zed_msgs/zed_msgs/msg/detail/bounding_box2_di__struct.hpp
[1.389s] -- Up-to-date symlink: /workspaces/isaac_ros-dev/ros_ws/install/zed_msgs/include/zed_msgs/zed_msgs/msg/detail/bounding_box2_di__traits.hpp
[1.389s] -- Up-to-date symlink: /workspaces/isaac_ros-dev/ros_ws/install/zed_msgs/include/zed_msgs/zed_msgs/msg/detail/bounding_box2_di__type_support.hpp
[1.389s] -- Up-to-date symlink: /workspaces/isaac_ros-dev/ros_ws/install/zed_msgs/include/zed_msgs/zed_msgs/msg/detail/bounding_box3_d__builder.hpp
[1.390s] -- Up-to-date symlink: /workspaces/isaac_ros-dev/ros_ws/install/zed_msgs/include/zed_msgs/zed_msgs/msg/detail/bounding_box3_d__struct.hpp
[1.390s] -- Up-to-date symlink: /workspaces/isaac_ros-dev/ros_ws/install/zed_msgs/include/zed_msgs/zed_msgs/msg/detail/bounding_box3_d__traits.hpp
[1.390s] -- Up-to-date symlink: /workspaces/isaac_ros-dev/ros_ws/install/zed_msgs/include/zed_msgs/zed_msgs/msg/detail/bounding_box3_d__type_support.hpp
[1.391s] -- Up-to-date symlink: /workspaces/isaac_ros-dev/ros_ws/install/zed_msgs/include/zed_msgs/zed_msgs/msg/detail/depth_info_stamped__builder.hpp
[1.391s] -- Up-to-date symlink: /workspaces/isaac_ros-dev/ros_ws/install/zed_msgs/include/zed_msgs/zed_msgs/msg/detail/depth_info_stamped__struct.hpp
[1.391s] -- Up-to-date symlink: /workspaces/isaac_ros-dev/ros_ws/install/zed_msgs/include/zed_msgs/zed_msgs/msg/detail/depth_info_stamped__traits.hpp
[1.391s] -- Up-to-date symlink: /workspaces/isaac_ros-dev/ros_ws/install/zed_msgs/include/zed_msgs/zed_msgs/msg/detail/depth_info_stamped__type_support.hpp
[1.392s] -- Up-to-date symlink: /workspaces/isaac_ros-dev/ros_ws/install/zed_msgs/include/zed_msgs/zed_msgs/msg/detail/gnss_fusion_status__builder.hpp
[1.392s] -- Up-to-date symlink: /workspaces/isaac_ros-dev/ros_ws/install/zed_msgs/include/zed_msgs/zed_msgs/msg/detail/gnss_fusion_status__struct.hpp
[1.392s] -- Up-to-date symlink: /workspaces/isaac_ros-dev/ros_ws/install/zed_msgs/include/zed_msgs/zed_msgs/msg/detail/gnss_fusion_status__traits.hpp
[1.393s] -- Up-to-date symlink: /workspaces/isaac_ros-dev/ros_ws/install/zed_msgs/include/zed_msgs/zed_msgs/msg/detail/gnss_fusion_status__type_support.hpp
[1.393s] -- Up-to-date symlink: /workspaces/isaac_ros-dev/ros_ws/install/zed_msgs/include/zed_msgs/zed_msgs/msg/detail/health_status_stamped__builder.hpp
[1.393s] -- Up-to-date symlink: /workspaces/isaac_ros-dev/ros_ws/install/zed_msgs/include/zed_msgs/zed_msgs/msg/detail/health_status_stamped__struct.hpp
[1.393s] -- Up-to-date symlink: /workspaces/isaac_ros-dev/ros_ws/install/zed_msgs/include/zed_msgs/zed_msgs/msg/detail/health_status_stamped__traits.hpp
[1.394s] -- Up-to-date symlink: /workspaces/isaac_ros-dev/ros_ws/install/zed_msgs/include/zed_msgs/zed_msgs/msg/detail/health_status_stamped__type_support.hpp
[1.394s] -- Up-to-date symlink: /workspaces/isaac_ros-dev/ros_ws/install/zed_msgs/include/zed_msgs/zed_msgs/msg/detail/heartbeat__builder.hpp
[1.394s] -- Up-to-date symlink: /workspaces/isaac_ros-dev/ros_ws/install/zed_msgs/include/zed_msgs/zed_msgs/msg/detail/heartbeat__struct.hpp
[1.395s] -- Up-to-date symlink: /workspaces/isaac_ros-dev/ros_ws/install/zed_msgs/include/zed_msgs/zed_msgs/msg/detail/heartbeat__traits.hpp
[1.395s] -- Up-to-date symlink: /workspaces/isaac_ros-dev/ros_ws/install/zed_msgs/include/zed_msgs/zed_msgs/msg/detail/heartbeat__type_support.hpp
[1.395s] -- Up-to-date symlink: /workspaces/isaac_ros-dev/ros_ws/install/zed_msgs/include/zed_msgs/zed_msgs/msg/detail/keypoint2_df__builder.hpp
[1.396s] -- Up-to-date symlink: /workspaces/isaac_ros-dev/ros_ws/install/zed_msgs/include/zed_msgs/zed_msgs/msg/detail/keypoint2_df__struct.hpp
[1.396s] -- Up-to-date symlink: /workspaces/isaac_ros-dev/ros_ws/install/zed_msgs/include/zed_msgs/zed_msgs/msg/detail/keypoint2_df__traits.hpp
[1.396s] -- Up-to-date symlink: /workspaces/isaac_ros-dev/ros_ws/install/zed_msgs/include/zed_msgs/zed_msgs/msg/detail/keypoint2_df__type_support.hpp
[1.397s] -- Up-to-date symlink: /workspaces/isaac_ros-dev/ros_ws/install/zed_msgs/include/zed_msgs/zed_msgs/msg/detail/keypoint2_di__builder.hpp
[1.397s] -- Up-to-date symlink: /workspaces/isaac_ros-dev/ros_ws/install/zed_msgs/include/zed_msgs/zed_msgs/msg/detail/keypoint2_di__struct.hpp
[1.397s] -- Up-to-date symlink: /workspaces/isaac_ros-dev/ros_ws/install/zed_msgs/include/zed_msgs/zed_msgs/msg/detail/keypoint2_di__traits.hpp
[1.398s] -- Up-to-date symlink: /workspaces/isaac_ros-dev/ros_ws/install/zed_msgs/include/zed_msgs/zed_msgs/msg/detail/keypoint2_di__type_support.hpp
[1.398s] -- Up-to-date symlink: /workspaces/isaac_ros-dev/ros_ws/install/zed_msgs/include/zed_msgs/zed_msgs/msg/detail/keypoint3_d__builder.hpp
[1.398s] -- Up-to-date symlink: /workspaces/isaac_ros-dev/ros_ws/install/zed_msgs/include/zed_msgs/zed_msgs/msg/detail/keypoint3_d__struct.hpp
[1.399s] -- Up-to-date symlink: /workspaces/isaac_ros-dev/ros_ws/install/zed_msgs/include/zed_msgs/zed_msgs/msg/detail/keypoint3_d__traits.hpp
[1.399s] -- Up-to-date symlink: /workspaces/isaac_ros-dev/ros_ws/install/zed_msgs/include/zed_msgs/zed_msgs/msg/detail/keypoint3_d__type_support.hpp
[1.399s] -- Up-to-date symlink: /workspaces/isaac_ros-dev/ros_ws/install/zed_msgs/include/zed_msgs/zed_msgs/msg/detail/mag_heading_status__builder.hpp
[1.400s] -- Up-to-date symlink: /workspaces/isaac_ros-dev/ros_ws/install/zed_msgs/include/zed_msgs/zed_msgs/msg/detail/mag_heading_status__struct.hpp
[1.400s] -- Up-to-date symlink: /workspaces/isaac_ros-dev/ros_ws/install/zed_msgs/include/zed_msgs/zed_msgs/msg/detail/mag_heading_status__traits.hpp
[1.401s] -- Up-to-date symlink: /workspaces/isaac_ros-dev/ros_ws/install/zed_msgs/include/zed_msgs/zed_msgs/msg/detail/mag_heading_status__type_support.hpp
[1.401s] -- Up-to-date symlink: /workspaces/isaac_ros-dev/ros_ws/install/zed_msgs/include/zed_msgs/zed_msgs/msg/detail/object__builder.hpp
[1.402s] -- Up-to-date symlink: /workspaces/isaac_ros-dev/ros_ws/install/zed_msgs/include/zed_msgs/zed_msgs/msg/detail/object__struct.hpp
[1.402s] -- Up-to-date symlink: /workspaces/isaac_ros-dev/ros_ws/install/zed_msgs/include/zed_msgs/zed_msgs/msg/detail/object__traits.hpp
[1.402s] -- Up-to-date symlink: /workspaces/isaac_ros-dev/ros_ws/install/zed_msgs/include/zed_msgs/zed_msgs/msg/detail/object__type_support.hpp
[1.403s] -- Up-to-date symlink: /workspaces/isaac_ros-dev/ros_ws/install/zed_msgs/include/zed_msgs/zed_msgs/msg/detail/objects_stamped__builder.hpp
[1.403s] -- Up-to-date symlink: /workspaces/isaac_ros-dev/ros_ws/install/zed_msgs/include/zed_msgs/zed_msgs/msg/detail/objects_stamped__struct.hpp
[1.403s] -- Up-to-date symlink: /workspaces/isaac_ros-dev/ros_ws/install/zed_msgs/include/zed_msgs/zed_msgs/msg/detail/objects_stamped__traits.hpp
[1.404s] -- Up-to-date symlink: /workspaces/isaac_ros-dev/ros_ws/install/zed_msgs/include/zed_msgs/zed_msgs/msg/detail/objects_stamped__type_support.hpp
[1.404s] -- Up-to-date symlink: /workspaces/isaac_ros-dev/ros_ws/install/zed_msgs/include/zed_msgs/zed_msgs/msg/detail/plane_stamped__builder.hpp
[1.404s] -- Up-to-date symlink: /workspaces/isaac_ros-dev/ros_ws/install/zed_msgs/include/zed_msgs/zed_msgs/msg/detail/plane_stamped__struct.hpp
[1.404s] -- Up-to-date symlink: /workspaces/isaac_ros-dev/ros_ws/install/zed_msgs/include/zed_msgs/zed_msgs/msg/detail/plane_stamped__traits.hpp
[1.405s] -- Up-to-date symlink: /workspaces/isaac_ros-dev/ros_ws/install/zed_msgs/include/zed_msgs/zed_msgs/msg/detail/plane_stamped__type_support.hpp
[1.405s] -- Up-to-date symlink: /workspaces/isaac_ros-dev/ros_ws/install/zed_msgs/include/zed_msgs/zed_msgs/msg/detail/pos_track_status__builder.hpp
[1.405s] -- Up-to-date symlink: /workspaces/isaac_ros-dev/ros_ws/install/zed_msgs/include/zed_msgs/zed_msgs/msg/detail/pos_track_status__struct.hpp
[1.406s] -- Up-to-date symlink: /workspaces/isaac_ros-dev/ros_ws/install/zed_msgs/include/zed_msgs/zed_msgs/msg/detail/pos_track_status__traits.hpp
[1.406s] -- Up-to-date symlink: /workspaces/isaac_ros-dev/ros_ws/install/zed_msgs/include/zed_msgs/zed_msgs/msg/detail/pos_track_status__type_support.hpp
[1.406s] -- Up-to-date symlink: /workspaces/isaac_ros-dev/ros_ws/install/zed_msgs/include/zed_msgs/zed_msgs/msg/detail/skeleton2_d__builder.hpp
[1.407s] -- Up-to-date symlink: /workspaces/isaac_ros-dev/ros_ws/install/zed_msgs/include/zed_msgs/zed_msgs/msg/detail/skeleton2_d__struct.hpp
[1.407s] -- Up-to-date symlink: /workspaces/isaac_ros-dev/ros_ws/install/zed_msgs/include/zed_msgs/zed_msgs/msg/detail/skeleton2_d__traits.hpp
[1.408s] -- Up-to-date symlink: /workspaces/isaac_ros-dev/ros_ws/install/zed_msgs/include/zed_msgs/zed_msgs/msg/detail/skeleton2_d__type_support.hpp
[1.408s] -- Up-to-date symlink: /workspaces/isaac_ros-dev/ros_ws/install/zed_msgs/include/zed_msgs/zed_msgs/msg/detail/skeleton3_d__builder.hpp
[1.409s] -- Up-to-date symlink: /workspaces/isaac_ros-dev/ros_ws/install/zed_msgs/include/zed_msgs/zed_msgs/msg/detail/skeleton3_d__struct.hpp
[1.409s] -- Up-to-date symlink: /workspaces/isaac_ros-dev/ros_ws/install/zed_msgs/include/zed_msgs/zed_msgs/msg/detail/skeleton3_d__traits.hpp
[1.409s] -- Up-to-date symlink: /workspaces/isaac_ros-dev/ros_ws/install/zed_msgs/include/zed_msgs/zed_msgs/msg/detail/skeleton3_d__type_support.hpp
[1.410s] -- Up-to-date symlink: /workspaces/isaac_ros-dev/ros_ws/install/zed_msgs/include/zed_msgs/zed_msgs/msg/detail/svo_status__builder.hpp
[1.410s] -- Up-to-date symlink: /workspaces/isaac_ros-dev/ros_ws/install/zed_msgs/include/zed_msgs/zed_msgs/msg/detail/svo_status__struct.hpp
[1.411s] -- Up-to-date symlink: /workspaces/isaac_ros-dev/ros_ws/install/zed_msgs/include/zed_msgs/zed_msgs/msg/detail/svo_status__traits.hpp
[1.411s] -- Up-to-date symlink: /workspaces/isaac_ros-dev/ros_ws/install/zed_msgs/include/zed_msgs/zed_msgs/msg/detail/svo_status__type_support.hpp
[1.411s] -- Up-to-date symlink: /workspaces/isaac_ros-dev/ros_ws/install/zed_msgs/include/zed_msgs/zed_msgs/msg/gnss_fusion_status.hpp
[1.412s] -- Up-to-date symlink: /workspaces/isaac_ros-dev/ros_ws/install/zed_msgs/include/zed_msgs/zed_msgs/msg/health_status_stamped.hpp
[1.412s] -- Up-to-date symlink: /workspaces/isaac_ros-dev/ros_ws/install/zed_msgs/include/zed_msgs/zed_msgs/msg/heartbeat.hpp
[1.412s] -- Up-to-date symlink: /workspaces/isaac_ros-dev/ros_ws/install/zed_msgs/include/zed_msgs/zed_msgs/msg/keypoint2_df.hpp
[1.413s] -- Up-to-date symlink: /workspaces/isaac_ros-dev/ros_ws/install/zed_msgs/include/zed_msgs/zed_msgs/msg/keypoint2_di.hpp
[1.413s] -- Up-to-date symlink: /workspaces/isaac_ros-dev/ros_ws/install/zed_msgs/include/zed_msgs/zed_msgs/msg/keypoint3_d.hpp
[1.413s] -- Up-to-date symlink: /workspaces/isaac_ros-dev/ros_ws/install/zed_msgs/include/zed_msgs/zed_msgs/msg/mag_heading_status.hpp
[1.414s] -- Up-to-date symlink: /workspaces/isaac_ros-dev/ros_ws/install/zed_msgs/include/zed_msgs/zed_msgs/msg/object.hpp
[1.414s] -- Up-to-date symlink: /workspaces/isaac_ros-dev/ros_ws/install/zed_msgs/include/zed_msgs/zed_msgs/msg/objects_stamped.hpp
[1.414s] -- Up-to-date symlink: /workspaces/isaac_ros-dev/ros_ws/install/zed_msgs/include/zed_msgs/zed_msgs/msg/plane_stamped.hpp
[1.415s] -- Up-to-date symlink: /workspaces/isaac_ros-dev/ros_ws/install/zed_msgs/include/zed_msgs/zed_msgs/msg/pos_track_status.hpp
[1.415s] -- Up-to-date symlink: /workspaces/isaac_ros-dev/ros_ws/install/zed_msgs/include/zed_msgs/zed_msgs/msg/rosidl_generator_cpp__visibility_control.hpp
[1.415s] -- Up-to-date symlink: /workspaces/isaac_ros-dev/ros_ws/install/zed_msgs/include/zed_msgs/zed_msgs/msg/skeleton2_d.hpp
[1.416s] -- Up-to-date symlink: /workspaces/isaac_ros-dev/ros_ws/install/zed_msgs/include/zed_msgs/zed_msgs/msg/skeleton3_d.hpp
[1.416s] -- Up-to-date symlink: /workspaces/isaac_ros-dev/ros_ws/install/zed_msgs/include/zed_msgs/zed_msgs/msg/svo_status.hpp
[1.416s] -- Up-to-date symlink: /workspaces/isaac_ros-dev/ros_ws/install/zed_msgs/include/zed_msgs/zed_msgs/srv/detail/set_pose__builder.hpp
[1.417s] -- Up-to-date symlink: /workspaces/isaac_ros-dev/ros_ws/install/zed_msgs/include/zed_msgs/zed_msgs/srv/detail/set_pose__struct.hpp
[1.417s] -- Up-to-date symlink: /workspaces/isaac_ros-dev/ros_ws/install/zed_msgs/include/zed_msgs/zed_msgs/srv/detail/set_pose__traits.hpp
[1.417s] -- Up-to-date symlink: /workspaces/isaac_ros-dev/ros_ws/install/zed_msgs/include/zed_msgs/zed_msgs/srv/detail/set_pose__type_support.hpp
[1.418s] -- Up-to-date symlink: /workspaces/isaac_ros-dev/ros_ws/install/zed_msgs/include/zed_msgs/zed_msgs/srv/detail/set_roi__builder.hpp
[1.418s] -- Up-to-date symlink: /workspaces/isaac_ros-dev/ros_ws/install/zed_msgs/include/zed_msgs/zed_msgs/srv/detail/set_roi__struct.hpp
[1.418s] -- Up-to-date symlink: /workspaces/isaac_ros-dev/ros_ws/install/zed_msgs/include/zed_msgs/zed_msgs/srv/detail/set_roi__traits.hpp
[1.419s] -- Up-to-date symlink: /workspaces/isaac_ros-dev/ros_ws/install/zed_msgs/include/zed_msgs/zed_msgs/srv/detail/set_roi__type_support.hpp
[1.419s] -- Up-to-date symlink: /workspaces/isaac_ros-dev/ros_ws/install/zed_msgs/include/zed_msgs/zed_msgs/srv/detail/set_svo_frame__builder.hpp
[1.419s] -- Up-to-date symlink: /workspaces/isaac_ros-dev/ros_ws/install/zed_msgs/include/zed_msgs/zed_msgs/srv/detail/set_svo_frame__struct.hpp
[1.420s] -- Up-to-date symlink: /workspaces/isaac_ros-dev/ros_ws/install/zed_msgs/include/zed_msgs/zed_msgs/srv/detail/set_svo_frame__traits.hpp
[1.420s] -- Up-to-date symlink: /workspaces/isaac_ros-dev/ros_ws/install/zed_msgs/include/zed_msgs/zed_msgs/srv/detail/set_svo_frame__type_support.hpp
[1.420s] -- Up-to-date symlink: /workspaces/isaac_ros-dev/ros_ws/install/zed_msgs/include/zed_msgs/zed_msgs/srv/detail/start_svo_rec__builder.hpp
[1.421s] -- Up-to-date symlink: /workspaces/isaac_ros-dev/ros_ws/install/zed_msgs/include/zed_msgs/zed_msgs/srv/detail/start_svo_rec__struct.hpp
[1.421s] -- Up-to-date symlink: /workspaces/isaac_ros-dev/ros_ws/install/zed_msgs/include/zed_msgs/zed_msgs/srv/detail/start_svo_rec__traits.hpp
[1.421s] -- Up-to-date symlink: /workspaces/isaac_ros-dev/ros_ws/install/zed_msgs/include/zed_msgs/zed_msgs/srv/detail/start_svo_rec__type_support.hpp
[1.422s] -- Up-to-date symlink: /workspaces/isaac_ros-dev/ros_ws/install/zed_msgs/include/zed_msgs/zed_msgs/srv/set_pose.hpp
[1.422s] -- Up-to-date symlink: /workspaces/isaac_ros-dev/ros_ws/install/zed_msgs/include/zed_msgs/zed_msgs/srv/set_roi.hpp
[1.422s] -- Up-to-date symlink: /workspaces/isaac_ros-dev/ros_ws/install/zed_msgs/include/zed_msgs/zed_msgs/srv/set_svo_frame.hpp
[1.422s] -- Up-to-date symlink: /workspaces/isaac_ros-dev/ros_ws/install/zed_msgs/include/zed_msgs/zed_msgs/srv/start_svo_rec.hpp
[1.423s] -- Up-to-date symlink: /workspaces/isaac_ros-dev/ros_ws/install/zed_msgs/include/zed_msgs/zed_msgs/msg/detail/bounding_box2_df__rosidl_typesupport_fastrtps_cpp.hpp
[1.423s] -- Up-to-date symlink: /workspaces/isaac_ros-dev/ros_ws/install/zed_msgs/include/zed_msgs/zed_msgs/msg/detail/bounding_box2_di__rosidl_typesupport_fastrtps_cpp.hpp
[1.423s] -- Up-to-date symlink: /workspaces/isaac_ros-dev/ros_ws/install/zed_msgs/include/zed_msgs/zed_msgs/msg/detail/bounding_box3_d__rosidl_typesupport_fastrtps_cpp.hpp
[1.424s] -- Up-to-date symlink: /workspaces/isaac_ros-dev/ros_ws/install/zed_msgs/include/zed_msgs/zed_msgs/msg/detail/depth_info_stamped__rosidl_typesupport_fastrtps_cpp.hpp
[1.425s] -- Up-to-date symlink: /workspaces/isaac_ros-dev/ros_ws/install/zed_msgs/include/zed_msgs/zed_msgs/msg/detail/gnss_fusion_status__rosidl_typesupport_fastrtps_cpp.hpp
[1.426s] -- Up-to-date symlink: /workspaces/isaac_ros-dev/ros_ws/install/zed_msgs/include/zed_msgs/zed_msgs/msg/detail/health_status_stamped__rosidl_typesupport_fastrtps_cpp.hpp
[1.426s] -- Up-to-date symlink: /workspaces/isaac_ros-dev/ros_ws/install/zed_msgs/include/zed_msgs/zed_msgs/msg/detail/heartbeat__rosidl_typesupport_fastrtps_cpp.hpp
[1.426s] -- Up-to-date symlink: /workspaces/isaac_ros-dev/ros_ws/install/zed_msgs/include/zed_msgs/zed_msgs/msg/detail/keypoint2_df__rosidl_typesupport_fastrtps_cpp.hpp
[1.427s] -- Up-to-date symlink: /workspaces/isaac_ros-dev/ros_ws/install/zed_msgs/include/zed_msgs/zed_msgs/msg/detail/keypoint2_di__rosidl_typesupport_fastrtps_cpp.hpp
[1.427s] -- Up-to-date symlink: /workspaces/isaac_ros-dev/ros_ws/install/zed_msgs/include/zed_msgs/zed_msgs/msg/detail/keypoint3_d__rosidl_typesupport_fastrtps_cpp.hpp
[1.427s] -- Up-to-date symlink: /workspaces/isaac_ros-dev/ros_ws/install/zed_msgs/include/zed_msgs/zed_msgs/msg/detail/mag_heading_status__rosidl_typesupport_fastrtps_cpp.hpp
[1.427s] -- Up-to-date symlink: /workspaces/isaac_ros-dev/ros_ws/install/zed_msgs/include/zed_msgs/zed_msgs/msg/detail/object__rosidl_typesupport_fastrtps_cpp.hpp
[1.428s] -- Up-to-date symlink: /workspaces/isaac_ros-dev/ros_ws/install/zed_msgs/include/zed_msgs/zed_msgs/msg/detail/objects_stamped__rosidl_typesupport_fastrtps_cpp.hpp
[1.428s] -- Up-to-date symlink: /workspaces/isaac_ros-dev/ros_ws/install/zed_msgs/include/zed_msgs/zed_msgs/msg/detail/plane_stamped__rosidl_typesupport_fastrtps_cpp.hpp
[1.428s] -- Up-to-date symlink: /workspaces/isaac_ros-dev/ros_ws/install/zed_msgs/include/zed_msgs/zed_msgs/msg/detail/pos_track_status__rosidl_typesupport_fastrtps_cpp.hpp
[1.428s] -- Up-to-date symlink: /workspaces/isaac_ros-dev/ros_ws/install/zed_msgs/include/zed_msgs/zed_msgs/msg/detail/skeleton2_d__rosidl_typesupport_fastrtps_cpp.hpp
[1.429s] -- Up-to-date symlink: /workspaces/isaac_ros-dev/ros_ws/install/zed_msgs/include/zed_msgs/zed_msgs/msg/detail/skeleton3_d__rosidl_typesupport_fastrtps_cpp.hpp
[1.429s] -- Up-to-date symlink: /workspaces/isaac_ros-dev/ros_ws/install/zed_msgs/include/zed_msgs/zed_msgs/msg/detail/svo_status__rosidl_typesupport_fastrtps_cpp.hpp
[1.429s] -- Up-to-date symlink: /workspaces/isaac_ros-dev/ros_ws/install/zed_msgs/include/zed_msgs/zed_msgs/msg/rosidl_typesupport_fastrtps_cpp__visibility_control.h
[1.429s] -- Up-to-date symlink: /workspaces/isaac_ros-dev/ros_ws/install/zed_msgs/include/zed_msgs/zed_msgs/srv/detail/set_pose__rosidl_typesupport_fastrtps_cpp.hpp
[1.430s] -- Up-to-date symlink: /workspaces/isaac_ros-dev/ros_ws/install/zed_msgs/include/zed_msgs/zed_msgs/srv/detail/set_roi__rosidl_typesupport_fastrtps_cpp.hpp
[1.430s] -- Up-to-date symlink: /workspaces/isaac_ros-dev/ros_ws/install/zed_msgs/include/zed_msgs/zed_msgs/srv/detail/set_svo_frame__rosidl_typesupport_fastrtps_cpp.hpp
[1.430s] -- Up-to-date symlink: /workspaces/isaac_ros-dev/ros_ws/install/zed_msgs/include/zed_msgs/zed_msgs/srv/detail/start_svo_rec__rosidl_typesupport_fastrtps_cpp.hpp
[1.430s] -- Up-to-date symlink: /workspaces/isaac_ros-dev/ros_ws/install/zed_msgs/include/zed_msgs/zed_msgs/msg/detail/bounding_box2_df__rosidl_typesupport_introspection_c.h
[1.431s] -- Up-to-date symlink: /workspaces/isaac_ros-dev/ros_ws/install/zed_msgs/include/zed_msgs/zed_msgs/msg/detail/bounding_box2_di__rosidl_typesupport_introspection_c.h
[1.431s] -- Up-to-date symlink: /workspaces/isaac_ros-dev/ros_ws/install/zed_msgs/include/zed_msgs/zed_msgs/msg/detail/bounding_box3_d__rosidl_typesupport_introspection_c.h
[1.431s] -- Up-to-date symlink: /workspaces/isaac_ros-dev/ros_ws/install/zed_msgs/include/zed_msgs/zed_msgs/msg/detail/depth_info_stamped__rosidl_typesupport_introspection_c.h
[1.431s] -- Up-to-date symlink: /workspaces/isaac_ros-dev/ros_ws/install/zed_msgs/include/zed_msgs/zed_msgs/msg/detail/gnss_fusion_status__rosidl_typesupport_introspection_c.h
[1.432s] -- Up-to-date symlink: /workspaces/isaac_ros-dev/ros_ws/install/zed_msgs/include/zed_msgs/zed_msgs/msg/detail/health_status_stamped__rosidl_typesupport_introspection_c.h
[1.432s] -- Up-to-date symlink: /workspaces/isaac_ros-dev/ros_ws/install/zed_msgs/include/zed_msgs/zed_msgs/msg/detail/heartbeat__rosidl_typesupport_introspection_c.h
[1.432s] -- Up-to-date symlink: /workspaces/isaac_ros-dev/ros_ws/install/zed_msgs/include/zed_msgs/zed_msgs/msg/detail/keypoint2_df__rosidl_typesupport_introspection_c.h
[1.432s] -- Up-to-date symlink: /workspaces/isaac_ros-dev/ros_ws/install/zed_msgs/include/zed_msgs/zed_msgs/msg/detail/keypoint2_di__rosidl_typesupport_introspection_c.h
[1.433s] -- Up-to-date symlink: /workspaces/isaac_ros-dev/ros_ws/install/zed_msgs/include/zed_msgs/zed_msgs/msg/detail/keypoint3_d__rosidl_typesupport_introspection_c.h
[1.433s] -- Up-to-date symlink: /workspaces/isaac_ros-dev/ros_ws/install/zed_msgs/include/zed_msgs/zed_msgs/msg/detail/mag_heading_status__rosidl_typesupport_introspection_c.h
[1.433s] -- Up-to-date symlink: /workspaces/isaac_ros-dev/ros_ws/install/zed_msgs/include/zed_msgs/zed_msgs/msg/detail/object__rosidl_typesupport_introspection_c.h
[1.433s] -- Up-to-date symlink: /workspaces/isaac_ros-dev/ros_ws/install/zed_msgs/include/zed_msgs/zed_msgs/msg/detail/objects_stamped__rosidl_typesupport_introspection_c.h
[1.433s] -- Up-to-date symlink: /workspaces/isaac_ros-dev/ros_ws/install/zed_msgs/include/zed_msgs/zed_msgs/msg/detail/plane_stamped__rosidl_typesupport_introspection_c.h
[1.434s] -- Up-to-date symlink: /workspaces/isaac_ros-dev/ros_ws/install/zed_msgs/include/zed_msgs/zed_msgs/msg/detail/pos_track_status__rosidl_typesupport_introspection_c.h
[1.434s] -- Up-to-date symlink: /workspaces/isaac_ros-dev/ros_ws/install/zed_msgs/include/zed_msgs/zed_msgs/msg/detail/skeleton2_d__rosidl_typesupport_introspection_c.h
[1.434s] -- Up-to-date symlink: /workspaces/isaac_ros-dev/ros_ws/install/zed_msgs/include/zed_msgs/zed_msgs/msg/detail/skeleton3_d__rosidl_typesupport_introspection_c.h
[1.434s] -- Up-to-date symlink: /workspaces/isaac_ros-dev/ros_ws/install/zed_msgs/include/zed_msgs/zed_msgs/msg/detail/svo_status__rosidl_typesupport_introspection_c.h
[1.435s] -- Up-to-date symlink: /workspaces/isaac_ros-dev/ros_ws/install/zed_msgs/include/zed_msgs/zed_msgs/msg/rosidl_typesupport_introspection_c__visibility_control.h
[1.435s] -- Up-to-date symlink: /workspaces/isaac_ros-dev/ros_ws/install/zed_msgs/include/zed_msgs/zed_msgs/srv/detail/set_pose__rosidl_typesupport_introspection_c.h
[1.435s] -- Up-to-date symlink: /workspaces/isaac_ros-dev/ros_ws/install/zed_msgs/include/zed_msgs/zed_msgs/srv/detail/set_roi__rosidl_typesupport_introspection_c.h
[1.435s] -- Up-to-date symlink: /workspaces/isaac_ros-dev/ros_ws/install/zed_msgs/include/zed_msgs/zed_msgs/srv/detail/set_svo_frame__rosidl_typesupport_introspection_c.h
[1.435s] -- Up-to-date symlink: /workspaces/isaac_ros-dev/ros_ws/install/zed_msgs/include/zed_msgs/zed_msgs/srv/detail/start_svo_rec__rosidl_typesupport_introspection_c.h
[1.436s] -- Up-to-date symlink: /workspaces/isaac_ros-dev/ros_ws/install/zed_msgs/include/zed_msgs/zed_msgs/msg/detail/bounding_box2_df__rosidl_typesupport_introspection_cpp.hpp
[1.436s] -- Up-to-date symlink: /workspaces/isaac_ros-dev/ros_ws/install/zed_msgs/include/zed_msgs/zed_msgs/msg/detail/bounding_box2_di__rosidl_typesupport_introspection_cpp.hpp
[1.436s] -- Up-to-date symlink: /workspaces/isaac_ros-dev/ros_ws/install/zed_msgs/include/zed_msgs/zed_msgs/msg/detail/bounding_box3_d__rosidl_typesupport_introspection_cpp.hpp
[1.436s] -- Up-to-date symlink: /workspaces/isaac_ros-dev/ros_ws/install/zed_msgs/include/zed_msgs/zed_msgs/msg/detail/depth_info_stamped__rosidl_typesupport_introspection_cpp.hpp
[1.436s] -- Up-to-date symlink: /workspaces/isaac_ros-dev/ros_ws/install/zed_msgs/include/zed_msgs/zed_msgs/msg/detail/gnss_fusion_status__rosidl_typesupport_introspection_cpp.hpp
[1.437s] -- Up-to-date symlink: /workspaces/isaac_ros-dev/ros_ws/install/zed_msgs/include/zed_msgs/zed_msgs/msg/detail/health_status_stamped__rosidl_typesupport_introspection_cpp.hpp
[1.437s] -- Up-to-date symlink: /workspaces/isaac_ros-dev/ros_ws/install/zed_msgs/include/zed_msgs/zed_msgs/msg/detail/heartbeat__rosidl_typesupport_introspection_cpp.hpp
[1.437s] -- Up-to-date symlink: /workspaces/isaac_ros-dev/ros_ws/install/zed_msgs/include/zed_msgs/zed_msgs/msg/detail/keypoint2_df__rosidl_typesupport_introspection_cpp.hpp
[1.437s] -- Up-to-date symlink: /workspaces/isaac_ros-dev/ros_ws/install/zed_msgs/include/zed_msgs/zed_msgs/msg/detail/keypoint2_di__rosidl_typesupport_introspection_cpp.hpp
[1.438s] -- Up-to-date symlink: /workspaces/isaac_ros-dev/ros_ws/install/zed_msgs/include/zed_msgs/zed_msgs/msg/detail/keypoint3_d__rosidl_typesupport_introspection_cpp.hpp
[1.438s] -- Up-to-date symlink: /workspaces/isaac_ros-dev/ros_ws/install/zed_msgs/include/zed_msgs/zed_msgs/msg/detail/mag_heading_status__rosidl_typesupport_introspection_cpp.hpp
[1.438s] -- Up-to-date symlink: /workspaces/isaac_ros-dev/ros_ws/install/zed_msgs/include/zed_msgs/zed_msgs/msg/detail/object__rosidl_typesupport_introspection_cpp.hpp
[1.438s] -- Up-to-date symlink: /workspaces/isaac_ros-dev/ros_ws/install/zed_msgs/include/zed_msgs/zed_msgs/msg/detail/objects_stamped__rosidl_typesupport_introspection_cpp.hpp
[1.438s] -- Up-to-date symlink: /workspaces/isaac_ros-dev/ros_ws/install/zed_msgs/include/zed_msgs/zed_msgs/msg/detail/plane_stamped__rosidl_typesupport_introspection_cpp.hpp
[1.439s] -- Up-to-date symlink: /workspaces/isaac_ros-dev/ros_ws/install/zed_msgs/include/zed_msgs/zed_msgs/msg/detail/pos_track_status__rosidl_typesupport_introspection_cpp.hpp
[1.439s] -- Up-to-date symlink: /workspaces/isaac_ros-dev/ros_ws/install/zed_msgs/include/zed_msgs/zed_msgs/msg/detail/skeleton2_d__rosidl_typesupport_introspection_cpp.hpp
[1.439s] -- Up-to-date symlink: /workspaces/isaac_ros-dev/ros_ws/install/zed_msgs/include/zed_msgs/zed_msgs/msg/detail/skeleton3_d__rosidl_typesupport_introspection_cpp.hpp
[1.439s] -- Up-to-date symlink: /workspaces/isaac_ros-dev/ros_ws/install/zed_msgs/include/zed_msgs/zed_msgs/msg/detail/svo_status__rosidl_typesupport_introspection_cpp.hpp
[1.440s] -- Up-to-date symlink: /workspaces/isaac_ros-dev/ros_ws/install/zed_msgs/include/zed_msgs/zed_msgs/srv/detail/set_pose__rosidl_typesupport_introspection_cpp.hpp
[1.440s] -- Up-to-date symlink: /workspaces/isaac_ros-dev/ros_ws/install/zed_msgs/include/zed_msgs/zed_msgs/srv/detail/set_roi__rosidl_typesupport_introspection_cpp.hpp
[1.440s] -- Up-to-date symlink: /workspaces/isaac_ros-dev/ros_ws/install/zed_msgs/include/zed_msgs/zed_msgs/srv/detail/set_svo_frame__rosidl_typesupport_introspection_cpp.hpp
[1.440s] -- Up-to-date symlink: /workspaces/isaac_ros-dev/ros_ws/install/zed_msgs/include/zed_msgs/zed_msgs/srv/detail/start_svo_rec__rosidl_typesupport_introspection_cpp.hpp
[1.440s] -- Up-to-date symlink: /workspaces/isaac_ros-dev/ros_ws/install/zed_msgs/share/zed_msgs/environment/pythonpath.sh
[1.441s] -- Up-to-date symlink: /workspaces/isaac_ros-dev/ros_ws/install/zed_msgs/share/zed_msgs/environment/pythonpath.dsv
[1.441s] -- Up-to-date symlink: /workspaces/isaac_ros-dev/ros_ws/install/zed_msgs/local/lib/python3.10/dist-packages/zed_msgs-5.0.0-py3.10.egg-info/PKG-INFO
[1.441s] -- Up-to-date symlink: /workspaces/isaac_ros-dev/ros_ws/install/zed_msgs/local/lib/python3.10/dist-packages/zed_msgs-5.0.0-py3.10.egg-info/SOURCES.txt
[1.441s] -- Up-to-date symlink: /workspaces/isaac_ros-dev/ros_ws/install/zed_msgs/local/lib/python3.10/dist-packages/zed_msgs-5.0.0-py3.10.egg-info/dependency_links.txt
[1.441s] -- Up-to-date symlink: /workspaces/isaac_ros-dev/ros_ws/install/zed_msgs/local/lib/python3.10/dist-packages/zed_msgs-5.0.0-py3.10.egg-info/top_level.txt
[1.441s] -- Up-to-date symlink: /workspaces/isaac_ros-dev/ros_ws/install/zed_msgs/local/lib/python3.10/dist-packages/zed_msgs/__init__.py
[1.442s] -- Up-to-date symlink: /workspaces/isaac_ros-dev/ros_ws/install/zed_msgs/local/lib/python3.10/dist-packages/zed_msgs/_zed_msgs_s.ep.rosidl_typesupport_c.c
[1.442s] -- Up-to-date symlink: /workspaces/isaac_ros-dev/ros_ws/install/zed_msgs/local/lib/python3.10/dist-packages/zed_msgs/_zed_msgs_s.ep.rosidl_typesupport_fastrtps_c.c
[1.442s] -- Up-to-date symlink: /workspaces/isaac_ros-dev/ros_ws/install/zed_msgs/local/lib/python3.10/dist-packages/zed_msgs/_zed_msgs_s.ep.rosidl_typesupport_introspection_c.c
[1.442s] -- Up-to-date symlink: /workspaces/isaac_ros-dev/ros_ws/install/zed_msgs/local/lib/python3.10/dist-packages/zed_msgs/libzed_msgs__rosidl_generator_py.so
[1.442s] -- Up-to-date symlink: /workspaces/isaac_ros-dev/ros_ws/install/zed_msgs/local/lib/python3.10/dist-packages/zed_msgs/msg/__init__.py
[1.443s] -- Up-to-date symlink: /workspaces/isaac_ros-dev/ros_ws/install/zed_msgs/local/lib/python3.10/dist-packages/zed_msgs/msg/_bounding_box2_df.py
[1.443s] -- Up-to-date symlink: /workspaces/isaac_ros-dev/ros_ws/install/zed_msgs/local/lib/python3.10/dist-packages/zed_msgs/msg/_bounding_box2_df_s.c
[1.443s] -- Up-to-date symlink: /workspaces/isaac_ros-dev/ros_ws/install/zed_msgs/local/lib/python3.10/dist-packages/zed_msgs/msg/_bounding_box2_di.py
[1.443s] -- Up-to-date symlink: /workspaces/isaac_ros-dev/ros_ws/install/zed_msgs/local/lib/python3.10/dist-packages/zed_msgs/msg/_bounding_box2_di_s.c
[1.444s] -- Up-to-date symlink: /workspaces/isaac_ros-dev/ros_ws/install/zed_msgs/local/lib/python3.10/dist-packages/zed_msgs/msg/_bounding_box3_d.py
[1.444s] -- Up-to-date symlink: /workspaces/isaac_ros-dev/ros_ws/install/zed_msgs/local/lib/python3.10/dist-packages/zed_msgs/msg/_bounding_box3_d_s.c
[1.444s] -- Up-to-date symlink: /workspaces/isaac_ros-dev/ros_ws/install/zed_msgs/local/lib/python3.10/dist-packages/zed_msgs/msg/_depth_info_stamped.py
[1.444s] -- Up-to-date symlink: /workspaces/isaac_ros-dev/ros_ws/install/zed_msgs/local/lib/python3.10/dist-packages/zed_msgs/msg/_depth_info_stamped_s.c
[1.444s] -- Up-to-date symlink: /workspaces/isaac_ros-dev/ros_ws/install/zed_msgs/local/lib/python3.10/dist-packages/zed_msgs/msg/_gnss_fusion_status.py
[1.444s] -- Up-to-date symlink: /workspaces/isaac_ros-dev/ros_ws/install/zed_msgs/local/lib/python3.10/dist-packages/zed_msgs/msg/_gnss_fusion_status_s.c
[1.445s] -- Up-to-date symlink: /workspaces/isaac_ros-dev/ros_ws/install/zed_msgs/local/lib/python3.10/dist-packages/zed_msgs/msg/_health_status_stamped.py
[1.445s] -- Up-to-date symlink: /workspaces/isaac_ros-dev/ros_ws/install/zed_msgs/local/lib/python3.10/dist-packages/zed_msgs/msg/_health_status_stamped_s.c
[1.445s] -- Up-to-date symlink: /workspaces/isaac_ros-dev/ros_ws/install/zed_msgs/local/lib/python3.10/dist-packages/zed_msgs/msg/_heartbeat.py
[1.445s] -- Up-to-date symlink: /workspaces/isaac_ros-dev/ros_ws/install/zed_msgs/local/lib/python3.10/dist-packages/zed_msgs/msg/_heartbeat_s.c
[1.446s] -- Up-to-date symlink: /workspaces/isaac_ros-dev/ros_ws/install/zed_msgs/local/lib/python3.10/dist-packages/zed_msgs/msg/_keypoint2_df.py
[1.446s] -- Up-to-date symlink: /workspaces/isaac_ros-dev/ros_ws/install/zed_msgs/local/lib/python3.10/dist-packages/zed_msgs/msg/_keypoint2_df_s.c
[1.446s] -- Up-to-date symlink: /workspaces/isaac_ros-dev/ros_ws/install/zed_msgs/local/lib/python3.10/dist-packages/zed_msgs/msg/_keypoint2_di.py
[1.446s] -- Up-to-date symlink: /workspaces/isaac_ros-dev/ros_ws/install/zed_msgs/local/lib/python3.10/dist-packages/zed_msgs/msg/_keypoint2_di_s.c
[1.446s] -- Up-to-date symlink: /workspaces/isaac_ros-dev/ros_ws/install/zed_msgs/local/lib/python3.10/dist-packages/zed_msgs/msg/_keypoint3_d.py
[1.447s] -- Up-to-date symlink: /workspaces/isaac_ros-dev/ros_ws/install/zed_msgs/local/lib/python3.10/dist-packages/zed_msgs/msg/_keypoint3_d_s.c
[1.447s] -- Up-to-date symlink: /workspaces/isaac_ros-dev/ros_ws/install/zed_msgs/local/lib/python3.10/dist-packages/zed_msgs/msg/_mag_heading_status.py
[1.447s] -- Up-to-date symlink: /workspaces/isaac_ros-dev/ros_ws/install/zed_msgs/local/lib/python3.10/dist-packages/zed_msgs/msg/_mag_heading_status_s.c
[1.447s] -- Up-to-date symlink: /workspaces/isaac_ros-dev/ros_ws/install/zed_msgs/local/lib/python3.10/dist-packages/zed_msgs/msg/_object.py
[1.448s] -- Up-to-date symlink: /workspaces/isaac_ros-dev/ros_ws/install/zed_msgs/local/lib/python3.10/dist-packages/zed_msgs/msg/_object_s.c
[1.448s] -- Up-to-date symlink: /workspaces/isaac_ros-dev/ros_ws/install/zed_msgs/local/lib/python3.10/dist-packages/zed_msgs/msg/_objects_stamped.py
[1.448s] -- Up-to-date symlink: /workspaces/isaac_ros-dev/ros_ws/install/zed_msgs/local/lib/python3.10/dist-packages/zed_msgs/msg/_objects_stamped_s.c
[1.448s] -- Up-to-date symlink: /workspaces/isaac_ros-dev/ros_ws/install/zed_msgs/local/lib/python3.10/dist-packages/zed_msgs/msg/_plane_stamped.py
[1.448s] -- Up-to-date symlink: /workspaces/isaac_ros-dev/ros_ws/install/zed_msgs/local/lib/python3.10/dist-packages/zed_msgs/msg/_plane_stamped_s.c
[1.448s] -- Up-to-date symlink: /workspaces/isaac_ros-dev/ros_ws/install/zed_msgs/local/lib/python3.10/dist-packages/zed_msgs/msg/_pos_track_status.py
[1.449s] -- Up-to-date symlink: /workspaces/isaac_ros-dev/ros_ws/install/zed_msgs/local/lib/python3.10/dist-packages/zed_msgs/msg/_pos_track_status_s.c
[1.449s] -- Up-to-date symlink: /workspaces/isaac_ros-dev/ros_ws/install/zed_msgs/local/lib/python3.10/dist-packages/zed_msgs/msg/_skeleton2_d.py
[1.449s] -- Up-to-date symlink: /workspaces/isaac_ros-dev/ros_ws/install/zed_msgs/local/lib/python3.10/dist-packages/zed_msgs/msg/_skeleton2_d_s.c
[1.449s] -- Up-to-date symlink: /workspaces/isaac_ros-dev/ros_ws/install/zed_msgs/local/lib/python3.10/dist-packages/zed_msgs/msg/_skeleton3_d.py
[1.449s] -- Up-to-date symlink: /workspaces/isaac_ros-dev/ros_ws/install/zed_msgs/local/lib/python3.10/dist-packages/zed_msgs/msg/_skeleton3_d_s.c
[1.449s] -- Up-to-date symlink: /workspaces/isaac_ros-dev/ros_ws/install/zed_msgs/local/lib/python3.10/dist-packages/zed_msgs/msg/_svo_status.py
[1.450s] -- Up-to-date symlink: /workspaces/isaac_ros-dev/ros_ws/install/zed_msgs/local/lib/python3.10/dist-packages/zed_msgs/msg/_svo_status_s.c
[1.450s] -- Up-to-date symlink: /workspaces/isaac_ros-dev/ros_ws/install/zed_msgs/local/lib/python3.10/dist-packages/zed_msgs/srv/__init__.py
[1.450s] -- Up-to-date symlink: /workspaces/isaac_ros-dev/ros_ws/install/zed_msgs/local/lib/python3.10/dist-packages/zed_msgs/srv/_set_pose.py
[1.450s] -- Up-to-date symlink: /workspaces/isaac_ros-dev/ros_ws/install/zed_msgs/local/lib/python3.10/dist-packages/zed_msgs/srv/_set_pose_s.c
[1.450s] -- Up-to-date symlink: /workspaces/isaac_ros-dev/ros_ws/install/zed_msgs/local/lib/python3.10/dist-packages/zed_msgs/srv/_set_roi.py
[1.450s] -- Up-to-date symlink: /workspaces/isaac_ros-dev/ros_ws/install/zed_msgs/local/lib/python3.10/dist-packages/zed_msgs/srv/_set_roi_s.c
[1.450s] -- Up-to-date symlink: /workspaces/isaac_ros-dev/ros_ws/install/zed_msgs/local/lib/python3.10/dist-packages/zed_msgs/srv/_set_svo_frame.py
[1.451s] -- Up-to-date symlink: /workspaces/isaac_ros-dev/ros_ws/install/zed_msgs/local/lib/python3.10/dist-packages/zed_msgs/srv/_set_svo_frame_s.c
[1.451s] -- Up-to-date symlink: /workspaces/isaac_ros-dev/ros_ws/install/zed_msgs/local/lib/python3.10/dist-packages/zed_msgs/srv/_start_svo_rec.py
[1.451s] -- Up-to-date symlink: /workspaces/isaac_ros-dev/ros_ws/install/zed_msgs/local/lib/python3.10/dist-packages/zed_msgs/srv/_start_svo_rec_s.c
[1.451s] -- Up-to-date symlink: /workspaces/isaac_ros-dev/ros_ws/install/zed_msgs/local/lib/python3.10/dist-packages/zed_msgs/zed_msgs_s__rosidl_typesupport_c.cpython-310-aarch64-linux-gnu.so
[1.451s] -- Up-to-date symlink: /workspaces/isaac_ros-dev/ros_ws/install/zed_msgs/local/lib/python3.10/dist-packages/zed_msgs/zed_msgs_s__rosidl_typesupport_fastrtps_c.cpython-310-aarch64-linux-gnu.so
[1.451s] -- Up-to-date symlink: /workspaces/isaac_ros-dev/ros_ws/install/zed_msgs/local/lib/python3.10/dist-packages/zed_msgs/zed_msgs_s__rosidl_typesupport_introspection_c.cpython-310-aarch64-linux-gnu.so
[1.451s] -- Up-to-date symlink: /workspaces/isaac_ros-dev/ros_ws/install/zed_msgs/local/lib/python3.10/dist-packages/zed_msgs/zed_msgs_s__rosidl_typesupport_fastrtps_c.cpython-310-aarch64-linux-gnu.so
[1.452s] -- Up-to-date symlink: /workspaces/isaac_ros-dev/ros_ws/install/zed_msgs/local/lib/python3.10/dist-packages/zed_msgs/zed_msgs_s__rosidl_typesupport_introspection_c.cpython-310-aarch64-linux-gnu.so
[1.452s] -- Up-to-date symlink: /workspaces/isaac_ros-dev/ros_ws/install/zed_msgs/local/lib/python3.10/dist-packages/zed_msgs/zed_msgs_s__rosidl_typesupport_c.cpython-310-aarch64-linux-gnu.so
[1.452s] -- Up-to-date symlink: /workspaces/isaac_ros-dev/ros_ws/install/zed_msgs/share/zed_msgs/msg/Object.idl
[1.452s] -- Up-to-date symlink: /workspaces/isaac_ros-dev/ros_ws/install/zed_msgs/share/zed_msgs/msg/ObjectsStamped.idl
[1.452s] -- Up-to-date symlink: /workspaces/isaac_ros-dev/ros_ws/install/zed_msgs/share/zed_msgs/msg/Keypoint2Di.idl
[1.453s] -- Up-to-date symlink: /workspaces/isaac_ros-dev/ros_ws/install/zed_msgs/share/zed_msgs/msg/Keypoint2Df.idl
[1.453s] -- Up-to-date symlink: /workspaces/isaac_ros-dev/ros_ws/install/zed_msgs/share/zed_msgs/msg/Keypoint3D.idl
[1.453s] -- Up-to-date symlink: /workspaces/isaac_ros-dev/ros_ws/install/zed_msgs/share/zed_msgs/msg/BoundingBox2Di.idl
[1.453s] -- Up-to-date symlink: /workspaces/isaac_ros-dev/ros_ws/install/zed_msgs/share/zed_msgs/msg/BoundingBox2Df.idl
[1.453s] -- Up-to-date symlink: /workspaces/isaac_ros-dev/ros_ws/install/zed_msgs/share/zed_msgs/msg/BoundingBox3D.idl
[1.454s] -- Up-to-date symlink: /workspaces/isaac_ros-dev/ros_ws/install/zed_msgs/share/zed_msgs/msg/Skeleton2D.idl
[1.454s] -- Up-to-date symlink: /workspaces/isaac_ros-dev/ros_ws/install/zed_msgs/share/zed_msgs/msg/Skeleton3D.idl
[1.454s] -- Up-to-date symlink: /workspaces/isaac_ros-dev/ros_ws/install/zed_msgs/share/zed_msgs/msg/DepthInfoStamped.idl
[1.454s] -- Up-to-date symlink: /workspaces/isaac_ros-dev/ros_ws/install/zed_msgs/share/zed_msgs/msg/PlaneStamped.idl
[1.454s] -- Up-to-date symlink: /workspaces/isaac_ros-dev/ros_ws/install/zed_msgs/share/zed_msgs/msg/PosTrackStatus.idl
[1.455s] -- Up-to-date symlink: /workspaces/isaac_ros-dev/ros_ws/install/zed_msgs/share/zed_msgs/msg/GnssFusionStatus.idl
[1.455s] -- Up-to-date symlink: /workspaces/isaac_ros-dev/ros_ws/install/zed_msgs/share/zed_msgs/msg/Heartbeat.idl
[1.455s] -- Up-to-date symlink: /workspaces/isaac_ros-dev/ros_ws/install/zed_msgs/share/zed_msgs/msg/MagHeadingStatus.idl
[1.455s] -- Up-to-date symlink: /workspaces/isaac_ros-dev/ros_ws/install/zed_msgs/share/zed_msgs/msg/SvoStatus.idl
[1.455s] -- Up-to-date symlink: /workspaces/isaac_ros-dev/ros_ws/install/zed_msgs/share/zed_msgs/msg/HealthStatusStamped.idl
[1.456s] -- Up-to-date symlink: /workspaces/isaac_ros-dev/ros_ws/install/zed_msgs/share/zed_msgs/srv/SetPose.idl
[1.456s] -- Up-to-date symlink: /workspaces/isaac_ros-dev/ros_ws/install/zed_msgs/share/zed_msgs/srv/StartSvoRec.idl
[1.456s] -- Up-to-date symlink: /workspaces/isaac_ros-dev/ros_ws/install/zed_msgs/share/zed_msgs/srv/SetROI.idl
[1.456s] -- Up-to-date symlink: /workspaces/isaac_ros-dev/ros_ws/install/zed_msgs/share/zed_msgs/srv/SetSvoFrame.idl
[1.456s] -- Up-to-date symlink: /workspaces/isaac_ros-dev/ros_ws/install/zed_msgs/share/zed_msgs/msg/Object.msg
[1.457s] -- Up-to-date symlink: /workspaces/isaac_ros-dev/ros_ws/install/zed_msgs/share/zed_msgs/msg/ObjectsStamped.msg
[1.457s] -- Up-to-date symlink: /workspaces/isaac_ros-dev/ros_ws/install/zed_msgs/share/zed_msgs/msg/Keypoint2Di.msg
[1.457s] -- Up-to-date symlink: /workspaces/isaac_ros-dev/ros_ws/install/zed_msgs/share/zed_msgs/msg/Keypoint2Df.msg
[1.457s] -- Up-to-date symlink: /workspaces/isaac_ros-dev/ros_ws/install/zed_msgs/share/zed_msgs/msg/Keypoint3D.msg
[1.457s] -- Up-to-date symlink: /workspaces/isaac_ros-dev/ros_ws/install/zed_msgs/share/zed_msgs/msg/BoundingBox2Di.msg
[1.457s] -- Up-to-date symlink: /workspaces/isaac_ros-dev/ros_ws/install/zed_msgs/share/zed_msgs/msg/BoundingBox2Df.msg
[1.458s] -- Up-to-date symlink: /workspaces/isaac_ros-dev/ros_ws/install/zed_msgs/share/zed_msgs/msg/BoundingBox3D.msg
[1.458s] -- Up-to-date symlink: /workspaces/isaac_ros-dev/ros_ws/install/zed_msgs/share/zed_msgs/msg/Skeleton2D.msg
[1.458s] -- Up-to-date symlink: /workspaces/isaac_ros-dev/ros_ws/install/zed_msgs/share/zed_msgs/msg/Skeleton3D.msg
[1.458s] -- Up-to-date symlink: /workspaces/isaac_ros-dev/ros_ws/install/zed_msgs/share/zed_msgs/msg/DepthInfoStamped.msg
[1.458s] -- Up-to-date symlink: /workspaces/isaac_ros-dev/ros_ws/install/zed_msgs/share/zed_msgs/msg/PlaneStamped.msg
[1.459s] -- Up-to-date symlink: /workspaces/isaac_ros-dev/ros_ws/install/zed_msgs/share/zed_msgs/msg/PosTrackStatus.msg
[1.459s] -- Up-to-date symlink: /workspaces/isaac_ros-dev/ros_ws/install/zed_msgs/share/zed_msgs/msg/GnssFusionStatus.msg
[1.459s] -- Up-to-date symlink: /workspaces/isaac_ros-dev/ros_ws/install/zed_msgs/share/zed_msgs/msg/Heartbeat.msg
[1.459s] -- Up-to-date symlink: /workspaces/isaac_ros-dev/ros_ws/install/zed_msgs/share/zed_msgs/msg/MagHeadingStatus.msg
[1.459s] -- Up-to-date symlink: /workspaces/isaac_ros-dev/ros_ws/install/zed_msgs/share/zed_msgs/msg/SvoStatus.msg
[1.459s] -- Up-to-date symlink: /workspaces/isaac_ros-dev/ros_ws/install/zed_msgs/share/zed_msgs/msg/HealthStatusStamped.msg
[1.460s] -- Up-to-date symlink: /workspaces/isaac_ros-dev/ros_ws/install/zed_msgs/share/zed_msgs/srv/SetPose.srv
[1.460s] -- Up-to-date symlink: /workspaces/isaac_ros-dev/ros_ws/install/zed_msgs/share/zed_msgs/srv/SetPose_Request.msg
[1.460s] -- Up-to-date symlink: /workspaces/isaac_ros-dev/ros_ws/install/zed_msgs/share/zed_msgs/srv/SetPose_Response.msg
[1.460s] -- Up-to-date symlink: /workspaces/isaac_ros-dev/ros_ws/install/zed_msgs/share/zed_msgs/srv/StartSvoRec.srv
[1.460s] -- Up-to-date symlink: /workspaces/isaac_ros-dev/ros_ws/install/zed_msgs/share/zed_msgs/srv/StartSvoRec_Request.msg
[1.461s] -- Up-to-date symlink: /workspaces/isaac_ros-dev/ros_ws/install/zed_msgs/share/zed_msgs/srv/StartSvoRec_Response.msg
[1.461s] -- Up-to-date symlink: /workspaces/isaac_ros-dev/ros_ws/install/zed_msgs/share/zed_msgs/srv/SetROI.srv
[1.461s] -- Up-to-date symlink: /workspaces/isaac_ros-dev/ros_ws/install/zed_msgs/share/zed_msgs/srv/SetROI_Request.msg
[1.461s] -- Up-to-date symlink: /workspaces/isaac_ros-dev/ros_ws/install/zed_msgs/share/zed_msgs/srv/SetROI_Response.msg
[1.461s] -- Up-to-date symlink: /workspaces/isaac_ros-dev/ros_ws/install/zed_msgs/share/zed_msgs/srv/SetSvoFrame.srv
[1.462s] -- Up-to-date symlink: /workspaces/isaac_ros-dev/ros_ws/install/zed_msgs/share/zed_msgs/srv/SetSvoFrame_Request.msg
[1.462s] -- Up-to-date symlink: /workspaces/isaac_ros-dev/ros_ws/install/zed_msgs/share/zed_msgs/srv/SetSvoFrame_Response.msg
[1.462s] -- Up-to-date symlink: /workspaces/isaac_ros-dev/ros_ws/install/zed_msgs/share/zed_msgs/meshes/virtual.stl
[1.462s] -- Up-to-date symlink: /workspaces/isaac_ros-dev/ros_ws/install/zed_msgs/share/zed_msgs/meshes/zed.stl
[1.462s] -- Up-to-date symlink: /workspaces/isaac_ros-dev/ros_ws/install/zed_msgs/share/zed_msgs/meshes/zed2.stl
[1.462s] -- Up-to-date symlink: /workspaces/isaac_ros-dev/ros_ws/install/zed_msgs/share/zed_msgs/meshes/zed2i.stl
[1.463s] -- Up-to-date symlink: /workspaces/isaac_ros-dev/ros_ws/install/zed_msgs/share/zed_msgs/meshes/zedm.stl
[1.463s] -- Up-to-date symlink: /workspaces/isaac_ros-dev/ros_ws/install/zed_msgs/share/zed_msgs/meshes/zedx.stl
[1.463s] -- Up-to-date symlink: /workspaces/isaac_ros-dev/ros_ws/install/zed_msgs/share/zed_msgs/meshes/zedxm.stl
[1.463s] -- Up-to-date symlink: /workspaces/isaac_ros-dev/ros_ws/install/zed_msgs/share/zed_msgs/meshes/zedxone4k.stl
[1.463s] -- Up-to-date symlink: /workspaces/isaac_ros-dev/ros_ws/install/zed_msgs/share/zed_msgs/meshes/zedxonegs.stl
[1.463s] -- Up-to-date symlink: /workspaces/isaac_ros-dev/ros_ws/install/zed_msgs/share/ament_index/resource_index/package_run_dependencies/zed_msgs
[1.464s] -- Up-to-date symlink: /workspaces/isaac_ros-dev/ros_ws/install/zed_msgs/share/ament_index/resource_index/parent_prefix_path/zed_msgs
[1.464s] -- Up-to-date symlink: /workspaces/isaac_ros-dev/ros_ws/install/zed_msgs/share/zed_msgs/environment/ament_prefix_path.sh
[1.464s] -- Up-to-date symlink: /workspaces/isaac_ros-dev/ros_ws/install/zed_msgs/share/zed_msgs/environment/ament_prefix_path.dsv
[1.464s] -- Up-to-date symlink: /workspaces/isaac_ros-dev/ros_ws/install/zed_msgs/share/zed_msgs/environment/path.sh
[1.464s] -- Up-to-date symlink: /workspaces/isaac_ros-dev/ros_ws/install/zed_msgs/share/zed_msgs/environment/path.dsv
[1.464s] -- Up-to-date symlink: /workspaces/isaac_ros-dev/ros_ws/install/zed_msgs/share/zed_msgs/local_setup.bash
[1.465s] -- Up-to-date symlink: /workspaces/isaac_ros-dev/ros_ws/install/zed_msgs/share/zed_msgs/local_setup.sh
[1.465s] -- Up-to-date symlink: /workspaces/isaac_ros-dev/ros_ws/install/zed_msgs/share/zed_msgs/local_setup.zsh
[1.465s] -- Up-to-date symlink: /workspaces/isaac_ros-dev/ros_ws/install/zed_msgs/share/zed_msgs/local_setup.dsv
[1.465s] -- Symlinking: /workspaces/isaac_ros-dev/ros_ws/install/zed_msgs/share/zed_msgs/package.dsv
[1.465s] -- Up-to-date symlink: /workspaces/isaac_ros-dev/ros_ws/install/zed_msgs/share/ament_index/resource_index/packages/zed_msgs
[1.465s] -- Up-to-date symlink: /workspaces/isaac_ros-dev/ros_ws/install/zed_msgs/share/zed_msgs/cmake/rosidl_cmake-extras.cmake
[1.466s] -- Up-to-date symlink: /workspaces/isaac_ros-dev/ros_ws/install/zed_msgs/share/zed_msgs/cmake/ament_cmake_export_dependencies-extras.cmake
[1.466s] -- Up-to-date symlink: /workspaces/isaac_ros-dev/ros_ws/install/zed_msgs/share/zed_msgs/cmake/ament_cmake_export_include_directories-extras.cmake
[1.466s] -- Up-to-date symlink: /workspaces/isaac_ros-dev/ros_ws/install/zed_msgs/share/zed_msgs/cmake/ament_cmake_export_libraries-extras.cmake
[1.466s] -- Up-to-date symlink: /workspaces/isaac_ros-dev/ros_ws/install/zed_msgs/share/zed_msgs/cmake/ament_cmake_export_targets-extras.cmake
[1.466s] -- Up-to-date symlink: /workspaces/isaac_ros-dev/ros_ws/install/zed_msgs/share/zed_msgs/cmake/rosidl_cmake_export_typesupport_targets-extras.cmake
[1.466s] -- Up-to-date symlink: /workspaces/isaac_ros-dev/ros_ws/install/zed_msgs/share/zed_msgs/cmake/rosidl_cmake_export_typesupport_libraries-extras.cmake
[1.467s] -- Up-to-date symlink: /workspaces/isaac_ros-dev/ros_ws/install/zed_msgs/share/zed_msgs/cmake/zed_msgsConfig.cmake
[1.467s] -- Up-to-date symlink: /workspaces/isaac_ros-dev/ros_ws/install/zed_msgs/share/zed_msgs/cmake/zed_msgsConfig-version.cmake
[1.467s] -- Up-to-date symlink: /workspaces/isaac_ros-dev/ros_ws/install/zed_msgs/share/zed_msgs/package.xml
[1.467s] -- Up-to-date: /workspaces/isaac_ros-dev/ros_ws/install/zed_msgs/lib/libzed_msgs__rosidl_generator_c.so
[1.467s] -- Up-to-date: /workspaces/isaac_ros-dev/ros_ws/install/zed_msgs/lib/libzed_msgs__rosidl_typesupport_fastrtps_c.so
[1.467s] -- Up-to-date: /workspaces/isaac_ros-dev/ros_ws/install/zed_msgs/lib/libzed_msgs__rosidl_typesupport_fastrtps_cpp.so
[1.468s] -- Up-to-date: /workspaces/isaac_ros-dev/ros_ws/install/zed_msgs/lib/libzed_msgs__rosidl_typesupport_introspection_c.so
[1.468s] -- Up-to-date: /workspaces/isaac_ros-dev/ros_ws/install/zed_msgs/lib/libzed_msgs__rosidl_typesupport_c.so
[1.468s] -- Up-to-date: /workspaces/isaac_ros-dev/ros_ws/install/zed_msgs/lib/libzed_msgs__rosidl_typesupport_introspection_cpp.so
[1.468s] -- Up-to-date: /workspaces/isaac_ros-dev/ros_ws/install/zed_msgs/lib/libzed_msgs__rosidl_typesupport_cpp.so
[1.506s] Listing '/workspaces/isaac_ros-dev/ros_ws/install/zed_msgs/local/lib/python3.10/dist-packages/zed_msgs'...
[1.506s] Listing '/workspaces/isaac_ros-dev/ros_ws/install/zed_msgs/local/lib/python3.10/dist-packages/zed_msgs/msg'...
[1.506s] Listing '/workspaces/isaac_ros-dev/ros_ws/install/zed_msgs/local/lib/python3.10/dist-packages/zed_msgs/srv'...
[1.515s] -- Up-to-date: /workspaces/isaac_ros-dev/ros_ws/install/zed_msgs/lib/libzed_msgs__rosidl_generator_py.so
[1.515s] -- Up-to-date: /workspaces/isaac_ros-dev/ros_ws/install/zed_msgs/share/zed_msgs/cmake/export_zed_msgs__rosidl_generator_cExport.cmake
[1.515s] -- Up-to-date: /workspaces/isaac_ros-dev/ros_ws/install/zed_msgs/share/zed_msgs/cmake/export_zed_msgs__rosidl_generator_cExport-noconfig.cmake
[1.515s] -- Up-to-date: /workspaces/isaac_ros-dev/ros_ws/install/zed_msgs/share/zed_msgs/cmake/export_zed_msgs__rosidl_typesupport_fastrtps_cExport.cmake
[1.516s] -- Up-to-date: /workspaces/isaac_ros-dev/ros_ws/install/zed_msgs/share/zed_msgs/cmake/export_zed_msgs__rosidl_typesupport_fastrtps_cExport-noconfig.cmake
[1.516s] -- Up-to-date: /workspaces/isaac_ros-dev/ros_ws/install/zed_msgs/share/zed_msgs/cmake/export_zed_msgs__rosidl_generator_cppExport.cmake
[1.516s] -- Up-to-date: /workspaces/isaac_ros-dev/ros_ws/install/zed_msgs/share/zed_msgs/cmake/export_zed_msgs__rosidl_typesupport_fastrtps_cppExport.cmake
[1.516s] -- Up-to-date: /workspaces/isaac_ros-dev/ros_ws/install/zed_msgs/share/zed_msgs/cmake/export_zed_msgs__rosidl_typesupport_fastrtps_cppExport-noconfig.cmake
[1.516s] -- Up-to-date: /workspaces/isaac_ros-dev/ros_ws/install/zed_msgs/share/zed_msgs/cmake/zed_msgs__rosidl_typesupport_introspection_cExport.cmake
[1.517s] -- Up-to-date: /workspaces/isaac_ros-dev/ros_ws/install/zed_msgs/share/zed_msgs/cmake/zed_msgs__rosidl_typesupport_introspection_cExport-noconfig.cmake
[1.517s] -- Up-to-date: /workspaces/isaac_ros-dev/ros_ws/install/zed_msgs/share/zed_msgs/cmake/zed_msgs__rosidl_typesupport_cExport.cmake
[1.517s] -- Up-to-date: /workspaces/isaac_ros-dev/ros_ws/install/zed_msgs/share/zed_msgs/cmake/zed_msgs__rosidl_typesupport_cExport-noconfig.cmake
[1.517s] -- Up-to-date: /workspaces/isaac_ros-dev/ros_ws/install/zed_msgs/share/zed_msgs/cmake/zed_msgs__rosidl_typesupport_introspection_cppExport.cmake
[1.517s] -- Up-to-date: /workspaces/isaac_ros-dev/ros_ws/install/zed_msgs/share/zed_msgs/cmake/zed_msgs__rosidl_typesupport_introspection_cppExport-noconfig.cmake
[1.517s] -- Up-to-date: /workspaces/isaac_ros-dev/ros_ws/install/zed_msgs/share/zed_msgs/cmake/zed_msgs__rosidl_typesupport_cppExport.cmake
[1.517s] -- Up-to-date: /workspaces/isaac_ros-dev/ros_ws/install/zed_msgs/share/zed_msgs/cmake/zed_msgs__rosidl_typesupport_cppExport-noconfig.cmake
[1.517s] -- Up-to-date: /workspaces/isaac_ros-dev/ros_ws/install/zed_msgs/share/zed_msgs/cmake/export_zed_msgs__rosidl_generator_pyExport.cmake
[1.517s] -- Up-to-date: /workspaces/isaac_ros-dev/ros_ws/install/zed_msgs/share/zed_msgs/cmake/export_zed_msgs__rosidl_generator_pyExport-noconfig.cmake
[1.523s] Invoked command in '/workspaces/isaac_ros-dev/ros_ws/build/zed_msgs' returned '0': CMAKE_PREFIX_PATH=${CMAKE_PREFIX_PATH}:/opt/ros/humble /usr/bin/cmake --install /workspaces/isaac_ros-dev/ros_ws/build/zed_msgs
