[0.025s] Invoking command in '/workspaces/isaac_ros-dev/ros_ws/build/zed_components': CMAKE_PREFIX_PATH=/workspaces/isaac_ros-dev/ros_ws/install/zed_msgs:/workspaces/isaac_ros-dev/ros_ws/install/zed_ros2:/workspaces/isaac_ros-dev/ros_ws/install/zed_wrapper:/workspaces/isaac_ros-dev/ros_ws/install/zed_components:/workspaces/isaac_ros-dev/ros_ws/install/ur5e_visual_servo:/usr/local/libcudss-linux-0.3.0.9_cuda12-archive:/opt/ros/humble LD_LIBRARY_PATH=/workspaces/isaac_ros-dev/ros_ws/install/zed_msgs/lib:/workspaces/isaac_ros-dev/ros_ws/install/zed_components/lib:/opt/ros/humble/opt/rviz_ogre_vendor/lib:/opt/ros/humble/lib/aarch64-linux-gnu:/opt/ros/humble/lib:/usr/lib/aarch64-linux-gnu/tegra/weston:/usr/lib/aarch64-linux-gnu/tegra-egl:/usr/local/cuda-12.6/targets/aarch64-linux/lib:/usr/lib/aarch64-linux-gnu/tegra:/opt/nvidia/vpi3/lib64:/usr/local/libcudss-linux-0.3.0.9_cuda12-archive/lib:/usr/local/nvidia/lib:/usr/local/nvidia/lib64:/usr/lib/aarch64-linux-gnu-host:/opt/tritonserver/lib:/usr/local/zed/lib /usr/bin/cmake /workspaces/isaac_ros-dev/ros_ws/src/zed-ros2-wrapper/zed_components -DAMENT_CMAKE_SYMLINK_INSTALL=1 -DCMAKE_INSTALL_PREFIX=/workspaces/isaac_ros-dev/ros_ws/install/zed_components
[0.119s] -- The C compiler identification is GNU 11.4.0
[0.209s] -- The CXX compiler identification is GNU 11.4.0
[0.227s] -- Detecting C compiler ABI info
[0.353s] -- Detecting C compiler ABI info - done
[0.368s] -- Check for working C compiler: /usr/bin/cc - skipped
[0.368s] -- Detecting C compile features
[0.368s] -- Detecting C compile features - done
[0.374s] -- Detecting CXX compiler ABI info
[0.512s] -- Detecting CXX compiler ABI info - done
[0.538s] -- Check for working CXX compiler: /usr/bin/c++ - skipped
[0.539s] -- Detecting CXX compile features
[0.541s] -- Detecting CXX compile features - done
[0.566s] -- Looking for sgemm_
[0.704s] -- Looking for sgemm_ - not found
[0.707s] -- Looking for pthread.h
[0.842s] -- Looking for pthread.h - found
[0.842s] -- Performing Test CMAKE_HAVE_LIBC_PTHREAD
[0.978s] -- Performing Test CMAKE_HAVE_LIBC_PTHREAD - Success
[0.980s] -- Found Threads: TRUE  
[1.040s] -- Looking for sgemm_
[1.202s] -- Looking for sgemm_ - found
[1.202s] -- Found BLAS: /usr/lib/aarch64-linux-gnu/libopenblas.so  
[1.279s] -- Found CUDA: /usr/local/cuda (found suitable version "12.6", minimum required is "12.6") 
[1.337s] -- Found CUDA: /usr/local/cuda (found version "12.6") 
[1.349s] -- Found ament_cmake_auto: 1.3.11 (/opt/ros/humble/share/ament_cmake_auto/cmake)
[2.591s] -- Found Python3: /usr/bin/python3 (found version "3.10.12") found components: Interpreter 
[2.710s] -- Override CMake install command with custom implementation using symlinks instead of copying resources
[3.019s] -- Found rosidl_generator_c: 3.1.6 (/opt/ros/humble/share/rosidl_generator_c/cmake)
[3.032s] -- Found rosidl_adapter: 3.1.6 (/opt/ros/humble/share/rosidl_adapter/cmake)
[3.049s] -- Found rosidl_generator_cpp: 3.1.6 (/opt/ros/humble/share/rosidl_generator_cpp/cmake)
[3.072s] -- Using all available rosidl_typesupport_c: rosidl_typesupport_fastrtps_c;rosidl_typesupport_introspection_c
[3.102s] -- Using all available rosidl_typesupport_cpp: rosidl_typesupport_fastrtps_cpp;rosidl_typesupport_introspection_cpp
[3.284s] -- Found rmw_implementation_cmake: 6.1.2 (/opt/ros/humble/share/rmw_implementation_cmake/cmake)
[3.290s] -- Found rmw_cyclonedds_cpp: 1.3.4 (/opt/ros/humble/share/rmw_cyclonedds_cpp/cmake)
[3.326s] -- Using RMW implementation 'rmw_cyclonedds_cpp' as default
[3.770s] -- Found eigen3_cmake_module: 0.1.1 (/opt/ros/humble/share/eigen3_cmake_module/cmake)
[3.771s] -- Found Eigen3: TRUE (found version "3.4.0") 
[3.772s] -- Ensuring Eigen3 include directory is part of orocos-kdl CMake target
[3.978s] -- Found ament_lint_auto: 0.12.11 (/opt/ros/humble/share/ament_lint_auto/cmake)
[4.043s] -- Added test 'copyright' to check source files copyright and LICENSE
[4.046s] -- Added test 'cppcheck' to perform static code analysis on C / C++ code
[4.047s] -- Configured cppcheck include dirs: /workspaces/isaac_ros-dev/ros_ws/src/zed-ros2-wrapper/zed_components/src/include;/workspaces/isaac_ros-dev/ros_ws/src/zed-ros2-wrapper/zed_components/src/zed_camera/include;/workspaces/isaac_ros-dev/ros_ws/src/zed-ros2-wrapper/zed_components/src/tools/include
[4.047s] -- Configured cppcheck exclude dirs and/or files: 
[4.048s] -- Added test 'lint_cmake' to check CMake code style
[4.051s] -- Added test 'uncrustify' to check C / C++ code style
[4.051s] -- Configured uncrustify additional arguments: 
[4.051s] -- Added test 'xmllint' to check XML markup files
[4.057s] -- Configuring done
[4.115s] -- Generating done
[4.129s] -- Build files have been written to: /workspaces/isaac_ros-dev/ros_ws/build/zed_components
[4.156s] Invoked command in '/workspaces/isaac_ros-dev/ros_ws/build/zed_components' returned '0': CMAKE_PREFIX_PATH=/workspaces/isaac_ros-dev/ros_ws/install/zed_msgs:/workspaces/isaac_ros-dev/ros_ws/install/zed_ros2:/workspaces/isaac_ros-dev/ros_ws/install/zed_wrapper:/workspaces/isaac_ros-dev/ros_ws/install/zed_components:/workspaces/isaac_ros-dev/ros_ws/install/ur5e_visual_servo:/usr/local/libcudss-linux-0.3.0.9_cuda12-archive:/opt/ros/humble LD_LIBRARY_PATH=/workspaces/isaac_ros-dev/ros_ws/install/zed_msgs/lib:/workspaces/isaac_ros-dev/ros_ws/install/zed_components/lib:/opt/ros/humble/opt/rviz_ogre_vendor/lib:/opt/ros/humble/lib/aarch64-linux-gnu:/opt/ros/humble/lib:/usr/lib/aarch64-linux-gnu/tegra/weston:/usr/lib/aarch64-linux-gnu/tegra-egl:/usr/local/cuda-12.6/targets/aarch64-linux/lib:/usr/lib/aarch64-linux-gnu/tegra:/opt/nvidia/vpi3/lib64:/usr/local/libcudss-linux-0.3.0.9_cuda12-archive/lib:/usr/local/nvidia/lib:/usr/local/nvidia/lib64:/usr/lib/aarch64-linux-gnu-host:/opt/tritonserver/lib:/usr/local/zed/lib /usr/bin/cmake /workspaces/isaac_ros-dev/ros_ws/src/zed-ros2-wrapper/zed_components -DAMENT_CMAKE_SYMLINK_INSTALL=1 -DCMAKE_INSTALL_PREFIX=/workspaces/isaac_ros-dev/ros_ws/install/zed_components
[4.160s] Invoking command in '/workspaces/isaac_ros-dev/ros_ws/build/zed_components': CMAKE_PREFIX_PATH=/workspaces/isaac_ros-dev/ros_ws/install/zed_msgs:/workspaces/isaac_ros-dev/ros_ws/install/zed_ros2:/workspaces/isaac_ros-dev/ros_ws/install/zed_wrapper:/workspaces/isaac_ros-dev/ros_ws/install/zed_components:/workspaces/isaac_ros-dev/ros_ws/install/ur5e_visual_servo:/usr/local/libcudss-linux-0.3.0.9_cuda12-archive:/opt/ros/humble LD_LIBRARY_PATH=/workspaces/isaac_ros-dev/ros_ws/install/zed_msgs/lib:/workspaces/isaac_ros-dev/ros_ws/install/zed_components/lib:/opt/ros/humble/opt/rviz_ogre_vendor/lib:/opt/ros/humble/lib/aarch64-linux-gnu:/opt/ros/humble/lib:/usr/lib/aarch64-linux-gnu/tegra/weston:/usr/lib/aarch64-linux-gnu/tegra-egl:/usr/local/cuda-12.6/targets/aarch64-linux/lib:/usr/lib/aarch64-linux-gnu/tegra:/opt/nvidia/vpi3/lib64:/usr/local/libcudss-linux-0.3.0.9_cuda12-archive/lib:/usr/local/nvidia/lib:/usr/local/nvidia/lib64:/usr/lib/aarch64-linux-gnu-host:/opt/tritonserver/lib:/usr/local/zed/lib /usr/bin/cmake --build /workspaces/isaac_ros-dev/ros_ws/build/zed_components -- -j12 -l12
[4.258s] [ 30%] [32mBuilding CXX object CMakeFiles/zed_camera_one_component.dir/src/tools/src/sl_win_avg.cpp.o[0m
[4.258s] [ 30%] [32mBuilding CXX object CMakeFiles/zed_camera_one_component.dir/src/tools/src/gnss_replay.cpp.o[0m
[4.258s] [ 30%] [32mBuilding CXX object CMakeFiles/zed_camera_one_component.dir/src/tools/src/sl_tools.cpp.o[0m
[4.258s] [ 50%] [32mBuilding CXX object CMakeFiles/zed_camera_component.dir/src/tools/src/gnss_replay.cpp.o[0m
[4.259s] [ 50%] [32mBuilding CXX object CMakeFiles/zed_camera_component.dir/src/tools/src/sl_tools.cpp.o[0m
[4.260s] [ 60%] [32mBuilding CXX object CMakeFiles/zed_camera_component.dir/src/zed_camera/src/zed_camera_component.cpp.o[0m
[4.265s] [ 70%] [32mBuilding CXX object CMakeFiles/zed_camera_component.dir/src/tools/src/sl_win_avg.cpp.o[0m
[4.265s] [ 80%] [32mBuilding CXX object CMakeFiles/zed_camera_one_component.dir/src/zed_camera/src/zed_camera_one_component.cpp.o[0m
[37.639s] [ 90%] [32m[1mLinking CXX shared library libzed_camera_one_component.so[0m
[38.267s] [ 90%] Built target zed_camera_one_component
[122.079s] [100%] [32m[1mLinking CXX shared library libzed_camera_component.so[0m
[123.101s] [100%] Built target zed_camera_component
[123.128s] Invoked command in '/workspaces/isaac_ros-dev/ros_ws/build/zed_components' returned '0': CMAKE_PREFIX_PATH=/workspaces/isaac_ros-dev/ros_ws/install/zed_msgs:/workspaces/isaac_ros-dev/ros_ws/install/zed_ros2:/workspaces/isaac_ros-dev/ros_ws/install/zed_wrapper:/workspaces/isaac_ros-dev/ros_ws/install/zed_components:/workspaces/isaac_ros-dev/ros_ws/install/ur5e_visual_servo:/usr/local/libcudss-linux-0.3.0.9_cuda12-archive:/opt/ros/humble LD_LIBRARY_PATH=/workspaces/isaac_ros-dev/ros_ws/install/zed_msgs/lib:/workspaces/isaac_ros-dev/ros_ws/install/zed_components/lib:/opt/ros/humble/opt/rviz_ogre_vendor/lib:/opt/ros/humble/lib/aarch64-linux-gnu:/opt/ros/humble/lib:/usr/lib/aarch64-linux-gnu/tegra/weston:/usr/lib/aarch64-linux-gnu/tegra-egl:/usr/local/cuda-12.6/targets/aarch64-linux/lib:/usr/lib/aarch64-linux-gnu/tegra:/opt/nvidia/vpi3/lib64:/usr/local/libcudss-linux-0.3.0.9_cuda12-archive/lib:/usr/local/nvidia/lib:/usr/local/nvidia/lib64:/usr/lib/aarch64-linux-gnu-host:/opt/tritonserver/lib:/usr/local/zed/lib /usr/bin/cmake --build /workspaces/isaac_ros-dev/ros_ws/build/zed_components -- -j12 -l12
[123.133s] Invoking command in '/workspaces/isaac_ros-dev/ros_ws/build/zed_components': CMAKE_PREFIX_PATH=/workspaces/isaac_ros-dev/ros_ws/install/zed_msgs:/workspaces/isaac_ros-dev/ros_ws/install/zed_ros2:/workspaces/isaac_ros-dev/ros_ws/install/zed_wrapper:/workspaces/isaac_ros-dev/ros_ws/install/zed_components:/workspaces/isaac_ros-dev/ros_ws/install/ur5e_visual_servo:/usr/local/libcudss-linux-0.3.0.9_cuda12-archive:/opt/ros/humble LD_LIBRARY_PATH=/workspaces/isaac_ros-dev/ros_ws/install/zed_msgs/lib:/workspaces/isaac_ros-dev/ros_ws/install/zed_components/lib:/opt/ros/humble/opt/rviz_ogre_vendor/lib:/opt/ros/humble/lib/aarch64-linux-gnu:/opt/ros/humble/lib:/usr/lib/aarch64-linux-gnu/tegra/weston:/usr/lib/aarch64-linux-gnu/tegra-egl:/usr/local/cuda-12.6/targets/aarch64-linux/lib:/usr/lib/aarch64-linux-gnu/tegra:/opt/nvidia/vpi3/lib64:/usr/local/libcudss-linux-0.3.0.9_cuda12-archive/lib:/usr/local/nvidia/lib:/usr/local/nvidia/lib64:/usr/lib/aarch64-linux-gnu-host:/opt/tritonserver/lib:/usr/local/zed/lib /usr/bin/cmake --install /workspaces/isaac_ros-dev/ros_ws/build/zed_components
[123.148s] -- Install configuration: "Release"
[123.148s] -- Execute custom install script
[123.149s] -- Symlinking: /workspaces/isaac_ros-dev/ros_ws/install/zed_components/lib/libzed_camera_component.so
[123.165s] -- Symlinking: /workspaces/isaac_ros-dev/ros_ws/install/zed_components/lib/libzed_camera_one_component.so
[123.184s] -- Symlinking: /workspaces/isaac_ros-dev/ros_ws/install/zed_components/include/zed_components//cost_traversability.hpp
[123.201s] -- Symlinking: /workspaces/isaac_ros-dev/ros_ws/install/zed_components/include/zed_components//sl_types.hpp
[123.218s] -- Symlinking: /workspaces/isaac_ros-dev/ros_ws/install/zed_components/include/zed_components//zed_camera_component.hpp
[123.236s] -- Symlinking: /workspaces/isaac_ros-dev/ros_ws/install/zed_components/include/zed_components//zed_camera_one_component.hpp
[123.253s] -- Symlinking: /workspaces/isaac_ros-dev/ros_ws/install/zed_components/include/zed_components//gnss_replay.hpp
[123.271s] -- Symlinking: /workspaces/isaac_ros-dev/ros_ws/install/zed_components/include/zed_components//json.hpp
[123.287s] -- Symlinking: /workspaces/isaac_ros-dev/ros_ws/install/zed_components/include/zed_components//sl_logging.hpp
[123.302s] -- Symlinking: /workspaces/isaac_ros-dev/ros_ws/install/zed_components/include/zed_components//sl_tools.hpp
[123.316s] -- Symlinking: /workspaces/isaac_ros-dev/ros_ws/install/zed_components/include/zed_components//sl_win_avg.hpp
[123.334s] -- Symlinking: /workspaces/isaac_ros-dev/ros_ws/install/zed_components/include/zed_components//visibility_control.hpp
[123.350s] -- Symlinking: /workspaces/isaac_ros-dev/ros_ws/install/zed_components/share/zed_components/environment/library_path.sh
[123.367s] -- Symlinking: /workspaces/isaac_ros-dev/ros_ws/install/zed_components/share/zed_components/environment/library_path.dsv
[123.384s] -- Symlinking: /workspaces/isaac_ros-dev/ros_ws/install/zed_components/share/ament_index/resource_index/package_run_dependencies/zed_components
[123.398s] -- Symlinking: /workspaces/isaac_ros-dev/ros_ws/install/zed_components/share/ament_index/resource_index/parent_prefix_path/zed_components
[123.416s] -- Symlinking: /workspaces/isaac_ros-dev/ros_ws/install/zed_components/share/zed_components/environment/ament_prefix_path.sh
[123.434s] -- Symlinking: /workspaces/isaac_ros-dev/ros_ws/install/zed_components/share/zed_components/environment/ament_prefix_path.dsv
[123.451s] -- Symlinking: /workspaces/isaac_ros-dev/ros_ws/install/zed_components/share/zed_components/environment/path.sh
[123.467s] -- Symlinking: /workspaces/isaac_ros-dev/ros_ws/install/zed_components/share/zed_components/environment/path.dsv
[123.483s] -- Symlinking: /workspaces/isaac_ros-dev/ros_ws/install/zed_components/share/zed_components/local_setup.bash
[123.501s] -- Symlinking: /workspaces/isaac_ros-dev/ros_ws/install/zed_components/share/zed_components/local_setup.sh
[123.519s] -- Symlinking: /workspaces/isaac_ros-dev/ros_ws/install/zed_components/share/zed_components/local_setup.zsh
[123.537s] -- Symlinking: /workspaces/isaac_ros-dev/ros_ws/install/zed_components/share/zed_components/local_setup.dsv
[123.553s] -- Symlinking: /workspaces/isaac_ros-dev/ros_ws/install/zed_components/share/zed_components/package.dsv
[123.570s] -- Symlinking: /workspaces/isaac_ros-dev/ros_ws/install/zed_components/share/ament_index/resource_index/packages/zed_components
[123.588s] -- Symlinking: /workspaces/isaac_ros-dev/ros_ws/install/zed_components/share/ament_index/resource_index/rclcpp_components/zed_components
[123.604s] -- Symlinking: /workspaces/isaac_ros-dev/ros_ws/install/zed_components/share/zed_components/cmake/ament_cmake_export_include_directories-extras.cmake
[123.622s] -- Symlinking: /workspaces/isaac_ros-dev/ros_ws/install/zed_components/share/zed_components/cmake/ament_cmake_export_libraries-extras.cmake
[123.638s] -- Symlinking: /workspaces/isaac_ros-dev/ros_ws/install/zed_components/share/zed_components/cmake/ament_cmake_export_dependencies-extras.cmake
[123.657s] -- Symlinking: /workspaces/isaac_ros-dev/ros_ws/install/zed_components/share/zed_components/cmake/zed_componentsConfig.cmake
[123.673s] -- Symlinking: /workspaces/isaac_ros-dev/ros_ws/install/zed_components/share/zed_components/cmake/zed_componentsConfig-version.cmake
[123.690s] -- Symlinking: /workspaces/isaac_ros-dev/ros_ws/install/zed_components/share/zed_components/package.xml
[123.713s] Invoked command in '/workspaces/isaac_ros-dev/ros_ws/build/zed_components' returned '0': CMAKE_PREFIX_PATH=/workspaces/isaac_ros-dev/ros_ws/install/zed_msgs:/workspaces/isaac_ros-dev/ros_ws/install/zed_ros2:/workspaces/isaac_ros-dev/ros_ws/install/zed_wrapper:/workspaces/isaac_ros-dev/ros_ws/install/zed_components:/workspaces/isaac_ros-dev/ros_ws/install/ur5e_visual_servo:/usr/local/libcudss-linux-0.3.0.9_cuda12-archive:/opt/ros/humble LD_LIBRARY_PATH=/workspaces/isaac_ros-dev/ros_ws/install/zed_msgs/lib:/workspaces/isaac_ros-dev/ros_ws/install/zed_components/lib:/opt/ros/humble/opt/rviz_ogre_vendor/lib:/opt/ros/humble/lib/aarch64-linux-gnu:/opt/ros/humble/lib:/usr/lib/aarch64-linux-gnu/tegra/weston:/usr/lib/aarch64-linux-gnu/tegra-egl:/usr/local/cuda-12.6/targets/aarch64-linux/lib:/usr/lib/aarch64-linux-gnu/tegra:/opt/nvidia/vpi3/lib64:/usr/local/libcudss-linux-0.3.0.9_cuda12-archive/lib:/usr/local/nvidia/lib:/usr/local/nvidia/lib64:/usr/lib/aarch64-linux-gnu-host:/opt/tritonserver/lib:/usr/local/zed/lib /usr/bin/cmake --install /workspaces/isaac_ros-dev/ros_ws/build/zed_components
