[3.409s] Invoking command in '/workspaces/isaac_ros-dev/ros_ws/src/control': PYTHONPATH=/workspaces/isaac_ros-dev/ros_ws/build/control/prefix_override:/usr/lib/python3/dist-packages/colcon_core/task/python/colcon_distutils_commands:/workspaces/isaac_ros-dev/ros_ws/install/control/lib/python3.10/site-packages:${PYTHONPATH} /usr/bin/python3 -W ignore:setup.py install is deprecated -W ignore:easy_install command is deprecated setup.py egg_info --egg-base ../../build/control build --build-base /workspaces/isaac_ros-dev/ros_ws/build/control/build install --record /workspaces/isaac_ros-dev/ros_ws/build/control/install.log --single-version-externally-managed install_data
[4.138s] running egg_info
[4.167s] writing ../../build/control/control.egg-info/PKG-INFO
[4.167s] writing dependency_links to ../../build/control/control.egg-info/dependency_links.txt
[4.168s] writing entry points to ../../build/control/control.egg-info/entry_points.txt
[4.168s] writing requirements to ../../build/control/control.egg-info/requires.txt
[4.168s] writing top-level names to ../../build/control/control.egg-info/top_level.txt
[4.489s] reading manifest file '../../build/control/control.egg-info/SOURCES.txt'
[4.491s] writing manifest file '../../build/control/control.egg-info/SOURCES.txt'
[4.491s] running build
[4.491s] running build_py
[4.492s] running install
[4.501s] running install_lib
[4.539s] running install_data
[4.539s] running install_egg_info
[4.574s] removing '/workspaces/isaac_ros-dev/ros_ws/install/control/lib/python3.10/site-packages/control-0.0.1-py3.10.egg-info' (and everything under it)
[4.575s] Copying ../../build/control/control.egg-info to /workspaces/isaac_ros-dev/ros_ws/install/control/lib/python3.10/site-packages/control-0.0.1-py3.10.egg-info
[4.577s] running install_scripts
[4.697s] Installing control_node script to /workspaces/isaac_ros-dev/ros_ws/install/control/lib/control
[4.698s] writing list of installed files to '/workspaces/isaac_ros-dev/ros_ws/build/control/install.log'
[4.802s] Invoked command in '/workspaces/isaac_ros-dev/ros_ws/src/control' returned '0': PYTHONPATH=/workspaces/isaac_ros-dev/ros_ws/build/control/prefix_override:/usr/lib/python3/dist-packages/colcon_core/task/python/colcon_distutils_commands:/workspaces/isaac_ros-dev/ros_ws/install/control/lib/python3.10/site-packages:${PYTHONPATH} /usr/bin/python3 -W ignore:setup.py install is deprecated -W ignore:easy_install command is deprecated setup.py egg_info --egg-base ../../build/control build --build-base /workspaces/isaac_ros-dev/ros_ws/build/control/build install --record /workspaces/isaac_ros-dev/ros_ws/build/control/install.log --single-version-externally-managed install_data
