[3.385s] Invoking command in '/workspaces/isaac_ros-dev/ros_ws/src/vision': PYTHONPATH=/workspaces/isaac_ros-dev/ros_ws/build/vision/prefix_override:/usr/lib/python3/dist-packages/colcon_core/task/python/colcon_distutils_commands:/workspaces/isaac_ros-dev/ros_ws/install/vision/lib/python3.10/site-packages:${PYTHONPATH} /usr/bin/python3 -W ignore:setup.py install is deprecated -W ignore:easy_install command is deprecated setup.py egg_info --egg-base ../../build/vision build --build-base /workspaces/isaac_ros-dev/ros_ws/build/vision/build install --record /workspaces/isaac_ros-dev/ros_ws/build/vision/install.log --single-version-externally-managed install_data
[4.119s] running egg_info
[4.148s] writing ../../build/vision/vision.egg-info/PKG-INFO
[4.148s] writing dependency_links to ../../build/vision/vision.egg-info/dependency_links.txt
[4.149s] writing entry points to ../../build/vision/vision.egg-info/entry_points.txt
[4.149s] writing requirements to ../../build/vision/vision.egg-info/requires.txt
[4.149s] writing top-level names to ../../build/vision/vision.egg-info/top_level.txt
[4.282s] writing manifest file '../../build/vision/vision.egg-info/SOURCES.txt'
[4.283s] running build
[4.283s] running build_py
[4.283s] running install
[4.292s] running install_lib
[4.324s] running install_data
[4.324s] running install_egg_info
[4.354s] removing '/workspaces/isaac_ros-dev/ros_ws/install/vision/lib/python3.10/site-packages/vision-0.0.1-py3.10.egg-info' (and everything under it)
[4.355s] Copying ../../build/vision/vision.egg-info to /workspaces/isaac_ros-dev/ros_ws/install/vision/lib/python3.10/site-packages/vision-0.0.1-py3.10.egg-info
[4.357s] running install_scripts
[4.473s] Installing vision_node script to /workspaces/isaac_ros-dev/ros_ws/install/vision/lib/vision
[4.474s] writing list of installed files to '/workspaces/isaac_ros-dev/ros_ws/build/vision/install.log'
[4.593s] Invoked command in '/workspaces/isaac_ros-dev/ros_ws/src/vision' returned '0': PYTHONPATH=/workspaces/isaac_ros-dev/ros_ws/build/vision/prefix_override:/usr/lib/python3/dist-packages/colcon_core/task/python/colcon_distutils_commands:/workspaces/isaac_ros-dev/ros_ws/install/vision/lib/python3.10/site-packages:${PYTHONPATH} /usr/bin/python3 -W ignore:setup.py install is deprecated -W ignore:easy_install command is deprecated setup.py egg_info --egg-base ../../build/vision build --build-base /workspaces/isaac_ros-dev/ros_ws/build/vision/build install --record /workspaces/isaac_ros-dev/ros_ws/build/vision/install.log --single-version-externally-managed install_data
