[0.200s] [34mcolcon[0m [1;30mDEBUG[0m [32mCommand line arguments: ['/usr/bin/colcon', 'build', '--symlink-install'][0m
[0.200s] [34mcolcon[0m [1;30mDEBUG[0m [32mParsed command line arguments: Namespace(log_base=None, log_level=None, verb_name='build', build_base='build', install_base='install', merge_install=False, symlink_install=True, test_result_base=None, continue_on_error=False, executor='parallel', parallel_workers=12, event_handlers=None, ignore_user_meta=False, metas=['./colcon.meta'], base_paths=['.'], packages_ignore=None, packages_ignore_regex=None, paths=None, packages_up_to=None, packages_up_to_regex=None, packages_above=None, packages_above_and_dependencies=None, packages_above_depth=None, packages_select_by_dep=None, packages_skip_by_dep=None, packages_skip_up_to=None, packages_select_build_failed=False, packages_skip_build_finished=False, packages_select_test_failures=False, packages_skip_test_passed=False, packages_select=None, packages_skip=None, packages_select_regex=None, packages_skip_regex=None, packages_start=None, packages_end=None, allow_overriding=[], cmake_args=None, cmake_target=None, cmake_target_skip_unavailable=False, cmake_clean_cache=False, cmake_clean_first=False, cmake_force_configure=False, ament_cmake_args=None, catkin_cmake_args=None, catkin_skip_building_tests=False, verb_parser=<colcon_defaults.argument_parser.defaults.DefaultArgumentsDecorator object at 0xffffada27160>, verb_extension=<colcon_core.verb.build.BuildVerb object at 0xffffadb98430>, main=<bound method BuildVerb.main of <colcon_core.verb.build.BuildVerb object at 0xffffadb98430>>)[0m
[0.647s] [34mcolcon.colcon_core.package_discovery[0m [1;30mLevel 1[0m discover_packages(colcon_meta) check parameters
[0.647s] [34mcolcon.colcon_core.package_discovery[0m [1;30mLevel 1[0m discover_packages(recursive) check parameters
[0.647s] [34mcolcon.colcon_core.package_discovery[0m [1;30mLevel 1[0m discover_packages(ignore) check parameters
[0.648s] [34mcolcon.colcon_core.package_discovery[0m [1;30mLevel 1[0m discover_packages(path) check parameters
[0.648s] [34mcolcon.colcon_core.package_discovery[0m [1;30mLevel 1[0m discover_packages(colcon_meta) discover
[0.648s] [34mcolcon.colcon_core.package_discovery[0m [1;30mLevel 1[0m discover_packages(recursive) discover
[0.648s] [34mcolcon.colcon_core.package_discovery[0m [1;30mINFO[0m Crawling recursively for packages in '/workspaces/isaac_ros-dev/ros_ws'
[0.648s] [34mcolcon.colcon_core.package_identification[0m [1;30mLevel 1[0m _identify(.) by extensions ['ignore', 'ignore_ament_install']
[0.648s] [34mcolcon.colcon_core.package_identification[0m [1;30mLevel 1[0m _identify(.) by extension 'ignore'
[0.648s] [34mcolcon.colcon_core.package_identification[0m [1;30mLevel 1[0m _identify(.) by extension 'ignore_ament_install'
[0.648s] [34mcolcon.colcon_core.package_identification[0m [1;30mLevel 1[0m _identify(.) by extensions ['colcon_pkg']
[0.649s] [34mcolcon.colcon_core.package_identification[0m [1;30mLevel 1[0m _identify(.) by extension 'colcon_pkg'
[0.649s] [34mcolcon.colcon_core.package_identification[0m [1;30mLevel 1[0m _identify(.) by extensions ['colcon_meta']
[0.649s] [34mcolcon.colcon_core.package_identification[0m [1;30mLevel 1[0m _identify(.) by extension 'colcon_meta'
[0.649s] [34mcolcon.colcon_core.package_identification[0m [1;30mLevel 1[0m _identify(.) by extensions ['ros']
[0.649s] [34mcolcon.colcon_core.package_identification[0m [1;30mLevel 1[0m _identify(.) by extension 'ros'
[0.672s] [34mcolcon.colcon_core.package_identification[0m [1;30mLevel 1[0m _identify(.) by extensions ['cmake', 'python']
[0.672s] [34mcolcon.colcon_core.package_identification[0m [1;30mLevel 1[0m _identify(.) by extension 'cmake'
[0.673s] [34mcolcon.colcon_core.package_identification[0m [1;30mLevel 1[0m _identify(.) by extension 'python'
[0.673s] [34mcolcon.colcon_core.package_identification[0m [1;30mLevel 1[0m _identify(.) by extensions ['python_setup_py']
[0.673s] [34mcolcon.colcon_core.package_identification[0m [1;30mLevel 1[0m _identify(.) by extension 'python_setup_py'
[0.673s] [34mcolcon.colcon_core.package_identification[0m [1;30mLevel 1[0m _identify(build) by extensions ['ignore', 'ignore_ament_install']
[0.673s] [34mcolcon.colcon_core.package_identification[0m [1;30mLevel 1[0m _identify(build) by extension 'ignore'
[0.673s] [34mcolcon.colcon_core.package_identification[0m [1;30mLevel 1[0m _identify(build) ignored
[0.673s] [34mcolcon.colcon_core.package_identification[0m [1;30mLevel 1[0m _identify(install) by extensions ['ignore', 'ignore_ament_install']
[0.674s] [34mcolcon.colcon_core.package_identification[0m [1;30mLevel 1[0m _identify(install) by extension 'ignore'
[0.674s] [34mcolcon.colcon_core.package_identification[0m [1;30mLevel 1[0m _identify(install) ignored
[0.674s] [34mcolcon.colcon_core.package_identification[0m [1;30mLevel 1[0m _identify(log) by extensions ['ignore', 'ignore_ament_install']
[0.674s] [34mcolcon.colcon_core.package_identification[0m [1;30mLevel 1[0m _identify(log) by extension 'ignore'
[0.674s] [34mcolcon.colcon_core.package_identification[0m [1;30mLevel 1[0m _identify(log) ignored
[0.674s] [34mcolcon.colcon_core.package_identification[0m [1;30mLevel 1[0m _identify(src) by extensions ['ignore', 'ignore_ament_install']
[0.674s] [34mcolcon.colcon_core.package_identification[0m [1;30mLevel 1[0m _identify(src) by extension 'ignore'
[0.674s] [34mcolcon.colcon_core.package_identification[0m [1;30mLevel 1[0m _identify(src) by extension 'ignore_ament_install'
[0.674s] [34mcolcon.colcon_core.package_identification[0m [1;30mLevel 1[0m _identify(src) by extensions ['colcon_pkg']
[0.674s] [34mcolcon.colcon_core.package_identification[0m [1;30mLevel 1[0m _identify(src) by extension 'colcon_pkg'
[0.675s] [34mcolcon.colcon_core.package_identification[0m [1;30mLevel 1[0m _identify(src) by extensions ['colcon_meta']
[0.675s] [34mcolcon.colcon_core.package_identification[0m [1;30mLevel 1[0m _identify(src) by extension 'colcon_meta'
[0.675s] [34mcolcon.colcon_core.package_identification[0m [1;30mLevel 1[0m _identify(src) by extensions ['ros']
[0.675s] [34mcolcon.colcon_core.package_identification[0m [1;30mLevel 1[0m _identify(src) by extension 'ros'
[0.675s] [34mcolcon.colcon_core.package_identification[0m [1;30mLevel 1[0m _identify(src) by extensions ['cmake', 'python']
[0.675s] [34mcolcon.colcon_core.package_identification[0m [1;30mLevel 1[0m _identify(src) by extension 'cmake'
[0.675s] [34mcolcon.colcon_core.package_identification[0m [1;30mLevel 1[0m _identify(src) by extension 'python'
[0.675s] [34mcolcon.colcon_core.package_identification[0m [1;30mLevel 1[0m _identify(src) by extensions ['python_setup_py']
[0.675s] [34mcolcon.colcon_core.package_identification[0m [1;30mLevel 1[0m _identify(src) by extension 'python_setup_py'
[0.675s] [34mcolcon.colcon_core.package_identification[0m [1;30mLevel 1[0m _identify(src/ur5e_visual_servo) by extensions ['ignore', 'ignore_ament_install']
[0.675s] [34mcolcon.colcon_core.package_identification[0m [1;30mLevel 1[0m _identify(src/ur5e_visual_servo) by extension 'ignore'
[0.675s] [34mcolcon.colcon_core.package_identification[0m [1;30mLevel 1[0m _identify(src/ur5e_visual_servo) by extension 'ignore_ament_install'
[0.676s] [34mcolcon.colcon_core.package_identification[0m [1;30mLevel 1[0m _identify(src/ur5e_visual_servo) by extensions ['colcon_pkg']
[0.676s] [34mcolcon.colcon_core.package_identification[0m [1;30mLevel 1[0m _identify(src/ur5e_visual_servo) by extension 'colcon_pkg'
[0.676s] [34mcolcon.colcon_core.package_identification[0m [1;30mLevel 1[0m _identify(src/ur5e_visual_servo) by extensions ['colcon_meta']
[0.676s] [34mcolcon.colcon_core.package_identification[0m [1;30mLevel 1[0m _identify(src/ur5e_visual_servo) by extension 'colcon_meta'
[0.676s] [34mcolcon.colcon_core.package_identification[0m [1;30mLevel 1[0m _identify(src/ur5e_visual_servo) by extensions ['ros']
[0.676s] [34mcolcon.colcon_core.package_identification[0m [1;30mLevel 1[0m _identify(src/ur5e_visual_servo) by extension 'ros'
[0.681s] [34mcolcon.colcon_core.package_identification[0m [1;30mDEBUG[0m [32mPackage 'src/ur5e_visual_servo' with type 'ros.ament_cmake' and name 'ur5e_visual_servo'[0m
[0.682s] [34mcolcon.colcon_core.package_identification[0m [1;30mLevel 1[0m _identify(src/zed-ros2-interfaces) by extensions ['ignore', 'ignore_ament_install']
[0.682s] [34mcolcon.colcon_core.package_identification[0m [1;30mLevel 1[0m _identify(src/zed-ros2-interfaces) by extension 'ignore'
[0.682s] [34mcolcon.colcon_core.package_identification[0m [1;30mLevel 1[0m _identify(src/zed-ros2-interfaces) by extension 'ignore_ament_install'
[0.682s] [34mcolcon.colcon_core.package_identification[0m [1;30mLevel 1[0m _identify(src/zed-ros2-interfaces) by extensions ['colcon_pkg']
[0.682s] [34mcolcon.colcon_core.package_identification[0m [1;30mLevel 1[0m _identify(src/zed-ros2-interfaces) by extension 'colcon_pkg'
[0.682s] [34mcolcon.colcon_core.package_identification[0m [1;30mLevel 1[0m _identify(src/zed-ros2-interfaces) by extensions ['colcon_meta']
[0.682s] [34mcolcon.colcon_core.package_identification[0m [1;30mLevel 1[0m _identify(src/zed-ros2-interfaces) by extension 'colcon_meta'
[0.682s] [34mcolcon.colcon_core.package_identification[0m [1;30mLevel 1[0m _identify(src/zed-ros2-interfaces) by extensions ['ros']
[0.682s] [34mcolcon.colcon_core.package_identification[0m [1;30mLevel 1[0m _identify(src/zed-ros2-interfaces) by extension 'ros'
[0.684s] [34mcolcon.colcon_core.package_identification[0m [1;30mDEBUG[0m [32mPackage 'src/zed-ros2-interfaces' with type 'ros.ament_cmake' and name 'zed_msgs'[0m
[0.684s] [34mcolcon.colcon_core.package_identification[0m [1;30mLevel 1[0m _identify(src/zed-ros2-wrapper) by extensions ['ignore', 'ignore_ament_install']
[0.684s] [34mcolcon.colcon_core.package_identification[0m [1;30mLevel 1[0m _identify(src/zed-ros2-wrapper) by extension 'ignore'
[0.684s] [34mcolcon.colcon_core.package_identification[0m [1;30mLevel 1[0m _identify(src/zed-ros2-wrapper) by extension 'ignore_ament_install'
[0.684s] [34mcolcon.colcon_core.package_identification[0m [1;30mLevel 1[0m _identify(src/zed-ros2-wrapper) by extensions ['colcon_pkg']
[0.684s] [34mcolcon.colcon_core.package_identification[0m [1;30mLevel 1[0m _identify(src/zed-ros2-wrapper) by extension 'colcon_pkg'
[0.684s] [34mcolcon.colcon_core.package_identification[0m [1;30mLevel 1[0m _identify(src/zed-ros2-wrapper) by extensions ['colcon_meta']
[0.685s] [34mcolcon.colcon_core.package_identification[0m [1;30mLevel 1[0m _identify(src/zed-ros2-wrapper) by extension 'colcon_meta'
[0.685s] [34mcolcon.colcon_core.package_identification[0m [1;30mLevel 1[0m _identify(src/zed-ros2-wrapper) by extensions ['ros']
[0.685s] [34mcolcon.colcon_core.package_identification[0m [1;30mLevel 1[0m _identify(src/zed-ros2-wrapper) by extension 'ros'
[0.685s] [34mcolcon.colcon_core.package_identification[0m [1;30mLevel 1[0m _identify(src/zed-ros2-wrapper) by extensions ['cmake', 'python']
[0.685s] [34mcolcon.colcon_core.package_identification[0m [1;30mLevel 1[0m _identify(src/zed-ros2-wrapper) by extension 'cmake'
[0.685s] [34mcolcon.colcon_core.package_identification[0m [1;30mLevel 1[0m _identify(src/zed-ros2-wrapper) by extension 'python'
[0.685s] [34mcolcon.colcon_core.package_identification[0m [1;30mLevel 1[0m _identify(src/zed-ros2-wrapper) by extensions ['python_setup_py']
[0.685s] [34mcolcon.colcon_core.package_identification[0m [1;30mLevel 1[0m _identify(src/zed-ros2-wrapper) by extension 'python_setup_py'
[0.685s] [34mcolcon.colcon_core.package_identification[0m [1;30mLevel 1[0m _identify(src/zed-ros2-wrapper/docker) by extensions ['ignore', 'ignore_ament_install']
[0.685s] [34mcolcon.colcon_core.package_identification[0m [1;30mLevel 1[0m _identify(src/zed-ros2-wrapper/docker) by extension 'ignore'
[0.685s] [34mcolcon.colcon_core.package_identification[0m [1;30mLevel 1[0m _identify(src/zed-ros2-wrapper/docker) by extension 'ignore_ament_install'
[0.686s] [34mcolcon.colcon_core.package_identification[0m [1;30mLevel 1[0m _identify(src/zed-ros2-wrapper/docker) by extensions ['colcon_pkg']
[0.686s] [34mcolcon.colcon_core.package_identification[0m [1;30mLevel 1[0m _identify(src/zed-ros2-wrapper/docker) by extension 'colcon_pkg'
[0.686s] [34mcolcon.colcon_core.package_identification[0m [1;30mLevel 1[0m _identify(src/zed-ros2-wrapper/docker) by extensions ['colcon_meta']
[0.686s] [34mcolcon.colcon_core.package_identification[0m [1;30mLevel 1[0m _identify(src/zed-ros2-wrapper/docker) by extension 'colcon_meta'
[0.686s] [34mcolcon.colcon_core.package_identification[0m [1;30mLevel 1[0m _identify(src/zed-ros2-wrapper/docker) by extensions ['ros']
[0.686s] [34mcolcon.colcon_core.package_identification[0m [1;30mLevel 1[0m _identify(src/zed-ros2-wrapper/docker) by extension 'ros'
[0.686s] [34mcolcon.colcon_core.package_identification[0m [1;30mLevel 1[0m _identify(src/zed-ros2-wrapper/docker) by extensions ['cmake', 'python']
[0.686s] [34mcolcon.colcon_core.package_identification[0m [1;30mLevel 1[0m _identify(src/zed-ros2-wrapper/docker) by extension 'cmake'
[0.686s] [34mcolcon.colcon_core.package_identification[0m [1;30mLevel 1[0m _identify(src/zed-ros2-wrapper/docker) by extension 'python'
[0.686s] [34mcolcon.colcon_core.package_identification[0m [1;30mLevel 1[0m _identify(src/zed-ros2-wrapper/docker) by extensions ['python_setup_py']
[0.686s] [34mcolcon.colcon_core.package_identification[0m [1;30mLevel 1[0m _identify(src/zed-ros2-wrapper/docker) by extension 'python_setup_py'
[0.686s] [34mcolcon.colcon_core.package_identification[0m [1;30mLevel 1[0m _identify(src/zed-ros2-wrapper/images) by extensions ['ignore', 'ignore_ament_install']
[0.687s] [34mcolcon.colcon_core.package_identification[0m [1;30mLevel 1[0m _identify(src/zed-ros2-wrapper/images) by extension 'ignore'
[0.687s] [34mcolcon.colcon_core.package_identification[0m [1;30mLevel 1[0m _identify(src/zed-ros2-wrapper/images) by extension 'ignore_ament_install'
[0.687s] [34mcolcon.colcon_core.package_identification[0m [1;30mLevel 1[0m _identify(src/zed-ros2-wrapper/images) by extensions ['colcon_pkg']
[0.687s] [34mcolcon.colcon_core.package_identification[0m [1;30mLevel 1[0m _identify(src/zed-ros2-wrapper/images) by extension 'colcon_pkg'
[0.687s] [34mcolcon.colcon_core.package_identification[0m [1;30mLevel 1[0m _identify(src/zed-ros2-wrapper/images) by extensions ['colcon_meta']
[0.687s] [34mcolcon.colcon_core.package_identification[0m [1;30mLevel 1[0m _identify(src/zed-ros2-wrapper/images) by extension 'colcon_meta'
[0.687s] [34mcolcon.colcon_core.package_identification[0m [1;30mLevel 1[0m _identify(src/zed-ros2-wrapper/images) by extensions ['ros']
[0.687s] [34mcolcon.colcon_core.package_identification[0m [1;30mLevel 1[0m _identify(src/zed-ros2-wrapper/images) by extension 'ros'
[0.687s] [34mcolcon.colcon_core.package_identification[0m [1;30mLevel 1[0m _identify(src/zed-ros2-wrapper/images) by extensions ['cmake', 'python']
[0.687s] [34mcolcon.colcon_core.package_identification[0m [1;30mLevel 1[0m _identify(src/zed-ros2-wrapper/images) by extension 'cmake'
[0.687s] [34mcolcon.colcon_core.package_identification[0m [1;30mLevel 1[0m _identify(src/zed-ros2-wrapper/images) by extension 'python'
[0.687s] [34mcolcon.colcon_core.package_identification[0m [1;30mLevel 1[0m _identify(src/zed-ros2-wrapper/images) by extensions ['python_setup_py']
[0.687s] [34mcolcon.colcon_core.package_identification[0m [1;30mLevel 1[0m _identify(src/zed-ros2-wrapper/images) by extension 'python_setup_py'
[0.687s] [34mcolcon.colcon_core.package_identification[0m [1;30mLevel 1[0m _identify(src/zed-ros2-wrapper/zed_components) by extensions ['ignore', 'ignore_ament_install']
[0.688s] [34mcolcon.colcon_core.package_identification[0m [1;30mLevel 1[0m _identify(src/zed-ros2-wrapper/zed_components) by extension 'ignore'
[0.688s] [34mcolcon.colcon_core.package_identification[0m [1;30mLevel 1[0m _identify(src/zed-ros2-wrapper/zed_components) by extension 'ignore_ament_install'
[0.688s] [34mcolcon.colcon_core.package_identification[0m [1;30mLevel 1[0m _identify(src/zed-ros2-wrapper/zed_components) by extensions ['colcon_pkg']
[0.688s] [34mcolcon.colcon_core.package_identification[0m [1;30mLevel 1[0m _identify(src/zed-ros2-wrapper/zed_components) by extension 'colcon_pkg'
[0.688s] [34mcolcon.colcon_core.package_identification[0m [1;30mLevel 1[0m _identify(src/zed-ros2-wrapper/zed_components) by extensions ['colcon_meta']
[0.688s] [34mcolcon.colcon_core.package_identification[0m [1;30mLevel 1[0m _identify(src/zed-ros2-wrapper/zed_components) by extension 'colcon_meta'
[0.688s] [34mcolcon.colcon_core.package_identification[0m [1;30mLevel 1[0m _identify(src/zed-ros2-wrapper/zed_components) by extensions ['ros']
[0.688s] [34mcolcon.colcon_core.package_identification[0m [1;30mLevel 1[0m _identify(src/zed-ros2-wrapper/zed_components) by extension 'ros'
[0.690s] [34mcolcon.colcon_core.package_identification[0m [1;30mDEBUG[0m [32mPackage 'src/zed-ros2-wrapper/zed_components' with type 'ros.ament_cmake' and name 'zed_components'[0m
[0.690s] [34mcolcon.colcon_core.package_identification[0m [1;30mLevel 1[0m _identify(src/zed-ros2-wrapper/zed_ros2) by extensions ['ignore', 'ignore_ament_install']
[0.690s] [34mcolcon.colcon_core.package_identification[0m [1;30mLevel 1[0m _identify(src/zed-ros2-wrapper/zed_ros2) by extension 'ignore'
[0.690s] [34mcolcon.colcon_core.package_identification[0m [1;30mLevel 1[0m _identify(src/zed-ros2-wrapper/zed_ros2) by extension 'ignore_ament_install'
[0.690s] [34mcolcon.colcon_core.package_identification[0m [1;30mLevel 1[0m _identify(src/zed-ros2-wrapper/zed_ros2) by extensions ['colcon_pkg']
[0.690s] [34mcolcon.colcon_core.package_identification[0m [1;30mLevel 1[0m _identify(src/zed-ros2-wrapper/zed_ros2) by extension 'colcon_pkg'
[0.691s] [34mcolcon.colcon_core.package_identification[0m [1;30mLevel 1[0m _identify(src/zed-ros2-wrapper/zed_ros2) by extensions ['colcon_meta']
[0.691s] [34mcolcon.colcon_core.package_identification[0m [1;30mLevel 1[0m _identify(src/zed-ros2-wrapper/zed_ros2) by extension 'colcon_meta'
[0.691s] [34mcolcon.colcon_core.package_identification[0m [1;30mLevel 1[0m _identify(src/zed-ros2-wrapper/zed_ros2) by extensions ['ros']
[0.691s] [34mcolcon.colcon_core.package_identification[0m [1;30mLevel 1[0m _identify(src/zed-ros2-wrapper/zed_ros2) by extension 'ros'
[0.692s] [34mcolcon.colcon_core.package_identification[0m [1;30mDEBUG[0m [32mPackage 'src/zed-ros2-wrapper/zed_ros2' with type 'ros.ament_cmake' and name 'zed_ros2'[0m
[0.692s] [34mcolcon.colcon_core.package_identification[0m [1;30mLevel 1[0m _identify(src/zed-ros2-wrapper/zed_wrapper) by extensions ['ignore', 'ignore_ament_install']
[0.692s] [34mcolcon.colcon_core.package_identification[0m [1;30mLevel 1[0m _identify(src/zed-ros2-wrapper/zed_wrapper) by extension 'ignore'
[0.692s] [34mcolcon.colcon_core.package_identification[0m [1;30mLevel 1[0m _identify(src/zed-ros2-wrapper/zed_wrapper) by extension 'ignore_ament_install'
[0.692s] [34mcolcon.colcon_core.package_identification[0m [1;30mLevel 1[0m _identify(src/zed-ros2-wrapper/zed_wrapper) by extensions ['colcon_pkg']
[0.692s] [34mcolcon.colcon_core.package_identification[0m [1;30mLevel 1[0m _identify(src/zed-ros2-wrapper/zed_wrapper) by extension 'colcon_pkg'
[0.693s] [34mcolcon.colcon_core.package_identification[0m [1;30mLevel 1[0m _identify(src/zed-ros2-wrapper/zed_wrapper) by extensions ['colcon_meta']
[0.693s] [34mcolcon.colcon_core.package_identification[0m [1;30mLevel 1[0m _identify(src/zed-ros2-wrapper/zed_wrapper) by extension 'colcon_meta'
[0.693s] [34mcolcon.colcon_core.package_identification[0m [1;30mLevel 1[0m _identify(src/zed-ros2-wrapper/zed_wrapper) by extensions ['ros']
[0.693s] [34mcolcon.colcon_core.package_identification[0m [1;30mLevel 1[0m _identify(src/zed-ros2-wrapper/zed_wrapper) by extension 'ros'
[0.694s] [34mcolcon.colcon_core.package_identification[0m [1;30mDEBUG[0m [32mPackage 'src/zed-ros2-wrapper/zed_wrapper' with type 'ros.ament_cmake' and name 'zed_wrapper'[0m
[0.694s] [34mcolcon.colcon_core.package_discovery[0m [1;30mLevel 1[0m discover_packages(recursive) using defaults
[0.694s] [34mcolcon.colcon_core.package_discovery[0m [1;30mLevel 1[0m discover_packages(ignore) discover
[0.694s] [34mcolcon.colcon_core.package_discovery[0m [1;30mLevel 1[0m discover_packages(ignore) using defaults
[0.694s] [34mcolcon.colcon_core.package_discovery[0m [1;30mLevel 1[0m discover_packages(path) discover
[0.694s] [34mcolcon.colcon_core.package_discovery[0m [1;30mLevel 1[0m discover_packages(path) using defaults
[0.723s] [34mcolcon.colcon_core.package_discovery[0m [1;30mLevel 1[0m discover_packages(prefix_path) check parameters
[0.724s] [34mcolcon.colcon_core.package_discovery[0m [1;30mLevel 1[0m discover_packages(prefix_path) discover
[0.727s] [34mcolcon.colcon_installed_package_information.package_discovery[0m [1;30mDEBUG[0m [32mFound 5 installed packages in /workspaces/isaac_ros-dev/ros_ws/install[0m
[0.730s] [34mcolcon.colcon_installed_package_information.package_discovery[0m [1;30mDEBUG[0m [32mFound 439 installed packages in /opt/ros/humble[0m
[0.733s] [34mcolcon.colcon_core.package_discovery[0m [1;30mLevel 1[0m discover_packages(prefix_path) using defaults
[0.807s] [34mcolcon.colcon_core.verb[0m [1;30mLevel 5[0m set package 'ur5e_visual_servo' build argument 'cmake_args' from command line to 'None'
[0.808s] [34mcolcon.colcon_core.verb[0m [1;30mLevel 5[0m set package 'ur5e_visual_servo' build argument 'cmake_target' from command line to 'None'
[0.808s] [34mcolcon.colcon_core.verb[0m [1;30mLevel 5[0m set package 'ur5e_visual_servo' build argument 'cmake_target_skip_unavailable' from command line to 'False'
[0.808s] [34mcolcon.colcon_core.verb[0m [1;30mLevel 5[0m set package 'ur5e_visual_servo' build argument 'cmake_clean_cache' from command line to 'False'
[0.808s] [34mcolcon.colcon_core.verb[0m [1;30mLevel 5[0m set package 'ur5e_visual_servo' build argument 'cmake_clean_first' from command line to 'False'
[0.808s] [34mcolcon.colcon_core.verb[0m [1;30mLevel 5[0m set package 'ur5e_visual_servo' build argument 'cmake_force_configure' from command line to 'False'
[0.808s] [34mcolcon.colcon_core.verb[0m [1;30mLevel 5[0m set package 'ur5e_visual_servo' build argument 'ament_cmake_args' from command line to 'None'
[0.808s] [34mcolcon.colcon_core.verb[0m [1;30mLevel 5[0m set package 'ur5e_visual_servo' build argument 'catkin_cmake_args' from command line to 'None'
[0.808s] [34mcolcon.colcon_core.verb[0m [1;30mLevel 5[0m set package 'ur5e_visual_servo' build argument 'catkin_skip_building_tests' from command line to 'False'
[0.808s] [34mcolcon.colcon_core.verb[0m [1;30mDEBUG[0m [32mBuilding package 'ur5e_visual_servo' with the following arguments: {'ament_cmake_args': None, 'build_base': '/workspaces/isaac_ros-dev/ros_ws/build/ur5e_visual_servo', 'catkin_cmake_args': None, 'catkin_skip_building_tests': False, 'cmake_args': None, 'cmake_clean_cache': False, 'cmake_clean_first': False, 'cmake_force_configure': False, 'cmake_target': None, 'cmake_target_skip_unavailable': False, 'install_base': '/workspaces/isaac_ros-dev/ros_ws/install/ur5e_visual_servo', 'merge_install': False, 'path': '/workspaces/isaac_ros-dev/ros_ws/src/ur5e_visual_servo', 'symlink_install': True, 'test_result_base': None}[0m
[0.809s] [34mcolcon.colcon_core.verb[0m [1;30mLevel 5[0m set package 'zed_msgs' build argument 'cmake_args' from command line to 'None'
[0.809s] [34mcolcon.colcon_core.verb[0m [1;30mLevel 5[0m set package 'zed_msgs' build argument 'cmake_target' from command line to 'None'
[0.809s] [34mcolcon.colcon_core.verb[0m [1;30mLevel 5[0m set package 'zed_msgs' build argument 'cmake_target_skip_unavailable' from command line to 'False'
[0.809s] [34mcolcon.colcon_core.verb[0m [1;30mLevel 5[0m set package 'zed_msgs' build argument 'cmake_clean_cache' from command line to 'False'
[0.809s] [34mcolcon.colcon_core.verb[0m [1;30mLevel 5[0m set package 'zed_msgs' build argument 'cmake_clean_first' from command line to 'False'
[0.809s] [34mcolcon.colcon_core.verb[0m [1;30mLevel 5[0m set package 'zed_msgs' build argument 'cmake_force_configure' from command line to 'False'
[0.809s] [34mcolcon.colcon_core.verb[0m [1;30mLevel 5[0m set package 'zed_msgs' build argument 'ament_cmake_args' from command line to 'None'
[0.809s] [34mcolcon.colcon_core.verb[0m [1;30mLevel 5[0m set package 'zed_msgs' build argument 'catkin_cmake_args' from command line to 'None'
[0.809s] [34mcolcon.colcon_core.verb[0m [1;30mLevel 5[0m set package 'zed_msgs' build argument 'catkin_skip_building_tests' from command line to 'False'
[0.809s] [34mcolcon.colcon_core.verb[0m [1;30mDEBUG[0m [32mBuilding package 'zed_msgs' with the following arguments: {'ament_cmake_args': None, 'build_base': '/workspaces/isaac_ros-dev/ros_ws/build/zed_msgs', 'catkin_cmake_args': None, 'catkin_skip_building_tests': False, 'cmake_args': None, 'cmake_clean_cache': False, 'cmake_clean_first': False, 'cmake_force_configure': False, 'cmake_target': None, 'cmake_target_skip_unavailable': False, 'install_base': '/workspaces/isaac_ros-dev/ros_ws/install/zed_msgs', 'merge_install': False, 'path': '/workspaces/isaac_ros-dev/ros_ws/src/zed-ros2-interfaces', 'symlink_install': True, 'test_result_base': None}[0m
[0.809s] [34mcolcon.colcon_core.verb[0m [1;30mLevel 5[0m set package 'zed_components' build argument 'cmake_args' from command line to 'None'
[0.810s] [34mcolcon.colcon_core.verb[0m [1;30mLevel 5[0m set package 'zed_components' build argument 'cmake_target' from command line to 'None'
[0.810s] [34mcolcon.colcon_core.verb[0m [1;30mLevel 5[0m set package 'zed_components' build argument 'cmake_target_skip_unavailable' from command line to 'False'
[0.810s] [34mcolcon.colcon_core.verb[0m [1;30mLevel 5[0m set package 'zed_components' build argument 'cmake_clean_cache' from command line to 'False'
[0.810s] [34mcolcon.colcon_core.verb[0m [1;30mLevel 5[0m set package 'zed_components' build argument 'cmake_clean_first' from command line to 'False'
[0.810s] [34mcolcon.colcon_core.verb[0m [1;30mLevel 5[0m set package 'zed_components' build argument 'cmake_force_configure' from command line to 'False'
[0.810s] [34mcolcon.colcon_core.verb[0m [1;30mLevel 5[0m set package 'zed_components' build argument 'ament_cmake_args' from command line to 'None'
[0.810s] [34mcolcon.colcon_core.verb[0m [1;30mLevel 5[0m set package 'zed_components' build argument 'catkin_cmake_args' from command line to 'None'
[0.810s] [34mcolcon.colcon_core.verb[0m [1;30mLevel 5[0m set package 'zed_components' build argument 'catkin_skip_building_tests' from command line to 'False'
[0.810s] [34mcolcon.colcon_core.verb[0m [1;30mDEBUG[0m [32mBuilding package 'zed_components' with the following arguments: {'ament_cmake_args': None, 'build_base': '/workspaces/isaac_ros-dev/ros_ws/build/zed_components', 'catkin_cmake_args': None, 'catkin_skip_building_tests': False, 'cmake_args': None, 'cmake_clean_cache': False, 'cmake_clean_first': False, 'cmake_force_configure': False, 'cmake_target': None, 'cmake_target_skip_unavailable': False, 'install_base': '/workspaces/isaac_ros-dev/ros_ws/install/zed_components', 'merge_install': False, 'path': '/workspaces/isaac_ros-dev/ros_ws/src/zed-ros2-wrapper/zed_components', 'symlink_install': True, 'test_result_base': None}[0m
[0.810s] [34mcolcon.colcon_core.verb[0m [1;30mLevel 5[0m set package 'zed_wrapper' build argument 'cmake_args' from command line to 'None'
[0.810s] [34mcolcon.colcon_core.verb[0m [1;30mLevel 5[0m set package 'zed_wrapper' build argument 'cmake_target' from command line to 'None'
[0.810s] [34mcolcon.colcon_core.verb[0m [1;30mLevel 5[0m set package 'zed_wrapper' build argument 'cmake_target_skip_unavailable' from command line to 'False'
[0.810s] [34mcolcon.colcon_core.verb[0m [1;30mLevel 5[0m set package 'zed_wrapper' build argument 'cmake_clean_cache' from command line to 'False'
[0.811s] [34mcolcon.colcon_core.verb[0m [1;30mLevel 5[0m set package 'zed_wrapper' build argument 'cmake_clean_first' from command line to 'False'
[0.811s] [34mcolcon.colcon_core.verb[0m [1;30mLevel 5[0m set package 'zed_wrapper' build argument 'cmake_force_configure' from command line to 'False'
[0.811s] [34mcolcon.colcon_core.verb[0m [1;30mLevel 5[0m set package 'zed_wrapper' build argument 'ament_cmake_args' from command line to 'None'
[0.811s] [34mcolcon.colcon_core.verb[0m [1;30mLevel 5[0m set package 'zed_wrapper' build argument 'catkin_cmake_args' from command line to 'None'
[0.811s] [34mcolcon.colcon_core.verb[0m [1;30mLevel 5[0m set package 'zed_wrapper' build argument 'catkin_skip_building_tests' from command line to 'False'
[0.811s] [34mcolcon.colcon_core.verb[0m [1;30mDEBUG[0m [32mBuilding package 'zed_wrapper' with the following arguments: {'ament_cmake_args': None, 'build_base': '/workspaces/isaac_ros-dev/ros_ws/build/zed_wrapper', 'catkin_cmake_args': None, 'catkin_skip_building_tests': False, 'cmake_args': None, 'cmake_clean_cache': False, 'cmake_clean_first': False, 'cmake_force_configure': False, 'cmake_target': None, 'cmake_target_skip_unavailable': False, 'install_base': '/workspaces/isaac_ros-dev/ros_ws/install/zed_wrapper', 'merge_install': False, 'path': '/workspaces/isaac_ros-dev/ros_ws/src/zed-ros2-wrapper/zed_wrapper', 'symlink_install': True, 'test_result_base': None}[0m
[0.811s] [34mcolcon.colcon_core.verb[0m [1;30mLevel 5[0m set package 'zed_ros2' build argument 'cmake_args' from command line to 'None'
[0.811s] [34mcolcon.colcon_core.verb[0m [1;30mLevel 5[0m set package 'zed_ros2' build argument 'cmake_target' from command line to 'None'
[0.811s] [34mcolcon.colcon_core.verb[0m [1;30mLevel 5[0m set package 'zed_ros2' build argument 'cmake_target_skip_unavailable' from command line to 'False'
[0.811s] [34mcolcon.colcon_core.verb[0m [1;30mLevel 5[0m set package 'zed_ros2' build argument 'cmake_clean_cache' from command line to 'False'
[0.811s] [34mcolcon.colcon_core.verb[0m [1;30mLevel 5[0m set package 'zed_ros2' build argument 'cmake_clean_first' from command line to 'False'
[0.811s] [34mcolcon.colcon_core.verb[0m [1;30mLevel 5[0m set package 'zed_ros2' build argument 'cmake_force_configure' from command line to 'False'
[0.811s] [34mcolcon.colcon_core.verb[0m [1;30mLevel 5[0m set package 'zed_ros2' build argument 'ament_cmake_args' from command line to 'None'
[0.811s] [34mcolcon.colcon_core.verb[0m [1;30mLevel 5[0m set package 'zed_ros2' build argument 'catkin_cmake_args' from command line to 'None'
[0.812s] [34mcolcon.colcon_core.verb[0m [1;30mLevel 5[0m set package 'zed_ros2' build argument 'catkin_skip_building_tests' from command line to 'False'
[0.812s] [34mcolcon.colcon_core.verb[0m [1;30mDEBUG[0m [32mBuilding package 'zed_ros2' with the following arguments: {'ament_cmake_args': None, 'build_base': '/workspaces/isaac_ros-dev/ros_ws/build/zed_ros2', 'catkin_cmake_args': None, 'catkin_skip_building_tests': False, 'cmake_args': None, 'cmake_clean_cache': False, 'cmake_clean_first': False, 'cmake_force_configure': False, 'cmake_target': None, 'cmake_target_skip_unavailable': False, 'install_base': '/workspaces/isaac_ros-dev/ros_ws/install/zed_ros2', 'merge_install': False, 'path': '/workspaces/isaac_ros-dev/ros_ws/src/zed-ros2-wrapper/zed_ros2', 'symlink_install': True, 'test_result_base': None}[0m
[0.812s] [34mcolcon.colcon_core.executor[0m [1;30mINFO[0m Executing jobs using 'parallel' executor
[0.813s] [34mcolcon.colcon_parallel_executor.executor.parallel[0m [1;30mDEBUG[0m [32mrun_until_complete[0m
[0.814s] [34mcolcon.colcon_ros.task.ament_cmake.build[0m [1;30mINFO[0m Building ROS package in '/workspaces/isaac_ros-dev/ros_ws/src/zed-ros2-interfaces' with build type 'ament_cmake'
[0.814s] [34mcolcon.colcon_cmake.task.cmake.build[0m [1;30mINFO[0m Building CMake package in '/workspaces/isaac_ros-dev/ros_ws/src/zed-ros2-interfaces'
[0.818s] [34mcolcon.colcon_core.plugin_system[0m [1;30mINFO[0m Skipping extension 'colcon_core.shell.bat': Not used on non-Windows systems
[0.819s] [34mcolcon.colcon_core.shell[0m [1;30mINFO[0m Skip shell extension 'powershell' for command environment: Not usable outside of PowerShell
[0.819s] [34mcolcon.colcon_core.shell[0m [1;30mDEBUG[0m [32mSkip shell extension 'dsv' for command environment[0m
[0.827s] [34mcolcon.colcon_ros.task.ament_cmake.build[0m [1;30mINFO[0m Building ROS package in '/workspaces/isaac_ros-dev/ros_ws/src/ur5e_visual_servo' with build type 'ament_cmake'
[0.827s] [34mcolcon.colcon_cmake.task.cmake.build[0m [1;30mINFO[0m Building CMake package in '/workspaces/isaac_ros-dev/ros_ws/src/ur5e_visual_servo'
[0.828s] [34mcolcon.colcon_core.shell[0m [1;30mINFO[0m Skip shell extension 'powershell' for command environment: Not usable outside of PowerShell
[0.828s] [34mcolcon.colcon_core.shell[0m [1;30mDEBUG[0m [32mSkip shell extension 'dsv' for command environment[0m
[0.842s] [34mcolcon.colcon_core.event_handler.log_command[0m [1;30mDEBUG[0m [32mInvoking command in '/workspaces/isaac_ros-dev/ros_ws/build/zed_msgs': CMAKE_PREFIX_PATH=${CMAKE_PREFIX_PATH}:/opt/ros/humble /usr/bin/cmake --build /workspaces/isaac_ros-dev/ros_ws/build/zed_msgs -- -j12 -l12[0m
[0.853s] [34mcolcon.colcon_core.event_handler.log_command[0m [1;30mDEBUG[0m [32mInvoking command in '/workspaces/isaac_ros-dev/ros_ws/build/ur5e_visual_servo': CMAKE_PREFIX_PATH=${CMAKE_PREFIX_PATH}:/opt/ros/humble /usr/bin/cmake --build /workspaces/isaac_ros-dev/ros_ws/build/ur5e_visual_servo -- -j12 -l12[0m
[0.923s] [34mcolcon.colcon_core.event_handler.log_command[0m [1;30mDEBUG[0m [32mInvoked command in '/workspaces/isaac_ros-dev/ros_ws/build/ur5e_visual_servo' returned '0': CMAKE_PREFIX_PATH=${CMAKE_PREFIX_PATH}:/opt/ros/humble /usr/bin/cmake --build /workspaces/isaac_ros-dev/ros_ws/build/ur5e_visual_servo -- -j12 -l12[0m
[0.951s] [34mcolcon.colcon_core.event_handler.log_command[0m [1;30mDEBUG[0m [32mInvoking command in '/workspaces/isaac_ros-dev/ros_ws/build/ur5e_visual_servo': CMAKE_PREFIX_PATH=${CMAKE_PREFIX_PATH}:/opt/ros/humble /usr/bin/cmake --install /workspaces/isaac_ros-dev/ros_ws/build/ur5e_visual_servo[0m
[0.996s] [34mcolcon.colcon_core.environment[0m [1;30mLevel 1[0m create_environment_scripts_only(ur5e_visual_servo)
[0.998s] [34mcolcon.colcon_core.event_handler.log_command[0m [1;30mDEBUG[0m [32mInvoked command in '/workspaces/isaac_ros-dev/ros_ws/build/ur5e_visual_servo' returned '0': CMAKE_PREFIX_PATH=${CMAKE_PREFIX_PATH}:/opt/ros/humble /usr/bin/cmake --install /workspaces/isaac_ros-dev/ros_ws/build/ur5e_visual_servo[0m
[1.001s] [34mcolcon.colcon_core.environment[0m [1;30mLevel 1[0m checking '/workspaces/isaac_ros-dev/ros_ws/install/ur5e_visual_servo' for CMake module files
[1.003s] [34mcolcon.colcon_core.environment[0m [1;30mLevel 1[0m checking '/workspaces/isaac_ros-dev/ros_ws/install/ur5e_visual_servo' for CMake config files
[1.003s] [34mcolcon.colcon_core.shell[0m [1;30mLevel 1[0m create_environment_hook('ur5e_visual_servo', 'cmake_prefix_path')
[1.004s] [34mcolcon.colcon_core.shell[0m [1;30mINFO[0m Creating environment hook '/workspaces/isaac_ros-dev/ros_ws/install/ur5e_visual_servo/share/ur5e_visual_servo/hook/cmake_prefix_path.ps1'
[1.005s] [34mcolcon.colcon_core.shell[0m [1;30mINFO[0m Creating environment descriptor '/workspaces/isaac_ros-dev/ros_ws/install/ur5e_visual_servo/share/ur5e_visual_servo/hook/cmake_prefix_path.dsv'
[1.006s] [34mcolcon.colcon_core.shell[0m [1;30mINFO[0m Creating environment hook '/workspaces/isaac_ros-dev/ros_ws/install/ur5e_visual_servo/share/ur5e_visual_servo/hook/cmake_prefix_path.sh'
[1.007s] [34mcolcon.colcon_core.environment[0m [1;30mLevel 1[0m checking '/workspaces/isaac_ros-dev/ros_ws/install/ur5e_visual_servo/lib'
[1.007s] [34mcolcon.colcon_core.environment[0m [1;30mLevel 1[0m checking '/workspaces/isaac_ros-dev/ros_ws/install/ur5e_visual_servo/bin'
[1.007s] [34mcolcon.colcon_core.environment[0m [1;30mLevel 1[0m checking '/workspaces/isaac_ros-dev/ros_ws/install/ur5e_visual_servo/lib/pkgconfig/ur5e_visual_servo.pc'
[1.008s] [34mcolcon.colcon_core.environment[0m [1;30mLevel 1[0m checking '/workspaces/isaac_ros-dev/ros_ws/install/ur5e_visual_servo/lib/python3.10/site-packages'
[1.008s] [34mcolcon.colcon_core.environment[0m [1;30mLevel 1[0m checking '/workspaces/isaac_ros-dev/ros_ws/install/ur5e_visual_servo/bin'
[1.009s] [34mcolcon.colcon_core.shell[0m [1;30mINFO[0m Creating package script '/workspaces/isaac_ros-dev/ros_ws/install/ur5e_visual_servo/share/ur5e_visual_servo/package.ps1'
[1.010s] [34mcolcon.colcon_core.shell[0m [1;30mINFO[0m Creating package descriptor '/workspaces/isaac_ros-dev/ros_ws/install/ur5e_visual_servo/share/ur5e_visual_servo/package.dsv'
[1.011s] [34mcolcon.colcon_core.shell[0m [1;30mINFO[0m Creating package script '/workspaces/isaac_ros-dev/ros_ws/install/ur5e_visual_servo/share/ur5e_visual_servo/package.sh'
[1.013s] [34mcolcon.colcon_core.shell[0m [1;30mINFO[0m Creating package script '/workspaces/isaac_ros-dev/ros_ws/install/ur5e_visual_servo/share/ur5e_visual_servo/package.bash'
[1.015s] [34mcolcon.colcon_core.shell[0m [1;30mINFO[0m Creating package script '/workspaces/isaac_ros-dev/ros_ws/install/ur5e_visual_servo/share/ur5e_visual_servo/package.zsh'
[1.017s] [34mcolcon.colcon_core.environment[0m [1;30mLevel 1[0m create_file_with_runtime_dependencies(/workspaces/isaac_ros-dev/ros_ws/install/ur5e_visual_servo/share/colcon-core/packages/ur5e_visual_servo)
[1.018s] [34mcolcon.colcon_core.environment[0m [1;30mLevel 1[0m create_environment_scripts_only(ur5e_visual_servo)
[1.018s] [34mcolcon.colcon_core.environment[0m [1;30mLevel 1[0m checking '/workspaces/isaac_ros-dev/ros_ws/install/ur5e_visual_servo' for CMake module files
[1.020s] [34mcolcon.colcon_core.environment[0m [1;30mLevel 1[0m checking '/workspaces/isaac_ros-dev/ros_ws/install/ur5e_visual_servo' for CMake config files
[1.020s] [34mcolcon.colcon_core.shell[0m [1;30mLevel 1[0m create_environment_hook('ur5e_visual_servo', 'cmake_prefix_path')
[1.021s] [34mcolcon.colcon_core.shell[0m [1;30mINFO[0m Creating environment hook '/workspaces/isaac_ros-dev/ros_ws/install/ur5e_visual_servo/share/ur5e_visual_servo/hook/cmake_prefix_path.ps1'
[1.022s] [34mcolcon.colcon_core.shell[0m [1;30mINFO[0m Creating environment descriptor '/workspaces/isaac_ros-dev/ros_ws/install/ur5e_visual_servo/share/ur5e_visual_servo/hook/cmake_prefix_path.dsv'
[1.022s] [34mcolcon.colcon_core.shell[0m [1;30mINFO[0m Creating environment hook '/workspaces/isaac_ros-dev/ros_ws/install/ur5e_visual_servo/share/ur5e_visual_servo/hook/cmake_prefix_path.sh'
[1.023s] [34mcolcon.colcon_core.environment[0m [1;30mLevel 1[0m checking '/workspaces/isaac_ros-dev/ros_ws/install/ur5e_visual_servo/lib'
[1.023s] [34mcolcon.colcon_core.environment[0m [1;30mLevel 1[0m checking '/workspaces/isaac_ros-dev/ros_ws/install/ur5e_visual_servo/bin'
[1.023s] [34mcolcon.colcon_core.environment[0m [1;30mLevel 1[0m checking '/workspaces/isaac_ros-dev/ros_ws/install/ur5e_visual_servo/lib/pkgconfig/ur5e_visual_servo.pc'
[1.024s] [34mcolcon.colcon_core.environment[0m [1;30mLevel 1[0m checking '/workspaces/isaac_ros-dev/ros_ws/install/ur5e_visual_servo/lib/python3.10/site-packages'
[1.024s] [34mcolcon.colcon_core.environment[0m [1;30mLevel 1[0m checking '/workspaces/isaac_ros-dev/ros_ws/install/ur5e_visual_servo/bin'
[1.024s] [34mcolcon.colcon_core.shell[0m [1;30mINFO[0m Creating package script '/workspaces/isaac_ros-dev/ros_ws/install/ur5e_visual_servo/share/ur5e_visual_servo/package.ps1'
[1.025s] [34mcolcon.colcon_core.shell[0m [1;30mINFO[0m Creating package descriptor '/workspaces/isaac_ros-dev/ros_ws/install/ur5e_visual_servo/share/ur5e_visual_servo/package.dsv'
[1.026s] [34mcolcon.colcon_core.shell[0m [1;30mINFO[0m Creating package script '/workspaces/isaac_ros-dev/ros_ws/install/ur5e_visual_servo/share/ur5e_visual_servo/package.sh'
[1.027s] [34mcolcon.colcon_core.shell[0m [1;30mINFO[0m Creating package script '/workspaces/isaac_ros-dev/ros_ws/install/ur5e_visual_servo/share/ur5e_visual_servo/package.bash'
[1.028s] [34mcolcon.colcon_core.shell[0m [1;30mINFO[0m Creating package script '/workspaces/isaac_ros-dev/ros_ws/install/ur5e_visual_servo/share/ur5e_visual_servo/package.zsh'
[1.029s] [34mcolcon.colcon_core.environment[0m [1;30mLevel 1[0m create_file_with_runtime_dependencies(/workspaces/isaac_ros-dev/ros_ws/install/ur5e_visual_servo/share/colcon-core/packages/ur5e_visual_servo)
[2.332s] [34mcolcon.colcon_core.event_handler.log_command[0m [1;30mDEBUG[0m [32mInvoked command in '/workspaces/isaac_ros-dev/ros_ws/build/zed_msgs' returned '0': CMAKE_PREFIX_PATH=${CMAKE_PREFIX_PATH}:/opt/ros/humble /usr/bin/cmake --build /workspaces/isaac_ros-dev/ros_ws/build/zed_msgs -- -j12 -l12[0m
[2.336s] [34mcolcon.colcon_core.event_handler.log_command[0m [1;30mDEBUG[0m [32mInvoking command in '/workspaces/isaac_ros-dev/ros_ws/build/zed_msgs': CMAKE_PREFIX_PATH=${CMAKE_PREFIX_PATH}:/opt/ros/humble /usr/bin/cmake --install /workspaces/isaac_ros-dev/ros_ws/build/zed_msgs[0m
[2.585s] [34mcolcon.colcon_core.environment[0m [1;30mLevel 1[0m create_environment_scripts_only(zed_msgs)
[2.586s] [34mcolcon.colcon_core.event_handler.log_command[0m [1;30mDEBUG[0m [32mInvoked command in '/workspaces/isaac_ros-dev/ros_ws/build/zed_msgs' returned '0': CMAKE_PREFIX_PATH=${CMAKE_PREFIX_PATH}:/opt/ros/humble /usr/bin/cmake --install /workspaces/isaac_ros-dev/ros_ws/build/zed_msgs[0m
[2.587s] [34mcolcon.colcon_core.environment[0m [1;30mLevel 1[0m checking '/workspaces/isaac_ros-dev/ros_ws/install/zed_msgs' for CMake module files
[2.588s] [34mcolcon.colcon_core.environment[0m [1;30mLevel 1[0m checking '/workspaces/isaac_ros-dev/ros_ws/install/zed_msgs' for CMake config files
[2.592s] [34mcolcon.colcon_core.shell[0m [1;30mLevel 1[0m create_environment_hook('zed_msgs', 'cmake_prefix_path')
[2.593s] [34mcolcon.colcon_core.shell[0m [1;30mINFO[0m Creating environment hook '/workspaces/isaac_ros-dev/ros_ws/install/zed_msgs/share/zed_msgs/hook/cmake_prefix_path.ps1'
[2.594s] [34mcolcon.colcon_core.shell[0m [1;30mINFO[0m Creating environment descriptor '/workspaces/isaac_ros-dev/ros_ws/install/zed_msgs/share/zed_msgs/hook/cmake_prefix_path.dsv'
[2.594s] [34mcolcon.colcon_core.shell[0m [1;30mINFO[0m Creating environment hook '/workspaces/isaac_ros-dev/ros_ws/install/zed_msgs/share/zed_msgs/hook/cmake_prefix_path.sh'
[2.595s] [34mcolcon.colcon_core.environment[0m [1;30mLevel 1[0m checking '/workspaces/isaac_ros-dev/ros_ws/install/zed_msgs/lib'
[2.595s] [34mcolcon.colcon_core.shell[0m [1;30mLevel 1[0m create_environment_hook('zed_msgs', 'ld_library_path_lib')
[2.596s] [34mcolcon.colcon_core.shell[0m [1;30mINFO[0m Creating environment hook '/workspaces/isaac_ros-dev/ros_ws/install/zed_msgs/share/zed_msgs/hook/ld_library_path_lib.ps1'
[2.597s] [34mcolcon.colcon_core.shell[0m [1;30mINFO[0m Creating environment descriptor '/workspaces/isaac_ros-dev/ros_ws/install/zed_msgs/share/zed_msgs/hook/ld_library_path_lib.dsv'
[2.597s] [34mcolcon.colcon_core.shell[0m [1;30mINFO[0m Creating environment hook '/workspaces/isaac_ros-dev/ros_ws/install/zed_msgs/share/zed_msgs/hook/ld_library_path_lib.sh'
[2.598s] [34mcolcon.colcon_core.environment[0m [1;30mLevel 1[0m checking '/workspaces/isaac_ros-dev/ros_ws/install/zed_msgs/bin'
[2.598s] [34mcolcon.colcon_core.environment[0m [1;30mLevel 1[0m checking '/workspaces/isaac_ros-dev/ros_ws/install/zed_msgs/lib/pkgconfig/zed_msgs.pc'
[2.598s] [34mcolcon.colcon_core.environment[0m [1;30mLevel 1[0m checking '/workspaces/isaac_ros-dev/ros_ws/install/zed_msgs/lib/python3.10/site-packages'
[2.599s] [34mcolcon.colcon_core.environment[0m [1;30mLevel 1[0m checking '/workspaces/isaac_ros-dev/ros_ws/install/zed_msgs/bin'
[2.599s] [34mcolcon.colcon_core.shell[0m [1;30mINFO[0m Creating package script '/workspaces/isaac_ros-dev/ros_ws/install/zed_msgs/share/zed_msgs/package.ps1'
[2.600s] [34mcolcon.colcon_core.shell[0m [1;30mINFO[0m Creating package descriptor '/workspaces/isaac_ros-dev/ros_ws/install/zed_msgs/share/zed_msgs/package.dsv'
[2.601s] [34mcolcon.colcon_core.shell[0m [1;30mINFO[0m Creating package script '/workspaces/isaac_ros-dev/ros_ws/install/zed_msgs/share/zed_msgs/package.sh'
[2.602s] [34mcolcon.colcon_core.shell[0m [1;30mINFO[0m Creating package script '/workspaces/isaac_ros-dev/ros_ws/install/zed_msgs/share/zed_msgs/package.bash'
[2.602s] [34mcolcon.colcon_core.shell[0m [1;30mINFO[0m Creating package script '/workspaces/isaac_ros-dev/ros_ws/install/zed_msgs/share/zed_msgs/package.zsh'
[2.603s] [34mcolcon.colcon_core.environment[0m [1;30mLevel 1[0m create_file_with_runtime_dependencies(/workspaces/isaac_ros-dev/ros_ws/install/zed_msgs/share/colcon-core/packages/zed_msgs)
[2.604s] [34mcolcon.colcon_core.environment[0m [1;30mLevel 1[0m create_environment_scripts_only(zed_msgs)
[2.604s] [34mcolcon.colcon_core.environment[0m [1;30mLevel 1[0m checking '/workspaces/isaac_ros-dev/ros_ws/install/zed_msgs' for CMake module files
[2.605s] [34mcolcon.colcon_core.environment[0m [1;30mLevel 1[0m checking '/workspaces/isaac_ros-dev/ros_ws/install/zed_msgs' for CMake config files
[2.609s] [34mcolcon.colcon_core.shell[0m [1;30mLevel 1[0m create_environment_hook('zed_msgs', 'cmake_prefix_path')
[2.610s] [34mcolcon.colcon_core.shell[0m [1;30mINFO[0m Creating environment hook '/workspaces/isaac_ros-dev/ros_ws/install/zed_msgs/share/zed_msgs/hook/cmake_prefix_path.ps1'
[2.610s] [34mcolcon.colcon_core.shell[0m [1;30mINFO[0m Creating environment descriptor '/workspaces/isaac_ros-dev/ros_ws/install/zed_msgs/share/zed_msgs/hook/cmake_prefix_path.dsv'
[2.611s] [34mcolcon.colcon_core.shell[0m [1;30mINFO[0m Creating environment hook '/workspaces/isaac_ros-dev/ros_ws/install/zed_msgs/share/zed_msgs/hook/cmake_prefix_path.sh'
[2.612s] [34mcolcon.colcon_core.environment[0m [1;30mLevel 1[0m checking '/workspaces/isaac_ros-dev/ros_ws/install/zed_msgs/lib'
[2.612s] [34mcolcon.colcon_core.shell[0m [1;30mLevel 1[0m create_environment_hook('zed_msgs', 'ld_library_path_lib')
[2.613s] [34mcolcon.colcon_core.shell[0m [1;30mINFO[0m Creating environment hook '/workspaces/isaac_ros-dev/ros_ws/install/zed_msgs/share/zed_msgs/hook/ld_library_path_lib.ps1'
[2.613s] [34mcolcon.colcon_core.shell[0m [1;30mINFO[0m Creating environment descriptor '/workspaces/isaac_ros-dev/ros_ws/install/zed_msgs/share/zed_msgs/hook/ld_library_path_lib.dsv'
[2.614s] [34mcolcon.colcon_core.shell[0m [1;30mINFO[0m Creating environment hook '/workspaces/isaac_ros-dev/ros_ws/install/zed_msgs/share/zed_msgs/hook/ld_library_path_lib.sh'
[2.615s] [34mcolcon.colcon_core.environment[0m [1;30mLevel 1[0m checking '/workspaces/isaac_ros-dev/ros_ws/install/zed_msgs/bin'
[2.615s] [34mcolcon.colcon_core.environment[0m [1;30mLevel 1[0m checking '/workspaces/isaac_ros-dev/ros_ws/install/zed_msgs/lib/pkgconfig/zed_msgs.pc'
[2.616s] [34mcolcon.colcon_core.environment[0m [1;30mLevel 1[0m checking '/workspaces/isaac_ros-dev/ros_ws/install/zed_msgs/lib/python3.10/site-packages'
[2.616s] [34mcolcon.colcon_core.environment[0m [1;30mLevel 1[0m checking '/workspaces/isaac_ros-dev/ros_ws/install/zed_msgs/bin'
[2.616s] [34mcolcon.colcon_core.shell[0m [1;30mINFO[0m Creating package script '/workspaces/isaac_ros-dev/ros_ws/install/zed_msgs/share/zed_msgs/package.ps1'
[2.617s] [34mcolcon.colcon_core.shell[0m [1;30mINFO[0m Creating package descriptor '/workspaces/isaac_ros-dev/ros_ws/install/zed_msgs/share/zed_msgs/package.dsv'
[2.620s] [34mcolcon.colcon_core.shell[0m [1;30mINFO[0m Creating package script '/workspaces/isaac_ros-dev/ros_ws/install/zed_msgs/share/zed_msgs/package.sh'
[2.621s] [34mcolcon.colcon_core.shell[0m [1;30mINFO[0m Creating package script '/workspaces/isaac_ros-dev/ros_ws/install/zed_msgs/share/zed_msgs/package.bash'
[2.621s] [34mcolcon.colcon_core.shell[0m [1;30mINFO[0m Creating package script '/workspaces/isaac_ros-dev/ros_ws/install/zed_msgs/share/zed_msgs/package.zsh'
[2.622s] [34mcolcon.colcon_core.environment[0m [1;30mLevel 1[0m create_file_with_runtime_dependencies(/workspaces/isaac_ros-dev/ros_ws/install/zed_msgs/share/colcon-core/packages/zed_msgs)
[2.623s] [34mcolcon.colcon_ros.task.ament_cmake.build[0m [1;30mINFO[0m Building ROS package in '/workspaces/isaac_ros-dev/ros_ws/src/zed-ros2-wrapper/zed_components' with build type 'ament_cmake'
[2.623s] [34mcolcon.colcon_cmake.task.cmake.build[0m [1;30mINFO[0m Building CMake package in '/workspaces/isaac_ros-dev/ros_ws/src/zed-ros2-wrapper/zed_components'
[2.624s] [34mcolcon.colcon_core.shell[0m [1;30mINFO[0m Skip shell extension 'powershell' for command environment: Not usable outside of PowerShell
[2.624s] [34mcolcon.colcon_core.shell[0m [1;30mDEBUG[0m [32mSkip shell extension 'dsv' for command environment[0m
[2.650s] [34mcolcon.colcon_core.event_handler.log_command[0m [1;30mDEBUG[0m [32mInvoking command in '/workspaces/isaac_ros-dev/ros_ws/build/zed_components': CMAKE_PREFIX_PATH=/workspaces/isaac_ros-dev/ros_ws/install/zed_msgs:/workspaces/isaac_ros-dev/ros_ws/install/zed_ros2:/workspaces/isaac_ros-dev/ros_ws/install/zed_wrapper:/workspaces/isaac_ros-dev/ros_ws/install/zed_components:/workspaces/isaac_ros-dev/ros_ws/install/ur5e_visual_servo:/usr/local/libcudss-linux-0.3.0.9_cuda12-archive:/opt/ros/humble LD_LIBRARY_PATH=/workspaces/isaac_ros-dev/ros_ws/install/zed_msgs/lib:/workspaces/isaac_ros-dev/ros_ws/install/zed_components/lib:/opt/ros/humble/opt/rviz_ogre_vendor/lib:/opt/ros/humble/lib/aarch64-linux-gnu:/opt/ros/humble/lib:/usr/lib/aarch64-linux-gnu/tegra/weston:/usr/lib/aarch64-linux-gnu/tegra-egl:/usr/local/cuda-12.6/targets/aarch64-linux/lib:/usr/lib/aarch64-linux-gnu/tegra:/opt/nvidia/vpi3/lib64:/usr/local/libcudss-linux-0.3.0.9_cuda12-archive/lib:/usr/local/nvidia/lib:/usr/local/nvidia/lib64:/usr/lib/aarch64-linux-gnu-host:/opt/tritonserver/lib:/usr/local/zed/lib /usr/bin/cmake --build /workspaces/isaac_ros-dev/ros_ws/build/zed_components -- -j12 -l12[0m
[2.862s] [34mcolcon.colcon_core.event_handler.log_command[0m [1;30mDEBUG[0m [32mInvoked command in '/workspaces/isaac_ros-dev/ros_ws/build/zed_components' returned '0': CMAKE_PREFIX_PATH=/workspaces/isaac_ros-dev/ros_ws/install/zed_msgs:/workspaces/isaac_ros-dev/ros_ws/install/zed_ros2:/workspaces/isaac_ros-dev/ros_ws/install/zed_wrapper:/workspaces/isaac_ros-dev/ros_ws/install/zed_components:/workspaces/isaac_ros-dev/ros_ws/install/ur5e_visual_servo:/usr/local/libcudss-linux-0.3.0.9_cuda12-archive:/opt/ros/humble LD_LIBRARY_PATH=/workspaces/isaac_ros-dev/ros_ws/install/zed_msgs/lib:/workspaces/isaac_ros-dev/ros_ws/install/zed_components/lib:/opt/ros/humble/opt/rviz_ogre_vendor/lib:/opt/ros/humble/lib/aarch64-linux-gnu:/opt/ros/humble/lib:/usr/lib/aarch64-linux-gnu/tegra/weston:/usr/lib/aarch64-linux-gnu/tegra-egl:/usr/local/cuda-12.6/targets/aarch64-linux/lib:/usr/lib/aarch64-linux-gnu/tegra:/opt/nvidia/vpi3/lib64:/usr/local/libcudss-linux-0.3.0.9_cuda12-archive/lib:/usr/local/nvidia/lib:/usr/local/nvidia/lib64:/usr/lib/aarch64-linux-gnu-host:/opt/tritonserver/lib:/usr/local/zed/lib /usr/bin/cmake --build /workspaces/isaac_ros-dev/ros_ws/build/zed_components -- -j12 -l12[0m
[2.866s] [34mcolcon.colcon_core.event_handler.log_command[0m [1;30mDEBUG[0m [32mInvoking command in '/workspaces/isaac_ros-dev/ros_ws/build/zed_components': CMAKE_PREFIX_PATH=/workspaces/isaac_ros-dev/ros_ws/install/zed_msgs:/workspaces/isaac_ros-dev/ros_ws/install/zed_ros2:/workspaces/isaac_ros-dev/ros_ws/install/zed_wrapper:/workspaces/isaac_ros-dev/ros_ws/install/zed_components:/workspaces/isaac_ros-dev/ros_ws/install/ur5e_visual_servo:/usr/local/libcudss-linux-0.3.0.9_cuda12-archive:/opt/ros/humble LD_LIBRARY_PATH=/workspaces/isaac_ros-dev/ros_ws/install/zed_msgs/lib:/workspaces/isaac_ros-dev/ros_ws/install/zed_components/lib:/opt/ros/humble/opt/rviz_ogre_vendor/lib:/opt/ros/humble/lib/aarch64-linux-gnu:/opt/ros/humble/lib:/usr/lib/aarch64-linux-gnu/tegra/weston:/usr/lib/aarch64-linux-gnu/tegra-egl:/usr/local/cuda-12.6/targets/aarch64-linux/lib:/usr/lib/aarch64-linux-gnu/tegra:/opt/nvidia/vpi3/lib64:/usr/local/libcudss-linux-0.3.0.9_cuda12-archive/lib:/usr/local/nvidia/lib:/usr/local/nvidia/lib64:/usr/lib/aarch64-linux-gnu-host:/opt/tritonserver/lib:/usr/local/zed/lib /usr/bin/cmake --install /workspaces/isaac_ros-dev/ros_ws/build/zed_components[0m
[2.913s] [34mcolcon.colcon_core.environment[0m [1;30mLevel 1[0m create_environment_scripts_only(zed_components)
[2.914s] [34mcolcon.colcon_core.environment[0m [1;30mLevel 1[0m checking '/workspaces/isaac_ros-dev/ros_ws/install/zed_components' for CMake module files
[2.915s] [34mcolcon.colcon_core.event_handler.log_command[0m [1;30mDEBUG[0m [32mInvoked command in '/workspaces/isaac_ros-dev/ros_ws/build/zed_components' returned '0': CMAKE_PREFIX_PATH=/workspaces/isaac_ros-dev/ros_ws/install/zed_msgs:/workspaces/isaac_ros-dev/ros_ws/install/zed_ros2:/workspaces/isaac_ros-dev/ros_ws/install/zed_wrapper:/workspaces/isaac_ros-dev/ros_ws/install/zed_components:/workspaces/isaac_ros-dev/ros_ws/install/ur5e_visual_servo:/usr/local/libcudss-linux-0.3.0.9_cuda12-archive:/opt/ros/humble LD_LIBRARY_PATH=/workspaces/isaac_ros-dev/ros_ws/install/zed_msgs/lib:/workspaces/isaac_ros-dev/ros_ws/install/zed_components/lib:/opt/ros/humble/opt/rviz_ogre_vendor/lib:/opt/ros/humble/lib/aarch64-linux-gnu:/opt/ros/humble/lib:/usr/lib/aarch64-linux-gnu/tegra/weston:/usr/lib/aarch64-linux-gnu/tegra-egl:/usr/local/cuda-12.6/targets/aarch64-linux/lib:/usr/lib/aarch64-linux-gnu/tegra:/opt/nvidia/vpi3/lib64:/usr/local/libcudss-linux-0.3.0.9_cuda12-archive/lib:/usr/local/nvidia/lib:/usr/local/nvidia/lib64:/usr/lib/aarch64-linux-gnu-host:/opt/tritonserver/lib:/usr/local/zed/lib /usr/bin/cmake --install /workspaces/isaac_ros-dev/ros_ws/build/zed_components[0m
[2.916s] [34mcolcon.colcon_core.environment[0m [1;30mLevel 1[0m checking '/workspaces/isaac_ros-dev/ros_ws/install/zed_components' for CMake config files
[2.916s] [34mcolcon.colcon_core.shell[0m [1;30mLevel 1[0m create_environment_hook('zed_components', 'cmake_prefix_path')
[2.917s] [34mcolcon.colcon_core.shell[0m [1;30mINFO[0m Creating environment hook '/workspaces/isaac_ros-dev/ros_ws/install/zed_components/share/zed_components/hook/cmake_prefix_path.ps1'
[2.918s] [34mcolcon.colcon_core.shell[0m [1;30mINFO[0m Creating environment descriptor '/workspaces/isaac_ros-dev/ros_ws/install/zed_components/share/zed_components/hook/cmake_prefix_path.dsv'
[2.920s] [34mcolcon.colcon_core.shell[0m [1;30mINFO[0m Creating environment hook '/workspaces/isaac_ros-dev/ros_ws/install/zed_components/share/zed_components/hook/cmake_prefix_path.sh'
[2.922s] [34mcolcon.colcon_core.environment[0m [1;30mLevel 1[0m checking '/workspaces/isaac_ros-dev/ros_ws/install/zed_components/lib'
[2.922s] [34mcolcon.colcon_core.shell[0m [1;30mLevel 1[0m create_environment_hook('zed_components', 'ld_library_path_lib')
[2.923s] [34mcolcon.colcon_core.shell[0m [1;30mINFO[0m Creating environment hook '/workspaces/isaac_ros-dev/ros_ws/install/zed_components/share/zed_components/hook/ld_library_path_lib.ps1'
[2.924s] [34mcolcon.colcon_core.shell[0m [1;30mINFO[0m Creating environment descriptor '/workspaces/isaac_ros-dev/ros_ws/install/zed_components/share/zed_components/hook/ld_library_path_lib.dsv'
[2.925s] [34mcolcon.colcon_core.shell[0m [1;30mINFO[0m Creating environment hook '/workspaces/isaac_ros-dev/ros_ws/install/zed_components/share/zed_components/hook/ld_library_path_lib.sh'
[2.927s] [34mcolcon.colcon_core.environment[0m [1;30mLevel 1[0m checking '/workspaces/isaac_ros-dev/ros_ws/install/zed_components/bin'
[2.927s] [34mcolcon.colcon_core.environment[0m [1;30mLevel 1[0m checking '/workspaces/isaac_ros-dev/ros_ws/install/zed_components/lib/pkgconfig/zed_components.pc'
[2.928s] [34mcolcon.colcon_core.environment[0m [1;30mLevel 1[0m checking '/workspaces/isaac_ros-dev/ros_ws/install/zed_components/lib/python3.10/site-packages'
[2.928s] [34mcolcon.colcon_core.environment[0m [1;30mLevel 1[0m checking '/workspaces/isaac_ros-dev/ros_ws/install/zed_components/bin'
[2.929s] [34mcolcon.colcon_core.shell[0m [1;30mINFO[0m Creating package script '/workspaces/isaac_ros-dev/ros_ws/install/zed_components/share/zed_components/package.ps1'
[2.930s] [34mcolcon.colcon_core.shell[0m [1;30mINFO[0m Creating package descriptor '/workspaces/isaac_ros-dev/ros_ws/install/zed_components/share/zed_components/package.dsv'
[2.932s] [34mcolcon.colcon_core.shell[0m [1;30mINFO[0m Creating package script '/workspaces/isaac_ros-dev/ros_ws/install/zed_components/share/zed_components/package.sh'
[2.933s] [34mcolcon.colcon_core.shell[0m [1;30mINFO[0m Creating package script '/workspaces/isaac_ros-dev/ros_ws/install/zed_components/share/zed_components/package.bash'
[2.934s] [34mcolcon.colcon_core.shell[0m [1;30mINFO[0m Creating package script '/workspaces/isaac_ros-dev/ros_ws/install/zed_components/share/zed_components/package.zsh'
[2.935s] [34mcolcon.colcon_core.environment[0m [1;30mLevel 1[0m create_file_with_runtime_dependencies(/workspaces/isaac_ros-dev/ros_ws/install/zed_components/share/colcon-core/packages/zed_components)
[2.937s] [34mcolcon.colcon_core.environment[0m [1;30mLevel 1[0m create_environment_scripts_only(zed_components)
[2.937s] [34mcolcon.colcon_core.environment[0m [1;30mLevel 1[0m checking '/workspaces/isaac_ros-dev/ros_ws/install/zed_components' for CMake module files
[2.938s] [34mcolcon.colcon_core.environment[0m [1;30mLevel 1[0m checking '/workspaces/isaac_ros-dev/ros_ws/install/zed_components' for CMake config files
[2.939s] [34mcolcon.colcon_core.shell[0m [1;30mLevel 1[0m create_environment_hook('zed_components', 'cmake_prefix_path')
[2.939s] [34mcolcon.colcon_core.shell[0m [1;30mINFO[0m Creating environment hook '/workspaces/isaac_ros-dev/ros_ws/install/zed_components/share/zed_components/hook/cmake_prefix_path.ps1'
[2.940s] [34mcolcon.colcon_core.shell[0m [1;30mINFO[0m Creating environment descriptor '/workspaces/isaac_ros-dev/ros_ws/install/zed_components/share/zed_components/hook/cmake_prefix_path.dsv'
[2.941s] [34mcolcon.colcon_core.shell[0m [1;30mINFO[0m Creating environment hook '/workspaces/isaac_ros-dev/ros_ws/install/zed_components/share/zed_components/hook/cmake_prefix_path.sh'
[2.943s] [34mcolcon.colcon_core.environment[0m [1;30mLevel 1[0m checking '/workspaces/isaac_ros-dev/ros_ws/install/zed_components/lib'
[2.943s] [34mcolcon.colcon_core.shell[0m [1;30mLevel 1[0m create_environment_hook('zed_components', 'ld_library_path_lib')
[2.943s] [34mcolcon.colcon_core.shell[0m [1;30mINFO[0m Creating environment hook '/workspaces/isaac_ros-dev/ros_ws/install/zed_components/share/zed_components/hook/ld_library_path_lib.ps1'
[2.944s] [34mcolcon.colcon_core.shell[0m [1;30mINFO[0m Creating environment descriptor '/workspaces/isaac_ros-dev/ros_ws/install/zed_components/share/zed_components/hook/ld_library_path_lib.dsv'
[2.945s] [34mcolcon.colcon_core.shell[0m [1;30mINFO[0m Creating environment hook '/workspaces/isaac_ros-dev/ros_ws/install/zed_components/share/zed_components/hook/ld_library_path_lib.sh'
[2.946s] [34mcolcon.colcon_core.environment[0m [1;30mLevel 1[0m checking '/workspaces/isaac_ros-dev/ros_ws/install/zed_components/bin'
[2.946s] [34mcolcon.colcon_core.environment[0m [1;30mLevel 1[0m checking '/workspaces/isaac_ros-dev/ros_ws/install/zed_components/lib/pkgconfig/zed_components.pc'
[2.946s] [34mcolcon.colcon_core.environment[0m [1;30mLevel 1[0m checking '/workspaces/isaac_ros-dev/ros_ws/install/zed_components/lib/python3.10/site-packages'
[2.947s] [34mcolcon.colcon_core.environment[0m [1;30mLevel 1[0m checking '/workspaces/isaac_ros-dev/ros_ws/install/zed_components/bin'
[2.947s] [34mcolcon.colcon_core.shell[0m [1;30mINFO[0m Creating package script '/workspaces/isaac_ros-dev/ros_ws/install/zed_components/share/zed_components/package.ps1'
[2.949s] [34mcolcon.colcon_core.shell[0m [1;30mINFO[0m Creating package descriptor '/workspaces/isaac_ros-dev/ros_ws/install/zed_components/share/zed_components/package.dsv'
[2.950s] [34mcolcon.colcon_core.shell[0m [1;30mINFO[0m Creating package script '/workspaces/isaac_ros-dev/ros_ws/install/zed_components/share/zed_components/package.sh'
[2.952s] [34mcolcon.colcon_core.shell[0m [1;30mINFO[0m Creating package script '/workspaces/isaac_ros-dev/ros_ws/install/zed_components/share/zed_components/package.bash'
[2.953s] [34mcolcon.colcon_core.shell[0m [1;30mINFO[0m Creating package script '/workspaces/isaac_ros-dev/ros_ws/install/zed_components/share/zed_components/package.zsh'
[2.954s] [34mcolcon.colcon_core.environment[0m [1;30mLevel 1[0m create_file_with_runtime_dependencies(/workspaces/isaac_ros-dev/ros_ws/install/zed_components/share/colcon-core/packages/zed_components)
[2.955s] [34mcolcon.colcon_ros.task.ament_cmake.build[0m [1;30mINFO[0m Building ROS package in '/workspaces/isaac_ros-dev/ros_ws/src/zed-ros2-wrapper/zed_wrapper' with build type 'ament_cmake'
[2.955s] [34mcolcon.colcon_cmake.task.cmake.build[0m [1;30mINFO[0m Building CMake package in '/workspaces/isaac_ros-dev/ros_ws/src/zed-ros2-wrapper/zed_wrapper'
[2.955s] [34mcolcon.colcon_core.shell[0m [1;30mINFO[0m Skip shell extension 'powershell' for command environment: Not usable outside of PowerShell
[2.955s] [34mcolcon.colcon_core.shell[0m [1;30mDEBUG[0m [32mSkip shell extension 'dsv' for command environment[0m
[2.985s] [34mcolcon.colcon_core.event_handler.log_command[0m [1;30mDEBUG[0m [32mInvoking command in '/workspaces/isaac_ros-dev/ros_ws/build/zed_wrapper': CMAKE_PREFIX_PATH=/workspaces/isaac_ros-dev/ros_ws/install/zed_components:/workspaces/isaac_ros-dev/ros_ws/install/zed_msgs:/workspaces/isaac_ros-dev/ros_ws/install/zed_ros2:/workspaces/isaac_ros-dev/ros_ws/install/zed_wrapper:/workspaces/isaac_ros-dev/ros_ws/install/ur5e_visual_servo:/usr/local/libcudss-linux-0.3.0.9_cuda12-archive:/opt/ros/humble /usr/bin/cmake --build /workspaces/isaac_ros-dev/ros_ws/build/zed_wrapper -- -j12 -l12[0m
[3.075s] [34mcolcon.colcon_core.event_handler.log_command[0m [1;30mDEBUG[0m [32mInvoked command in '/workspaces/isaac_ros-dev/ros_ws/build/zed_wrapper' returned '0': CMAKE_PREFIX_PATH=/workspaces/isaac_ros-dev/ros_ws/install/zed_components:/workspaces/isaac_ros-dev/ros_ws/install/zed_msgs:/workspaces/isaac_ros-dev/ros_ws/install/zed_ros2:/workspaces/isaac_ros-dev/ros_ws/install/zed_wrapper:/workspaces/isaac_ros-dev/ros_ws/install/ur5e_visual_servo:/usr/local/libcudss-linux-0.3.0.9_cuda12-archive:/opt/ros/humble /usr/bin/cmake --build /workspaces/isaac_ros-dev/ros_ws/build/zed_wrapper -- -j12 -l12[0m
[3.079s] [34mcolcon.colcon_core.event_handler.log_command[0m [1;30mDEBUG[0m [32mInvoking command in '/workspaces/isaac_ros-dev/ros_ws/build/zed_wrapper': CMAKE_PREFIX_PATH=/workspaces/isaac_ros-dev/ros_ws/install/zed_components:/workspaces/isaac_ros-dev/ros_ws/install/zed_msgs:/workspaces/isaac_ros-dev/ros_ws/install/zed_ros2:/workspaces/isaac_ros-dev/ros_ws/install/zed_wrapper:/workspaces/isaac_ros-dev/ros_ws/install/ur5e_visual_servo:/usr/local/libcudss-linux-0.3.0.9_cuda12-archive:/opt/ros/humble /usr/bin/cmake --install /workspaces/isaac_ros-dev/ros_ws/build/zed_wrapper[0m
[3.121s] [34mcolcon.colcon_core.environment[0m [1;30mLevel 1[0m create_environment_scripts_only(zed_wrapper)
[3.122s] [34mcolcon.colcon_core.environment[0m [1;30mLevel 1[0m checking '/workspaces/isaac_ros-dev/ros_ws/install/zed_wrapper' for CMake module files
[3.123s] [34mcolcon.colcon_core.event_handler.log_command[0m [1;30mDEBUG[0m [32mInvoked command in '/workspaces/isaac_ros-dev/ros_ws/build/zed_wrapper' returned '0': CMAKE_PREFIX_PATH=/workspaces/isaac_ros-dev/ros_ws/install/zed_components:/workspaces/isaac_ros-dev/ros_ws/install/zed_msgs:/workspaces/isaac_ros-dev/ros_ws/install/zed_ros2:/workspaces/isaac_ros-dev/ros_ws/install/zed_wrapper:/workspaces/isaac_ros-dev/ros_ws/install/ur5e_visual_servo:/usr/local/libcudss-linux-0.3.0.9_cuda12-archive:/opt/ros/humble /usr/bin/cmake --install /workspaces/isaac_ros-dev/ros_ws/build/zed_wrapper[0m
[3.125s] [34mcolcon.colcon_core.environment[0m [1;30mLevel 1[0m checking '/workspaces/isaac_ros-dev/ros_ws/install/zed_wrapper' for CMake config files
[3.126s] [34mcolcon.colcon_core.shell[0m [1;30mLevel 1[0m create_environment_hook('zed_wrapper', 'cmake_prefix_path')
[3.126s] [34mcolcon.colcon_core.shell[0m [1;30mINFO[0m Creating environment hook '/workspaces/isaac_ros-dev/ros_ws/install/zed_wrapper/share/zed_wrapper/hook/cmake_prefix_path.ps1'
[3.128s] [34mcolcon.colcon_core.shell[0m [1;30mINFO[0m Creating environment descriptor '/workspaces/isaac_ros-dev/ros_ws/install/zed_wrapper/share/zed_wrapper/hook/cmake_prefix_path.dsv'
[3.129s] [34mcolcon.colcon_core.shell[0m [1;30mINFO[0m Creating environment hook '/workspaces/isaac_ros-dev/ros_ws/install/zed_wrapper/share/zed_wrapper/hook/cmake_prefix_path.sh'
[3.131s] [34mcolcon.colcon_core.environment[0m [1;30mLevel 1[0m checking '/workspaces/isaac_ros-dev/ros_ws/install/zed_wrapper/bin'
[3.131s] [34mcolcon.colcon_core.environment[0m [1;30mLevel 1[0m checking '/workspaces/isaac_ros-dev/ros_ws/install/zed_wrapper/lib/pkgconfig/zed_wrapper.pc'
[3.132s] [34mcolcon.colcon_core.environment[0m [1;30mLevel 1[0m checking '/workspaces/isaac_ros-dev/ros_ws/install/zed_wrapper/lib/python3.10/site-packages'
[3.133s] [34mcolcon.colcon_core.environment[0m [1;30mLevel 1[0m checking '/workspaces/isaac_ros-dev/ros_ws/install/zed_wrapper/bin'
[3.134s] [34mcolcon.colcon_core.shell[0m [1;30mINFO[0m Creating package script '/workspaces/isaac_ros-dev/ros_ws/install/zed_wrapper/share/zed_wrapper/package.ps1'
[3.136s] [34mcolcon.colcon_core.shell[0m [1;30mINFO[0m Creating package descriptor '/workspaces/isaac_ros-dev/ros_ws/install/zed_wrapper/share/zed_wrapper/package.dsv'
[3.137s] [34mcolcon.colcon_core.shell[0m [1;30mINFO[0m Creating package script '/workspaces/isaac_ros-dev/ros_ws/install/zed_wrapper/share/zed_wrapper/package.sh'
[3.139s] [34mcolcon.colcon_core.shell[0m [1;30mINFO[0m Creating package script '/workspaces/isaac_ros-dev/ros_ws/install/zed_wrapper/share/zed_wrapper/package.bash'
[3.139s] [34mcolcon.colcon_core.shell[0m [1;30mINFO[0m Creating package script '/workspaces/isaac_ros-dev/ros_ws/install/zed_wrapper/share/zed_wrapper/package.zsh'
[3.140s] [34mcolcon.colcon_core.environment[0m [1;30mLevel 1[0m create_file_with_runtime_dependencies(/workspaces/isaac_ros-dev/ros_ws/install/zed_wrapper/share/colcon-core/packages/zed_wrapper)
[3.142s] [34mcolcon.colcon_core.environment[0m [1;30mLevel 1[0m create_environment_scripts_only(zed_wrapper)
[3.142s] [34mcolcon.colcon_core.environment[0m [1;30mLevel 1[0m checking '/workspaces/isaac_ros-dev/ros_ws/install/zed_wrapper' for CMake module files
[3.143s] [34mcolcon.colcon_core.environment[0m [1;30mLevel 1[0m checking '/workspaces/isaac_ros-dev/ros_ws/install/zed_wrapper' for CMake config files
[3.144s] [34mcolcon.colcon_core.shell[0m [1;30mLevel 1[0m create_environment_hook('zed_wrapper', 'cmake_prefix_path')
[3.145s] [34mcolcon.colcon_core.shell[0m [1;30mINFO[0m Creating environment hook '/workspaces/isaac_ros-dev/ros_ws/install/zed_wrapper/share/zed_wrapper/hook/cmake_prefix_path.ps1'
[3.146s] [34mcolcon.colcon_core.shell[0m [1;30mINFO[0m Creating environment descriptor '/workspaces/isaac_ros-dev/ros_ws/install/zed_wrapper/share/zed_wrapper/hook/cmake_prefix_path.dsv'
[3.147s] [34mcolcon.colcon_core.shell[0m [1;30mINFO[0m Creating environment hook '/workspaces/isaac_ros-dev/ros_ws/install/zed_wrapper/share/zed_wrapper/hook/cmake_prefix_path.sh'
[3.148s] [34mcolcon.colcon_core.environment[0m [1;30mLevel 1[0m checking '/workspaces/isaac_ros-dev/ros_ws/install/zed_wrapper/bin'
[3.148s] [34mcolcon.colcon_core.environment[0m [1;30mLevel 1[0m checking '/workspaces/isaac_ros-dev/ros_ws/install/zed_wrapper/lib/pkgconfig/zed_wrapper.pc'
[3.149s] [34mcolcon.colcon_core.environment[0m [1;30mLevel 1[0m checking '/workspaces/isaac_ros-dev/ros_ws/install/zed_wrapper/lib/python3.10/site-packages'
[3.149s] [34mcolcon.colcon_core.environment[0m [1;30mLevel 1[0m checking '/workspaces/isaac_ros-dev/ros_ws/install/zed_wrapper/bin'
[3.150s] [34mcolcon.colcon_core.shell[0m [1;30mINFO[0m Creating package script '/workspaces/isaac_ros-dev/ros_ws/install/zed_wrapper/share/zed_wrapper/package.ps1'
[3.151s] [34mcolcon.colcon_core.shell[0m [1;30mINFO[0m Creating package descriptor '/workspaces/isaac_ros-dev/ros_ws/install/zed_wrapper/share/zed_wrapper/package.dsv'
[3.153s] [34mcolcon.colcon_core.shell[0m [1;30mINFO[0m Creating package script '/workspaces/isaac_ros-dev/ros_ws/install/zed_wrapper/share/zed_wrapper/package.sh'
[3.155s] [34mcolcon.colcon_core.shell[0m [1;30mINFO[0m Creating package script '/workspaces/isaac_ros-dev/ros_ws/install/zed_wrapper/share/zed_wrapper/package.bash'
[3.156s] [34mcolcon.colcon_core.shell[0m [1;30mINFO[0m Creating package script '/workspaces/isaac_ros-dev/ros_ws/install/zed_wrapper/share/zed_wrapper/package.zsh'
[3.158s] [34mcolcon.colcon_core.environment[0m [1;30mLevel 1[0m create_file_with_runtime_dependencies(/workspaces/isaac_ros-dev/ros_ws/install/zed_wrapper/share/colcon-core/packages/zed_wrapper)
[3.159s] [34mcolcon.colcon_ros.task.ament_cmake.build[0m [1;30mINFO[0m Building ROS package in '/workspaces/isaac_ros-dev/ros_ws/src/zed-ros2-wrapper/zed_ros2' with build type 'ament_cmake'
[3.159s] [34mcolcon.colcon_cmake.task.cmake.build[0m [1;30mINFO[0m Building CMake package in '/workspaces/isaac_ros-dev/ros_ws/src/zed-ros2-wrapper/zed_ros2'
[3.160s] [34mcolcon.colcon_core.shell[0m [1;30mINFO[0m Skip shell extension 'powershell' for command environment: Not usable outside of PowerShell
[3.160s] [34mcolcon.colcon_core.shell[0m [1;30mDEBUG[0m [32mSkip shell extension 'dsv' for command environment[0m
[3.190s] [34mcolcon.colcon_core.event_handler.log_command[0m [1;30mDEBUG[0m [32mInvoking command in '/workspaces/isaac_ros-dev/ros_ws/build/zed_ros2': CMAKE_PREFIX_PATH=/workspaces/isaac_ros-dev/ros_ws/install/zed_wrapper:/workspaces/isaac_ros-dev/ros_ws/install/zed_components:/workspaces/isaac_ros-dev/ros_ws/install/zed_msgs:/workspaces/isaac_ros-dev/ros_ws/install/zed_ros2:/workspaces/isaac_ros-dev/ros_ws/install/ur5e_visual_servo:/usr/local/libcudss-linux-0.3.0.9_cuda12-archive:/opt/ros/humble /usr/bin/cmake --build /workspaces/isaac_ros-dev/ros_ws/build/zed_ros2 -- -j12 -l12[0m
[3.269s] [34mcolcon.colcon_core.event_handler.log_command[0m [1;30mDEBUG[0m [32mInvoked command in '/workspaces/isaac_ros-dev/ros_ws/build/zed_ros2' returned '0': CMAKE_PREFIX_PATH=/workspaces/isaac_ros-dev/ros_ws/install/zed_wrapper:/workspaces/isaac_ros-dev/ros_ws/install/zed_components:/workspaces/isaac_ros-dev/ros_ws/install/zed_msgs:/workspaces/isaac_ros-dev/ros_ws/install/zed_ros2:/workspaces/isaac_ros-dev/ros_ws/install/ur5e_visual_servo:/usr/local/libcudss-linux-0.3.0.9_cuda12-archive:/opt/ros/humble /usr/bin/cmake --build /workspaces/isaac_ros-dev/ros_ws/build/zed_ros2 -- -j12 -l12[0m
[3.275s] [34mcolcon.colcon_core.event_handler.log_command[0m [1;30mDEBUG[0m [32mInvoking command in '/workspaces/isaac_ros-dev/ros_ws/build/zed_ros2': CMAKE_PREFIX_PATH=/workspaces/isaac_ros-dev/ros_ws/install/zed_wrapper:/workspaces/isaac_ros-dev/ros_ws/install/zed_components:/workspaces/isaac_ros-dev/ros_ws/install/zed_msgs:/workspaces/isaac_ros-dev/ros_ws/install/zed_ros2:/workspaces/isaac_ros-dev/ros_ws/install/ur5e_visual_servo:/usr/local/libcudss-linux-0.3.0.9_cuda12-archive:/opt/ros/humble /usr/bin/cmake --install /workspaces/isaac_ros-dev/ros_ws/build/zed_ros2[0m
[3.317s] [34mcolcon.colcon_core.environment[0m [1;30mLevel 1[0m create_environment_scripts_only(zed_ros2)
[3.319s] [34mcolcon.colcon_core.environment[0m [1;30mLevel 1[0m checking '/workspaces/isaac_ros-dev/ros_ws/install/zed_ros2' for CMake module files
[3.320s] [34mcolcon.colcon_core.event_handler.log_command[0m [1;30mDEBUG[0m [32mInvoked command in '/workspaces/isaac_ros-dev/ros_ws/build/zed_ros2' returned '0': CMAKE_PREFIX_PATH=/workspaces/isaac_ros-dev/ros_ws/install/zed_wrapper:/workspaces/isaac_ros-dev/ros_ws/install/zed_components:/workspaces/isaac_ros-dev/ros_ws/install/zed_msgs:/workspaces/isaac_ros-dev/ros_ws/install/zed_ros2:/workspaces/isaac_ros-dev/ros_ws/install/ur5e_visual_servo:/usr/local/libcudss-linux-0.3.0.9_cuda12-archive:/opt/ros/humble /usr/bin/cmake --install /workspaces/isaac_ros-dev/ros_ws/build/zed_ros2[0m
[3.322s] [34mcolcon.colcon_core.environment[0m [1;30mLevel 1[0m checking '/workspaces/isaac_ros-dev/ros_ws/install/zed_ros2' for CMake config files
[3.323s] [34mcolcon.colcon_core.shell[0m [1;30mLevel 1[0m create_environment_hook('zed_ros2', 'cmake_prefix_path')
[3.323s] [34mcolcon.colcon_core.shell[0m [1;30mINFO[0m Creating environment hook '/workspaces/isaac_ros-dev/ros_ws/install/zed_ros2/share/zed_ros2/hook/cmake_prefix_path.ps1'
[3.325s] [34mcolcon.colcon_core.shell[0m [1;30mINFO[0m Creating environment descriptor '/workspaces/isaac_ros-dev/ros_ws/install/zed_ros2/share/zed_ros2/hook/cmake_prefix_path.dsv'
[3.326s] [34mcolcon.colcon_core.shell[0m [1;30mINFO[0m Creating environment hook '/workspaces/isaac_ros-dev/ros_ws/install/zed_ros2/share/zed_ros2/hook/cmake_prefix_path.sh'
[3.327s] [34mcolcon.colcon_core.environment[0m [1;30mLevel 1[0m checking '/workspaces/isaac_ros-dev/ros_ws/install/zed_ros2/bin'
[3.328s] [34mcolcon.colcon_core.environment[0m [1;30mLevel 1[0m checking '/workspaces/isaac_ros-dev/ros_ws/install/zed_ros2/lib/pkgconfig/zed_ros2.pc'
[3.328s] [34mcolcon.colcon_core.environment[0m [1;30mLevel 1[0m checking '/workspaces/isaac_ros-dev/ros_ws/install/zed_ros2/lib/python3.10/site-packages'
[3.329s] [34mcolcon.colcon_core.environment[0m [1;30mLevel 1[0m checking '/workspaces/isaac_ros-dev/ros_ws/install/zed_ros2/bin'
[3.329s] [34mcolcon.colcon_core.shell[0m [1;30mINFO[0m Creating package script '/workspaces/isaac_ros-dev/ros_ws/install/zed_ros2/share/zed_ros2/package.ps1'
[3.330s] [34mcolcon.colcon_core.shell[0m [1;30mINFO[0m Creating package descriptor '/workspaces/isaac_ros-dev/ros_ws/install/zed_ros2/share/zed_ros2/package.dsv'
[3.331s] [34mcolcon.colcon_core.shell[0m [1;30mINFO[0m Creating package script '/workspaces/isaac_ros-dev/ros_ws/install/zed_ros2/share/zed_ros2/package.sh'
[3.333s] [34mcolcon.colcon_core.shell[0m [1;30mINFO[0m Creating package script '/workspaces/isaac_ros-dev/ros_ws/install/zed_ros2/share/zed_ros2/package.bash'
[3.333s] [34mcolcon.colcon_core.shell[0m [1;30mINFO[0m Creating package script '/workspaces/isaac_ros-dev/ros_ws/install/zed_ros2/share/zed_ros2/package.zsh'
[3.334s] [34mcolcon.colcon_core.environment[0m [1;30mLevel 1[0m create_file_with_runtime_dependencies(/workspaces/isaac_ros-dev/ros_ws/install/zed_ros2/share/colcon-core/packages/zed_ros2)
[3.336s] [34mcolcon.colcon_core.environment[0m [1;30mLevel 1[0m create_environment_scripts_only(zed_ros2)
[3.337s] [34mcolcon.colcon_core.environment[0m [1;30mLevel 1[0m checking '/workspaces/isaac_ros-dev/ros_ws/install/zed_ros2' for CMake module files
[3.338s] [34mcolcon.colcon_core.environment[0m [1;30mLevel 1[0m checking '/workspaces/isaac_ros-dev/ros_ws/install/zed_ros2' for CMake config files
[3.338s] [34mcolcon.colcon_core.shell[0m [1;30mLevel 1[0m create_environment_hook('zed_ros2', 'cmake_prefix_path')
[3.339s] [34mcolcon.colcon_core.shell[0m [1;30mINFO[0m Creating environment hook '/workspaces/isaac_ros-dev/ros_ws/install/zed_ros2/share/zed_ros2/hook/cmake_prefix_path.ps1'
[3.340s] [34mcolcon.colcon_core.shell[0m [1;30mINFO[0m Creating environment descriptor '/workspaces/isaac_ros-dev/ros_ws/install/zed_ros2/share/zed_ros2/hook/cmake_prefix_path.dsv'
[3.341s] [34mcolcon.colcon_core.shell[0m [1;30mINFO[0m Creating environment hook '/workspaces/isaac_ros-dev/ros_ws/install/zed_ros2/share/zed_ros2/hook/cmake_prefix_path.sh'
[3.343s] [34mcolcon.colcon_core.environment[0m [1;30mLevel 1[0m checking '/workspaces/isaac_ros-dev/ros_ws/install/zed_ros2/bin'
[3.343s] [34mcolcon.colcon_core.environment[0m [1;30mLevel 1[0m checking '/workspaces/isaac_ros-dev/ros_ws/install/zed_ros2/lib/pkgconfig/zed_ros2.pc'
[3.344s] [34mcolcon.colcon_core.environment[0m [1;30mLevel 1[0m checking '/workspaces/isaac_ros-dev/ros_ws/install/zed_ros2/lib/python3.10/site-packages'
[3.344s] [34mcolcon.colcon_core.environment[0m [1;30mLevel 1[0m checking '/workspaces/isaac_ros-dev/ros_ws/install/zed_ros2/bin'
[3.345s] [34mcolcon.colcon_core.shell[0m [1;30mINFO[0m Creating package script '/workspaces/isaac_ros-dev/ros_ws/install/zed_ros2/share/zed_ros2/package.ps1'
[3.346s] [34mcolcon.colcon_core.shell[0m [1;30mINFO[0m Creating package descriptor '/workspaces/isaac_ros-dev/ros_ws/install/zed_ros2/share/zed_ros2/package.dsv'
[3.347s] [34mcolcon.colcon_core.shell[0m [1;30mINFO[0m Creating package script '/workspaces/isaac_ros-dev/ros_ws/install/zed_ros2/share/zed_ros2/package.sh'
[3.349s] [34mcolcon.colcon_core.shell[0m [1;30mINFO[0m Creating package script '/workspaces/isaac_ros-dev/ros_ws/install/zed_ros2/share/zed_ros2/package.bash'
[3.349s] [34mcolcon.colcon_core.shell[0m [1;30mINFO[0m Creating package script '/workspaces/isaac_ros-dev/ros_ws/install/zed_ros2/share/zed_ros2/package.zsh'
[3.350s] [34mcolcon.colcon_core.environment[0m [1;30mLevel 1[0m create_file_with_runtime_dependencies(/workspaces/isaac_ros-dev/ros_ws/install/zed_ros2/share/colcon-core/packages/zed_ros2)
[3.351s] [34mcolcon.colcon_parallel_executor.executor.parallel[0m [1;30mDEBUG[0m [32mclosing loop[0m
[3.351s] [34mcolcon.colcon_parallel_executor.executor.parallel[0m [1;30mDEBUG[0m [32mloop closed[0m
[3.352s] [34mcolcon.colcon_parallel_executor.executor.parallel[0m [1;30mDEBUG[0m [32mrun_until_complete finished with '0'[0m
[3.352s] [34mcolcon.colcon_core.event_reactor[0m [1;30mDEBUG[0m [32mjoining thread[0m
[3.364s] [34mcolcon.colcon_core.plugin_system[0m [1;30mINFO[0m Skipping extension 'colcon_notification.desktop_notification.notify_send': Could not find 'notify-send'
[3.364s] [34mcolcon.colcon_core.plugin_system[0m [1;30mINFO[0m Skipping extension 'colcon_notification.desktop_notification.terminal_notifier': Not used on non-Darwin systems
[3.365s] [34mcolcon.colcon_core.plugin_system[0m [1;30mINFO[0m Skipping extension 'colcon_notification.desktop_notification.win32': Not used on non-Windows systems
[3.365s] [34mcolcon.colcon_notification.desktop_notification[0m [1;30mINFO[0m Sending desktop notification using 'notify2'
[3.372s] [34mcolcon.colcon_notification.desktop_notification.notify2[0m [1;30mDEBUG[0m [32mFailed to initialize notify2: org.freedesktop.DBus.Error.Spawn.ExecFailed: /usr/bin/dbus-launch terminated abnormally without any error message[0m
[3.373s] [34mcolcon.colcon_core.event_reactor[0m [1;30mDEBUG[0m [32mjoined thread[0m
[3.374s] [34mcolcon.colcon_core.shell[0m [1;30mINFO[0m Creating prefix script '/workspaces/isaac_ros-dev/ros_ws/install/local_setup.ps1'
[3.377s] [34mcolcon.colcon_core.shell[0m [1;30mINFO[0m Creating prefix util module '/workspaces/isaac_ros-dev/ros_ws/install/_local_setup_util_ps1.py'
[3.381s] [34mcolcon.colcon_core.shell[0m [1;30mINFO[0m Creating prefix chain script '/workspaces/isaac_ros-dev/ros_ws/install/setup.ps1'
[3.384s] [34mcolcon.colcon_core.shell[0m [1;30mINFO[0m Creating prefix script '/workspaces/isaac_ros-dev/ros_ws/install/local_setup.sh'
[3.386s] [34mcolcon.colcon_core.shell[0m [1;30mINFO[0m Creating prefix util module '/workspaces/isaac_ros-dev/ros_ws/install/_local_setup_util_sh.py'
[3.387s] [34mcolcon.colcon_core.shell[0m [1;30mINFO[0m Creating prefix chain script '/workspaces/isaac_ros-dev/ros_ws/install/setup.sh'
[3.390s] [34mcolcon.colcon_core.shell[0m [1;30mINFO[0m Creating prefix script '/workspaces/isaac_ros-dev/ros_ws/install/local_setup.bash'
[3.391s] [34mcolcon.colcon_core.shell[0m [1;30mINFO[0m Creating prefix chain script '/workspaces/isaac_ros-dev/ros_ws/install/setup.bash'
[3.393s] [34mcolcon.colcon_core.shell[0m [1;30mINFO[0m Creating prefix script '/workspaces/isaac_ros-dev/ros_ws/install/local_setup.zsh'
[3.394s] [34mcolcon.colcon_core.shell[0m [1;30mINFO[0m Creating prefix chain script '/workspaces/isaac_ros-dev/ros_ws/install/setup.zsh'
