[3.398s] Invoking command in '/workspaces/isaac_ros-dev/ros_ws/src/pattern': PYTHONPATH=/workspaces/isaac_ros-dev/ros_ws/build/pattern/prefix_override:/usr/lib/python3/dist-packages/colcon_core/task/python/colcon_distutils_commands:/workspaces/isaac_ros-dev/ros_ws/install/pattern/lib/python3.10/site-packages:${PYTHONPATH} /usr/bin/python3 -W ignore:setup.py install is deprecated -W ignore:easy_install command is deprecated setup.py egg_info --egg-base ../../build/pattern build --build-base /workspaces/isaac_ros-dev/ros_ws/build/pattern/build install --record /workspaces/isaac_ros-dev/ros_ws/build/pattern/install.log --single-version-externally-managed install_data
[4.116s] running egg_info
[4.117s] creating ../../build/pattern/pattern.egg-info
[4.147s] writing ../../build/pattern/pattern.egg-info/PKG-INFO
[4.147s] writing dependency_links to ../../build/pattern/pattern.egg-info/dependency_links.txt
[4.148s] writing entry points to ../../build/pattern/pattern.egg-info/entry_points.txt
[4.148s] writing requirements to ../../build/pattern/pattern.egg-info/requires.txt
[4.148s] writing top-level names to ../../build/pattern/pattern.egg-info/top_level.txt
[4.148s] writing manifest file '../../build/pattern/pattern.egg-info/SOURCES.txt'
[4.470s] reading manifest file '../../build/pattern/pattern.egg-info/SOURCES.txt'
[4.471s] writing manifest file '../../build/pattern/pattern.egg-info/SOURCES.txt'
[4.471s] running build
[4.471s] running build_py
[4.472s] creating /workspaces/isaac_ros-dev/ros_ws/build/pattern/build
[4.472s] creating /workspaces/isaac_ros-dev/ros_ws/build/pattern/build/lib
[4.472s] creating /workspaces/isaac_ros-dev/ros_ws/build/pattern/build/lib/pattern
[4.472s] copying pattern/__init__.py -> /workspaces/isaac_ros-dev/ros_ws/build/pattern/build/lib/pattern
[4.472s] copying pattern/pattern_node.py -> /workspaces/isaac_ros-dev/ros_ws/build/pattern/build/lib/pattern
[4.473s] running install
[4.482s] running install_lib
[4.517s] creating /workspaces/isaac_ros-dev/ros_ws/install/pattern/lib/python3.10/site-packages/pattern
[4.517s] copying /workspaces/isaac_ros-dev/ros_ws/build/pattern/build/lib/pattern/__init__.py -> /workspaces/isaac_ros-dev/ros_ws/install/pattern/lib/python3.10/site-packages/pattern
[4.518s] copying /workspaces/isaac_ros-dev/ros_ws/build/pattern/build/lib/pattern/pattern_node.py -> /workspaces/isaac_ros-dev/ros_ws/install/pattern/lib/python3.10/site-packages/pattern
[4.518s] byte-compiling /workspaces/isaac_ros-dev/ros_ws/install/pattern/lib/python3.10/site-packages/pattern/__init__.py to __init__.cpython-310.pyc
[4.519s] byte-compiling /workspaces/isaac_ros-dev/ros_ws/install/pattern/lib/python3.10/site-packages/pattern/pattern_node.py to pattern_node.cpython-310.pyc
[4.523s] running install_data
[4.523s] creating /workspaces/isaac_ros-dev/ros_ws/install/pattern/share/ament_index
[4.523s] creating /workspaces/isaac_ros-dev/ros_ws/install/pattern/share/ament_index/resource_index
[4.523s] creating /workspaces/isaac_ros-dev/ros_ws/install/pattern/share/ament_index/resource_index/packages
[4.524s] copying resource/pattern -> /workspaces/isaac_ros-dev/ros_ws/install/pattern/share/ament_index/resource_index/packages
[4.524s] copying package.xml -> /workspaces/isaac_ros-dev/ros_ws/install/pattern/share/pattern
[4.524s] creating /workspaces/isaac_ros-dev/ros_ws/install/pattern/share/pattern/launch
[4.524s] copying launch/pattern.launch.py -> /workspaces/isaac_ros-dev/ros_ws/install/pattern/share/pattern/launch
[4.525s] running install_egg_info
[4.555s] Copying ../../build/pattern/pattern.egg-info to /workspaces/isaac_ros-dev/ros_ws/install/pattern/lib/python3.10/site-packages/pattern-0.0.1-py3.10.egg-info
[4.556s] running install_scripts
[4.672s] Installing pattern_node script to /workspaces/isaac_ros-dev/ros_ws/install/pattern/lib/pattern
[4.673s] writing list of installed files to '/workspaces/isaac_ros-dev/ros_ws/build/pattern/install.log'
[4.769s] Invoked command in '/workspaces/isaac_ros-dev/ros_ws/src/pattern' returned '0': PYTHONPATH=/workspaces/isaac_ros-dev/ros_ws/build/pattern/prefix_override:/usr/lib/python3/dist-packages/colcon_core/task/python/colcon_distutils_commands:/workspaces/isaac_ros-dev/ros_ws/install/pattern/lib/python3.10/site-packages:${PYTHONPATH} /usr/bin/python3 -W ignore:setup.py install is deprecated -W ignore:easy_install command is deprecated setup.py egg_info --egg-base ../../build/pattern build --build-base /workspaces/isaac_ros-dev/ros_ws/build/pattern/build install --record /workspaces/isaac_ros-dev/ros_ws/build/pattern/install.log --single-version-externally-managed install_data
