[0.025s] Invoking command in '/workspaces/isaac_ros-dev/ros_ws/build/zed_msgs': CMAKE_PREFIX_PATH=${CMAKE_PREFIX_PATH}:/workspaces/isaac_ros-dev/ros_ws/install/vision:/opt/ros/humble /usr/bin/cmake /workspaces/isaac_ros-dev/ros_ws/src/zed-ros2-interfaces -DCMAKE_INSTALL_PREFIX=/workspaces/isaac_ros-dev/ros_ws/install/zed_msgs
[0.053s] -- Found ament_cmake_auto: 1.3.11 (/opt/ros/humble/share/ament_cmake_auto/cmake)
[0.275s] -- Override CMake install command with custom implementation using symlinks instead of copying resources
[0.489s] -- Found rosidl_generator_c: 3.1.6 (/opt/ros/humble/share/rosidl_generator_c/cmake)
[0.494s] -- Found rosidl_adapter: 3.1.6 (/opt/ros/humble/share/rosidl_adapter/cmake)
[0.505s] -- Found rosidl_generator_cpp: 3.1.6 (/opt/ros/humble/share/rosidl_generator_cpp/cmake)
[0.521s] -- Using all available rosidl_typesupport_c: rosidl_typesupport_fastrtps_c;rosidl_typesupport_introspection_c
[0.538s] -- Using all available rosidl_typesupport_cpp: rosidl_typesupport_fastrtps_cpp;rosidl_typesupport_introspection_cpp
[0.613s] -- Found ament_lint_auto: 0.12.11 (/opt/ros/humble/share/ament_lint_auto/cmake)
[1.242s] -- Found ament_cmake_ros: 0.10.0 (/opt/ros/humble/share/ament_cmake_ros/cmake)
[2.185s] -- Using all available rosidl_typesupport_c: rosidl_typesupport_fastrtps_c;rosidl_typesupport_introspection_c
[2.541s] -- Using all available rosidl_typesupport_cpp: rosidl_typesupport_fastrtps_cpp;rosidl_typesupport_introspection_cpp
[2.592s] -- Found python_cmake_module: 0.10.0 (/opt/ros/humble/share/python_cmake_module/cmake)
[2.641s] -- Using PYTHON_EXECUTABLE: /usr/bin/python3
[2.642s] -- Using PYTHON_INCLUDE_DIRS: /usr/include/python3.10
[2.642s] -- Using PYTHON_LIBRARIES: /usr/lib/aarch64-linux-gnu/libpython3.10.so
[2.749s] -- Added test 'copyright' to check source files copyright and LICENSE
[2.756s] -- Added test 'lint_cmake' to check CMake code style
[2.763s] -- Added test 'xmllint' to check XML markup files
[2.770s] -- Configuring done
[2.892s] -- Generating done
[2.914s] -- Build files have been written to: /workspaces/isaac_ros-dev/ros_ws/build/zed_msgs
[2.932s] Invoked command in '/workspaces/isaac_ros-dev/ros_ws/build/zed_msgs' returned '0': CMAKE_PREFIX_PATH=${CMAKE_PREFIX_PATH}:/workspaces/isaac_ros-dev/ros_ws/install/vision:/opt/ros/humble /usr/bin/cmake /workspaces/isaac_ros-dev/ros_ws/src/zed-ros2-interfaces -DCMAKE_INSTALL_PREFIX=/workspaces/isaac_ros-dev/ros_ws/install/zed_msgs
[2.934s] Invoking command in '/workspaces/isaac_ros-dev/ros_ws/build/zed_msgs': CMAKE_PREFIX_PATH=${CMAKE_PREFIX_PATH}:/workspaces/isaac_ros-dev/ros_ws/install/vision:/opt/ros/humble /usr/bin/cmake --build /workspaces/isaac_ros-dev/ros_ws/build/zed_msgs -- -j12 -l12
[3.028s] [35m[1mConsolidate compiler generated dependencies of target zed_msgs__rosidl_generator_c[0m
[3.041s] [  0%] Built target zed_msgs__cpp
[3.053s] [  0%] Built target ament_cmake_python_symlink_zed_msgs
[3.060s] [ 12%] Built target zed_msgs__rosidl_generator_c
[3.068s] [35m[1mConsolidate compiler generated dependencies of target zed_msgs__rosidl_typesupport_cpp[0m
[3.070s] [35m[1mConsolidate compiler generated dependencies of target zed_msgs__rosidl_typesupport_introspection_cpp[0m
[3.070s] [35m[1mConsolidate compiler generated dependencies of target zed_msgs__rosidl_typesupport_fastrtps_cpp[0m
[3.086s] [35m[1mConsolidate compiler generated dependencies of target zed_msgs__rosidl_typesupport_c[0m
[3.087s] [35m[1mConsolidate compiler generated dependencies of target zed_msgs__rosidl_typesupport_fastrtps_c[0m
[3.087s] [35m[1mConsolidate compiler generated dependencies of target zed_msgs__rosidl_typesupport_introspection_c[0m
[3.117s] [ 24%] Built target zed_msgs__rosidl_typesupport_c
[3.120s] [ 36%] Built target zed_msgs__rosidl_typesupport_cpp
[3.127s] [ 48%] Built target zed_msgs__rosidl_typesupport_introspection_c
[3.135s] [ 69%] Built target zed_msgs__rosidl_typesupport_fastrtps_cpp
[3.136s] [ 73%] Built target zed_msgs__rosidl_typesupport_introspection_cpp
[3.145s] [ 85%] Built target zed_msgs__rosidl_typesupport_fastrtps_c
[3.188s] [ 85%] Built target zed_msgs
[3.226s] [ 86%] Built target zed_msgs__py
[3.255s] [35m[1mConsolidate compiler generated dependencies of target zed_msgs__rosidl_generator_py[0m
[3.306s] [ 97%] Built target zed_msgs__rosidl_generator_py
[3.325s] [35m[1mConsolidate compiler generated dependencies of target zed_msgs__rosidl_typesupport_introspection_c__pyext[0m
[3.325s] [35m[1mConsolidate compiler generated dependencies of target zed_msgs__rosidl_typesupport_fastrtps_c__pyext[0m
[3.325s] [35m[1mConsolidate compiler generated dependencies of target zed_msgs__rosidl_typesupport_c__pyext[0m
[3.352s] [100%] Built target zed_msgs__rosidl_typesupport_fastrtps_c__pyext
[3.352s] [100%] Built target zed_msgs__rosidl_typesupport_introspection_c__pyext
[3.352s] [100%] Built target zed_msgs__rosidl_typesupport_c__pyext
[3.710s] running egg_info
[3.740s] writing zed_msgs.egg-info/PKG-INFO
[3.740s] writing dependency_links to zed_msgs.egg-info/dependency_links.txt
[3.741s] writing top-level names to zed_msgs.egg-info/top_level.txt
[4.110s] reading manifest file 'zed_msgs.egg-info/SOURCES.txt'
[4.112s] writing manifest file 'zed_msgs.egg-info/SOURCES.txt'
[4.212s] [100%] Built target ament_cmake_python_build_zed_msgs_egg
[4.233s] Invoked command in '/workspaces/isaac_ros-dev/ros_ws/build/zed_msgs' returned '0': CMAKE_PREFIX_PATH=${CMAKE_PREFIX_PATH}:/workspaces/isaac_ros-dev/ros_ws/install/vision:/opt/ros/humble /usr/bin/cmake --build /workspaces/isaac_ros-dev/ros_ws/build/zed_msgs -- -j12 -l12
[4.249s] Invoking command in '/workspaces/isaac_ros-dev/ros_ws/build/zed_msgs': CMAKE_PREFIX_PATH=${CMAKE_PREFIX_PATH}:/workspaces/isaac_ros-dev/ros_ws/install/vision:/opt/ros/humble /usr/bin/cmake --install /workspaces/isaac_ros-dev/ros_ws/build/zed_msgs
[4.264s] -- Install configuration: ""
[4.265s] -- Execute custom install script
[4.266s] -- Up-to-date symlink: /workspaces/isaac_ros-dev/ros_ws/install/zed_msgs/share/ament_index/resource_index/rosidl_interfaces/zed_msgs
[4.268s] -- Up-to-date symlink: /workspaces/isaac_ros-dev/ros_ws/install/zed_msgs/include/zed_msgs/zed_msgs/msg/bounding_box2_df.h
[4.268s] -- Up-to-date symlink: /workspaces/isaac_ros-dev/ros_ws/install/zed_msgs/include/zed_msgs/zed_msgs/msg/bounding_box2_di.h
[4.268s] -- Up-to-date symlink: /workspaces/isaac_ros-dev/ros_ws/install/zed_msgs/include/zed_msgs/zed_msgs/msg/bounding_box3_d.h
[4.268s] -- Up-to-date symlink: /workspaces/isaac_ros-dev/ros_ws/install/zed_msgs/include/zed_msgs/zed_msgs/msg/depth_info_stamped.h
[4.268s] -- Up-to-date symlink: /workspaces/isaac_ros-dev/ros_ws/install/zed_msgs/include/zed_msgs/zed_msgs/msg/detail/bounding_box2_df__functions.h
[4.269s] -- Up-to-date symlink: /workspaces/isaac_ros-dev/ros_ws/install/zed_msgs/include/zed_msgs/zed_msgs/msg/detail/bounding_box2_df__struct.h
[4.269s] -- Up-to-date symlink: /workspaces/isaac_ros-dev/ros_ws/install/zed_msgs/include/zed_msgs/zed_msgs/msg/detail/bounding_box2_df__type_support.h
[4.269s] -- Up-to-date symlink: /workspaces/isaac_ros-dev/ros_ws/install/zed_msgs/include/zed_msgs/zed_msgs/msg/detail/bounding_box2_di__functions.h
[4.269s] -- Up-to-date symlink: /workspaces/isaac_ros-dev/ros_ws/install/zed_msgs/include/zed_msgs/zed_msgs/msg/detail/bounding_box2_di__struct.h
[4.269s] -- Up-to-date symlink: /workspaces/isaac_ros-dev/ros_ws/install/zed_msgs/include/zed_msgs/zed_msgs/msg/detail/bounding_box2_di__type_support.h
[4.270s] -- Up-to-date symlink: /workspaces/isaac_ros-dev/ros_ws/install/zed_msgs/include/zed_msgs/zed_msgs/msg/detail/bounding_box3_d__functions.h
[4.270s] -- Up-to-date symlink: /workspaces/isaac_ros-dev/ros_ws/install/zed_msgs/include/zed_msgs/zed_msgs/msg/detail/bounding_box3_d__struct.h
[4.270s] -- Up-to-date symlink: /workspaces/isaac_ros-dev/ros_ws/install/zed_msgs/include/zed_msgs/zed_msgs/msg/detail/bounding_box3_d__type_support.h
[4.270s] -- Up-to-date symlink: /workspaces/isaac_ros-dev/ros_ws/install/zed_msgs/include/zed_msgs/zed_msgs/msg/detail/depth_info_stamped__functions.h
[4.270s] -- Up-to-date symlink: /workspaces/isaac_ros-dev/ros_ws/install/zed_msgs/include/zed_msgs/zed_msgs/msg/detail/depth_info_stamped__struct.h
[4.271s] -- Up-to-date symlink: /workspaces/isaac_ros-dev/ros_ws/install/zed_msgs/include/zed_msgs/zed_msgs/msg/detail/depth_info_stamped__type_support.h
[4.271s] -- Up-to-date symlink: /workspaces/isaac_ros-dev/ros_ws/install/zed_msgs/include/zed_msgs/zed_msgs/msg/detail/gnss_fusion_status__functions.h
[4.271s] -- Up-to-date symlink: /workspaces/isaac_ros-dev/ros_ws/install/zed_msgs/include/zed_msgs/zed_msgs/msg/detail/gnss_fusion_status__struct.h
[4.271s] -- Up-to-date symlink: /workspaces/isaac_ros-dev/ros_ws/install/zed_msgs/include/zed_msgs/zed_msgs/msg/detail/gnss_fusion_status__type_support.h
[4.271s] -- Up-to-date symlink: /workspaces/isaac_ros-dev/ros_ws/install/zed_msgs/include/zed_msgs/zed_msgs/msg/detail/health_status_stamped__functions.h
[4.272s] -- Up-to-date symlink: /workspaces/isaac_ros-dev/ros_ws/install/zed_msgs/include/zed_msgs/zed_msgs/msg/detail/health_status_stamped__struct.h
[4.272s] -- Up-to-date symlink: /workspaces/isaac_ros-dev/ros_ws/install/zed_msgs/include/zed_msgs/zed_msgs/msg/detail/health_status_stamped__type_support.h
[4.272s] -- Up-to-date symlink: /workspaces/isaac_ros-dev/ros_ws/install/zed_msgs/include/zed_msgs/zed_msgs/msg/detail/heartbeat__functions.h
[4.272s] -- Up-to-date symlink: /workspaces/isaac_ros-dev/ros_ws/install/zed_msgs/include/zed_msgs/zed_msgs/msg/detail/heartbeat__struct.h
[4.272s] -- Up-to-date symlink: /workspaces/isaac_ros-dev/ros_ws/install/zed_msgs/include/zed_msgs/zed_msgs/msg/detail/heartbeat__type_support.h
[4.273s] -- Up-to-date symlink: /workspaces/isaac_ros-dev/ros_ws/install/zed_msgs/include/zed_msgs/zed_msgs/msg/detail/keypoint2_df__functions.h
[4.273s] -- Up-to-date symlink: /workspaces/isaac_ros-dev/ros_ws/install/zed_msgs/include/zed_msgs/zed_msgs/msg/detail/keypoint2_df__struct.h
[4.273s] -- Up-to-date symlink: /workspaces/isaac_ros-dev/ros_ws/install/zed_msgs/include/zed_msgs/zed_msgs/msg/detail/keypoint2_df__type_support.h
[4.273s] -- Up-to-date symlink: /workspaces/isaac_ros-dev/ros_ws/install/zed_msgs/include/zed_msgs/zed_msgs/msg/detail/keypoint2_di__functions.h
[4.273s] -- Up-to-date symlink: /workspaces/isaac_ros-dev/ros_ws/install/zed_msgs/include/zed_msgs/zed_msgs/msg/detail/keypoint2_di__struct.h
[4.273s] -- Up-to-date symlink: /workspaces/isaac_ros-dev/ros_ws/install/zed_msgs/include/zed_msgs/zed_msgs/msg/detail/keypoint2_di__type_support.h
[4.274s] -- Up-to-date symlink: /workspaces/isaac_ros-dev/ros_ws/install/zed_msgs/include/zed_msgs/zed_msgs/msg/detail/keypoint3_d__functions.h
[4.274s] -- Up-to-date symlink: /workspaces/isaac_ros-dev/ros_ws/install/zed_msgs/include/zed_msgs/zed_msgs/msg/detail/keypoint3_d__struct.h
[4.274s] -- Up-to-date symlink: /workspaces/isaac_ros-dev/ros_ws/install/zed_msgs/include/zed_msgs/zed_msgs/msg/detail/keypoint3_d__type_support.h
[4.274s] -- Up-to-date symlink: /workspaces/isaac_ros-dev/ros_ws/install/zed_msgs/include/zed_msgs/zed_msgs/msg/detail/mag_heading_status__functions.h
[4.274s] -- Up-to-date symlink: /workspaces/isaac_ros-dev/ros_ws/install/zed_msgs/include/zed_msgs/zed_msgs/msg/detail/mag_heading_status__struct.h
[4.275s] -- Up-to-date symlink: /workspaces/isaac_ros-dev/ros_ws/install/zed_msgs/include/zed_msgs/zed_msgs/msg/detail/mag_heading_status__type_support.h
[4.275s] -- Up-to-date symlink: /workspaces/isaac_ros-dev/ros_ws/install/zed_msgs/include/zed_msgs/zed_msgs/msg/detail/object__functions.h
[4.275s] -- Up-to-date symlink: /workspaces/isaac_ros-dev/ros_ws/install/zed_msgs/include/zed_msgs/zed_msgs/msg/detail/object__struct.h
[4.275s] -- Up-to-date symlink: /workspaces/isaac_ros-dev/ros_ws/install/zed_msgs/include/zed_msgs/zed_msgs/msg/detail/object__type_support.h
[4.275s] -- Up-to-date symlink: /workspaces/isaac_ros-dev/ros_ws/install/zed_msgs/include/zed_msgs/zed_msgs/msg/detail/objects_stamped__functions.h
[4.276s] -- Up-to-date symlink: /workspaces/isaac_ros-dev/ros_ws/install/zed_msgs/include/zed_msgs/zed_msgs/msg/detail/objects_stamped__struct.h
[4.276s] -- Up-to-date symlink: /workspaces/isaac_ros-dev/ros_ws/install/zed_msgs/include/zed_msgs/zed_msgs/msg/detail/objects_stamped__type_support.h
[4.276s] -- Up-to-date symlink: /workspaces/isaac_ros-dev/ros_ws/install/zed_msgs/include/zed_msgs/zed_msgs/msg/detail/plane_stamped__functions.h
[4.276s] -- Up-to-date symlink: /workspaces/isaac_ros-dev/ros_ws/install/zed_msgs/include/zed_msgs/zed_msgs/msg/detail/plane_stamped__struct.h
[4.276s] -- Up-to-date symlink: /workspaces/isaac_ros-dev/ros_ws/install/zed_msgs/include/zed_msgs/zed_msgs/msg/detail/plane_stamped__type_support.h
[4.276s] -- Up-to-date symlink: /workspaces/isaac_ros-dev/ros_ws/install/zed_msgs/include/zed_msgs/zed_msgs/msg/detail/pos_track_status__functions.h
[4.277s] -- Up-to-date symlink: /workspaces/isaac_ros-dev/ros_ws/install/zed_msgs/include/zed_msgs/zed_msgs/msg/detail/pos_track_status__struct.h
[4.277s] -- Up-to-date symlink: /workspaces/isaac_ros-dev/ros_ws/install/zed_msgs/include/zed_msgs/zed_msgs/msg/detail/pos_track_status__type_support.h
[4.277s] -- Up-to-date symlink: /workspaces/isaac_ros-dev/ros_ws/install/zed_msgs/include/zed_msgs/zed_msgs/msg/detail/skeleton2_d__functions.h
[4.277s] -- Up-to-date symlink: /workspaces/isaac_ros-dev/ros_ws/install/zed_msgs/include/zed_msgs/zed_msgs/msg/detail/skeleton2_d__struct.h
[4.277s] -- Up-to-date symlink: /workspaces/isaac_ros-dev/ros_ws/install/zed_msgs/include/zed_msgs/zed_msgs/msg/detail/skeleton2_d__type_support.h
[4.278s] -- Up-to-date symlink: /workspaces/isaac_ros-dev/ros_ws/install/zed_msgs/include/zed_msgs/zed_msgs/msg/detail/skeleton3_d__functions.h
[4.278s] -- Up-to-date symlink: /workspaces/isaac_ros-dev/ros_ws/install/zed_msgs/include/zed_msgs/zed_msgs/msg/detail/skeleton3_d__struct.h
[4.278s] -- Up-to-date symlink: /workspaces/isaac_ros-dev/ros_ws/install/zed_msgs/include/zed_msgs/zed_msgs/msg/detail/skeleton3_d__type_support.h
[4.278s] -- Up-to-date symlink: /workspaces/isaac_ros-dev/ros_ws/install/zed_msgs/include/zed_msgs/zed_msgs/msg/detail/svo_status__functions.h
[4.278s] -- Up-to-date symlink: /workspaces/isaac_ros-dev/ros_ws/install/zed_msgs/include/zed_msgs/zed_msgs/msg/detail/svo_status__struct.h
[4.278s] -- Up-to-date symlink: /workspaces/isaac_ros-dev/ros_ws/install/zed_msgs/include/zed_msgs/zed_msgs/msg/detail/svo_status__type_support.h
[4.279s] -- Up-to-date symlink: /workspaces/isaac_ros-dev/ros_ws/install/zed_msgs/include/zed_msgs/zed_msgs/msg/gnss_fusion_status.h
[4.279s] -- Up-to-date symlink: /workspaces/isaac_ros-dev/ros_ws/install/zed_msgs/include/zed_msgs/zed_msgs/msg/health_status_stamped.h
[4.279s] -- Up-to-date symlink: /workspaces/isaac_ros-dev/ros_ws/install/zed_msgs/include/zed_msgs/zed_msgs/msg/heartbeat.h
[4.279s] -- Up-to-date symlink: /workspaces/isaac_ros-dev/ros_ws/install/zed_msgs/include/zed_msgs/zed_msgs/msg/keypoint2_df.h
[4.279s] -- Up-to-date symlink: /workspaces/isaac_ros-dev/ros_ws/install/zed_msgs/include/zed_msgs/zed_msgs/msg/keypoint2_di.h
[4.279s] -- Up-to-date symlink: /workspaces/isaac_ros-dev/ros_ws/install/zed_msgs/include/zed_msgs/zed_msgs/msg/keypoint3_d.h
[4.280s] -- Up-to-date symlink: /workspaces/isaac_ros-dev/ros_ws/install/zed_msgs/include/zed_msgs/zed_msgs/msg/mag_heading_status.h
[4.280s] -- Up-to-date symlink: /workspaces/isaac_ros-dev/ros_ws/install/zed_msgs/include/zed_msgs/zed_msgs/msg/object.h
[4.280s] -- Up-to-date symlink: /workspaces/isaac_ros-dev/ros_ws/install/zed_msgs/include/zed_msgs/zed_msgs/msg/objects_stamped.h
[4.280s] -- Up-to-date symlink: /workspaces/isaac_ros-dev/ros_ws/install/zed_msgs/include/zed_msgs/zed_msgs/msg/plane_stamped.h
[4.280s] -- Up-to-date symlink: /workspaces/isaac_ros-dev/ros_ws/install/zed_msgs/include/zed_msgs/zed_msgs/msg/pos_track_status.h
[4.280s] -- Up-to-date symlink: /workspaces/isaac_ros-dev/ros_ws/install/zed_msgs/include/zed_msgs/zed_msgs/msg/rosidl_generator_c__visibility_control.h
[4.281s] -- Up-to-date symlink: /workspaces/isaac_ros-dev/ros_ws/install/zed_msgs/include/zed_msgs/zed_msgs/msg/skeleton2_d.h
[4.281s] -- Up-to-date symlink: /workspaces/isaac_ros-dev/ros_ws/install/zed_msgs/include/zed_msgs/zed_msgs/msg/skeleton3_d.h
[4.281s] -- Up-to-date symlink: /workspaces/isaac_ros-dev/ros_ws/install/zed_msgs/include/zed_msgs/zed_msgs/msg/svo_status.h
[4.281s] -- Up-to-date symlink: /workspaces/isaac_ros-dev/ros_ws/install/zed_msgs/include/zed_msgs/zed_msgs/srv/detail/set_pose__functions.h
[4.281s] -- Up-to-date symlink: /workspaces/isaac_ros-dev/ros_ws/install/zed_msgs/include/zed_msgs/zed_msgs/srv/detail/set_pose__struct.h
[4.282s] -- Up-to-date symlink: /workspaces/isaac_ros-dev/ros_ws/install/zed_msgs/include/zed_msgs/zed_msgs/srv/detail/set_pose__type_support.h
[4.282s] -- Up-to-date symlink: /workspaces/isaac_ros-dev/ros_ws/install/zed_msgs/include/zed_msgs/zed_msgs/srv/detail/set_roi__functions.h
[4.282s] -- Up-to-date symlink: /workspaces/isaac_ros-dev/ros_ws/install/zed_msgs/include/zed_msgs/zed_msgs/srv/detail/set_roi__struct.h
[4.282s] -- Up-to-date symlink: /workspaces/isaac_ros-dev/ros_ws/install/zed_msgs/include/zed_msgs/zed_msgs/srv/detail/set_roi__type_support.h
[4.282s] -- Up-to-date symlink: /workspaces/isaac_ros-dev/ros_ws/install/zed_msgs/include/zed_msgs/zed_msgs/srv/detail/set_svo_frame__functions.h
[4.282s] -- Up-to-date symlink: /workspaces/isaac_ros-dev/ros_ws/install/zed_msgs/include/zed_msgs/zed_msgs/srv/detail/set_svo_frame__struct.h
[4.283s] -- Up-to-date symlink: /workspaces/isaac_ros-dev/ros_ws/install/zed_msgs/include/zed_msgs/zed_msgs/srv/detail/set_svo_frame__type_support.h
[4.283s] -- Up-to-date symlink: /workspaces/isaac_ros-dev/ros_ws/install/zed_msgs/include/zed_msgs/zed_msgs/srv/detail/start_svo_rec__functions.h
[4.283s] -- Up-to-date symlink: /workspaces/isaac_ros-dev/ros_ws/install/zed_msgs/include/zed_msgs/zed_msgs/srv/detail/start_svo_rec__struct.h
[4.283s] -- Up-to-date symlink: /workspaces/isaac_ros-dev/ros_ws/install/zed_msgs/include/zed_msgs/zed_msgs/srv/detail/start_svo_rec__type_support.h
[4.283s] -- Up-to-date symlink: /workspaces/isaac_ros-dev/ros_ws/install/zed_msgs/include/zed_msgs/zed_msgs/srv/set_pose.h
[4.283s] -- Up-to-date symlink: /workspaces/isaac_ros-dev/ros_ws/install/zed_msgs/include/zed_msgs/zed_msgs/srv/set_roi.h
[4.284s] -- Up-to-date symlink: /workspaces/isaac_ros-dev/ros_ws/install/zed_msgs/include/zed_msgs/zed_msgs/srv/set_svo_frame.h
[4.284s] -- Up-to-date symlink: /workspaces/isaac_ros-dev/ros_ws/install/zed_msgs/include/zed_msgs/zed_msgs/srv/start_svo_rec.h
[4.284s] -- Up-to-date symlink: /workspaces/isaac_ros-dev/ros_ws/install/zed_msgs/share/zed_msgs/environment/library_path.sh
[4.284s] -- Up-to-date symlink: /workspaces/isaac_ros-dev/ros_ws/install/zed_msgs/share/zed_msgs/environment/library_path.dsv
[4.286s] -- Up-to-date symlink: /workspaces/isaac_ros-dev/ros_ws/install/zed_msgs/include/zed_msgs/zed_msgs/msg/detail/bounding_box2_df__rosidl_typesupport_fastrtps_c.h
[4.286s] -- Up-to-date symlink: /workspaces/isaac_ros-dev/ros_ws/install/zed_msgs/include/zed_msgs/zed_msgs/msg/detail/bounding_box2_di__rosidl_typesupport_fastrtps_c.h
[4.286s] -- Up-to-date symlink: /workspaces/isaac_ros-dev/ros_ws/install/zed_msgs/include/zed_msgs/zed_msgs/msg/detail/bounding_box3_d__rosidl_typesupport_fastrtps_c.h
[4.286s] -- Up-to-date symlink: /workspaces/isaac_ros-dev/ros_ws/install/zed_msgs/include/zed_msgs/zed_msgs/msg/detail/depth_info_stamped__rosidl_typesupport_fastrtps_c.h
[4.287s] -- Up-to-date symlink: /workspaces/isaac_ros-dev/ros_ws/install/zed_msgs/include/zed_msgs/zed_msgs/msg/detail/gnss_fusion_status__rosidl_typesupport_fastrtps_c.h
[4.287s] -- Up-to-date symlink: /workspaces/isaac_ros-dev/ros_ws/install/zed_msgs/include/zed_msgs/zed_msgs/msg/detail/health_status_stamped__rosidl_typesupport_fastrtps_c.h
[4.287s] -- Up-to-date symlink: /workspaces/isaac_ros-dev/ros_ws/install/zed_msgs/include/zed_msgs/zed_msgs/msg/detail/heartbeat__rosidl_typesupport_fastrtps_c.h
[4.287s] -- Up-to-date symlink: /workspaces/isaac_ros-dev/ros_ws/install/zed_msgs/include/zed_msgs/zed_msgs/msg/detail/keypoint2_df__rosidl_typesupport_fastrtps_c.h
[4.287s] -- Up-to-date symlink: /workspaces/isaac_ros-dev/ros_ws/install/zed_msgs/include/zed_msgs/zed_msgs/msg/detail/keypoint2_di__rosidl_typesupport_fastrtps_c.h
[4.287s] -- Up-to-date symlink: /workspaces/isaac_ros-dev/ros_ws/install/zed_msgs/include/zed_msgs/zed_msgs/msg/detail/keypoint3_d__rosidl_typesupport_fastrtps_c.h
[4.288s] -- Up-to-date symlink: /workspaces/isaac_ros-dev/ros_ws/install/zed_msgs/include/zed_msgs/zed_msgs/msg/detail/mag_heading_status__rosidl_typesupport_fastrtps_c.h
[4.288s] -- Up-to-date symlink: /workspaces/isaac_ros-dev/ros_ws/install/zed_msgs/include/zed_msgs/zed_msgs/msg/detail/object__rosidl_typesupport_fastrtps_c.h
[4.288s] -- Up-to-date symlink: /workspaces/isaac_ros-dev/ros_ws/install/zed_msgs/include/zed_msgs/zed_msgs/msg/detail/objects_stamped__rosidl_typesupport_fastrtps_c.h
[4.288s] -- Up-to-date symlink: /workspaces/isaac_ros-dev/ros_ws/install/zed_msgs/include/zed_msgs/zed_msgs/msg/detail/plane_stamped__rosidl_typesupport_fastrtps_c.h
[4.289s] -- Up-to-date symlink: /workspaces/isaac_ros-dev/ros_ws/install/zed_msgs/include/zed_msgs/zed_msgs/msg/detail/pos_track_status__rosidl_typesupport_fastrtps_c.h
[4.289s] -- Up-to-date symlink: /workspaces/isaac_ros-dev/ros_ws/install/zed_msgs/include/zed_msgs/zed_msgs/msg/detail/skeleton2_d__rosidl_typesupport_fastrtps_c.h
[4.289s] -- Up-to-date symlink: /workspaces/isaac_ros-dev/ros_ws/install/zed_msgs/include/zed_msgs/zed_msgs/msg/detail/skeleton3_d__rosidl_typesupport_fastrtps_c.h
[4.289s] -- Up-to-date symlink: /workspaces/isaac_ros-dev/ros_ws/install/zed_msgs/include/zed_msgs/zed_msgs/msg/detail/svo_status__rosidl_typesupport_fastrtps_c.h
[4.289s] -- Up-to-date symlink: /workspaces/isaac_ros-dev/ros_ws/install/zed_msgs/include/zed_msgs/zed_msgs/msg/rosidl_typesupport_fastrtps_c__visibility_control.h
[4.289s] -- Up-to-date symlink: /workspaces/isaac_ros-dev/ros_ws/install/zed_msgs/include/zed_msgs/zed_msgs/srv/detail/set_pose__rosidl_typesupport_fastrtps_c.h
[4.289s] -- Up-to-date symlink: /workspaces/isaac_ros-dev/ros_ws/install/zed_msgs/include/zed_msgs/zed_msgs/srv/detail/set_roi__rosidl_typesupport_fastrtps_c.h
[4.290s] -- Up-to-date symlink: /workspaces/isaac_ros-dev/ros_ws/install/zed_msgs/include/zed_msgs/zed_msgs/srv/detail/set_svo_frame__rosidl_typesupport_fastrtps_c.h
[4.290s] -- Up-to-date symlink: /workspaces/isaac_ros-dev/ros_ws/install/zed_msgs/include/zed_msgs/zed_msgs/srv/detail/start_svo_rec__rosidl_typesupport_fastrtps_c.h
[4.292s] -- Up-to-date symlink: /workspaces/isaac_ros-dev/ros_ws/install/zed_msgs/include/zed_msgs/zed_msgs/msg/bounding_box2_df.hpp
[4.292s] -- Up-to-date symlink: /workspaces/isaac_ros-dev/ros_ws/install/zed_msgs/include/zed_msgs/zed_msgs/msg/bounding_box2_di.hpp
[4.292s] -- Up-to-date symlink: /workspaces/isaac_ros-dev/ros_ws/install/zed_msgs/include/zed_msgs/zed_msgs/msg/bounding_box3_d.hpp
[4.292s] -- Up-to-date symlink: /workspaces/isaac_ros-dev/ros_ws/install/zed_msgs/include/zed_msgs/zed_msgs/msg/depth_info_stamped.hpp
[4.292s] -- Up-to-date symlink: /workspaces/isaac_ros-dev/ros_ws/install/zed_msgs/include/zed_msgs/zed_msgs/msg/detail/bounding_box2_df__builder.hpp
[4.292s] -- Up-to-date symlink: /workspaces/isaac_ros-dev/ros_ws/install/zed_msgs/include/zed_msgs/zed_msgs/msg/detail/bounding_box2_df__struct.hpp
[4.293s] -- Up-to-date symlink: /workspaces/isaac_ros-dev/ros_ws/install/zed_msgs/include/zed_msgs/zed_msgs/msg/detail/bounding_box2_df__traits.hpp
[4.293s] -- Up-to-date symlink: /workspaces/isaac_ros-dev/ros_ws/install/zed_msgs/include/zed_msgs/zed_msgs/msg/detail/bounding_box2_df__type_support.hpp
[4.293s] -- Up-to-date symlink: /workspaces/isaac_ros-dev/ros_ws/install/zed_msgs/include/zed_msgs/zed_msgs/msg/detail/bounding_box2_di__builder.hpp
[4.293s] -- Up-to-date symlink: /workspaces/isaac_ros-dev/ros_ws/install/zed_msgs/include/zed_msgs/zed_msgs/msg/detail/bounding_box2_di__struct.hpp
[4.293s] -- Up-to-date symlink: /workspaces/isaac_ros-dev/ros_ws/install/zed_msgs/include/zed_msgs/zed_msgs/msg/detail/bounding_box2_di__traits.hpp
[4.293s] -- Up-to-date symlink: /workspaces/isaac_ros-dev/ros_ws/install/zed_msgs/include/zed_msgs/zed_msgs/msg/detail/bounding_box2_di__type_support.hpp
[4.294s] -- Up-to-date symlink: /workspaces/isaac_ros-dev/ros_ws/install/zed_msgs/include/zed_msgs/zed_msgs/msg/detail/bounding_box3_d__builder.hpp
[4.294s] -- Up-to-date symlink: /workspaces/isaac_ros-dev/ros_ws/install/zed_msgs/include/zed_msgs/zed_msgs/msg/detail/bounding_box3_d__struct.hpp
[4.294s] -- Up-to-date symlink: /workspaces/isaac_ros-dev/ros_ws/install/zed_msgs/include/zed_msgs/zed_msgs/msg/detail/bounding_box3_d__traits.hpp
[4.294s] -- Up-to-date symlink: /workspaces/isaac_ros-dev/ros_ws/install/zed_msgs/include/zed_msgs/zed_msgs/msg/detail/bounding_box3_d__type_support.hpp
[4.294s] -- Up-to-date symlink: /workspaces/isaac_ros-dev/ros_ws/install/zed_msgs/include/zed_msgs/zed_msgs/msg/detail/depth_info_stamped__builder.hpp
[4.294s] -- Up-to-date symlink: /workspaces/isaac_ros-dev/ros_ws/install/zed_msgs/include/zed_msgs/zed_msgs/msg/detail/depth_info_stamped__struct.hpp
[4.294s] -- Up-to-date symlink: /workspaces/isaac_ros-dev/ros_ws/install/zed_msgs/include/zed_msgs/zed_msgs/msg/detail/depth_info_stamped__traits.hpp
[4.295s] -- Up-to-date symlink: /workspaces/isaac_ros-dev/ros_ws/install/zed_msgs/include/zed_msgs/zed_msgs/msg/detail/depth_info_stamped__type_support.hpp
[4.295s] -- Up-to-date symlink: /workspaces/isaac_ros-dev/ros_ws/install/zed_msgs/include/zed_msgs/zed_msgs/msg/detail/gnss_fusion_status__builder.hpp
[4.295s] -- Up-to-date symlink: /workspaces/isaac_ros-dev/ros_ws/install/zed_msgs/include/zed_msgs/zed_msgs/msg/detail/gnss_fusion_status__struct.hpp
[4.295s] -- Up-to-date symlink: /workspaces/isaac_ros-dev/ros_ws/install/zed_msgs/include/zed_msgs/zed_msgs/msg/detail/gnss_fusion_status__traits.hpp
[4.295s] -- Up-to-date symlink: /workspaces/isaac_ros-dev/ros_ws/install/zed_msgs/include/zed_msgs/zed_msgs/msg/detail/gnss_fusion_status__type_support.hpp
[4.295s] -- Up-to-date symlink: /workspaces/isaac_ros-dev/ros_ws/install/zed_msgs/include/zed_msgs/zed_msgs/msg/detail/health_status_stamped__builder.hpp
[4.296s] -- Up-to-date symlink: /workspaces/isaac_ros-dev/ros_ws/install/zed_msgs/include/zed_msgs/zed_msgs/msg/detail/health_status_stamped__struct.hpp
[4.296s] -- Up-to-date symlink: /workspaces/isaac_ros-dev/ros_ws/install/zed_msgs/include/zed_msgs/zed_msgs/msg/detail/health_status_stamped__traits.hpp
[4.296s] -- Up-to-date symlink: /workspaces/isaac_ros-dev/ros_ws/install/zed_msgs/include/zed_msgs/zed_msgs/msg/detail/health_status_stamped__type_support.hpp
[4.296s] -- Up-to-date symlink: /workspaces/isaac_ros-dev/ros_ws/install/zed_msgs/include/zed_msgs/zed_msgs/msg/detail/heartbeat__builder.hpp
[4.296s] -- Up-to-date symlink: /workspaces/isaac_ros-dev/ros_ws/install/zed_msgs/include/zed_msgs/zed_msgs/msg/detail/heartbeat__struct.hpp
[4.296s] -- Up-to-date symlink: /workspaces/isaac_ros-dev/ros_ws/install/zed_msgs/include/zed_msgs/zed_msgs/msg/detail/heartbeat__traits.hpp
[4.297s] -- Up-to-date symlink: /workspaces/isaac_ros-dev/ros_ws/install/zed_msgs/include/zed_msgs/zed_msgs/msg/detail/heartbeat__type_support.hpp
[4.297s] -- Up-to-date symlink: /workspaces/isaac_ros-dev/ros_ws/install/zed_msgs/include/zed_msgs/zed_msgs/msg/detail/keypoint2_df__builder.hpp
[4.297s] -- Up-to-date symlink: /workspaces/isaac_ros-dev/ros_ws/install/zed_msgs/include/zed_msgs/zed_msgs/msg/detail/keypoint2_df__struct.hpp
[4.297s] -- Up-to-date symlink: /workspaces/isaac_ros-dev/ros_ws/install/zed_msgs/include/zed_msgs/zed_msgs/msg/detail/keypoint2_df__traits.hpp
[4.297s] -- Up-to-date symlink: /workspaces/isaac_ros-dev/ros_ws/install/zed_msgs/include/zed_msgs/zed_msgs/msg/detail/keypoint2_df__type_support.hpp
[4.297s] -- Up-to-date symlink: /workspaces/isaac_ros-dev/ros_ws/install/zed_msgs/include/zed_msgs/zed_msgs/msg/detail/keypoint2_di__builder.hpp
[4.298s] -- Up-to-date symlink: /workspaces/isaac_ros-dev/ros_ws/install/zed_msgs/include/zed_msgs/zed_msgs/msg/detail/keypoint2_di__struct.hpp
[4.298s] -- Up-to-date symlink: /workspaces/isaac_ros-dev/ros_ws/install/zed_msgs/include/zed_msgs/zed_msgs/msg/detail/keypoint2_di__traits.hpp
[4.298s] -- Up-to-date symlink: /workspaces/isaac_ros-dev/ros_ws/install/zed_msgs/include/zed_msgs/zed_msgs/msg/detail/keypoint2_di__type_support.hpp
[4.298s] -- Up-to-date symlink: /workspaces/isaac_ros-dev/ros_ws/install/zed_msgs/include/zed_msgs/zed_msgs/msg/detail/keypoint3_d__builder.hpp
[4.298s] -- Up-to-date symlink: /workspaces/isaac_ros-dev/ros_ws/install/zed_msgs/include/zed_msgs/zed_msgs/msg/detail/keypoint3_d__struct.hpp
[4.298s] -- Up-to-date symlink: /workspaces/isaac_ros-dev/ros_ws/install/zed_msgs/include/zed_msgs/zed_msgs/msg/detail/keypoint3_d__traits.hpp
[4.298s] -- Up-to-date symlink: /workspaces/isaac_ros-dev/ros_ws/install/zed_msgs/include/zed_msgs/zed_msgs/msg/detail/keypoint3_d__type_support.hpp
[4.299s] -- Up-to-date symlink: /workspaces/isaac_ros-dev/ros_ws/install/zed_msgs/include/zed_msgs/zed_msgs/msg/detail/mag_heading_status__builder.hpp
[4.299s] -- Up-to-date symlink: /workspaces/isaac_ros-dev/ros_ws/install/zed_msgs/include/zed_msgs/zed_msgs/msg/detail/mag_heading_status__struct.hpp
[4.299s] -- Up-to-date symlink: /workspaces/isaac_ros-dev/ros_ws/install/zed_msgs/include/zed_msgs/zed_msgs/msg/detail/mag_heading_status__traits.hpp
[4.299s] -- Up-to-date symlink: /workspaces/isaac_ros-dev/ros_ws/install/zed_msgs/include/zed_msgs/zed_msgs/msg/detail/mag_heading_status__type_support.hpp
[4.299s] -- Up-to-date symlink: /workspaces/isaac_ros-dev/ros_ws/install/zed_msgs/include/zed_msgs/zed_msgs/msg/detail/object__builder.hpp
[4.299s] -- Up-to-date symlink: /workspaces/isaac_ros-dev/ros_ws/install/zed_msgs/include/zed_msgs/zed_msgs/msg/detail/object__struct.hpp
[4.300s] -- Up-to-date symlink: /workspaces/isaac_ros-dev/ros_ws/install/zed_msgs/include/zed_msgs/zed_msgs/msg/detail/object__traits.hpp
[4.300s] -- Up-to-date symlink: /workspaces/isaac_ros-dev/ros_ws/install/zed_msgs/include/zed_msgs/zed_msgs/msg/detail/object__type_support.hpp
[4.300s] -- Up-to-date symlink: /workspaces/isaac_ros-dev/ros_ws/install/zed_msgs/include/zed_msgs/zed_msgs/msg/detail/objects_stamped__builder.hpp
[4.300s] -- Up-to-date symlink: /workspaces/isaac_ros-dev/ros_ws/install/zed_msgs/include/zed_msgs/zed_msgs/msg/detail/objects_stamped__struct.hpp
[4.300s] -- Up-to-date symlink: /workspaces/isaac_ros-dev/ros_ws/install/zed_msgs/include/zed_msgs/zed_msgs/msg/detail/objects_stamped__traits.hpp
[4.301s] -- Up-to-date symlink: /workspaces/isaac_ros-dev/ros_ws/install/zed_msgs/include/zed_msgs/zed_msgs/msg/detail/objects_stamped__type_support.hpp
[4.301s] -- Up-to-date symlink: /workspaces/isaac_ros-dev/ros_ws/install/zed_msgs/include/zed_msgs/zed_msgs/msg/detail/plane_stamped__builder.hpp
[4.301s] -- Up-to-date symlink: /workspaces/isaac_ros-dev/ros_ws/install/zed_msgs/include/zed_msgs/zed_msgs/msg/detail/plane_stamped__struct.hpp
[4.301s] -- Up-to-date symlink: /workspaces/isaac_ros-dev/ros_ws/install/zed_msgs/include/zed_msgs/zed_msgs/msg/detail/plane_stamped__traits.hpp
[4.301s] -- Up-to-date symlink: /workspaces/isaac_ros-dev/ros_ws/install/zed_msgs/include/zed_msgs/zed_msgs/msg/detail/plane_stamped__type_support.hpp
[4.301s] -- Up-to-date symlink: /workspaces/isaac_ros-dev/ros_ws/install/zed_msgs/include/zed_msgs/zed_msgs/msg/detail/pos_track_status__builder.hpp
[4.302s] -- Up-to-date symlink: /workspaces/isaac_ros-dev/ros_ws/install/zed_msgs/include/zed_msgs/zed_msgs/msg/detail/pos_track_status__struct.hpp
[4.302s] -- Up-to-date symlink: /workspaces/isaac_ros-dev/ros_ws/install/zed_msgs/include/zed_msgs/zed_msgs/msg/detail/pos_track_status__traits.hpp
[4.302s] -- Up-to-date symlink: /workspaces/isaac_ros-dev/ros_ws/install/zed_msgs/include/zed_msgs/zed_msgs/msg/detail/pos_track_status__type_support.hpp
[4.302s] -- Up-to-date symlink: /workspaces/isaac_ros-dev/ros_ws/install/zed_msgs/include/zed_msgs/zed_msgs/msg/detail/skeleton2_d__builder.hpp
[4.302s] -- Up-to-date symlink: /workspaces/isaac_ros-dev/ros_ws/install/zed_msgs/include/zed_msgs/zed_msgs/msg/detail/skeleton2_d__struct.hpp
[4.303s] -- Up-to-date symlink: /workspaces/isaac_ros-dev/ros_ws/install/zed_msgs/include/zed_msgs/zed_msgs/msg/detail/skeleton2_d__traits.hpp
[4.303s] -- Up-to-date symlink: /workspaces/isaac_ros-dev/ros_ws/install/zed_msgs/include/zed_msgs/zed_msgs/msg/detail/skeleton2_d__type_support.hpp
[4.303s] -- Up-to-date symlink: /workspaces/isaac_ros-dev/ros_ws/install/zed_msgs/include/zed_msgs/zed_msgs/msg/detail/skeleton3_d__builder.hpp
[4.303s] -- Up-to-date symlink: /workspaces/isaac_ros-dev/ros_ws/install/zed_msgs/include/zed_msgs/zed_msgs/msg/detail/skeleton3_d__struct.hpp
[4.303s] -- Up-to-date symlink: /workspaces/isaac_ros-dev/ros_ws/install/zed_msgs/include/zed_msgs/zed_msgs/msg/detail/skeleton3_d__traits.hpp
[4.303s] -- Up-to-date symlink: /workspaces/isaac_ros-dev/ros_ws/install/zed_msgs/include/zed_msgs/zed_msgs/msg/detail/skeleton3_d__type_support.hpp
[4.303s] -- Up-to-date symlink: /workspaces/isaac_ros-dev/ros_ws/install/zed_msgs/include/zed_msgs/zed_msgs/msg/detail/svo_status__builder.hpp
[4.304s] -- Up-to-date symlink: /workspaces/isaac_ros-dev/ros_ws/install/zed_msgs/include/zed_msgs/zed_msgs/msg/detail/svo_status__struct.hpp
[4.304s] -- Up-to-date symlink: /workspaces/isaac_ros-dev/ros_ws/install/zed_msgs/include/zed_msgs/zed_msgs/msg/detail/svo_status__traits.hpp
[4.304s] -- Up-to-date symlink: /workspaces/isaac_ros-dev/ros_ws/install/zed_msgs/include/zed_msgs/zed_msgs/msg/detail/svo_status__type_support.hpp
[4.304s] -- Up-to-date symlink: /workspaces/isaac_ros-dev/ros_ws/install/zed_msgs/include/zed_msgs/zed_msgs/msg/gnss_fusion_status.hpp
[4.304s] -- Up-to-date symlink: /workspaces/isaac_ros-dev/ros_ws/install/zed_msgs/include/zed_msgs/zed_msgs/msg/health_status_stamped.hpp
[4.305s] -- Up-to-date symlink: /workspaces/isaac_ros-dev/ros_ws/install/zed_msgs/include/zed_msgs/zed_msgs/msg/heartbeat.hpp
[4.305s] -- Up-to-date symlink: /workspaces/isaac_ros-dev/ros_ws/install/zed_msgs/include/zed_msgs/zed_msgs/msg/keypoint2_df.hpp
[4.305s] -- Up-to-date symlink: /workspaces/isaac_ros-dev/ros_ws/install/zed_msgs/include/zed_msgs/zed_msgs/msg/keypoint2_di.hpp
[4.305s] -- Up-to-date symlink: /workspaces/isaac_ros-dev/ros_ws/install/zed_msgs/include/zed_msgs/zed_msgs/msg/keypoint3_d.hpp
[4.305s] -- Up-to-date symlink: /workspaces/isaac_ros-dev/ros_ws/install/zed_msgs/include/zed_msgs/zed_msgs/msg/mag_heading_status.hpp
[4.305s] -- Up-to-date symlink: /workspaces/isaac_ros-dev/ros_ws/install/zed_msgs/include/zed_msgs/zed_msgs/msg/object.hpp
[4.306s] -- Up-to-date symlink: /workspaces/isaac_ros-dev/ros_ws/install/zed_msgs/include/zed_msgs/zed_msgs/msg/objects_stamped.hpp
[4.306s] -- Up-to-date symlink: /workspaces/isaac_ros-dev/ros_ws/install/zed_msgs/include/zed_msgs/zed_msgs/msg/plane_stamped.hpp
[4.306s] -- Up-to-date symlink: /workspaces/isaac_ros-dev/ros_ws/install/zed_msgs/include/zed_msgs/zed_msgs/msg/pos_track_status.hpp
[4.306s] -- Up-to-date symlink: /workspaces/isaac_ros-dev/ros_ws/install/zed_msgs/include/zed_msgs/zed_msgs/msg/rosidl_generator_cpp__visibility_control.hpp
[4.306s] -- Up-to-date symlink: /workspaces/isaac_ros-dev/ros_ws/install/zed_msgs/include/zed_msgs/zed_msgs/msg/skeleton2_d.hpp
[4.306s] -- Up-to-date symlink: /workspaces/isaac_ros-dev/ros_ws/install/zed_msgs/include/zed_msgs/zed_msgs/msg/skeleton3_d.hpp
[4.306s] -- Up-to-date symlink: /workspaces/isaac_ros-dev/ros_ws/install/zed_msgs/include/zed_msgs/zed_msgs/msg/svo_status.hpp
[4.306s] -- Up-to-date symlink: /workspaces/isaac_ros-dev/ros_ws/install/zed_msgs/include/zed_msgs/zed_msgs/srv/detail/set_pose__builder.hpp
[4.307s] -- Up-to-date symlink: /workspaces/isaac_ros-dev/ros_ws/install/zed_msgs/include/zed_msgs/zed_msgs/srv/detail/set_pose__struct.hpp
[4.307s] -- Up-to-date symlink: /workspaces/isaac_ros-dev/ros_ws/install/zed_msgs/include/zed_msgs/zed_msgs/srv/detail/set_pose__traits.hpp
[4.307s] -- Up-to-date symlink: /workspaces/isaac_ros-dev/ros_ws/install/zed_msgs/include/zed_msgs/zed_msgs/srv/detail/set_pose__type_support.hpp
[4.307s] -- Up-to-date symlink: /workspaces/isaac_ros-dev/ros_ws/install/zed_msgs/include/zed_msgs/zed_msgs/srv/detail/set_roi__builder.hpp
[4.307s] -- Up-to-date symlink: /workspaces/isaac_ros-dev/ros_ws/install/zed_msgs/include/zed_msgs/zed_msgs/srv/detail/set_roi__struct.hpp
[4.307s] -- Up-to-date symlink: /workspaces/isaac_ros-dev/ros_ws/install/zed_msgs/include/zed_msgs/zed_msgs/srv/detail/set_roi__traits.hpp
[4.307s] -- Up-to-date symlink: /workspaces/isaac_ros-dev/ros_ws/install/zed_msgs/include/zed_msgs/zed_msgs/srv/detail/set_roi__type_support.hpp
[4.307s] -- Up-to-date symlink: /workspaces/isaac_ros-dev/ros_ws/install/zed_msgs/include/zed_msgs/zed_msgs/srv/detail/set_svo_frame__builder.hpp
[4.308s] -- Up-to-date symlink: /workspaces/isaac_ros-dev/ros_ws/install/zed_msgs/include/zed_msgs/zed_msgs/srv/detail/set_svo_frame__struct.hpp
[4.308s] -- Up-to-date symlink: /workspaces/isaac_ros-dev/ros_ws/install/zed_msgs/include/zed_msgs/zed_msgs/srv/detail/set_svo_frame__traits.hpp
[4.308s] -- Up-to-date symlink: /workspaces/isaac_ros-dev/ros_ws/install/zed_msgs/include/zed_msgs/zed_msgs/srv/detail/set_svo_frame__type_support.hpp
[4.308s] -- Up-to-date symlink: /workspaces/isaac_ros-dev/ros_ws/install/zed_msgs/include/zed_msgs/zed_msgs/srv/detail/start_svo_rec__builder.hpp
[4.308s] -- Up-to-date symlink: /workspaces/isaac_ros-dev/ros_ws/install/zed_msgs/include/zed_msgs/zed_msgs/srv/detail/start_svo_rec__struct.hpp
[4.309s] -- Up-to-date symlink: /workspaces/isaac_ros-dev/ros_ws/install/zed_msgs/include/zed_msgs/zed_msgs/srv/detail/start_svo_rec__traits.hpp
[4.309s] -- Up-to-date symlink: /workspaces/isaac_ros-dev/ros_ws/install/zed_msgs/include/zed_msgs/zed_msgs/srv/detail/start_svo_rec__type_support.hpp
[4.309s] -- Up-to-date symlink: /workspaces/isaac_ros-dev/ros_ws/install/zed_msgs/include/zed_msgs/zed_msgs/srv/set_pose.hpp
[4.309s] -- Up-to-date symlink: /workspaces/isaac_ros-dev/ros_ws/install/zed_msgs/include/zed_msgs/zed_msgs/srv/set_roi.hpp
[4.309s] -- Up-to-date symlink: /workspaces/isaac_ros-dev/ros_ws/install/zed_msgs/include/zed_msgs/zed_msgs/srv/set_svo_frame.hpp
[4.309s] -- Up-to-date symlink: /workspaces/isaac_ros-dev/ros_ws/install/zed_msgs/include/zed_msgs/zed_msgs/srv/start_svo_rec.hpp
[4.311s] -- Up-to-date symlink: /workspaces/isaac_ros-dev/ros_ws/install/zed_msgs/include/zed_msgs/zed_msgs/msg/detail/bounding_box2_df__rosidl_typesupport_fastrtps_cpp.hpp
[4.311s] -- Up-to-date symlink: /workspaces/isaac_ros-dev/ros_ws/install/zed_msgs/include/zed_msgs/zed_msgs/msg/detail/bounding_box2_di__rosidl_typesupport_fastrtps_cpp.hpp
[4.311s] -- Up-to-date symlink: /workspaces/isaac_ros-dev/ros_ws/install/zed_msgs/include/zed_msgs/zed_msgs/msg/detail/bounding_box3_d__rosidl_typesupport_fastrtps_cpp.hpp
[4.311s] -- Up-to-date symlink: /workspaces/isaac_ros-dev/ros_ws/install/zed_msgs/include/zed_msgs/zed_msgs/msg/detail/depth_info_stamped__rosidl_typesupport_fastrtps_cpp.hpp
[4.311s] -- Up-to-date symlink: /workspaces/isaac_ros-dev/ros_ws/install/zed_msgs/include/zed_msgs/zed_msgs/msg/detail/gnss_fusion_status__rosidl_typesupport_fastrtps_cpp.hpp
[4.312s] -- Up-to-date symlink: /workspaces/isaac_ros-dev/ros_ws/install/zed_msgs/include/zed_msgs/zed_msgs/msg/detail/health_status_stamped__rosidl_typesupport_fastrtps_cpp.hpp
[4.312s] -- Up-to-date symlink: /workspaces/isaac_ros-dev/ros_ws/install/zed_msgs/include/zed_msgs/zed_msgs/msg/detail/heartbeat__rosidl_typesupport_fastrtps_cpp.hpp
[4.312s] -- Up-to-date symlink: /workspaces/isaac_ros-dev/ros_ws/install/zed_msgs/include/zed_msgs/zed_msgs/msg/detail/keypoint2_df__rosidl_typesupport_fastrtps_cpp.hpp
[4.312s] -- Up-to-date symlink: /workspaces/isaac_ros-dev/ros_ws/install/zed_msgs/include/zed_msgs/zed_msgs/msg/detail/keypoint2_di__rosidl_typesupport_fastrtps_cpp.hpp
[4.312s] -- Up-to-date symlink: /workspaces/isaac_ros-dev/ros_ws/install/zed_msgs/include/zed_msgs/zed_msgs/msg/detail/keypoint3_d__rosidl_typesupport_fastrtps_cpp.hpp
[4.312s] -- Up-to-date symlink: /workspaces/isaac_ros-dev/ros_ws/install/zed_msgs/include/zed_msgs/zed_msgs/msg/detail/mag_heading_status__rosidl_typesupport_fastrtps_cpp.hpp
[4.313s] -- Up-to-date symlink: /workspaces/isaac_ros-dev/ros_ws/install/zed_msgs/include/zed_msgs/zed_msgs/msg/detail/object__rosidl_typesupport_fastrtps_cpp.hpp
[4.313s] -- Up-to-date symlink: /workspaces/isaac_ros-dev/ros_ws/install/zed_msgs/include/zed_msgs/zed_msgs/msg/detail/objects_stamped__rosidl_typesupport_fastrtps_cpp.hpp
[4.313s] -- Up-to-date symlink: /workspaces/isaac_ros-dev/ros_ws/install/zed_msgs/include/zed_msgs/zed_msgs/msg/detail/plane_stamped__rosidl_typesupport_fastrtps_cpp.hpp
[4.313s] -- Up-to-date symlink: /workspaces/isaac_ros-dev/ros_ws/install/zed_msgs/include/zed_msgs/zed_msgs/msg/detail/pos_track_status__rosidl_typesupport_fastrtps_cpp.hpp
[4.313s] -- Up-to-date symlink: /workspaces/isaac_ros-dev/ros_ws/install/zed_msgs/include/zed_msgs/zed_msgs/msg/detail/skeleton2_d__rosidl_typesupport_fastrtps_cpp.hpp
[4.313s] -- Up-to-date symlink: /workspaces/isaac_ros-dev/ros_ws/install/zed_msgs/include/zed_msgs/zed_msgs/msg/detail/skeleton3_d__rosidl_typesupport_fastrtps_cpp.hpp
[4.314s] -- Up-to-date symlink: /workspaces/isaac_ros-dev/ros_ws/install/zed_msgs/include/zed_msgs/zed_msgs/msg/detail/svo_status__rosidl_typesupport_fastrtps_cpp.hpp
[4.314s] -- Up-to-date symlink: /workspaces/isaac_ros-dev/ros_ws/install/zed_msgs/include/zed_msgs/zed_msgs/msg/rosidl_typesupport_fastrtps_cpp__visibility_control.h
[4.314s] -- Up-to-date symlink: /workspaces/isaac_ros-dev/ros_ws/install/zed_msgs/include/zed_msgs/zed_msgs/srv/detail/set_pose__rosidl_typesupport_fastrtps_cpp.hpp
[4.314s] -- Up-to-date symlink: /workspaces/isaac_ros-dev/ros_ws/install/zed_msgs/include/zed_msgs/zed_msgs/srv/detail/set_roi__rosidl_typesupport_fastrtps_cpp.hpp
[4.314s] -- Up-to-date symlink: /workspaces/isaac_ros-dev/ros_ws/install/zed_msgs/include/zed_msgs/zed_msgs/srv/detail/set_svo_frame__rosidl_typesupport_fastrtps_cpp.hpp
[4.314s] -- Up-to-date symlink: /workspaces/isaac_ros-dev/ros_ws/install/zed_msgs/include/zed_msgs/zed_msgs/srv/detail/start_svo_rec__rosidl_typesupport_fastrtps_cpp.hpp
[4.315s] -- Up-to-date symlink: /workspaces/isaac_ros-dev/ros_ws/install/zed_msgs/include/zed_msgs/zed_msgs/msg/detail/bounding_box2_df__rosidl_typesupport_introspection_c.h
[4.315s] -- Up-to-date symlink: /workspaces/isaac_ros-dev/ros_ws/install/zed_msgs/include/zed_msgs/zed_msgs/msg/detail/bounding_box2_di__rosidl_typesupport_introspection_c.h
[4.316s] -- Up-to-date symlink: /workspaces/isaac_ros-dev/ros_ws/install/zed_msgs/include/zed_msgs/zed_msgs/msg/detail/bounding_box3_d__rosidl_typesupport_introspection_c.h
[4.316s] -- Up-to-date symlink: /workspaces/isaac_ros-dev/ros_ws/install/zed_msgs/include/zed_msgs/zed_msgs/msg/detail/depth_info_stamped__rosidl_typesupport_introspection_c.h
[4.316s] -- Up-to-date symlink: /workspaces/isaac_ros-dev/ros_ws/install/zed_msgs/include/zed_msgs/zed_msgs/msg/detail/gnss_fusion_status__rosidl_typesupport_introspection_c.h
[4.316s] -- Up-to-date symlink: /workspaces/isaac_ros-dev/ros_ws/install/zed_msgs/include/zed_msgs/zed_msgs/msg/detail/health_status_stamped__rosidl_typesupport_introspection_c.h
[4.316s] -- Up-to-date symlink: /workspaces/isaac_ros-dev/ros_ws/install/zed_msgs/include/zed_msgs/zed_msgs/msg/detail/heartbeat__rosidl_typesupport_introspection_c.h
[4.316s] -- Up-to-date symlink: /workspaces/isaac_ros-dev/ros_ws/install/zed_msgs/include/zed_msgs/zed_msgs/msg/detail/keypoint2_df__rosidl_typesupport_introspection_c.h
[4.317s] -- Up-to-date symlink: /workspaces/isaac_ros-dev/ros_ws/install/zed_msgs/include/zed_msgs/zed_msgs/msg/detail/keypoint2_di__rosidl_typesupport_introspection_c.h
[4.317s] -- Up-to-date symlink: /workspaces/isaac_ros-dev/ros_ws/install/zed_msgs/include/zed_msgs/zed_msgs/msg/detail/keypoint3_d__rosidl_typesupport_introspection_c.h
[4.317s] -- Up-to-date symlink: /workspaces/isaac_ros-dev/ros_ws/install/zed_msgs/include/zed_msgs/zed_msgs/msg/detail/mag_heading_status__rosidl_typesupport_introspection_c.h
[4.317s] -- Up-to-date symlink: /workspaces/isaac_ros-dev/ros_ws/install/zed_msgs/include/zed_msgs/zed_msgs/msg/detail/object__rosidl_typesupport_introspection_c.h
[4.317s] -- Up-to-date symlink: /workspaces/isaac_ros-dev/ros_ws/install/zed_msgs/include/zed_msgs/zed_msgs/msg/detail/objects_stamped__rosidl_typesupport_introspection_c.h
[4.317s] -- Up-to-date symlink: /workspaces/isaac_ros-dev/ros_ws/install/zed_msgs/include/zed_msgs/zed_msgs/msg/detail/plane_stamped__rosidl_typesupport_introspection_c.h
[4.317s] -- Up-to-date symlink: /workspaces/isaac_ros-dev/ros_ws/install/zed_msgs/include/zed_msgs/zed_msgs/msg/detail/pos_track_status__rosidl_typesupport_introspection_c.h
[4.318s] -- Up-to-date symlink: /workspaces/isaac_ros-dev/ros_ws/install/zed_msgs/include/zed_msgs/zed_msgs/msg/detail/skeleton2_d__rosidl_typesupport_introspection_c.h
[4.318s] -- Up-to-date symlink: /workspaces/isaac_ros-dev/ros_ws/install/zed_msgs/include/zed_msgs/zed_msgs/msg/detail/skeleton3_d__rosidl_typesupport_introspection_c.h
[4.318s] -- Up-to-date symlink: /workspaces/isaac_ros-dev/ros_ws/install/zed_msgs/include/zed_msgs/zed_msgs/msg/detail/svo_status__rosidl_typesupport_introspection_c.h
[4.318s] -- Up-to-date symlink: /workspaces/isaac_ros-dev/ros_ws/install/zed_msgs/include/zed_msgs/zed_msgs/msg/rosidl_typesupport_introspection_c__visibility_control.h
[4.318s] -- Up-to-date symlink: /workspaces/isaac_ros-dev/ros_ws/install/zed_msgs/include/zed_msgs/zed_msgs/srv/detail/set_pose__rosidl_typesupport_introspection_c.h
[4.318s] -- Up-to-date symlink: /workspaces/isaac_ros-dev/ros_ws/install/zed_msgs/include/zed_msgs/zed_msgs/srv/detail/set_roi__rosidl_typesupport_introspection_c.h
[4.319s] -- Up-to-date symlink: /workspaces/isaac_ros-dev/ros_ws/install/zed_msgs/include/zed_msgs/zed_msgs/srv/detail/set_svo_frame__rosidl_typesupport_introspection_c.h
[4.319s] -- Up-to-date symlink: /workspaces/isaac_ros-dev/ros_ws/install/zed_msgs/include/zed_msgs/zed_msgs/srv/detail/start_svo_rec__rosidl_typesupport_introspection_c.h
[4.320s] -- Up-to-date symlink: /workspaces/isaac_ros-dev/ros_ws/install/zed_msgs/include/zed_msgs/zed_msgs/msg/detail/bounding_box2_df__rosidl_typesupport_introspection_cpp.hpp
[4.320s] -- Up-to-date symlink: /workspaces/isaac_ros-dev/ros_ws/install/zed_msgs/include/zed_msgs/zed_msgs/msg/detail/bounding_box2_di__rosidl_typesupport_introspection_cpp.hpp
[4.320s] -- Up-to-date symlink: /workspaces/isaac_ros-dev/ros_ws/install/zed_msgs/include/zed_msgs/zed_msgs/msg/detail/bounding_box3_d__rosidl_typesupport_introspection_cpp.hpp
[4.320s] -- Up-to-date symlink: /workspaces/isaac_ros-dev/ros_ws/install/zed_msgs/include/zed_msgs/zed_msgs/msg/detail/depth_info_stamped__rosidl_typesupport_introspection_cpp.hpp
[4.320s] -- Up-to-date symlink: /workspaces/isaac_ros-dev/ros_ws/install/zed_msgs/include/zed_msgs/zed_msgs/msg/detail/gnss_fusion_status__rosidl_typesupport_introspection_cpp.hpp
[4.321s] -- Up-to-date symlink: /workspaces/isaac_ros-dev/ros_ws/install/zed_msgs/include/zed_msgs/zed_msgs/msg/detail/health_status_stamped__rosidl_typesupport_introspection_cpp.hpp
[4.321s] -- Up-to-date symlink: /workspaces/isaac_ros-dev/ros_ws/install/zed_msgs/include/zed_msgs/zed_msgs/msg/detail/heartbeat__rosidl_typesupport_introspection_cpp.hpp
[4.321s] -- Up-to-date symlink: /workspaces/isaac_ros-dev/ros_ws/install/zed_msgs/include/zed_msgs/zed_msgs/msg/detail/keypoint2_df__rosidl_typesupport_introspection_cpp.hpp
[4.321s] -- Up-to-date symlink: /workspaces/isaac_ros-dev/ros_ws/install/zed_msgs/include/zed_msgs/zed_msgs/msg/detail/keypoint2_di__rosidl_typesupport_introspection_cpp.hpp
[4.321s] -- Up-to-date symlink: /workspaces/isaac_ros-dev/ros_ws/install/zed_msgs/include/zed_msgs/zed_msgs/msg/detail/keypoint3_d__rosidl_typesupport_introspection_cpp.hpp
[4.321s] -- Up-to-date symlink: /workspaces/isaac_ros-dev/ros_ws/install/zed_msgs/include/zed_msgs/zed_msgs/msg/detail/mag_heading_status__rosidl_typesupport_introspection_cpp.hpp
[4.321s] -- Up-to-date symlink: /workspaces/isaac_ros-dev/ros_ws/install/zed_msgs/include/zed_msgs/zed_msgs/msg/detail/object__rosidl_typesupport_introspection_cpp.hpp
[4.322s] -- Up-to-date symlink: /workspaces/isaac_ros-dev/ros_ws/install/zed_msgs/include/zed_msgs/zed_msgs/msg/detail/objects_stamped__rosidl_typesupport_introspection_cpp.hpp
[4.322s] -- Up-to-date symlink: /workspaces/isaac_ros-dev/ros_ws/install/zed_msgs/include/zed_msgs/zed_msgs/msg/detail/plane_stamped__rosidl_typesupport_introspection_cpp.hpp
[4.322s] -- Up-to-date symlink: /workspaces/isaac_ros-dev/ros_ws/install/zed_msgs/include/zed_msgs/zed_msgs/msg/detail/pos_track_status__rosidl_typesupport_introspection_cpp.hpp
[4.322s] -- Up-to-date symlink: /workspaces/isaac_ros-dev/ros_ws/install/zed_msgs/include/zed_msgs/zed_msgs/msg/detail/skeleton2_d__rosidl_typesupport_introspection_cpp.hpp
[4.322s] -- Up-to-date symlink: /workspaces/isaac_ros-dev/ros_ws/install/zed_msgs/include/zed_msgs/zed_msgs/msg/detail/skeleton3_d__rosidl_typesupport_introspection_cpp.hpp
[4.322s] -- Up-to-date symlink: /workspaces/isaac_ros-dev/ros_ws/install/zed_msgs/include/zed_msgs/zed_msgs/msg/detail/svo_status__rosidl_typesupport_introspection_cpp.hpp
[4.323s] -- Up-to-date symlink: /workspaces/isaac_ros-dev/ros_ws/install/zed_msgs/include/zed_msgs/zed_msgs/srv/detail/set_pose__rosidl_typesupport_introspection_cpp.hpp
[4.323s] -- Up-to-date symlink: /workspaces/isaac_ros-dev/ros_ws/install/zed_msgs/include/zed_msgs/zed_msgs/srv/detail/set_roi__rosidl_typesupport_introspection_cpp.hpp
[4.323s] -- Up-to-date symlink: /workspaces/isaac_ros-dev/ros_ws/install/zed_msgs/include/zed_msgs/zed_msgs/srv/detail/set_svo_frame__rosidl_typesupport_introspection_cpp.hpp
[4.323s] -- Up-to-date symlink: /workspaces/isaac_ros-dev/ros_ws/install/zed_msgs/include/zed_msgs/zed_msgs/srv/detail/start_svo_rec__rosidl_typesupport_introspection_cpp.hpp
[4.323s] -- Up-to-date symlink: /workspaces/isaac_ros-dev/ros_ws/install/zed_msgs/share/zed_msgs/environment/pythonpath.sh
[4.323s] -- Up-to-date symlink: /workspaces/isaac_ros-dev/ros_ws/install/zed_msgs/share/zed_msgs/environment/pythonpath.dsv
[4.324s] -- Up-to-date symlink: /workspaces/isaac_ros-dev/ros_ws/install/zed_msgs/local/lib/python3.10/dist-packages/zed_msgs-5.0.0-py3.10.egg-info/PKG-INFO
[4.324s] -- Up-to-date symlink: /workspaces/isaac_ros-dev/ros_ws/install/zed_msgs/local/lib/python3.10/dist-packages/zed_msgs-5.0.0-py3.10.egg-info/SOURCES.txt
[4.324s] -- Up-to-date symlink: /workspaces/isaac_ros-dev/ros_ws/install/zed_msgs/local/lib/python3.10/dist-packages/zed_msgs-5.0.0-py3.10.egg-info/dependency_links.txt
[4.324s] -- Up-to-date symlink: /workspaces/isaac_ros-dev/ros_ws/install/zed_msgs/local/lib/python3.10/dist-packages/zed_msgs-5.0.0-py3.10.egg-info/top_level.txt
[4.326s] -- Up-to-date symlink: /workspaces/isaac_ros-dev/ros_ws/install/zed_msgs/local/lib/python3.10/dist-packages/zed_msgs/__init__.py
[4.326s] -- Up-to-date symlink: /workspaces/isaac_ros-dev/ros_ws/install/zed_msgs/local/lib/python3.10/dist-packages/zed_msgs/_zed_msgs_s.ep.rosidl_typesupport_c.c
[4.326s] -- Up-to-date symlink: /workspaces/isaac_ros-dev/ros_ws/install/zed_msgs/local/lib/python3.10/dist-packages/zed_msgs/_zed_msgs_s.ep.rosidl_typesupport_fastrtps_c.c
[4.326s] -- Up-to-date symlink: /workspaces/isaac_ros-dev/ros_ws/install/zed_msgs/local/lib/python3.10/dist-packages/zed_msgs/_zed_msgs_s.ep.rosidl_typesupport_introspection_c.c
[4.327s] -- Up-to-date symlink: /workspaces/isaac_ros-dev/ros_ws/install/zed_msgs/local/lib/python3.10/dist-packages/zed_msgs/libzed_msgs__rosidl_generator_py.so
[4.327s] -- Up-to-date symlink: /workspaces/isaac_ros-dev/ros_ws/install/zed_msgs/local/lib/python3.10/dist-packages/zed_msgs/msg/__init__.py
[4.327s] -- Up-to-date symlink: /workspaces/isaac_ros-dev/ros_ws/install/zed_msgs/local/lib/python3.10/dist-packages/zed_msgs/msg/_bounding_box2_df.py
[4.327s] -- Up-to-date symlink: /workspaces/isaac_ros-dev/ros_ws/install/zed_msgs/local/lib/python3.10/dist-packages/zed_msgs/msg/_bounding_box2_df_s.c
[4.327s] -- Up-to-date symlink: /workspaces/isaac_ros-dev/ros_ws/install/zed_msgs/local/lib/python3.10/dist-packages/zed_msgs/msg/_bounding_box2_di.py
[4.327s] -- Up-to-date symlink: /workspaces/isaac_ros-dev/ros_ws/install/zed_msgs/local/lib/python3.10/dist-packages/zed_msgs/msg/_bounding_box2_di_s.c
[4.327s] -- Up-to-date symlink: /workspaces/isaac_ros-dev/ros_ws/install/zed_msgs/local/lib/python3.10/dist-packages/zed_msgs/msg/_bounding_box3_d.py
[4.328s] -- Up-to-date symlink: /workspaces/isaac_ros-dev/ros_ws/install/zed_msgs/local/lib/python3.10/dist-packages/zed_msgs/msg/_bounding_box3_d_s.c
[4.328s] -- Up-to-date symlink: /workspaces/isaac_ros-dev/ros_ws/install/zed_msgs/local/lib/python3.10/dist-packages/zed_msgs/msg/_depth_info_stamped.py
[4.328s] -- Up-to-date symlink: /workspaces/isaac_ros-dev/ros_ws/install/zed_msgs/local/lib/python3.10/dist-packages/zed_msgs/msg/_depth_info_stamped_s.c
[4.328s] -- Up-to-date symlink: /workspaces/isaac_ros-dev/ros_ws/install/zed_msgs/local/lib/python3.10/dist-packages/zed_msgs/msg/_gnss_fusion_status.py
[4.328s] -- Up-to-date symlink: /workspaces/isaac_ros-dev/ros_ws/install/zed_msgs/local/lib/python3.10/dist-packages/zed_msgs/msg/_gnss_fusion_status_s.c
[4.328s] -- Up-to-date symlink: /workspaces/isaac_ros-dev/ros_ws/install/zed_msgs/local/lib/python3.10/dist-packages/zed_msgs/msg/_health_status_stamped.py
[4.329s] -- Up-to-date symlink: /workspaces/isaac_ros-dev/ros_ws/install/zed_msgs/local/lib/python3.10/dist-packages/zed_msgs/msg/_health_status_stamped_s.c
[4.329s] -- Up-to-date symlink: /workspaces/isaac_ros-dev/ros_ws/install/zed_msgs/local/lib/python3.10/dist-packages/zed_msgs/msg/_heartbeat.py
[4.329s] -- Up-to-date symlink: /workspaces/isaac_ros-dev/ros_ws/install/zed_msgs/local/lib/python3.10/dist-packages/zed_msgs/msg/_heartbeat_s.c
[4.329s] -- Up-to-date symlink: /workspaces/isaac_ros-dev/ros_ws/install/zed_msgs/local/lib/python3.10/dist-packages/zed_msgs/msg/_keypoint2_df.py
[4.329s] -- Up-to-date symlink: /workspaces/isaac_ros-dev/ros_ws/install/zed_msgs/local/lib/python3.10/dist-packages/zed_msgs/msg/_keypoint2_df_s.c
[4.329s] -- Up-to-date symlink: /workspaces/isaac_ros-dev/ros_ws/install/zed_msgs/local/lib/python3.10/dist-packages/zed_msgs/msg/_keypoint2_di.py
[4.330s] -- Up-to-date symlink: /workspaces/isaac_ros-dev/ros_ws/install/zed_msgs/local/lib/python3.10/dist-packages/zed_msgs/msg/_keypoint2_di_s.c
[4.330s] -- Up-to-date symlink: /workspaces/isaac_ros-dev/ros_ws/install/zed_msgs/local/lib/python3.10/dist-packages/zed_msgs/msg/_keypoint3_d.py
[4.330s] -- Up-to-date symlink: /workspaces/isaac_ros-dev/ros_ws/install/zed_msgs/local/lib/python3.10/dist-packages/zed_msgs/msg/_keypoint3_d_s.c
[4.330s] -- Up-to-date symlink: /workspaces/isaac_ros-dev/ros_ws/install/zed_msgs/local/lib/python3.10/dist-packages/zed_msgs/msg/_mag_heading_status.py
[4.330s] -- Up-to-date symlink: /workspaces/isaac_ros-dev/ros_ws/install/zed_msgs/local/lib/python3.10/dist-packages/zed_msgs/msg/_mag_heading_status_s.c
[4.330s] -- Up-to-date symlink: /workspaces/isaac_ros-dev/ros_ws/install/zed_msgs/local/lib/python3.10/dist-packages/zed_msgs/msg/_object.py
[4.330s] -- Up-to-date symlink: /workspaces/isaac_ros-dev/ros_ws/install/zed_msgs/local/lib/python3.10/dist-packages/zed_msgs/msg/_object_s.c
[4.331s] -- Up-to-date symlink: /workspaces/isaac_ros-dev/ros_ws/install/zed_msgs/local/lib/python3.10/dist-packages/zed_msgs/msg/_objects_stamped.py
[4.331s] -- Up-to-date symlink: /workspaces/isaac_ros-dev/ros_ws/install/zed_msgs/local/lib/python3.10/dist-packages/zed_msgs/msg/_objects_stamped_s.c
[4.331s] -- Up-to-date symlink: /workspaces/isaac_ros-dev/ros_ws/install/zed_msgs/local/lib/python3.10/dist-packages/zed_msgs/msg/_plane_stamped.py
[4.331s] -- Up-to-date symlink: /workspaces/isaac_ros-dev/ros_ws/install/zed_msgs/local/lib/python3.10/dist-packages/zed_msgs/msg/_plane_stamped_s.c
[4.331s] -- Up-to-date symlink: /workspaces/isaac_ros-dev/ros_ws/install/zed_msgs/local/lib/python3.10/dist-packages/zed_msgs/msg/_pos_track_status.py
[4.331s] -- Up-to-date symlink: /workspaces/isaac_ros-dev/ros_ws/install/zed_msgs/local/lib/python3.10/dist-packages/zed_msgs/msg/_pos_track_status_s.c
[4.331s] -- Up-to-date symlink: /workspaces/isaac_ros-dev/ros_ws/install/zed_msgs/local/lib/python3.10/dist-packages/zed_msgs/msg/_skeleton2_d.py
[4.332s] -- Up-to-date symlink: /workspaces/isaac_ros-dev/ros_ws/install/zed_msgs/local/lib/python3.10/dist-packages/zed_msgs/msg/_skeleton2_d_s.c
[4.332s] -- Up-to-date symlink: /workspaces/isaac_ros-dev/ros_ws/install/zed_msgs/local/lib/python3.10/dist-packages/zed_msgs/msg/_skeleton3_d.py
[4.332s] -- Up-to-date symlink: /workspaces/isaac_ros-dev/ros_ws/install/zed_msgs/local/lib/python3.10/dist-packages/zed_msgs/msg/_skeleton3_d_s.c
[4.332s] -- Up-to-date symlink: /workspaces/isaac_ros-dev/ros_ws/install/zed_msgs/local/lib/python3.10/dist-packages/zed_msgs/msg/_svo_status.py
[4.332s] -- Up-to-date symlink: /workspaces/isaac_ros-dev/ros_ws/install/zed_msgs/local/lib/python3.10/dist-packages/zed_msgs/msg/_svo_status_s.c
[4.332s] -- Up-to-date symlink: /workspaces/isaac_ros-dev/ros_ws/install/zed_msgs/local/lib/python3.10/dist-packages/zed_msgs/srv/__init__.py
[4.333s] -- Up-to-date symlink: /workspaces/isaac_ros-dev/ros_ws/install/zed_msgs/local/lib/python3.10/dist-packages/zed_msgs/srv/_set_pose.py
[4.333s] -- Up-to-date symlink: /workspaces/isaac_ros-dev/ros_ws/install/zed_msgs/local/lib/python3.10/dist-packages/zed_msgs/srv/_set_pose_s.c
[4.333s] -- Up-to-date symlink: /workspaces/isaac_ros-dev/ros_ws/install/zed_msgs/local/lib/python3.10/dist-packages/zed_msgs/srv/_set_roi.py
[4.333s] -- Up-to-date symlink: /workspaces/isaac_ros-dev/ros_ws/install/zed_msgs/local/lib/python3.10/dist-packages/zed_msgs/srv/_set_roi_s.c
[4.333s] -- Up-to-date symlink: /workspaces/isaac_ros-dev/ros_ws/install/zed_msgs/local/lib/python3.10/dist-packages/zed_msgs/srv/_set_svo_frame.py
[4.333s] -- Up-to-date symlink: /workspaces/isaac_ros-dev/ros_ws/install/zed_msgs/local/lib/python3.10/dist-packages/zed_msgs/srv/_set_svo_frame_s.c
[4.334s] -- Up-to-date symlink: /workspaces/isaac_ros-dev/ros_ws/install/zed_msgs/local/lib/python3.10/dist-packages/zed_msgs/srv/_start_svo_rec.py
[4.334s] -- Up-to-date symlink: /workspaces/isaac_ros-dev/ros_ws/install/zed_msgs/local/lib/python3.10/dist-packages/zed_msgs/srv/_start_svo_rec_s.c
[4.334s] -- Up-to-date symlink: /workspaces/isaac_ros-dev/ros_ws/install/zed_msgs/local/lib/python3.10/dist-packages/zed_msgs/zed_msgs_s__rosidl_typesupport_c.cpython-310-aarch64-linux-gnu.so
[4.334s] -- Up-to-date symlink: /workspaces/isaac_ros-dev/ros_ws/install/zed_msgs/local/lib/python3.10/dist-packages/zed_msgs/zed_msgs_s__rosidl_typesupport_fastrtps_c.cpython-310-aarch64-linux-gnu.so
[4.334s] -- Up-to-date symlink: /workspaces/isaac_ros-dev/ros_ws/install/zed_msgs/local/lib/python3.10/dist-packages/zed_msgs/zed_msgs_s__rosidl_typesupport_introspection_c.cpython-310-aarch64-linux-gnu.so
[4.335s] -- Up-to-date symlink: /workspaces/isaac_ros-dev/ros_ws/install/zed_msgs/local/lib/python3.10/dist-packages/zed_msgs/zed_msgs_s__rosidl_typesupport_fastrtps_c.cpython-310-aarch64-linux-gnu.so
[4.335s] -- Up-to-date symlink: /workspaces/isaac_ros-dev/ros_ws/install/zed_msgs/local/lib/python3.10/dist-packages/zed_msgs/zed_msgs_s__rosidl_typesupport_introspection_c.cpython-310-aarch64-linux-gnu.so
[4.335s] -- Up-to-date symlink: /workspaces/isaac_ros-dev/ros_ws/install/zed_msgs/local/lib/python3.10/dist-packages/zed_msgs/zed_msgs_s__rosidl_typesupport_c.cpython-310-aarch64-linux-gnu.so
[4.335s] -- Up-to-date symlink: /workspaces/isaac_ros-dev/ros_ws/install/zed_msgs/share/zed_msgs/msg/Object.idl
[4.336s] -- Up-to-date symlink: /workspaces/isaac_ros-dev/ros_ws/install/zed_msgs/share/zed_msgs/msg/ObjectsStamped.idl
[4.336s] -- Up-to-date symlink: /workspaces/isaac_ros-dev/ros_ws/install/zed_msgs/share/zed_msgs/msg/Keypoint2Di.idl
[4.336s] -- Up-to-date symlink: /workspaces/isaac_ros-dev/ros_ws/install/zed_msgs/share/zed_msgs/msg/Keypoint2Df.idl
[4.336s] -- Up-to-date symlink: /workspaces/isaac_ros-dev/ros_ws/install/zed_msgs/share/zed_msgs/msg/Keypoint3D.idl
[4.336s] -- Up-to-date symlink: /workspaces/isaac_ros-dev/ros_ws/install/zed_msgs/share/zed_msgs/msg/BoundingBox2Di.idl
[4.337s] -- Up-to-date symlink: /workspaces/isaac_ros-dev/ros_ws/install/zed_msgs/share/zed_msgs/msg/BoundingBox2Df.idl
[4.337s] -- Up-to-date symlink: /workspaces/isaac_ros-dev/ros_ws/install/zed_msgs/share/zed_msgs/msg/BoundingBox3D.idl
[4.337s] -- Up-to-date symlink: /workspaces/isaac_ros-dev/ros_ws/install/zed_msgs/share/zed_msgs/msg/Skeleton2D.idl
[4.337s] -- Up-to-date symlink: /workspaces/isaac_ros-dev/ros_ws/install/zed_msgs/share/zed_msgs/msg/Skeleton3D.idl
[4.337s] -- Up-to-date symlink: /workspaces/isaac_ros-dev/ros_ws/install/zed_msgs/share/zed_msgs/msg/DepthInfoStamped.idl
[4.338s] -- Up-to-date symlink: /workspaces/isaac_ros-dev/ros_ws/install/zed_msgs/share/zed_msgs/msg/PlaneStamped.idl
[4.338s] -- Up-to-date symlink: /workspaces/isaac_ros-dev/ros_ws/install/zed_msgs/share/zed_msgs/msg/PosTrackStatus.idl
[4.338s] -- Up-to-date symlink: /workspaces/isaac_ros-dev/ros_ws/install/zed_msgs/share/zed_msgs/msg/GnssFusionStatus.idl
[4.338s] -- Up-to-date symlink: /workspaces/isaac_ros-dev/ros_ws/install/zed_msgs/share/zed_msgs/msg/Heartbeat.idl
[4.338s] -- Up-to-date symlink: /workspaces/isaac_ros-dev/ros_ws/install/zed_msgs/share/zed_msgs/msg/MagHeadingStatus.idl
[4.339s] -- Up-to-date symlink: /workspaces/isaac_ros-dev/ros_ws/install/zed_msgs/share/zed_msgs/msg/SvoStatus.idl
[4.339s] -- Up-to-date symlink: /workspaces/isaac_ros-dev/ros_ws/install/zed_msgs/share/zed_msgs/msg/HealthStatusStamped.idl
[4.339s] -- Up-to-date symlink: /workspaces/isaac_ros-dev/ros_ws/install/zed_msgs/share/zed_msgs/srv/SetPose.idl
[4.339s] -- Up-to-date symlink: /workspaces/isaac_ros-dev/ros_ws/install/zed_msgs/share/zed_msgs/srv/StartSvoRec.idl
[4.339s] -- Up-to-date symlink: /workspaces/isaac_ros-dev/ros_ws/install/zed_msgs/share/zed_msgs/srv/SetROI.idl
[4.340s] -- Up-to-date symlink: /workspaces/isaac_ros-dev/ros_ws/install/zed_msgs/share/zed_msgs/srv/SetSvoFrame.idl
[4.340s] -- Up-to-date symlink: /workspaces/isaac_ros-dev/ros_ws/install/zed_msgs/share/zed_msgs/msg/Object.msg
[4.340s] -- Up-to-date symlink: /workspaces/isaac_ros-dev/ros_ws/install/zed_msgs/share/zed_msgs/msg/ObjectsStamped.msg
[4.340s] -- Up-to-date symlink: /workspaces/isaac_ros-dev/ros_ws/install/zed_msgs/share/zed_msgs/msg/Keypoint2Di.msg
[4.340s] -- Up-to-date symlink: /workspaces/isaac_ros-dev/ros_ws/install/zed_msgs/share/zed_msgs/msg/Keypoint2Df.msg
[4.341s] -- Up-to-date symlink: /workspaces/isaac_ros-dev/ros_ws/install/zed_msgs/share/zed_msgs/msg/Keypoint3D.msg
[4.341s] -- Up-to-date symlink: /workspaces/isaac_ros-dev/ros_ws/install/zed_msgs/share/zed_msgs/msg/BoundingBox2Di.msg
[4.341s] -- Up-to-date symlink: /workspaces/isaac_ros-dev/ros_ws/install/zed_msgs/share/zed_msgs/msg/BoundingBox2Df.msg
[4.341s] -- Up-to-date symlink: /workspaces/isaac_ros-dev/ros_ws/install/zed_msgs/share/zed_msgs/msg/BoundingBox3D.msg
[4.341s] -- Up-to-date symlink: /workspaces/isaac_ros-dev/ros_ws/install/zed_msgs/share/zed_msgs/msg/Skeleton2D.msg
[4.342s] -- Up-to-date symlink: /workspaces/isaac_ros-dev/ros_ws/install/zed_msgs/share/zed_msgs/msg/Skeleton3D.msg
[4.342s] -- Up-to-date symlink: /workspaces/isaac_ros-dev/ros_ws/install/zed_msgs/share/zed_msgs/msg/DepthInfoStamped.msg
[4.342s] -- Up-to-date symlink: /workspaces/isaac_ros-dev/ros_ws/install/zed_msgs/share/zed_msgs/msg/PlaneStamped.msg
[4.342s] -- Up-to-date symlink: /workspaces/isaac_ros-dev/ros_ws/install/zed_msgs/share/zed_msgs/msg/PosTrackStatus.msg
[4.342s] -- Up-to-date symlink: /workspaces/isaac_ros-dev/ros_ws/install/zed_msgs/share/zed_msgs/msg/GnssFusionStatus.msg
[4.342s] -- Up-to-date symlink: /workspaces/isaac_ros-dev/ros_ws/install/zed_msgs/share/zed_msgs/msg/Heartbeat.msg
[4.343s] -- Up-to-date symlink: /workspaces/isaac_ros-dev/ros_ws/install/zed_msgs/share/zed_msgs/msg/MagHeadingStatus.msg
[4.343s] -- Up-to-date symlink: /workspaces/isaac_ros-dev/ros_ws/install/zed_msgs/share/zed_msgs/msg/SvoStatus.msg
[4.343s] -- Up-to-date symlink: /workspaces/isaac_ros-dev/ros_ws/install/zed_msgs/share/zed_msgs/msg/HealthStatusStamped.msg
[4.343s] -- Up-to-date symlink: /workspaces/isaac_ros-dev/ros_ws/install/zed_msgs/share/zed_msgs/srv/SetPose.srv
[4.343s] -- Up-to-date symlink: /workspaces/isaac_ros-dev/ros_ws/install/zed_msgs/share/zed_msgs/srv/SetPose_Request.msg
[4.344s] -- Up-to-date symlink: /workspaces/isaac_ros-dev/ros_ws/install/zed_msgs/share/zed_msgs/srv/SetPose_Response.msg
[4.344s] -- Up-to-date symlink: /workspaces/isaac_ros-dev/ros_ws/install/zed_msgs/share/zed_msgs/srv/StartSvoRec.srv
[4.344s] -- Up-to-date symlink: /workspaces/isaac_ros-dev/ros_ws/install/zed_msgs/share/zed_msgs/srv/StartSvoRec_Request.msg
[4.344s] -- Up-to-date symlink: /workspaces/isaac_ros-dev/ros_ws/install/zed_msgs/share/zed_msgs/srv/StartSvoRec_Response.msg
[4.344s] -- Up-to-date symlink: /workspaces/isaac_ros-dev/ros_ws/install/zed_msgs/share/zed_msgs/srv/SetROI.srv
[4.345s] -- Up-to-date symlink: /workspaces/isaac_ros-dev/ros_ws/install/zed_msgs/share/zed_msgs/srv/SetROI_Request.msg
[4.345s] -- Up-to-date symlink: /workspaces/isaac_ros-dev/ros_ws/install/zed_msgs/share/zed_msgs/srv/SetROI_Response.msg
[4.345s] -- Up-to-date symlink: /workspaces/isaac_ros-dev/ros_ws/install/zed_msgs/share/zed_msgs/srv/SetSvoFrame.srv
[4.345s] -- Up-to-date symlink: /workspaces/isaac_ros-dev/ros_ws/install/zed_msgs/share/zed_msgs/srv/SetSvoFrame_Request.msg
[4.345s] -- Up-to-date symlink: /workspaces/isaac_ros-dev/ros_ws/install/zed_msgs/share/zed_msgs/srv/SetSvoFrame_Response.msg
[4.346s] -- Up-to-date symlink: /workspaces/isaac_ros-dev/ros_ws/install/zed_msgs/share/zed_msgs/meshes/virtual.stl
[4.346s] -- Up-to-date symlink: /workspaces/isaac_ros-dev/ros_ws/install/zed_msgs/share/zed_msgs/meshes/zed.stl
[4.346s] -- Up-to-date symlink: /workspaces/isaac_ros-dev/ros_ws/install/zed_msgs/share/zed_msgs/meshes/zed2.stl
[4.346s] -- Up-to-date symlink: /workspaces/isaac_ros-dev/ros_ws/install/zed_msgs/share/zed_msgs/meshes/zed2i.stl
[4.346s] -- Up-to-date symlink: /workspaces/isaac_ros-dev/ros_ws/install/zed_msgs/share/zed_msgs/meshes/zedm.stl
[4.347s] -- Up-to-date symlink: /workspaces/isaac_ros-dev/ros_ws/install/zed_msgs/share/zed_msgs/meshes/zedx.stl
[4.347s] -- Up-to-date symlink: /workspaces/isaac_ros-dev/ros_ws/install/zed_msgs/share/zed_msgs/meshes/zedxm.stl
[4.347s] -- Up-to-date symlink: /workspaces/isaac_ros-dev/ros_ws/install/zed_msgs/share/zed_msgs/meshes/zedxone4k.stl
[4.347s] -- Up-to-date symlink: /workspaces/isaac_ros-dev/ros_ws/install/zed_msgs/share/zed_msgs/meshes/zedxonegs.stl
[4.347s] -- Up-to-date symlink: /workspaces/isaac_ros-dev/ros_ws/install/zed_msgs/share/ament_index/resource_index/package_run_dependencies/zed_msgs
[4.347s] -- Up-to-date symlink: /workspaces/isaac_ros-dev/ros_ws/install/zed_msgs/share/ament_index/resource_index/parent_prefix_path/zed_msgs
[4.348s] -- Up-to-date symlink: /workspaces/isaac_ros-dev/ros_ws/install/zed_msgs/share/zed_msgs/environment/ament_prefix_path.sh
[4.348s] -- Up-to-date symlink: /workspaces/isaac_ros-dev/ros_ws/install/zed_msgs/share/zed_msgs/environment/ament_prefix_path.dsv
[4.348s] -- Up-to-date symlink: /workspaces/isaac_ros-dev/ros_ws/install/zed_msgs/share/zed_msgs/environment/path.sh
[4.348s] -- Up-to-date symlink: /workspaces/isaac_ros-dev/ros_ws/install/zed_msgs/share/zed_msgs/environment/path.dsv
[4.348s] -- Up-to-date symlink: /workspaces/isaac_ros-dev/ros_ws/install/zed_msgs/share/zed_msgs/local_setup.bash
[4.349s] -- Up-to-date symlink: /workspaces/isaac_ros-dev/ros_ws/install/zed_msgs/share/zed_msgs/local_setup.sh
[4.349s] -- Up-to-date symlink: /workspaces/isaac_ros-dev/ros_ws/install/zed_msgs/share/zed_msgs/local_setup.zsh
[4.349s] -- Up-to-date symlink: /workspaces/isaac_ros-dev/ros_ws/install/zed_msgs/share/zed_msgs/local_setup.dsv
[4.349s] -- Symlinking: /workspaces/isaac_ros-dev/ros_ws/install/zed_msgs/share/zed_msgs/package.dsv
[4.365s] -- Up-to-date symlink: /workspaces/isaac_ros-dev/ros_ws/install/zed_msgs/share/ament_index/resource_index/packages/zed_msgs
[4.366s] -- Up-to-date symlink: /workspaces/isaac_ros-dev/ros_ws/install/zed_msgs/share/zed_msgs/cmake/rosidl_cmake-extras.cmake
[4.366s] -- Up-to-date symlink: /workspaces/isaac_ros-dev/ros_ws/install/zed_msgs/share/zed_msgs/cmake/ament_cmake_export_dependencies-extras.cmake
[4.366s] -- Up-to-date symlink: /workspaces/isaac_ros-dev/ros_ws/install/zed_msgs/share/zed_msgs/cmake/ament_cmake_export_include_directories-extras.cmake
[4.367s] -- Up-to-date symlink: /workspaces/isaac_ros-dev/ros_ws/install/zed_msgs/share/zed_msgs/cmake/ament_cmake_export_libraries-extras.cmake
[4.367s] -- Up-to-date symlink: /workspaces/isaac_ros-dev/ros_ws/install/zed_msgs/share/zed_msgs/cmake/ament_cmake_export_targets-extras.cmake
[4.367s] -- Up-to-date symlink: /workspaces/isaac_ros-dev/ros_ws/install/zed_msgs/share/zed_msgs/cmake/rosidl_cmake_export_typesupport_targets-extras.cmake
[4.367s] -- Up-to-date symlink: /workspaces/isaac_ros-dev/ros_ws/install/zed_msgs/share/zed_msgs/cmake/rosidl_cmake_export_typesupport_libraries-extras.cmake
[4.368s] -- Up-to-date symlink: /workspaces/isaac_ros-dev/ros_ws/install/zed_msgs/share/zed_msgs/cmake/zed_msgsConfig.cmake
[4.368s] -- Up-to-date symlink: /workspaces/isaac_ros-dev/ros_ws/install/zed_msgs/share/zed_msgs/cmake/zed_msgsConfig-version.cmake
[4.369s] -- Up-to-date symlink: /workspaces/isaac_ros-dev/ros_ws/install/zed_msgs/share/zed_msgs/package.xml
[4.369s] -- Up-to-date: /workspaces/isaac_ros-dev/ros_ws/install/zed_msgs/lib/libzed_msgs__rosidl_generator_c.so
[4.369s] -- Up-to-date: /workspaces/isaac_ros-dev/ros_ws/install/zed_msgs/lib/libzed_msgs__rosidl_typesupport_fastrtps_c.so
[4.369s] -- Up-to-date: /workspaces/isaac_ros-dev/ros_ws/install/zed_msgs/lib/libzed_msgs__rosidl_typesupport_fastrtps_cpp.so
[4.370s] -- Up-to-date: /workspaces/isaac_ros-dev/ros_ws/install/zed_msgs/lib/libzed_msgs__rosidl_typesupport_introspection_c.so
[4.370s] -- Up-to-date: /workspaces/isaac_ros-dev/ros_ws/install/zed_msgs/lib/libzed_msgs__rosidl_typesupport_c.so
[4.370s] -- Up-to-date: /workspaces/isaac_ros-dev/ros_ws/install/zed_msgs/lib/libzed_msgs__rosidl_typesupport_introspection_cpp.so
[4.370s] -- Up-to-date: /workspaces/isaac_ros-dev/ros_ws/install/zed_msgs/lib/libzed_msgs__rosidl_typesupport_cpp.so
[4.434s] Listing '/workspaces/isaac_ros-dev/ros_ws/install/zed_msgs/local/lib/python3.10/dist-packages/zed_msgs'...
[4.434s] Compiling '/workspaces/isaac_ros-dev/ros_ws/install/zed_msgs/local/lib/python3.10/dist-packages/zed_msgs/__init__.py'...
[4.435s] Listing '/workspaces/isaac_ros-dev/ros_ws/install/zed_msgs/local/lib/python3.10/dist-packages/zed_msgs/msg'...
[4.435s] Listing '/workspaces/isaac_ros-dev/ros_ws/install/zed_msgs/local/lib/python3.10/dist-packages/zed_msgs/srv'...
[4.443s] -- Up-to-date: /workspaces/isaac_ros-dev/ros_ws/install/zed_msgs/lib/libzed_msgs__rosidl_generator_py.so
[4.444s] -- Up-to-date: /workspaces/isaac_ros-dev/ros_ws/install/zed_msgs/share/zed_msgs/cmake/export_zed_msgs__rosidl_generator_cExport.cmake
[4.444s] -- Up-to-date: /workspaces/isaac_ros-dev/ros_ws/install/zed_msgs/share/zed_msgs/cmake/export_zed_msgs__rosidl_generator_cExport-noconfig.cmake
[4.445s] -- Up-to-date: /workspaces/isaac_ros-dev/ros_ws/install/zed_msgs/share/zed_msgs/cmake/export_zed_msgs__rosidl_typesupport_fastrtps_cExport.cmake
[4.445s] -- Up-to-date: /workspaces/isaac_ros-dev/ros_ws/install/zed_msgs/share/zed_msgs/cmake/export_zed_msgs__rosidl_typesupport_fastrtps_cExport-noconfig.cmake
[4.445s] -- Up-to-date: /workspaces/isaac_ros-dev/ros_ws/install/zed_msgs/share/zed_msgs/cmake/export_zed_msgs__rosidl_generator_cppExport.cmake
[4.446s] -- Up-to-date: /workspaces/isaac_ros-dev/ros_ws/install/zed_msgs/share/zed_msgs/cmake/export_zed_msgs__rosidl_typesupport_fastrtps_cppExport.cmake
[4.446s] -- Up-to-date: /workspaces/isaac_ros-dev/ros_ws/install/zed_msgs/share/zed_msgs/cmake/export_zed_msgs__rosidl_typesupport_fastrtps_cppExport-noconfig.cmake
[4.446s] -- Up-to-date: /workspaces/isaac_ros-dev/ros_ws/install/zed_msgs/share/zed_msgs/cmake/zed_msgs__rosidl_typesupport_introspection_cExport.cmake
[4.446s] -- Up-to-date: /workspaces/isaac_ros-dev/ros_ws/install/zed_msgs/share/zed_msgs/cmake/zed_msgs__rosidl_typesupport_introspection_cExport-noconfig.cmake
[4.447s] -- Up-to-date: /workspaces/isaac_ros-dev/ros_ws/install/zed_msgs/share/zed_msgs/cmake/zed_msgs__rosidl_typesupport_cExport.cmake
[4.447s] -- Up-to-date: /workspaces/isaac_ros-dev/ros_ws/install/zed_msgs/share/zed_msgs/cmake/zed_msgs__rosidl_typesupport_cExport-noconfig.cmake
[4.447s] -- Up-to-date: /workspaces/isaac_ros-dev/ros_ws/install/zed_msgs/share/zed_msgs/cmake/zed_msgs__rosidl_typesupport_introspection_cppExport.cmake
[4.447s] -- Up-to-date: /workspaces/isaac_ros-dev/ros_ws/install/zed_msgs/share/zed_msgs/cmake/zed_msgs__rosidl_typesupport_introspection_cppExport-noconfig.cmake
[4.448s] -- Up-to-date: /workspaces/isaac_ros-dev/ros_ws/install/zed_msgs/share/zed_msgs/cmake/zed_msgs__rosidl_typesupport_cppExport.cmake
[4.448s] -- Up-to-date: /workspaces/isaac_ros-dev/ros_ws/install/zed_msgs/share/zed_msgs/cmake/zed_msgs__rosidl_typesupport_cppExport-noconfig.cmake
[4.450s] -- Up-to-date: /workspaces/isaac_ros-dev/ros_ws/install/zed_msgs/share/zed_msgs/cmake/export_zed_msgs__rosidl_generator_pyExport.cmake
[4.451s] -- Up-to-date: /workspaces/isaac_ros-dev/ros_ws/install/zed_msgs/share/zed_msgs/cmake/export_zed_msgs__rosidl_generator_pyExport-noconfig.cmake
[4.451s] Invoked command in '/workspaces/isaac_ros-dev/ros_ws/build/zed_msgs' returned '0': CMAKE_PREFIX_PATH=${CMAKE_PREFIX_PATH}:/workspaces/isaac_ros-dev/ros_ws/install/vision:/opt/ros/humble /usr/bin/cmake --install /workspaces/isaac_ros-dev/ros_ws/build/zed_msgs
