[0.037s] Invoking command in '/workspaces/isaac_ros-dev/ros_ws/build/zed_ros2': CMAKE_PREFIX_PATH=/workspaces/isaac_ros-dev/ros_ws/install/zed_wrapper:/workspaces/isaac_ros-dev/ros_ws/install/zed_components:/workspaces/isaac_ros-dev/ros_ws/install/zed_msgs:/workspaces/isaac_ros-dev/ros_ws/install/zed_ros2:/workspaces/isaac_ros-dev/ros_ws/install/ur5e_visual_servo:/usr/local/libcudss-linux-0.3.0.9_cuda12-archive:/opt/ros/humble /usr/bin/cmake /workspaces/isaac_ros-dev/ros_ws/src/zed-ros2-wrapper/zed_ros2 -DAMENT_CMAKE_SYMLINK_INSTALL=1 -DCMAKE_INSTALL_PREFIX=/workspaces/isaac_ros-dev/ros_ws/install/zed_ros2
[0.075s] -- Found ament_cmake_auto: 1.3.11 (/opt/ros/humble/share/ament_cmake_auto/cmake)
[1.347s] -- Found Python3: /usr/bin/python3 (found version "3.10.12") found components: Interpreter 
[1.471s] -- Override CMake install command with custom implementation using symlinks instead of copying resources
[1.676s] -- Found ament_lint_auto: 0.12.11 (/opt/ros/humble/share/ament_lint_auto/cmake)
[1.724s] -- Added test 'copyright' to check source files copyright and LICENSE
[1.726s] -- Added test 'lint_cmake' to check CMake code style
[1.728s] -- Added test 'xmllint' to check XML markup files
[1.731s] -- Configuring done
[1.736s] -- Generating done
[1.739s] -- Build files have been written to: /workspaces/isaac_ros-dev/ros_ws/build/zed_ros2
[1.744s] Invoked command in '/workspaces/isaac_ros-dev/ros_ws/build/zed_ros2' returned '0': CMAKE_PREFIX_PATH=/workspaces/isaac_ros-dev/ros_ws/install/zed_wrapper:/workspaces/isaac_ros-dev/ros_ws/install/zed_components:/workspaces/isaac_ros-dev/ros_ws/install/zed_msgs:/workspaces/isaac_ros-dev/ros_ws/install/zed_ros2:/workspaces/isaac_ros-dev/ros_ws/install/ur5e_visual_servo:/usr/local/libcudss-linux-0.3.0.9_cuda12-archive:/opt/ros/humble /usr/bin/cmake /workspaces/isaac_ros-dev/ros_ws/src/zed-ros2-wrapper/zed_ros2 -DAMENT_CMAKE_SYMLINK_INSTALL=1 -DCMAKE_INSTALL_PREFIX=/workspaces/isaac_ros-dev/ros_ws/install/zed_ros2
[1.750s] Invoking command in '/workspaces/isaac_ros-dev/ros_ws/build/zed_ros2': CMAKE_PREFIX_PATH=/workspaces/isaac_ros-dev/ros_ws/install/zed_wrapper:/workspaces/isaac_ros-dev/ros_ws/install/zed_components:/workspaces/isaac_ros-dev/ros_ws/install/zed_msgs:/workspaces/isaac_ros-dev/ros_ws/install/zed_ros2:/workspaces/isaac_ros-dev/ros_ws/install/ur5e_visual_servo:/usr/local/libcudss-linux-0.3.0.9_cuda12-archive:/opt/ros/humble /usr/bin/cmake --build /workspaces/isaac_ros-dev/ros_ws/build/zed_ros2 -- -j12 -l12
[1.823s] Invoked command in '/workspaces/isaac_ros-dev/ros_ws/build/zed_ros2' returned '0': CMAKE_PREFIX_PATH=/workspaces/isaac_ros-dev/ros_ws/install/zed_wrapper:/workspaces/isaac_ros-dev/ros_ws/install/zed_components:/workspaces/isaac_ros-dev/ros_ws/install/zed_msgs:/workspaces/isaac_ros-dev/ros_ws/install/zed_ros2:/workspaces/isaac_ros-dev/ros_ws/install/ur5e_visual_servo:/usr/local/libcudss-linux-0.3.0.9_cuda12-archive:/opt/ros/humble /usr/bin/cmake --build /workspaces/isaac_ros-dev/ros_ws/build/zed_ros2 -- -j12 -l12
[1.826s] Invoking command in '/workspaces/isaac_ros-dev/ros_ws/build/zed_ros2': CMAKE_PREFIX_PATH=/workspaces/isaac_ros-dev/ros_ws/install/zed_wrapper:/workspaces/isaac_ros-dev/ros_ws/install/zed_components:/workspaces/isaac_ros-dev/ros_ws/install/zed_msgs:/workspaces/isaac_ros-dev/ros_ws/install/zed_ros2:/workspaces/isaac_ros-dev/ros_ws/install/ur5e_visual_servo:/usr/local/libcudss-linux-0.3.0.9_cuda12-archive:/opt/ros/humble /usr/bin/cmake --install /workspaces/isaac_ros-dev/ros_ws/build/zed_ros2
[1.842s] -- Install configuration: ""
[1.842s] -- Execute custom install script
[1.843s] -- Symlinking: /workspaces/isaac_ros-dev/ros_ws/install/zed_ros2/share/ament_index/resource_index/package_run_dependencies/zed_ros2
[1.858s] -- Symlinking: /workspaces/isaac_ros-dev/ros_ws/install/zed_ros2/share/ament_index/resource_index/parent_prefix_path/zed_ros2
[1.874s] -- Symlinking: /workspaces/isaac_ros-dev/ros_ws/install/zed_ros2/share/zed_ros2/environment/ament_prefix_path.sh
[1.890s] -- Symlinking: /workspaces/isaac_ros-dev/ros_ws/install/zed_ros2/share/zed_ros2/environment/ament_prefix_path.dsv
[1.904s] -- Symlinking: /workspaces/isaac_ros-dev/ros_ws/install/zed_ros2/share/zed_ros2/environment/path.sh
[1.924s] -- Symlinking: /workspaces/isaac_ros-dev/ros_ws/install/zed_ros2/share/zed_ros2/environment/path.dsv
[1.943s] -- Symlinking: /workspaces/isaac_ros-dev/ros_ws/install/zed_ros2/share/zed_ros2/local_setup.bash
[1.960s] -- Symlinking: /workspaces/isaac_ros-dev/ros_ws/install/zed_ros2/share/zed_ros2/local_setup.sh
[1.978s] -- Symlinking: /workspaces/isaac_ros-dev/ros_ws/install/zed_ros2/share/zed_ros2/local_setup.zsh
[1.996s] -- Symlinking: /workspaces/isaac_ros-dev/ros_ws/install/zed_ros2/share/zed_ros2/local_setup.dsv
[2.013s] -- Symlinking: /workspaces/isaac_ros-dev/ros_ws/install/zed_ros2/share/zed_ros2/package.dsv
[2.031s] -- Symlinking: /workspaces/isaac_ros-dev/ros_ws/install/zed_ros2/share/ament_index/resource_index/packages/zed_ros2
[2.049s] -- Symlinking: /workspaces/isaac_ros-dev/ros_ws/install/zed_ros2/share/zed_ros2/cmake/zed_ros2Config.cmake
[2.067s] -- Symlinking: /workspaces/isaac_ros-dev/ros_ws/install/zed_ros2/share/zed_ros2/cmake/zed_ros2Config-version.cmake
[2.084s] -- Symlinking: /workspaces/isaac_ros-dev/ros_ws/install/zed_ros2/share/zed_ros2/package.xml
[2.107s] Invoked command in '/workspaces/isaac_ros-dev/ros_ws/build/zed_ros2' returned '0': CMAKE_PREFIX_PATH=/workspaces/isaac_ros-dev/ros_ws/install/zed_wrapper:/workspaces/isaac_ros-dev/ros_ws/install/zed_components:/workspaces/isaac_ros-dev/ros_ws/install/zed_msgs:/workspaces/isaac_ros-dev/ros_ws/install/zed_ros2:/workspaces/isaac_ros-dev/ros_ws/install/ur5e_visual_servo:/usr/local/libcudss-linux-0.3.0.9_cuda12-archive:/opt/ros/humble /usr/bin/cmake --install /workspaces/isaac_ros-dev/ros_ws/build/zed_ros2
