[1.988s] Invoking command in '/workspaces/isaac_ros-dev/ros_ws/build/vision': PYTHONPATH=/workspaces/isaac_ros-dev/ros_ws/build/vision/prefix_override:/usr/lib/python3/dist-packages/colcon_core/task/python/colcon_distutils_commands:/workspaces/isaac_ros-dev/ros_ws/install/vision/lib/python3.10/site-packages:${PYTHONPATH} /usr/bin/python3 -W ignore:setup.py install is deprecated -W ignore:easy_install command is deprecated setup.py develop --editable --build-directory /workspaces/isaac_ros-dev/ros_ws/build/vision/build --no-deps symlink_data --force
[2.698s] running develop
[3.160s] running egg_info
[3.189s] writing vision.egg-info/PKG-INFO
[3.189s] writing dependency_links to vision.egg-info/dependency_links.txt
[3.189s] writing entry points to vision.egg-info/entry_points.txt
[3.190s] writing requirements to vision.egg-info/requires.txt
[3.190s] writing top-level names to vision.egg-info/top_level.txt
[3.315s] ERROR setuptools_scm._file_finders.git listing git files failed - pretending there aren't any
[3.514s] reading manifest file 'vision.egg-info/SOURCES.txt'
[3.518s] writing manifest file 'vision.egg-info/SOURCES.txt'
[3.612s] running build_ext
[3.612s] Creating /workspaces/isaac_ros-dev/ros_ws/install/vision/lib/python3.10/site-packages/vision.egg-link (link to .)
[3.613s] Installing vision_node script to /workspaces/isaac_ros-dev/ros_ws/install/vision/lib/vision
[3.614s] 
[3.614s] Installed /workspaces/isaac_ros-dev/ros_ws/build/vision
[3.614s] running symlink_data
[3.615s] symbolically linking /workspaces/isaac_ros-dev/ros_ws/build/vision/resource/vision -> /workspaces/isaac_ros-dev/ros_ws/install/vision/share/ament_index/resource_index/packages
[3.615s] symbolically linking /workspaces/isaac_ros-dev/ros_ws/build/vision/package.xml -> /workspaces/isaac_ros-dev/ros_ws/install/vision/share/vision
[3.616s] symbolically linking /workspaces/isaac_ros-dev/ros_ws/build/vision/launch/vision.launch.py -> /workspaces/isaac_ros-dev/ros_ws/install/vision/share/vision/launch
[3.749s] Invoked command in '/workspaces/isaac_ros-dev/ros_ws/build/vision' returned '0': PYTHONPATH=/workspaces/isaac_ros-dev/ros_ws/build/vision/prefix_override:/usr/lib/python3/dist-packages/colcon_core/task/python/colcon_distutils_commands:/workspaces/isaac_ros-dev/ros_ws/install/vision/lib/python3.10/site-packages:${PYTHONPATH} /usr/bin/python3 -W ignore:setup.py install is deprecated -W ignore:easy_install command is deprecated setup.py develop --editable --build-directory /workspaces/isaac_ros-dev/ros_ws/build/vision/build --no-deps symlink_data --force
