[0.022s] Invoking command in '/workspaces/isaac_ros-dev/ros_ws/build/zed_wrapper': CMAKE_PREFIX_PATH=/workspaces/isaac_ros-dev/ros_ws/install/zed_components:/workspaces/isaac_ros-dev/ros_ws/install/zed_msgs:/workspaces/isaac_ros-dev/ros_ws/install/zed_ros2:/workspaces/isaac_ros-dev/ros_ws/install/ur5e_visual_servo:/workspaces/isaac_ros-dev/ros_ws/install/cake_decorator:/workspaces/isaac_ros-dev/ros_ws/install/zed_wrapper:/usr/local/libcudss-linux-0.3.0.9_cuda12-archive:/workspaces/isaac_ros-dev/ros_ws/install/vision:/workspaces/isaac_ros-dev/ros_ws/install/pattern:/workspaces/isaac_ros-dev/ros_ws/install/control:/opt/ros/humble /usr/bin/cmake --build /workspaces/isaac_ros-dev/ros_ws/build/zed_wrapper -- -j12 -l12
[0.086s] Invoked command in '/workspaces/isaac_ros-dev/ros_ws/build/zed_wrapper' returned '0': CMAKE_PREFIX_PATH=/workspaces/isaac_ros-dev/ros_ws/install/zed_components:/workspaces/isaac_ros-dev/ros_ws/install/zed_msgs:/workspaces/isaac_ros-dev/ros_ws/install/zed_ros2:/workspaces/isaac_ros-dev/ros_ws/install/ur5e_visual_servo:/workspaces/isaac_ros-dev/ros_ws/install/cake_decorator:/workspaces/isaac_ros-dev/ros_ws/install/zed_wrapper:/usr/local/libcudss-linux-0.3.0.9_cuda12-archive:/workspaces/isaac_ros-dev/ros_ws/install/vision:/workspaces/isaac_ros-dev/ros_ws/install/pattern:/workspaces/isaac_ros-dev/ros_ws/install/control:/opt/ros/humble /usr/bin/cmake --build /workspaces/isaac_ros-dev/ros_ws/build/zed_wrapper -- -j12 -l12
[0.089s] Invoking command in '/workspaces/isaac_ros-dev/ros_ws/build/zed_wrapper': CMAKE_PREFIX_PATH=/workspaces/isaac_ros-dev/ros_ws/install/zed_components:/workspaces/isaac_ros-dev/ros_ws/install/zed_msgs:/workspaces/isaac_ros-dev/ros_ws/install/zed_ros2:/workspaces/isaac_ros-dev/ros_ws/install/ur5e_visual_servo:/workspaces/isaac_ros-dev/ros_ws/install/cake_decorator:/workspaces/isaac_ros-dev/ros_ws/install/zed_wrapper:/usr/local/libcudss-linux-0.3.0.9_cuda12-archive:/workspaces/isaac_ros-dev/ros_ws/install/vision:/workspaces/isaac_ros-dev/ros_ws/install/pattern:/workspaces/isaac_ros-dev/ros_ws/install/control:/opt/ros/humble /usr/bin/cmake --install /workspaces/isaac_ros-dev/ros_ws/build/zed_wrapper
[0.100s] -- Install configuration: ""
[0.101s] -- Execute custom install script
[0.102s] -- Up-to-date symlink: /workspaces/isaac_ros-dev/ros_ws/install/zed_wrapper/share/zed_wrapper/config/common_mono.yaml
[0.102s] -- Up-to-date symlink: /workspaces/isaac_ros-dev/ros_ws/install/zed_wrapper/share/zed_wrapper/config/common_stereo.yaml
[0.102s] -- Up-to-date symlink: /workspaces/isaac_ros-dev/ros_ws/install/zed_wrapper/share/zed_wrapper/config/ffmpeg.yaml
[0.102s] -- Up-to-date symlink: /workspaces/isaac_ros-dev/ros_ws/install/zed_wrapper/share/zed_wrapper/config/virtual.yaml
[0.102s] -- Up-to-date symlink: /workspaces/isaac_ros-dev/ros_ws/install/zed_wrapper/share/zed_wrapper/config/zed.yaml
[0.103s] -- Up-to-date symlink: /workspaces/isaac_ros-dev/ros_ws/install/zed_wrapper/share/zed_wrapper/config/zed2.yaml
[0.103s] -- Up-to-date symlink: /workspaces/isaac_ros-dev/ros_ws/install/zed_wrapper/share/zed_wrapper/config/zed2i.yaml
[0.103s] -- Up-to-date symlink: /workspaces/isaac_ros-dev/ros_ws/install/zed_wrapper/share/zed_wrapper/config/zedm.yaml
[0.103s] -- Up-to-date symlink: /workspaces/isaac_ros-dev/ros_ws/install/zed_wrapper/share/zed_wrapper/config/zedx.yaml
[0.103s] -- Up-to-date symlink: /workspaces/isaac_ros-dev/ros_ws/install/zed_wrapper/share/zed_wrapper/config/zedxm.yaml
[0.103s] -- Up-to-date symlink: /workspaces/isaac_ros-dev/ros_ws/install/zed_wrapper/share/zed_wrapper/config/zedxone4k.yaml
[0.103s] -- Up-to-date symlink: /workspaces/isaac_ros-dev/ros_ws/install/zed_wrapper/share/zed_wrapper/config/zedxonegs.yaml
[0.104s] -- Up-to-date symlink: /workspaces/isaac_ros-dev/ros_ws/install/zed_wrapper/share/zed_wrapper/urdf/include/materials.urdf.xacro
[0.104s] -- Up-to-date symlink: /workspaces/isaac_ros-dev/ros_ws/install/zed_wrapper/share/zed_wrapper/urdf/zed_descr.urdf.xacro
[0.104s] -- Up-to-date symlink: /workspaces/isaac_ros-dev/ros_ws/install/zed_wrapper/share/zed_wrapper/urdf/zed_macro.urdf.xacro
[0.105s] -- Up-to-date symlink: /workspaces/isaac_ros-dev/ros_ws/install/zed_wrapper/share/zed_wrapper/launch/zed_camera.launch.py
[0.105s] -- Up-to-date symlink: /workspaces/isaac_ros-dev/ros_ws/install/zed_wrapper/share/ament_index/resource_index/package_run_dependencies/zed_wrapper
[0.105s] -- Up-to-date symlink: /workspaces/isaac_ros-dev/ros_ws/install/zed_wrapper/share/ament_index/resource_index/parent_prefix_path/zed_wrapper
[0.106s] -- Up-to-date symlink: /workspaces/isaac_ros-dev/ros_ws/install/zed_wrapper/share/zed_wrapper/environment/ament_prefix_path.sh
[0.106s] -- Up-to-date symlink: /workspaces/isaac_ros-dev/ros_ws/install/zed_wrapper/share/zed_wrapper/environment/ament_prefix_path.dsv
[0.107s] -- Up-to-date symlink: /workspaces/isaac_ros-dev/ros_ws/install/zed_wrapper/share/zed_wrapper/environment/path.sh
[0.107s] -- Up-to-date symlink: /workspaces/isaac_ros-dev/ros_ws/install/zed_wrapper/share/zed_wrapper/environment/path.dsv
[0.107s] -- Up-to-date symlink: /workspaces/isaac_ros-dev/ros_ws/install/zed_wrapper/share/zed_wrapper/local_setup.bash
[0.107s] -- Up-to-date symlink: /workspaces/isaac_ros-dev/ros_ws/install/zed_wrapper/share/zed_wrapper/local_setup.sh
[0.107s] -- Up-to-date symlink: /workspaces/isaac_ros-dev/ros_ws/install/zed_wrapper/share/zed_wrapper/local_setup.zsh
[0.107s] -- Up-to-date symlink: /workspaces/isaac_ros-dev/ros_ws/install/zed_wrapper/share/zed_wrapper/local_setup.dsv
[0.107s] -- Symlinking: /workspaces/isaac_ros-dev/ros_ws/install/zed_wrapper/share/zed_wrapper/package.dsv
[0.121s] -- Up-to-date symlink: /workspaces/isaac_ros-dev/ros_ws/install/zed_wrapper/share/ament_index/resource_index/packages/zed_wrapper
[0.122s] -- Up-to-date symlink: /workspaces/isaac_ros-dev/ros_ws/install/zed_wrapper/share/zed_wrapper/cmake/zed_wrapperConfig.cmake
[0.122s] -- Up-to-date symlink: /workspaces/isaac_ros-dev/ros_ws/install/zed_wrapper/share/zed_wrapper/cmake/zed_wrapperConfig-version.cmake
[0.122s] -- Up-to-date symlink: /workspaces/isaac_ros-dev/ros_ws/install/zed_wrapper/share/zed_wrapper/package.xml
[0.126s] Invoked command in '/workspaces/isaac_ros-dev/ros_ws/build/zed_wrapper' returned '0': CMAKE_PREFIX_PATH=/workspaces/isaac_ros-dev/ros_ws/install/zed_components:/workspaces/isaac_ros-dev/ros_ws/install/zed_msgs:/workspaces/isaac_ros-dev/ros_ws/install/zed_ros2:/workspaces/isaac_ros-dev/ros_ws/install/ur5e_visual_servo:/workspaces/isaac_ros-dev/ros_ws/install/cake_decorator:/workspaces/isaac_ros-dev/ros_ws/install/zed_wrapper:/usr/local/libcudss-linux-0.3.0.9_cuda12-archive:/workspaces/isaac_ros-dev/ros_ws/install/vision:/workspaces/isaac_ros-dev/ros_ws/install/pattern:/workspaces/isaac_ros-dev/ros_ws/install/control:/opt/ros/humble /usr/bin/cmake --install /workspaces/isaac_ros-dev/ros_ws/build/zed_wrapper
