-- Found ament_cmake: 1.3.11 (/opt/ros/humble/share/ament_cmake/cmake)
-- Found zed_wrapper: 4.2.1 (/workspaces/isaac_ros-dev/ros_ws/install/zed_wrapper/share/zed_wrapper/cmake)
-- Found ur_robot_driver: 2.5.2 (/opt/ros/humble/share/ur_robot_driver/cmake)
-- Found rosidl_generator_c: 3.1.6 (/opt/ros/humble/share/rosidl_generator_c/cmake)
-- Found rosidl_adapter: 3.1.6 (/opt/ros/humble/share/rosidl_adapter/cmake)
-- Found rosidl_generator_cpp: 3.1.6 (/opt/ros/humble/share/rosidl_generator_cpp/cmake)
-- Using all available rosidl_typesupport_c: rosidl_typesupport_fastrtps_c;rosidl_typesupport_introspection_c
-- Using all available rosidl_typesupport_cpp: rosidl_typesupport_fastrtps_cpp;rosidl_typesupport_introspection_cpp
-- Found rmw_implementation_cmake: 6.1.2 (/opt/ros/humble/share/rmw_implementation_cmake/cmake)
-- Found rmw_cyclonedds_cpp: 1.3.4 (/opt/ros/humble/share/rmw_cyclonedds_cpp/cmake)
-- Using RMW implementation 'rmw_cyclonedds_cpp' as default
-- Looking for pthread.h
-- Looking for pthread.h - found
-- Performing Test CMAKE_HAVE_LIBC_PTHREAD
-- Performing Test CMAKE_HAVE_LIBC_PTHREAD - Success
-- Found Threads: TRUE  
-- Found eigen3_cmake_module: 0.1.1 (/opt/ros/humble/share/eigen3_cmake_module/cmake)
-- Found Eigen3: TRUE (found version "3.4.0") 
-- Ensuring Eigen3 include directory is part of orocos-kdl CMake target
-- Found ament_lint_auto: 0.12.11 (/opt/ros/humble/share/ament_lint_auto/cmake)
-- Added test 'flake8' to check Python code syntax and style conventions
-- Added test 'lint_cmake' to check CMake code style
-- Added test 'pep257' to check Python code against some of the docstring style conventions in PEP 257
-- Added test 'xmllint' to check XML markup files
-- Configuring done
-- Generating done
-- Build files have been written to: /workspaces/isaac_ros-dev/ros_ws/build/cake_decorator
-- Install configuration: ""
-- Installing: /workspaces/isaac_ros-dev/ros_ws/install/cake_decorator/share/cake_decorator//urdf
-- Installing: /workspaces/isaac_ros-dev/ros_ws/install/cake_decorator/share/cake_decorator//urdf/romulus.urdf
-- Installing: /workspaces/isaac_ros-dev/ros_ws/install/cake_decorator/share/cake_decorator//launch
-- Installing: /workspaces/isaac_ros-dev/ros_ws/install/cake_decorator/share/cake_decorator//launch/cake_decorator.launch.py
-- Installing: /workspaces/isaac_ros-dev/ros_ws/install/cake_decorator/share/ament_index/resource_index/package_run_dependencies/cake_decorator
-- Installing: /workspaces/isaac_ros-dev/ros_ws/install/cake_decorator/share/ament_index/resource_index/parent_prefix_path/cake_decorator
-- Installing: /workspaces/isaac_ros-dev/ros_ws/install/cake_decorator/share/cake_decorator/environment/ament_prefix_path.sh
-- Installing: /workspaces/isaac_ros-dev/ros_ws/install/cake_decorator/share/cake_decorator/environment/ament_prefix_path.dsv
-- Installing: /workspaces/isaac_ros-dev/ros_ws/install/cake_decorator/share/cake_decorator/environment/path.sh
-- Installing: /workspaces/isaac_ros-dev/ros_ws/install/cake_decorator/share/cake_decorator/environment/path.dsv
-- Installing: /workspaces/isaac_ros-dev/ros_ws/install/cake_decorator/share/cake_decorator/local_setup.bash
-- Installing: /workspaces/isaac_ros-dev/ros_ws/install/cake_decorator/share/cake_decorator/local_setup.sh
-- Installing: /workspaces/isaac_ros-dev/ros_ws/install/cake_decorator/share/cake_decorator/local_setup.zsh
-- Installing: /workspaces/isaac_ros-dev/ros_ws/install/cake_decorator/share/cake_decorator/local_setup.dsv
-- Installing: /workspaces/isaac_ros-dev/ros_ws/install/cake_decorator/share/cake_decorator/package.dsv
-- Installing: /workspaces/isaac_ros-dev/ros_ws/install/cake_decorator/share/ament_index/resource_index/packages/cake_decorator
-- Installing: /workspaces/isaac_ros-dev/ros_ws/install/cake_decorator/share/cake_decorator/cmake/cake_decoratorConfig.cmake
-- Installing: /workspaces/isaac_ros-dev/ros_ws/install/cake_decorator/share/cake_decorator/cmake/cake_decoratorConfig-version.cmake
-- Installing: /workspaces/isaac_ros-dev/ros_ws/install/cake_decorator/share/cake_decorator/package.xml
