[0.039s] Invoking command in '/workspaces/isaac_ros-dev/ros_ws/build/cake_decorator': AMENT_PREFIX_PATH=/workspaces/isaac_ros-dev/ros_ws/install/vision:/workspaces/isaac_ros-dev/ros_ws/install/pattern:/workspaces/isaac_ros-dev/ros_ws/install/control:/workspaces/isaac_ros-dev/ros_ws/install/zed_ros2:/workspaces/isaac_ros-dev/ros_ws/install/ur5e_visual_servo:/workspaces/isaac_ros-dev/ros_ws/install/zed_wrapper:/workspaces/isaac_ros-dev/ros_ws/install/zed_components:/workspaces/isaac_ros-dev/ros_ws/install/zed_msgs:/opt/ros/humble CMAKE_PREFIX_PATH=/workspaces/isaac_ros-dev/ros_ws/install/zed_wrapper:/workspaces/isaac_ros-dev/ros_ws/install/zed_components:/workspaces/isaac_ros-dev/ros_ws/install/zed_msgs:/workspaces/isaac_ros-dev/ros_ws/install/zed_ros2:/workspaces/isaac_ros-dev/ros_ws/install/ur5e_visual_servo:/usr/local/libcudss-linux-0.3.0.9_cuda12-archive:/workspaces/isaac_ros-dev/ros_ws/install/vision:/workspaces/isaac_ros-dev/ros_ws/install/pattern:/workspaces/isaac_ros-dev/ros_ws/install/control:/opt/ros/humble PYTHONPATH=/workspaces/isaac_ros-dev/ros_ws/install/vision/lib/python3.10/site-packages:/workspaces/isaac_ros-dev/ros_ws/install/pattern/lib/python3.10/site-packages:/workspaces/isaac_ros-dev/ros_ws/install/control/lib/python3.10/site-packages:/workspaces/isaac_ros-dev/ros_ws/install/zed_msgs/local/lib/python3.10/dist-packages:/opt/ros/humble/lib/python3.10/site-packages:/opt/ros/humble/local/lib/python3.10/dist-packages:/opt/ros/humble/vcstool:/usr/local/zed/lib /usr/bin/cmake /workspaces/isaac_ros-dev/ros_ws/src/cake_decorator -DCMAKE_INSTALL_PREFIX=/workspaces/isaac_ros-dev/ros_ws/install/cake_decorator
[0.055s] -- Found ament_cmake: 1.3.11 (/opt/ros/humble/share/ament_cmake/cmake)
[0.293s] -- Found zed_wrapper: 4.2.1 (/workspaces/isaac_ros-dev/ros_ws/install/zed_wrapper/share/zed_wrapper/cmake)
[0.305s] -- Found ur_robot_driver: 2.5.2 (/opt/ros/humble/share/ur_robot_driver/cmake)
[0.432s] -- Found rosidl_generator_c: 3.1.6 (/opt/ros/humble/share/rosidl_generator_c/cmake)
[0.444s] -- Found rosidl_adapter: 3.1.6 (/opt/ros/humble/share/rosidl_adapter/cmake)
[0.460s] -- Found rosidl_generator_cpp: 3.1.6 (/opt/ros/humble/share/rosidl_generator_cpp/cmake)
[0.482s] -- Using all available rosidl_typesupport_c: rosidl_typesupport_fastrtps_c;rosidl_typesupport_introspection_c
[0.511s] -- Using all available rosidl_typesupport_cpp: rosidl_typesupport_fastrtps_cpp;rosidl_typesupport_introspection_cpp
[0.869s] -- Found rmw_implementation_cmake: 6.1.2 (/opt/ros/humble/share/rmw_implementation_cmake/cmake)
[0.875s] -- Found rmw_cyclonedds_cpp: 1.3.4 (/opt/ros/humble/share/rmw_cyclonedds_cpp/cmake)
[0.914s] -- Using RMW implementation 'rmw_cyclonedds_cpp' as default
[0.936s] -- Looking for pthread.h
[1.069s] -- Looking for pthread.h - found
[1.070s] -- Performing Test CMAKE_HAVE_LIBC_PTHREAD
[1.208s] -- Performing Test CMAKE_HAVE_LIBC_PTHREAD - Success
[1.211s] -- Found Threads: TRUE  
[1.541s] -- Found eigen3_cmake_module: 0.1.1 (/opt/ros/humble/share/eigen3_cmake_module/cmake)
[1.543s] -- Found Eigen3: TRUE (found version "3.4.0") 
[1.543s] -- Ensuring Eigen3 include directory is part of orocos-kdl CMake target
[1.703s] -- Found ament_lint_auto: 0.12.11 (/opt/ros/humble/share/ament_lint_auto/cmake)
[1.870s] -- Added test 'flake8' to check Python code syntax and style conventions
[1.871s] -- Added test 'lint_cmake' to check CMake code style
[1.872s] -- Added test 'pep257' to check Python code against some of the docstring style conventions in PEP 257
[1.874s] -- Added test 'xmllint' to check XML markup files
[1.877s] -- Configuring done
[1.891s] -- Generating done
[1.896s] -- Build files have been written to: /workspaces/isaac_ros-dev/ros_ws/build/cake_decorator
[1.914s] Invoked command in '/workspaces/isaac_ros-dev/ros_ws/build/cake_decorator' returned '0': AMENT_PREFIX_PATH=/workspaces/isaac_ros-dev/ros_ws/install/vision:/workspaces/isaac_ros-dev/ros_ws/install/pattern:/workspaces/isaac_ros-dev/ros_ws/install/control:/workspaces/isaac_ros-dev/ros_ws/install/zed_ros2:/workspaces/isaac_ros-dev/ros_ws/install/ur5e_visual_servo:/workspaces/isaac_ros-dev/ros_ws/install/zed_wrapper:/workspaces/isaac_ros-dev/ros_ws/install/zed_components:/workspaces/isaac_ros-dev/ros_ws/install/zed_msgs:/opt/ros/humble CMAKE_PREFIX_PATH=/workspaces/isaac_ros-dev/ros_ws/install/zed_wrapper:/workspaces/isaac_ros-dev/ros_ws/install/zed_components:/workspaces/isaac_ros-dev/ros_ws/install/zed_msgs:/workspaces/isaac_ros-dev/ros_ws/install/zed_ros2:/workspaces/isaac_ros-dev/ros_ws/install/ur5e_visual_servo:/usr/local/libcudss-linux-0.3.0.9_cuda12-archive:/workspaces/isaac_ros-dev/ros_ws/install/vision:/workspaces/isaac_ros-dev/ros_ws/install/pattern:/workspaces/isaac_ros-dev/ros_ws/install/control:/opt/ros/humble PYTHONPATH=/workspaces/isaac_ros-dev/ros_ws/install/vision/lib/python3.10/site-packages:/workspaces/isaac_ros-dev/ros_ws/install/pattern/lib/python3.10/site-packages:/workspaces/isaac_ros-dev/ros_ws/install/control/lib/python3.10/site-packages:/workspaces/isaac_ros-dev/ros_ws/install/zed_msgs/local/lib/python3.10/dist-packages:/opt/ros/humble/lib/python3.10/site-packages:/opt/ros/humble/local/lib/python3.10/dist-packages:/opt/ros/humble/vcstool:/usr/local/zed/lib /usr/bin/cmake /workspaces/isaac_ros-dev/ros_ws/src/cake_decorator -DCMAKE_INSTALL_PREFIX=/workspaces/isaac_ros-dev/ros_ws/install/cake_decorator
[1.917s] Invoking command in '/workspaces/isaac_ros-dev/ros_ws/build/cake_decorator': AMENT_PREFIX_PATH=/workspaces/isaac_ros-dev/ros_ws/install/vision:/workspaces/isaac_ros-dev/ros_ws/install/pattern:/workspaces/isaac_ros-dev/ros_ws/install/control:/workspaces/isaac_ros-dev/ros_ws/install/zed_ros2:/workspaces/isaac_ros-dev/ros_ws/install/ur5e_visual_servo:/workspaces/isaac_ros-dev/ros_ws/install/zed_wrapper:/workspaces/isaac_ros-dev/ros_ws/install/zed_components:/workspaces/isaac_ros-dev/ros_ws/install/zed_msgs:/opt/ros/humble CMAKE_PREFIX_PATH=/workspaces/isaac_ros-dev/ros_ws/install/zed_wrapper:/workspaces/isaac_ros-dev/ros_ws/install/zed_components:/workspaces/isaac_ros-dev/ros_ws/install/zed_msgs:/workspaces/isaac_ros-dev/ros_ws/install/zed_ros2:/workspaces/isaac_ros-dev/ros_ws/install/ur5e_visual_servo:/usr/local/libcudss-linux-0.3.0.9_cuda12-archive:/workspaces/isaac_ros-dev/ros_ws/install/vision:/workspaces/isaac_ros-dev/ros_ws/install/pattern:/workspaces/isaac_ros-dev/ros_ws/install/control:/opt/ros/humble PYTHONPATH=/workspaces/isaac_ros-dev/ros_ws/install/vision/lib/python3.10/site-packages:/workspaces/isaac_ros-dev/ros_ws/install/pattern/lib/python3.10/site-packages:/workspaces/isaac_ros-dev/ros_ws/install/control/lib/python3.10/site-packages:/workspaces/isaac_ros-dev/ros_ws/install/zed_msgs/local/lib/python3.10/dist-packages:/opt/ros/humble/lib/python3.10/site-packages:/opt/ros/humble/local/lib/python3.10/dist-packages:/opt/ros/humble/vcstool:/usr/local/zed/lib /usr/bin/cmake --build /workspaces/isaac_ros-dev/ros_ws/build/cake_decorator -- -j12 -l12
[1.991s] Invoked command in '/workspaces/isaac_ros-dev/ros_ws/build/cake_decorator' returned '0': AMENT_PREFIX_PATH=/workspaces/isaac_ros-dev/ros_ws/install/vision:/workspaces/isaac_ros-dev/ros_ws/install/pattern:/workspaces/isaac_ros-dev/ros_ws/install/control:/workspaces/isaac_ros-dev/ros_ws/install/zed_ros2:/workspaces/isaac_ros-dev/ros_ws/install/ur5e_visual_servo:/workspaces/isaac_ros-dev/ros_ws/install/zed_wrapper:/workspaces/isaac_ros-dev/ros_ws/install/zed_components:/workspaces/isaac_ros-dev/ros_ws/install/zed_msgs:/opt/ros/humble CMAKE_PREFIX_PATH=/workspaces/isaac_ros-dev/ros_ws/install/zed_wrapper:/workspaces/isaac_ros-dev/ros_ws/install/zed_components:/workspaces/isaac_ros-dev/ros_ws/install/zed_msgs:/workspaces/isaac_ros-dev/ros_ws/install/zed_ros2:/workspaces/isaac_ros-dev/ros_ws/install/ur5e_visual_servo:/usr/local/libcudss-linux-0.3.0.9_cuda12-archive:/workspaces/isaac_ros-dev/ros_ws/install/vision:/workspaces/isaac_ros-dev/ros_ws/install/pattern:/workspaces/isaac_ros-dev/ros_ws/install/control:/opt/ros/humble PYTHONPATH=/workspaces/isaac_ros-dev/ros_ws/install/vision/lib/python3.10/site-packages:/workspaces/isaac_ros-dev/ros_ws/install/pattern/lib/python3.10/site-packages:/workspaces/isaac_ros-dev/ros_ws/install/control/lib/python3.10/site-packages:/workspaces/isaac_ros-dev/ros_ws/install/zed_msgs/local/lib/python3.10/dist-packages:/opt/ros/humble/lib/python3.10/site-packages:/opt/ros/humble/local/lib/python3.10/dist-packages:/opt/ros/humble/vcstool:/usr/local/zed/lib /usr/bin/cmake --build /workspaces/isaac_ros-dev/ros_ws/build/cake_decorator -- -j12 -l12
[1.996s] Invoking command in '/workspaces/isaac_ros-dev/ros_ws/build/cake_decorator': AMENT_PREFIX_PATH=/workspaces/isaac_ros-dev/ros_ws/install/vision:/workspaces/isaac_ros-dev/ros_ws/install/pattern:/workspaces/isaac_ros-dev/ros_ws/install/control:/workspaces/isaac_ros-dev/ros_ws/install/zed_ros2:/workspaces/isaac_ros-dev/ros_ws/install/ur5e_visual_servo:/workspaces/isaac_ros-dev/ros_ws/install/zed_wrapper:/workspaces/isaac_ros-dev/ros_ws/install/zed_components:/workspaces/isaac_ros-dev/ros_ws/install/zed_msgs:/opt/ros/humble CMAKE_PREFIX_PATH=/workspaces/isaac_ros-dev/ros_ws/install/zed_wrapper:/workspaces/isaac_ros-dev/ros_ws/install/zed_components:/workspaces/isaac_ros-dev/ros_ws/install/zed_msgs:/workspaces/isaac_ros-dev/ros_ws/install/zed_ros2:/workspaces/isaac_ros-dev/ros_ws/install/ur5e_visual_servo:/usr/local/libcudss-linux-0.3.0.9_cuda12-archive:/workspaces/isaac_ros-dev/ros_ws/install/vision:/workspaces/isaac_ros-dev/ros_ws/install/pattern:/workspaces/isaac_ros-dev/ros_ws/install/control:/opt/ros/humble PYTHONPATH=/workspaces/isaac_ros-dev/ros_ws/install/vision/lib/python3.10/site-packages:/workspaces/isaac_ros-dev/ros_ws/install/pattern/lib/python3.10/site-packages:/workspaces/isaac_ros-dev/ros_ws/install/control/lib/python3.10/site-packages:/workspaces/isaac_ros-dev/ros_ws/install/zed_msgs/local/lib/python3.10/dist-packages:/opt/ros/humble/lib/python3.10/site-packages:/opt/ros/humble/local/lib/python3.10/dist-packages:/opt/ros/humble/vcstool:/usr/local/zed/lib /usr/bin/cmake --install /workspaces/isaac_ros-dev/ros_ws/build/cake_decorator
[2.011s] -- Install configuration: ""
[2.012s] -- Installing: /workspaces/isaac_ros-dev/ros_ws/install/cake_decorator/share/cake_decorator//urdf
[2.012s] -- Installing: /workspaces/isaac_ros-dev/ros_ws/install/cake_decorator/share/cake_decorator//urdf/romulus.urdf
[2.012s] -- Installing: /workspaces/isaac_ros-dev/ros_ws/install/cake_decorator/share/cake_decorator//launch
[2.012s] -- Installing: /workspaces/isaac_ros-dev/ros_ws/install/cake_decorator/share/cake_decorator//launch/cake_decorator.launch.py
[2.013s] -- Installing: /workspaces/isaac_ros-dev/ros_ws/install/cake_decorator/share/ament_index/resource_index/package_run_dependencies/cake_decorator
[2.013s] -- Installing: /workspaces/isaac_ros-dev/ros_ws/install/cake_decorator/share/ament_index/resource_index/parent_prefix_path/cake_decorator
[2.013s] -- Installing: /workspaces/isaac_ros-dev/ros_ws/install/cake_decorator/share/cake_decorator/environment/ament_prefix_path.sh
[2.014s] -- Installing: /workspaces/isaac_ros-dev/ros_ws/install/cake_decorator/share/cake_decorator/environment/ament_prefix_path.dsv
[2.014s] -- Installing: /workspaces/isaac_ros-dev/ros_ws/install/cake_decorator/share/cake_decorator/environment/path.sh
[2.014s] -- Installing: /workspaces/isaac_ros-dev/ros_ws/install/cake_decorator/share/cake_decorator/environment/path.dsv
[2.014s] -- Installing: /workspaces/isaac_ros-dev/ros_ws/install/cake_decorator/share/cake_decorator/local_setup.bash
[2.015s] -- Installing: /workspaces/isaac_ros-dev/ros_ws/install/cake_decorator/share/cake_decorator/local_setup.sh
[2.015s] -- Installing: /workspaces/isaac_ros-dev/ros_ws/install/cake_decorator/share/cake_decorator/local_setup.zsh
[2.015s] -- Installing: /workspaces/isaac_ros-dev/ros_ws/install/cake_decorator/share/cake_decorator/local_setup.dsv
[2.015s] -- Installing: /workspaces/isaac_ros-dev/ros_ws/install/cake_decorator/share/cake_decorator/package.dsv
[2.016s] -- Installing: /workspaces/isaac_ros-dev/ros_ws/install/cake_decorator/share/ament_index/resource_index/packages/cake_decorator
[2.016s] -- Installing: /workspaces/isaac_ros-dev/ros_ws/install/cake_decorator/share/cake_decorator/cmake/cake_decoratorConfig.cmake
[2.017s] -- Installing: /workspaces/isaac_ros-dev/ros_ws/install/cake_decorator/share/cake_decorator/cmake/cake_decoratorConfig-version.cmake
[2.017s] -- Installing: /workspaces/isaac_ros-dev/ros_ws/install/cake_decorator/share/cake_decorator/package.xml
[2.021s] Invoked command in '/workspaces/isaac_ros-dev/ros_ws/build/cake_decorator' returned '0': AMENT_PREFIX_PATH=/workspaces/isaac_ros-dev/ros_ws/install/vision:/workspaces/isaac_ros-dev/ros_ws/install/pattern:/workspaces/isaac_ros-dev/ros_ws/install/control:/workspaces/isaac_ros-dev/ros_ws/install/zed_ros2:/workspaces/isaac_ros-dev/ros_ws/install/ur5e_visual_servo:/workspaces/isaac_ros-dev/ros_ws/install/zed_wrapper:/workspaces/isaac_ros-dev/ros_ws/install/zed_components:/workspaces/isaac_ros-dev/ros_ws/install/zed_msgs:/opt/ros/humble CMAKE_PREFIX_PATH=/workspaces/isaac_ros-dev/ros_ws/install/zed_wrapper:/workspaces/isaac_ros-dev/ros_ws/install/zed_components:/workspaces/isaac_ros-dev/ros_ws/install/zed_msgs:/workspaces/isaac_ros-dev/ros_ws/install/zed_ros2:/workspaces/isaac_ros-dev/ros_ws/install/ur5e_visual_servo:/usr/local/libcudss-linux-0.3.0.9_cuda12-archive:/workspaces/isaac_ros-dev/ros_ws/install/vision:/workspaces/isaac_ros-dev/ros_ws/install/pattern:/workspaces/isaac_ros-dev/ros_ws/install/control:/opt/ros/humble PYTHONPATH=/workspaces/isaac_ros-dev/ros_ws/install/vision/lib/python3.10/site-packages:/workspaces/isaac_ros-dev/ros_ws/install/pattern/lib/python3.10/site-packages:/workspaces/isaac_ros-dev/ros_ws/install/control/lib/python3.10/site-packages:/workspaces/isaac_ros-dev/ros_ws/install/zed_msgs/local/lib/python3.10/dist-packages:/opt/ros/humble/lib/python3.10/site-packages:/opt/ros/humble/local/lib/python3.10/dist-packages:/opt/ros/humble/vcstool:/usr/local/zed/lib /usr/bin/cmake --install /workspaces/isaac_ros-dev/ros_ws/build/cake_decorator
