[0.043s] Invoking command in '/workspaces/isaac_ros-dev/ros_ws/build/cake_decorator': AMENT_PREFIX_PATH=/workspaces/isaac_ros-dev/ros_ws/install/vision:/workspaces/isaac_ros-dev/ros_ws/install/pattern:/workspaces/isaac_ros-dev/ros_ws/install/control:/workspaces/isaac_ros-dev/ros_ws/install/zed_ros2:/workspaces/isaac_ros-dev/ros_ws/install/zed_wrapper:/workspaces/isaac_ros-dev/ros_ws/install/zed_components:/workspaces/isaac_ros-dev/ros_ws/install/zed_msgs:/workspaces/isaac_ros-dev/ros_ws/install/ur5e_visual_servo:/opt/ros/humble CMAKE_PREFIX_PATH=/workspaces/isaac_ros-dev/ros_ws/install/zed_wrapper:/workspaces/isaac_ros-dev/ros_ws/install/zed_components:/workspaces/isaac_ros-dev/ros_ws/install/zed_msgs:/workspaces/isaac_ros-dev/ros_ws/install/zed_ros2:/workspaces/isaac_ros-dev/ros_ws/install/ur5e_visual_servo:/usr/local/libcudss-linux-0.3.0.9_cuda12-archive:/workspaces/isaac_ros-dev/ros_ws/install/vision:/opt/ros/humble PYTHONPATH=/workspaces/isaac_ros-dev/ros_ws/install/vision/lib/python3.10/site-packages:/workspaces/isaac_ros-dev/ros_ws/install/pattern/lib/python3.10/site-packages:/workspaces/isaac_ros-dev/ros_ws/install/control/lib/python3.10/site-packages:/workspaces/isaac_ros-dev/ros_ws/install/zed_msgs/local/lib/python3.10/dist-packages:/opt/ros/humble/lib/python3.10/site-packages:/opt/ros/humble/local/lib/python3.10/dist-packages:/opt/ros/humble/vcstool:/usr/local/zed/lib /usr/bin/cmake /workspaces/isaac_ros-dev/ros_ws/src/cake_decorator -DCMAKE_INSTALL_PREFIX=/workspaces/isaac_ros-dev/ros_ws/install/cake_decorator
[0.141s] -- The C compiler identification is GNU 11.4.0
[0.238s] -- The CXX compiler identification is GNU 11.4.0
[0.262s] -- Detecting C compiler ABI info
[0.399s] -- Detecting C compiler ABI info - done
[0.419s] -- Check for working C compiler: /usr/bin/cc - skipped
[0.419s] -- Detecting C compile features
[0.420s] -- Detecting C compile features - done
[0.427s] -- Detecting CXX compiler ABI info
[0.567s] -- Detecting CXX compiler ABI info - done
[0.592s] -- Check for working CXX compiler: /usr/bin/c++ - skipped
[0.593s] -- Detecting CXX compile features
[0.595s] -- Detecting CXX compile features - done
[0.606s] -- Found ament_cmake: 1.3.11 (/opt/ros/humble/share/ament_cmake/cmake)
[1.807s] -- Found Python3: /usr/bin/python3 (found version "3.10.12") found components: Interpreter 
[2.078s] [31mCMake Error at CMakeLists.txt:10 (find_package):
[2.078s]   By not providing "Findvision.cmake" in CMAKE_MODULE_PATH this project has
[2.079s]   asked CMake to find a package configuration file provided by "vision", but
[2.079s]   CMake did not find one.
[2.079s] 
[2.079s]   Could not find a package configuration file provided by "vision" with any
[2.079s]   of the following names:
[2.079s] 
[2.079s]     visionConfig.cmake
[2.079s]     vision-config.cmake
[2.079s] 
[2.079s]   Add the installation prefix of "vision" to CMAKE_PREFIX_PATH or set
[2.080s]   "vision_DIR" to a directory containing one of the above files.  If "vision"
[2.080s]   provides a separate development package or SDK, be sure it has been
[2.080s]   installed.
[2.080s] 
[2.080s] [0m
[2.080s] -- Configuring incomplete, errors occurred!
[2.080s] See also "/workspaces/isaac_ros-dev/ros_ws/build/cake_decorator/CMakeFiles/CMakeOutput.log".
[2.086s] Invoked command in '/workspaces/isaac_ros-dev/ros_ws/build/cake_decorator' returned '1': AMENT_PREFIX_PATH=/workspaces/isaac_ros-dev/ros_ws/install/vision:/workspaces/isaac_ros-dev/ros_ws/install/pattern:/workspaces/isaac_ros-dev/ros_ws/install/control:/workspaces/isaac_ros-dev/ros_ws/install/zed_ros2:/workspaces/isaac_ros-dev/ros_ws/install/zed_wrapper:/workspaces/isaac_ros-dev/ros_ws/install/zed_components:/workspaces/isaac_ros-dev/ros_ws/install/zed_msgs:/workspaces/isaac_ros-dev/ros_ws/install/ur5e_visual_servo:/opt/ros/humble CMAKE_PREFIX_PATH=/workspaces/isaac_ros-dev/ros_ws/install/zed_wrapper:/workspaces/isaac_ros-dev/ros_ws/install/zed_components:/workspaces/isaac_ros-dev/ros_ws/install/zed_msgs:/workspaces/isaac_ros-dev/ros_ws/install/zed_ros2:/workspaces/isaac_ros-dev/ros_ws/install/ur5e_visual_servo:/usr/local/libcudss-linux-0.3.0.9_cuda12-archive:/workspaces/isaac_ros-dev/ros_ws/install/vision:/opt/ros/humble PYTHONPATH=/workspaces/isaac_ros-dev/ros_ws/install/vision/lib/python3.10/site-packages:/workspaces/isaac_ros-dev/ros_ws/install/pattern/lib/python3.10/site-packages:/workspaces/isaac_ros-dev/ros_ws/install/control/lib/python3.10/site-packages:/workspaces/isaac_ros-dev/ros_ws/install/zed_msgs/local/lib/python3.10/dist-packages:/opt/ros/humble/lib/python3.10/site-packages:/opt/ros/humble/local/lib/python3.10/dist-packages:/opt/ros/humble/vcstool:/usr/local/zed/lib /usr/bin/cmake /workspaces/isaac_ros-dev/ros_ws/src/cake_decorator -DCMAKE_INSTALL_PREFIX=/workspaces/isaac_ros-dev/ros_ws/install/cake_decorator
