[0.035s] Invoking command in '/workspaces/isaac_ros-dev/ros_ws/build/zed_ros2': CMAKE_PREFIX_PATH=/workspaces/isaac_ros-dev/ros_ws/install/zed_wrapper:/workspaces/isaac_ros-dev/ros_ws/install/zed_components:/workspaces/isaac_ros-dev/ros_ws/install/zed_msgs:/workspaces/isaac_ros-dev/ros_ws/install/zed_ros2:/workspaces/isaac_ros-dev/ros_ws/install/ur5e_visual_servo:/usr/local/libcudss-linux-0.3.0.9_cuda12-archive:/workspaces/isaac_ros-dev/ros_ws/install/vision:/opt/ros/humble /usr/bin/cmake /workspaces/isaac_ros-dev/ros_ws/src/zed-ros2-wrapper/zed_ros2 -DCMAKE_INSTALL_PREFIX=/workspaces/isaac_ros-dev/ros_ws/install/zed_ros2
[0.054s] -- Found ament_cmake_auto: 1.3.11 (/opt/ros/humble/share/ament_cmake_auto/cmake)
[0.294s] -- Override CMake install command with custom implementation using symlinks instead of copying resources
[0.420s] -- Found ament_lint_auto: 0.12.11 (/opt/ros/humble/share/ament_lint_auto/cmake)
[0.447s] -- Added test 'copyright' to check source files copyright and LICENSE
[0.450s] -- Added test 'lint_cmake' to check CMake code style
[0.452s] -- Added test 'xmllint' to check XML markup files
[0.456s] -- Configuring done
[0.470s] -- Generating done
[0.477s] -- Build files have been written to: /workspaces/isaac_ros-dev/ros_ws/build/zed_ros2
[0.484s] Invoked command in '/workspaces/isaac_ros-dev/ros_ws/build/zed_ros2' returned '0': CMAKE_PREFIX_PATH=/workspaces/isaac_ros-dev/ros_ws/install/zed_wrapper:/workspaces/isaac_ros-dev/ros_ws/install/zed_components:/workspaces/isaac_ros-dev/ros_ws/install/zed_msgs:/workspaces/isaac_ros-dev/ros_ws/install/zed_ros2:/workspaces/isaac_ros-dev/ros_ws/install/ur5e_visual_servo:/usr/local/libcudss-linux-0.3.0.9_cuda12-archive:/workspaces/isaac_ros-dev/ros_ws/install/vision:/opt/ros/humble /usr/bin/cmake /workspaces/isaac_ros-dev/ros_ws/src/zed-ros2-wrapper/zed_ros2 -DCMAKE_INSTALL_PREFIX=/workspaces/isaac_ros-dev/ros_ws/install/zed_ros2
[0.488s] Invoking command in '/workspaces/isaac_ros-dev/ros_ws/build/zed_ros2': CMAKE_PREFIX_PATH=/workspaces/isaac_ros-dev/ros_ws/install/zed_wrapper:/workspaces/isaac_ros-dev/ros_ws/install/zed_components:/workspaces/isaac_ros-dev/ros_ws/install/zed_msgs:/workspaces/isaac_ros-dev/ros_ws/install/zed_ros2:/workspaces/isaac_ros-dev/ros_ws/install/ur5e_visual_servo:/usr/local/libcudss-linux-0.3.0.9_cuda12-archive:/workspaces/isaac_ros-dev/ros_ws/install/vision:/opt/ros/humble /usr/bin/cmake --build /workspaces/isaac_ros-dev/ros_ws/build/zed_ros2 -- -j12 -l12
[0.564s] Invoked command in '/workspaces/isaac_ros-dev/ros_ws/build/zed_ros2' returned '0': CMAKE_PREFIX_PATH=/workspaces/isaac_ros-dev/ros_ws/install/zed_wrapper:/workspaces/isaac_ros-dev/ros_ws/install/zed_components:/workspaces/isaac_ros-dev/ros_ws/install/zed_msgs:/workspaces/isaac_ros-dev/ros_ws/install/zed_ros2:/workspaces/isaac_ros-dev/ros_ws/install/ur5e_visual_servo:/usr/local/libcudss-linux-0.3.0.9_cuda12-archive:/workspaces/isaac_ros-dev/ros_ws/install/vision:/opt/ros/humble /usr/bin/cmake --build /workspaces/isaac_ros-dev/ros_ws/build/zed_ros2 -- -j12 -l12
[0.569s] Invoking command in '/workspaces/isaac_ros-dev/ros_ws/build/zed_ros2': CMAKE_PREFIX_PATH=/workspaces/isaac_ros-dev/ros_ws/install/zed_wrapper:/workspaces/isaac_ros-dev/ros_ws/install/zed_components:/workspaces/isaac_ros-dev/ros_ws/install/zed_msgs:/workspaces/isaac_ros-dev/ros_ws/install/zed_ros2:/workspaces/isaac_ros-dev/ros_ws/install/ur5e_visual_servo:/usr/local/libcudss-linux-0.3.0.9_cuda12-archive:/workspaces/isaac_ros-dev/ros_ws/install/vision:/opt/ros/humble /usr/bin/cmake --install /workspaces/isaac_ros-dev/ros_ws/build/zed_ros2
[0.584s] -- Install configuration: ""
[0.584s] -- Execute custom install script
[0.585s] -- Up-to-date symlink: /workspaces/isaac_ros-dev/ros_ws/install/zed_ros2/share/ament_index/resource_index/package_run_dependencies/zed_ros2
[0.586s] -- Up-to-date symlink: /workspaces/isaac_ros-dev/ros_ws/install/zed_ros2/share/ament_index/resource_index/parent_prefix_path/zed_ros2
[0.586s] -- Up-to-date symlink: /workspaces/isaac_ros-dev/ros_ws/install/zed_ros2/share/zed_ros2/environment/ament_prefix_path.sh
[0.586s] -- Up-to-date symlink: /workspaces/isaac_ros-dev/ros_ws/install/zed_ros2/share/zed_ros2/environment/ament_prefix_path.dsv
[0.587s] -- Up-to-date symlink: /workspaces/isaac_ros-dev/ros_ws/install/zed_ros2/share/zed_ros2/environment/path.sh
[0.587s] -- Up-to-date symlink: /workspaces/isaac_ros-dev/ros_ws/install/zed_ros2/share/zed_ros2/environment/path.dsv
[0.587s] -- Up-to-date symlink: /workspaces/isaac_ros-dev/ros_ws/install/zed_ros2/share/zed_ros2/local_setup.bash
[0.587s] -- Up-to-date symlink: /workspaces/isaac_ros-dev/ros_ws/install/zed_ros2/share/zed_ros2/local_setup.sh
[0.588s] -- Up-to-date symlink: /workspaces/isaac_ros-dev/ros_ws/install/zed_ros2/share/zed_ros2/local_setup.zsh
[0.588s] -- Up-to-date symlink: /workspaces/isaac_ros-dev/ros_ws/install/zed_ros2/share/zed_ros2/local_setup.dsv
[0.588s] -- Symlinking: /workspaces/isaac_ros-dev/ros_ws/install/zed_ros2/share/zed_ros2/package.dsv
[0.609s] -- Up-to-date symlink: /workspaces/isaac_ros-dev/ros_ws/install/zed_ros2/share/ament_index/resource_index/packages/zed_ros2
[0.609s] -- Up-to-date symlink: /workspaces/isaac_ros-dev/ros_ws/install/zed_ros2/share/zed_ros2/cmake/zed_ros2Config.cmake
[0.609s] -- Up-to-date symlink: /workspaces/isaac_ros-dev/ros_ws/install/zed_ros2/share/zed_ros2/cmake/zed_ros2Config-version.cmake
[0.610s] -- Up-to-date symlink: /workspaces/isaac_ros-dev/ros_ws/install/zed_ros2/share/zed_ros2/package.xml
[0.615s] Invoked command in '/workspaces/isaac_ros-dev/ros_ws/build/zed_ros2' returned '0': CMAKE_PREFIX_PATH=/workspaces/isaac_ros-dev/ros_ws/install/zed_wrapper:/workspaces/isaac_ros-dev/ros_ws/install/zed_components:/workspaces/isaac_ros-dev/ros_ws/install/zed_msgs:/workspaces/isaac_ros-dev/ros_ws/install/zed_ros2:/workspaces/isaac_ros-dev/ros_ws/install/ur5e_visual_servo:/usr/local/libcudss-linux-0.3.0.9_cuda12-archive:/workspaces/isaac_ros-dev/ros_ws/install/vision:/opt/ros/humble /usr/bin/cmake --install /workspaces/isaac_ros-dev/ros_ws/build/zed_ros2
