[3.317s] Invoking command in '/workspaces/isaac_ros-dev/ros_ws/src/vision': PYTHONPATH=/workspaces/isaac_ros-dev/ros_ws/build/vision/prefix_override:/usr/lib/python3/dist-packages/colcon_core/task/python/colcon_distutils_commands:/workspaces/isaac_ros-dev/ros_ws/install/vision/lib/python3.10/site-packages:${PYTHONPATH} /usr/bin/python3 -W ignore:setup.py install is deprecated -W ignore:easy_install command is deprecated setup.py egg_info --egg-base ../../build/vision build --build-base /workspaces/isaac_ros-dev/ros_ws/build/vision/build install --record /workspaces/isaac_ros-dev/ros_ws/build/vision/install.log --single-version-externally-managed install_data
[4.043s] running egg_info
[4.072s] writing ../../build/vision/vision.egg-info/PKG-INFO
[4.073s] writing dependency_links to ../../build/vision/vision.egg-info/dependency_links.txt
[4.073s] writing entry points to ../../build/vision/vision.egg-info/entry_points.txt
[4.073s] writing requirements to ../../build/vision/vision.egg-info/requires.txt
[4.074s] writing top-level names to ../../build/vision/vision.egg-info/top_level.txt
[4.207s] writing manifest file '../../build/vision/vision.egg-info/SOURCES.txt'
[4.207s] running build
[4.208s] running build_py
[4.208s] running install
[4.216s] running install_lib
[4.248s] running install_data
[4.248s] running install_egg_info
[4.278s] removing '/workspaces/isaac_ros-dev/ros_ws/install/vision/lib/python3.10/site-packages/vision-0.0.0-py3.10.egg-info' (and everything under it)
[4.278s] Copying ../../build/vision/vision.egg-info to /workspaces/isaac_ros-dev/ros_ws/install/vision/lib/python3.10/site-packages/vision-0.0.0-py3.10.egg-info
[4.281s] running install_scripts
[4.394s] Installing vision_node script to /workspaces/isaac_ros-dev/ros_ws/install/vision/lib/vision
[4.395s] writing list of installed files to '/workspaces/isaac_ros-dev/ros_ws/build/vision/install.log'
[4.490s] Invoked command in '/workspaces/isaac_ros-dev/ros_ws/src/vision' returned '0': PYTHONPATH=/workspaces/isaac_ros-dev/ros_ws/build/vision/prefix_override:/usr/lib/python3/dist-packages/colcon_core/task/python/colcon_distutils_commands:/workspaces/isaac_ros-dev/ros_ws/install/vision/lib/python3.10/site-packages:${PYTHONPATH} /usr/bin/python3 -W ignore:setup.py install is deprecated -W ignore:easy_install command is deprecated setup.py egg_info --egg-base ../../build/vision build --build-base /workspaces/isaac_ros-dev/ros_ws/build/vision/build install --record /workspaces/isaac_ros-dev/ros_ws/build/vision/install.log --single-version-externally-managed install_data
