[0.187s] [34mcolcon[0m [1;30mDEBUG[0m [32mCommand line arguments: ['/usr/bin/colcon', 'build', '--symlink-install'][0m
[0.188s] [34mcolcon[0m [1;30mDEBUG[0m [32mParsed command line arguments: Namespace(log_base=None, log_level=None, verb_name='build', build_base='build', install_base='install', merge_install=False, symlink_install=True, test_result_base=None, continue_on_error=False, executor='parallel', parallel_workers=12, event_handlers=None, ignore_user_meta=False, metas=['./colcon.meta'], base_paths=['.'], packages_ignore=None, packages_ignore_regex=None, paths=None, packages_up_to=None, packages_up_to_regex=None, packages_above=None, packages_above_and_dependencies=None, packages_above_depth=None, packages_select_by_dep=None, packages_skip_by_dep=None, packages_skip_up_to=None, packages_select_build_failed=False, packages_skip_build_finished=False, packages_select_test_failures=False, packages_skip_test_passed=False, packages_select=None, packages_skip=None, packages_select_regex=None, packages_skip_regex=None, packages_start=None, packages_end=None, allow_overriding=[], cmake_args=None, cmake_target=None, cmake_target_skip_unavailable=False, cmake_clean_cache=False, cmake_clean_first=False, cmake_force_configure=False, ament_cmake_args=None, catkin_cmake_args=None, catkin_skip_building_tests=False, verb_parser=<colcon_defaults.argument_parser.defaults.DefaultArgumentsDecorator object at 0xffff880a7160>, verb_extension=<colcon_core.verb.build.BuildVerb object at 0xffff88218430>, main=<bound method BuildVerb.main of <colcon_core.verb.build.BuildVerb object at 0xffff88218430>>)[0m
[0.610s] [34mcolcon.colcon_core.package_discovery[0m [1;30mLevel 1[0m discover_packages(colcon_meta) check parameters
[0.611s] [34mcolcon.colcon_core.package_discovery[0m [1;30mLevel 1[0m discover_packages(recursive) check parameters
[0.611s] [34mcolcon.colcon_core.package_discovery[0m [1;30mLevel 1[0m discover_packages(ignore) check parameters
[0.611s] [34mcolcon.colcon_core.package_discovery[0m [1;30mLevel 1[0m discover_packages(path) check parameters
[0.611s] [34mcolcon.colcon_core.package_discovery[0m [1;30mLevel 1[0m discover_packages(colcon_meta) discover
[0.611s] [34mcolcon.colcon_core.package_discovery[0m [1;30mLevel 1[0m discover_packages(recursive) discover
[0.611s] [34mcolcon.colcon_core.package_discovery[0m [1;30mINFO[0m Crawling recursively for packages in '/workspaces/isaac_ros-dev/ros_ws'
[0.611s] [34mcolcon.colcon_core.package_identification[0m [1;30mLevel 1[0m _identify(.) by extensions ['ignore', 'ignore_ament_install']
[0.612s] [34mcolcon.colcon_core.package_identification[0m [1;30mLevel 1[0m _identify(.) by extension 'ignore'
[0.612s] [34mcolcon.colcon_core.package_identification[0m [1;30mLevel 1[0m _identify(.) by extension 'ignore_ament_install'
[0.612s] [34mcolcon.colcon_core.package_identification[0m [1;30mLevel 1[0m _identify(.) by extensions ['colcon_pkg']
[0.612s] [34mcolcon.colcon_core.package_identification[0m [1;30mLevel 1[0m _identify(.) by extension 'colcon_pkg'
[0.612s] [34mcolcon.colcon_core.package_identification[0m [1;30mLevel 1[0m _identify(.) by extensions ['colcon_meta']
[0.612s] [34mcolcon.colcon_core.package_identification[0m [1;30mLevel 1[0m _identify(.) by extension 'colcon_meta'
[0.612s] [34mcolcon.colcon_core.package_identification[0m [1;30mLevel 1[0m _identify(.) by extensions ['ros']
[0.612s] [34mcolcon.colcon_core.package_identification[0m [1;30mLevel 1[0m _identify(.) by extension 'ros'
[0.635s] [34mcolcon.colcon_core.package_identification[0m [1;30mLevel 1[0m _identify(.) by extensions ['cmake', 'python']
[0.635s] [34mcolcon.colcon_core.package_identification[0m [1;30mLevel 1[0m _identify(.) by extension 'cmake'
[0.635s] [34mcolcon.colcon_core.package_identification[0m [1;30mLevel 1[0m _identify(.) by extension 'python'
[0.635s] [34mcolcon.colcon_core.package_identification[0m [1;30mLevel 1[0m _identify(.) by extensions ['python_setup_py']
[0.635s] [34mcolcon.colcon_core.package_identification[0m [1;30mLevel 1[0m _identify(.) by extension 'python_setup_py'
[0.635s] [34mcolcon.colcon_core.package_identification[0m [1;30mLevel 1[0m _identify(build) by extensions ['ignore', 'ignore_ament_install']
[0.635s] [34mcolcon.colcon_core.package_identification[0m [1;30mLevel 1[0m _identify(build) by extension 'ignore'
[0.635s] [34mcolcon.colcon_core.package_identification[0m [1;30mLevel 1[0m _identify(build) ignored
[0.636s] [34mcolcon.colcon_core.package_identification[0m [1;30mLevel 1[0m _identify(install) by extensions ['ignore', 'ignore_ament_install']
[0.636s] [34mcolcon.colcon_core.package_identification[0m [1;30mLevel 1[0m _identify(install) by extension 'ignore'
[0.636s] [34mcolcon.colcon_core.package_identification[0m [1;30mLevel 1[0m _identify(install) ignored
[0.636s] [34mcolcon.colcon_core.package_identification[0m [1;30mLevel 1[0m _identify(log) by extensions ['ignore', 'ignore_ament_install']
[0.636s] [34mcolcon.colcon_core.package_identification[0m [1;30mLevel 1[0m _identify(log) by extension 'ignore'
[0.636s] [34mcolcon.colcon_core.package_identification[0m [1;30mLevel 1[0m _identify(log) ignored
[0.636s] [34mcolcon.colcon_core.package_identification[0m [1;30mLevel 1[0m _identify(src) by extensions ['ignore', 'ignore_ament_install']
[0.637s] [34mcolcon.colcon_core.package_identification[0m [1;30mLevel 1[0m _identify(src) by extension 'ignore'
[0.637s] [34mcolcon.colcon_core.package_identification[0m [1;30mLevel 1[0m _identify(src) by extension 'ignore_ament_install'
[0.637s] [34mcolcon.colcon_core.package_identification[0m [1;30mLevel 1[0m _identify(src) by extensions ['colcon_pkg']
[0.637s] [34mcolcon.colcon_core.package_identification[0m [1;30mLevel 1[0m _identify(src) by extension 'colcon_pkg'
[0.637s] [34mcolcon.colcon_core.package_identification[0m [1;30mLevel 1[0m _identify(src) by extensions ['colcon_meta']
[0.637s] [34mcolcon.colcon_core.package_identification[0m [1;30mLevel 1[0m _identify(src) by extension 'colcon_meta'
[0.637s] [34mcolcon.colcon_core.package_identification[0m [1;30mLevel 1[0m _identify(src) by extensions ['ros']
[0.637s] [34mcolcon.colcon_core.package_identification[0m [1;30mLevel 1[0m _identify(src) by extension 'ros'
[0.637s] [34mcolcon.colcon_core.package_identification[0m [1;30mLevel 1[0m _identify(src) by extensions ['cmake', 'python']
[0.637s] [34mcolcon.colcon_core.package_identification[0m [1;30mLevel 1[0m _identify(src) by extension 'cmake'
[0.637s] [34mcolcon.colcon_core.package_identification[0m [1;30mLevel 1[0m _identify(src) by extension 'python'
[0.637s] [34mcolcon.colcon_core.package_identification[0m [1;30mLevel 1[0m _identify(src) by extensions ['python_setup_py']
[0.637s] [34mcolcon.colcon_core.package_identification[0m [1;30mLevel 1[0m _identify(src) by extension 'python_setup_py'
[0.638s] [34mcolcon.colcon_core.package_identification[0m [1;30mLevel 1[0m _identify(src/ur5e_visual_servo) by extensions ['ignore', 'ignore_ament_install']
[0.638s] [34mcolcon.colcon_core.package_identification[0m [1;30mLevel 1[0m _identify(src/ur5e_visual_servo) by extension 'ignore'
[0.638s] [34mcolcon.colcon_core.package_identification[0m [1;30mLevel 1[0m _identify(src/ur5e_visual_servo) by extension 'ignore_ament_install'
[0.638s] [34mcolcon.colcon_core.package_identification[0m [1;30mLevel 1[0m _identify(src/ur5e_visual_servo) by extensions ['colcon_pkg']
[0.638s] [34mcolcon.colcon_core.package_identification[0m [1;30mLevel 1[0m _identify(src/ur5e_visual_servo) by extension 'colcon_pkg'
[0.638s] [34mcolcon.colcon_core.package_identification[0m [1;30mLevel 1[0m _identify(src/ur5e_visual_servo) by extensions ['colcon_meta']
[0.638s] [34mcolcon.colcon_core.package_identification[0m [1;30mLevel 1[0m _identify(src/ur5e_visual_servo) by extension 'colcon_meta'
[0.638s] [34mcolcon.colcon_core.package_identification[0m [1;30mLevel 1[0m _identify(src/ur5e_visual_servo) by extensions ['ros']
[0.638s] [34mcolcon.colcon_core.package_identification[0m [1;30mLevel 1[0m _identify(src/ur5e_visual_servo) by extension 'ros'
[0.643s] [34mcolcon.colcon_core.package_identification[0m [1;30mDEBUG[0m [32mPackage 'src/ur5e_visual_servo' with type 'ros.ament_cmake' and name 'ur5e_visual_servo'[0m
[0.643s] [34mcolcon.colcon_core.package_identification[0m [1;30mLevel 1[0m _identify(src/zed-ros2-interfaces) by extensions ['ignore', 'ignore_ament_install']
[0.644s] [34mcolcon.colcon_core.package_identification[0m [1;30mLevel 1[0m _identify(src/zed-ros2-interfaces) by extension 'ignore'
[0.644s] [34mcolcon.colcon_core.package_identification[0m [1;30mLevel 1[0m _identify(src/zed-ros2-interfaces) by extension 'ignore_ament_install'
[0.644s] [34mcolcon.colcon_core.package_identification[0m [1;30mLevel 1[0m _identify(src/zed-ros2-interfaces) by extensions ['colcon_pkg']
[0.644s] [34mcolcon.colcon_core.package_identification[0m [1;30mLevel 1[0m _identify(src/zed-ros2-interfaces) by extension 'colcon_pkg'
[0.644s] [34mcolcon.colcon_core.package_identification[0m [1;30mLevel 1[0m _identify(src/zed-ros2-interfaces) by extensions ['colcon_meta']
[0.644s] [34mcolcon.colcon_core.package_identification[0m [1;30mLevel 1[0m _identify(src/zed-ros2-interfaces) by extension 'colcon_meta'
[0.644s] [34mcolcon.colcon_core.package_identification[0m [1;30mLevel 1[0m _identify(src/zed-ros2-interfaces) by extensions ['ros']
[0.644s] [34mcolcon.colcon_core.package_identification[0m [1;30mLevel 1[0m _identify(src/zed-ros2-interfaces) by extension 'ros'
[0.645s] [34mcolcon.colcon_core.package_identification[0m [1;30mDEBUG[0m [32mPackage 'src/zed-ros2-interfaces' with type 'ros.ament_cmake' and name 'zed_msgs'[0m
[0.646s] [34mcolcon.colcon_core.package_identification[0m [1;30mLevel 1[0m _identify(src/zed-ros2-wrapper) by extensions ['ignore', 'ignore_ament_install']
[0.646s] [34mcolcon.colcon_core.package_identification[0m [1;30mLevel 1[0m _identify(src/zed-ros2-wrapper) by extension 'ignore'
[0.646s] [34mcolcon.colcon_core.package_identification[0m [1;30mLevel 1[0m _identify(src/zed-ros2-wrapper) by extension 'ignore_ament_install'
[0.646s] [34mcolcon.colcon_core.package_identification[0m [1;30mLevel 1[0m _identify(src/zed-ros2-wrapper) by extensions ['colcon_pkg']
[0.646s] [34mcolcon.colcon_core.package_identification[0m [1;30mLevel 1[0m _identify(src/zed-ros2-wrapper) by extension 'colcon_pkg'
[0.646s] [34mcolcon.colcon_core.package_identification[0m [1;30mLevel 1[0m _identify(src/zed-ros2-wrapper) by extensions ['colcon_meta']
[0.646s] [34mcolcon.colcon_core.package_identification[0m [1;30mLevel 1[0m _identify(src/zed-ros2-wrapper) by extension 'colcon_meta'
[0.646s] [34mcolcon.colcon_core.package_identification[0m [1;30mLevel 1[0m _identify(src/zed-ros2-wrapper) by extensions ['ros']
[0.646s] [34mcolcon.colcon_core.package_identification[0m [1;30mLevel 1[0m _identify(src/zed-ros2-wrapper) by extension 'ros'
[0.647s] [34mcolcon.colcon_core.package_identification[0m [1;30mLevel 1[0m _identify(src/zed-ros2-wrapper) by extensions ['cmake', 'python']
[0.647s] [34mcolcon.colcon_core.package_identification[0m [1;30mLevel 1[0m _identify(src/zed-ros2-wrapper) by extension 'cmake'
[0.647s] [34mcolcon.colcon_core.package_identification[0m [1;30mLevel 1[0m _identify(src/zed-ros2-wrapper) by extension 'python'
[0.647s] [34mcolcon.colcon_core.package_identification[0m [1;30mLevel 1[0m _identify(src/zed-ros2-wrapper) by extensions ['python_setup_py']
[0.647s] [34mcolcon.colcon_core.package_identification[0m [1;30mLevel 1[0m _identify(src/zed-ros2-wrapper) by extension 'python_setup_py'
[0.647s] [34mcolcon.colcon_core.package_identification[0m [1;30mLevel 1[0m _identify(src/zed-ros2-wrapper/docker) by extensions ['ignore', 'ignore_ament_install']
[0.647s] [34mcolcon.colcon_core.package_identification[0m [1;30mLevel 1[0m _identify(src/zed-ros2-wrapper/docker) by extension 'ignore'
[0.647s] [34mcolcon.colcon_core.package_identification[0m [1;30mLevel 1[0m _identify(src/zed-ros2-wrapper/docker) by extension 'ignore_ament_install'
[0.647s] [34mcolcon.colcon_core.package_identification[0m [1;30mLevel 1[0m _identify(src/zed-ros2-wrapper/docker) by extensions ['colcon_pkg']
[0.647s] [34mcolcon.colcon_core.package_identification[0m [1;30mLevel 1[0m _identify(src/zed-ros2-wrapper/docker) by extension 'colcon_pkg'
[0.647s] [34mcolcon.colcon_core.package_identification[0m [1;30mLevel 1[0m _identify(src/zed-ros2-wrapper/docker) by extensions ['colcon_meta']
[0.647s] [34mcolcon.colcon_core.package_identification[0m [1;30mLevel 1[0m _identify(src/zed-ros2-wrapper/docker) by extension 'colcon_meta'
[0.648s] [34mcolcon.colcon_core.package_identification[0m [1;30mLevel 1[0m _identify(src/zed-ros2-wrapper/docker) by extensions ['ros']
[0.648s] [34mcolcon.colcon_core.package_identification[0m [1;30mLevel 1[0m _identify(src/zed-ros2-wrapper/docker) by extension 'ros'
[0.648s] [34mcolcon.colcon_core.package_identification[0m [1;30mLevel 1[0m _identify(src/zed-ros2-wrapper/docker) by extensions ['cmake', 'python']
[0.648s] [34mcolcon.colcon_core.package_identification[0m [1;30mLevel 1[0m _identify(src/zed-ros2-wrapper/docker) by extension 'cmake'
[0.648s] [34mcolcon.colcon_core.package_identification[0m [1;30mLevel 1[0m _identify(src/zed-ros2-wrapper/docker) by extension 'python'
[0.648s] [34mcolcon.colcon_core.package_identification[0m [1;30mLevel 1[0m _identify(src/zed-ros2-wrapper/docker) by extensions ['python_setup_py']
[0.648s] [34mcolcon.colcon_core.package_identification[0m [1;30mLevel 1[0m _identify(src/zed-ros2-wrapper/docker) by extension 'python_setup_py'
[0.648s] [34mcolcon.colcon_core.package_identification[0m [1;30mLevel 1[0m _identify(src/zed-ros2-wrapper/images) by extensions ['ignore', 'ignore_ament_install']
[0.648s] [34mcolcon.colcon_core.package_identification[0m [1;30mLevel 1[0m _identify(src/zed-ros2-wrapper/images) by extension 'ignore'
[0.648s] [34mcolcon.colcon_core.package_identification[0m [1;30mLevel 1[0m _identify(src/zed-ros2-wrapper/images) by extension 'ignore_ament_install'
[0.648s] [34mcolcon.colcon_core.package_identification[0m [1;30mLevel 1[0m _identify(src/zed-ros2-wrapper/images) by extensions ['colcon_pkg']
[0.648s] [34mcolcon.colcon_core.package_identification[0m [1;30mLevel 1[0m _identify(src/zed-ros2-wrapper/images) by extension 'colcon_pkg'
[0.648s] [34mcolcon.colcon_core.package_identification[0m [1;30mLevel 1[0m _identify(src/zed-ros2-wrapper/images) by extensions ['colcon_meta']
[0.649s] [34mcolcon.colcon_core.package_identification[0m [1;30mLevel 1[0m _identify(src/zed-ros2-wrapper/images) by extension 'colcon_meta'
[0.649s] [34mcolcon.colcon_core.package_identification[0m [1;30mLevel 1[0m _identify(src/zed-ros2-wrapper/images) by extensions ['ros']
[0.649s] [34mcolcon.colcon_core.package_identification[0m [1;30mLevel 1[0m _identify(src/zed-ros2-wrapper/images) by extension 'ros'
[0.649s] [34mcolcon.colcon_core.package_identification[0m [1;30mLevel 1[0m _identify(src/zed-ros2-wrapper/images) by extensions ['cmake', 'python']
[0.649s] [34mcolcon.colcon_core.package_identification[0m [1;30mLevel 1[0m _identify(src/zed-ros2-wrapper/images) by extension 'cmake'
[0.649s] [34mcolcon.colcon_core.package_identification[0m [1;30mLevel 1[0m _identify(src/zed-ros2-wrapper/images) by extension 'python'
[0.649s] [34mcolcon.colcon_core.package_identification[0m [1;30mLevel 1[0m _identify(src/zed-ros2-wrapper/images) by extensions ['python_setup_py']
[0.649s] [34mcolcon.colcon_core.package_identification[0m [1;30mLevel 1[0m _identify(src/zed-ros2-wrapper/images) by extension 'python_setup_py'
[0.649s] [34mcolcon.colcon_core.package_identification[0m [1;30mLevel 1[0m _identify(src/zed-ros2-wrapper/zed_components) by extensions ['ignore', 'ignore_ament_install']
[0.649s] [34mcolcon.colcon_core.package_identification[0m [1;30mLevel 1[0m _identify(src/zed-ros2-wrapper/zed_components) by extension 'ignore'
[0.649s] [34mcolcon.colcon_core.package_identification[0m [1;30mLevel 1[0m _identify(src/zed-ros2-wrapper/zed_components) by extension 'ignore_ament_install'
[0.649s] [34mcolcon.colcon_core.package_identification[0m [1;30mLevel 1[0m _identify(src/zed-ros2-wrapper/zed_components) by extensions ['colcon_pkg']
[0.650s] [34mcolcon.colcon_core.package_identification[0m [1;30mLevel 1[0m _identify(src/zed-ros2-wrapper/zed_components) by extension 'colcon_pkg'
[0.650s] [34mcolcon.colcon_core.package_identification[0m [1;30mLevel 1[0m _identify(src/zed-ros2-wrapper/zed_components) by extensions ['colcon_meta']
[0.650s] [34mcolcon.colcon_core.package_identification[0m [1;30mLevel 1[0m _identify(src/zed-ros2-wrapper/zed_components) by extension 'colcon_meta'
[0.650s] [34mcolcon.colcon_core.package_identification[0m [1;30mLevel 1[0m _identify(src/zed-ros2-wrapper/zed_components) by extensions ['ros']
[0.650s] [34mcolcon.colcon_core.package_identification[0m [1;30mLevel 1[0m _identify(src/zed-ros2-wrapper/zed_components) by extension 'ros'
[0.651s] [34mcolcon.colcon_core.package_identification[0m [1;30mDEBUG[0m [32mPackage 'src/zed-ros2-wrapper/zed_components' with type 'ros.ament_cmake' and name 'zed_components'[0m
[0.652s] [34mcolcon.colcon_core.package_identification[0m [1;30mLevel 1[0m _identify(src/zed-ros2-wrapper/zed_ros2) by extensions ['ignore', 'ignore_ament_install']
[0.652s] [34mcolcon.colcon_core.package_identification[0m [1;30mLevel 1[0m _identify(src/zed-ros2-wrapper/zed_ros2) by extension 'ignore'
[0.652s] [34mcolcon.colcon_core.package_identification[0m [1;30mLevel 1[0m _identify(src/zed-ros2-wrapper/zed_ros2) by extension 'ignore_ament_install'
[0.652s] [34mcolcon.colcon_core.package_identification[0m [1;30mLevel 1[0m _identify(src/zed-ros2-wrapper/zed_ros2) by extensions ['colcon_pkg']
[0.652s] [34mcolcon.colcon_core.package_identification[0m [1;30mLevel 1[0m _identify(src/zed-ros2-wrapper/zed_ros2) by extension 'colcon_pkg'
[0.652s] [34mcolcon.colcon_core.package_identification[0m [1;30mLevel 1[0m _identify(src/zed-ros2-wrapper/zed_ros2) by extensions ['colcon_meta']
[0.652s] [34mcolcon.colcon_core.package_identification[0m [1;30mLevel 1[0m _identify(src/zed-ros2-wrapper/zed_ros2) by extension 'colcon_meta'
[0.652s] [34mcolcon.colcon_core.package_identification[0m [1;30mLevel 1[0m _identify(src/zed-ros2-wrapper/zed_ros2) by extensions ['ros']
[0.652s] [34mcolcon.colcon_core.package_identification[0m [1;30mLevel 1[0m _identify(src/zed-ros2-wrapper/zed_ros2) by extension 'ros'
[0.653s] [34mcolcon.colcon_core.package_identification[0m [1;30mDEBUG[0m [32mPackage 'src/zed-ros2-wrapper/zed_ros2' with type 'ros.ament_cmake' and name 'zed_ros2'[0m
[0.653s] [34mcolcon.colcon_core.package_identification[0m [1;30mLevel 1[0m _identify(src/zed-ros2-wrapper/zed_wrapper) by extensions ['ignore', 'ignore_ament_install']
[0.654s] [34mcolcon.colcon_core.package_identification[0m [1;30mLevel 1[0m _identify(src/zed-ros2-wrapper/zed_wrapper) by extension 'ignore'
[0.654s] [34mcolcon.colcon_core.package_identification[0m [1;30mLevel 1[0m _identify(src/zed-ros2-wrapper/zed_wrapper) by extension 'ignore_ament_install'
[0.654s] [34mcolcon.colcon_core.package_identification[0m [1;30mLevel 1[0m _identify(src/zed-ros2-wrapper/zed_wrapper) by extensions ['colcon_pkg']
[0.654s] [34mcolcon.colcon_core.package_identification[0m [1;30mLevel 1[0m _identify(src/zed-ros2-wrapper/zed_wrapper) by extension 'colcon_pkg'
[0.654s] [34mcolcon.colcon_core.package_identification[0m [1;30mLevel 1[0m _identify(src/zed-ros2-wrapper/zed_wrapper) by extensions ['colcon_meta']
[0.654s] [34mcolcon.colcon_core.package_identification[0m [1;30mLevel 1[0m _identify(src/zed-ros2-wrapper/zed_wrapper) by extension 'colcon_meta'
[0.654s] [34mcolcon.colcon_core.package_identification[0m [1;30mLevel 1[0m _identify(src/zed-ros2-wrapper/zed_wrapper) by extensions ['ros']
[0.654s] [34mcolcon.colcon_core.package_identification[0m [1;30mLevel 1[0m _identify(src/zed-ros2-wrapper/zed_wrapper) by extension 'ros'
[0.655s] [34mcolcon.colcon_core.package_identification[0m [1;30mDEBUG[0m [32mPackage 'src/zed-ros2-wrapper/zed_wrapper' with type 'ros.ament_cmake' and name 'zed_wrapper'[0m
[0.655s] [34mcolcon.colcon_core.package_discovery[0m [1;30mLevel 1[0m discover_packages(recursive) using defaults
[0.655s] [34mcolcon.colcon_core.package_discovery[0m [1;30mLevel 1[0m discover_packages(ignore) discover
[0.655s] [34mcolcon.colcon_core.package_discovery[0m [1;30mLevel 1[0m discover_packages(ignore) using defaults
[0.655s] [34mcolcon.colcon_core.package_discovery[0m [1;30mLevel 1[0m discover_packages(path) discover
[0.655s] [34mcolcon.colcon_core.package_discovery[0m [1;30mLevel 1[0m discover_packages(path) using defaults
[0.683s] [34mcolcon.colcon_core.package_discovery[0m [1;30mLevel 1[0m discover_packages(prefix_path) check parameters
[0.683s] [34mcolcon.colcon_core.package_discovery[0m [1;30mLevel 1[0m discover_packages(prefix_path) discover
[0.687s] [34mcolcon.colcon_installed_package_information.package_discovery[0m [1;30mDEBUG[0m [32mFound 5 installed packages in /workspaces/isaac_ros-dev/ros_ws/install[0m
[0.689s] [34mcolcon.colcon_installed_package_information.package_discovery[0m [1;30mDEBUG[0m [32mFound 439 installed packages in /opt/ros/humble[0m
[0.692s] [34mcolcon.colcon_core.package_discovery[0m [1;30mLevel 1[0m discover_packages(prefix_path) using defaults
[0.765s] [34mcolcon.colcon_core.verb[0m [1;30mLevel 5[0m set package 'ur5e_visual_servo' build argument 'cmake_args' from command line to 'None'
[0.765s] [34mcolcon.colcon_core.verb[0m [1;30mLevel 5[0m set package 'ur5e_visual_servo' build argument 'cmake_target' from command line to 'None'
[0.765s] [34mcolcon.colcon_core.verb[0m [1;30mLevel 5[0m set package 'ur5e_visual_servo' build argument 'cmake_target_skip_unavailable' from command line to 'False'
[0.765s] [34mcolcon.colcon_core.verb[0m [1;30mLevel 5[0m set package 'ur5e_visual_servo' build argument 'cmake_clean_cache' from command line to 'False'
[0.765s] [34mcolcon.colcon_core.verb[0m [1;30mLevel 5[0m set package 'ur5e_visual_servo' build argument 'cmake_clean_first' from command line to 'False'
[0.765s] [34mcolcon.colcon_core.verb[0m [1;30mLevel 5[0m set package 'ur5e_visual_servo' build argument 'cmake_force_configure' from command line to 'False'
[0.765s] [34mcolcon.colcon_core.verb[0m [1;30mLevel 5[0m set package 'ur5e_visual_servo' build argument 'ament_cmake_args' from command line to 'None'
[0.765s] [34mcolcon.colcon_core.verb[0m [1;30mLevel 5[0m set package 'ur5e_visual_servo' build argument 'catkin_cmake_args' from command line to 'None'
[0.765s] [34mcolcon.colcon_core.verb[0m [1;30mLevel 5[0m set package 'ur5e_visual_servo' build argument 'catkin_skip_building_tests' from command line to 'False'
[0.765s] [34mcolcon.colcon_core.verb[0m [1;30mDEBUG[0m [32mBuilding package 'ur5e_visual_servo' with the following arguments: {'ament_cmake_args': None, 'build_base': '/workspaces/isaac_ros-dev/ros_ws/build/ur5e_visual_servo', 'catkin_cmake_args': None, 'catkin_skip_building_tests': False, 'cmake_args': None, 'cmake_clean_cache': False, 'cmake_clean_first': False, 'cmake_force_configure': False, 'cmake_target': None, 'cmake_target_skip_unavailable': False, 'install_base': '/workspaces/isaac_ros-dev/ros_ws/install/ur5e_visual_servo', 'merge_install': False, 'path': '/workspaces/isaac_ros-dev/ros_ws/src/ur5e_visual_servo', 'symlink_install': True, 'test_result_base': None}[0m
[0.766s] [34mcolcon.colcon_core.verb[0m [1;30mLevel 5[0m set package 'zed_msgs' build argument 'cmake_args' from command line to 'None'
[0.766s] [34mcolcon.colcon_core.verb[0m [1;30mLevel 5[0m set package 'zed_msgs' build argument 'cmake_target' from command line to 'None'
[0.766s] [34mcolcon.colcon_core.verb[0m [1;30mLevel 5[0m set package 'zed_msgs' build argument 'cmake_target_skip_unavailable' from command line to 'False'
[0.766s] [34mcolcon.colcon_core.verb[0m [1;30mLevel 5[0m set package 'zed_msgs' build argument 'cmake_clean_cache' from command line to 'False'
[0.766s] [34mcolcon.colcon_core.verb[0m [1;30mLevel 5[0m set package 'zed_msgs' build argument 'cmake_clean_first' from command line to 'False'
[0.766s] [34mcolcon.colcon_core.verb[0m [1;30mLevel 5[0m set package 'zed_msgs' build argument 'cmake_force_configure' from command line to 'False'
[0.766s] [34mcolcon.colcon_core.verb[0m [1;30mLevel 5[0m set package 'zed_msgs' build argument 'ament_cmake_args' from command line to 'None'
[0.766s] [34mcolcon.colcon_core.verb[0m [1;30mLevel 5[0m set package 'zed_msgs' build argument 'catkin_cmake_args' from command line to 'None'
[0.767s] [34mcolcon.colcon_core.verb[0m [1;30mLevel 5[0m set package 'zed_msgs' build argument 'catkin_skip_building_tests' from command line to 'False'
[0.767s] [34mcolcon.colcon_core.verb[0m [1;30mDEBUG[0m [32mBuilding package 'zed_msgs' with the following arguments: {'ament_cmake_args': None, 'build_base': '/workspaces/isaac_ros-dev/ros_ws/build/zed_msgs', 'catkin_cmake_args': None, 'catkin_skip_building_tests': False, 'cmake_args': None, 'cmake_clean_cache': False, 'cmake_clean_first': False, 'cmake_force_configure': False, 'cmake_target': None, 'cmake_target_skip_unavailable': False, 'install_base': '/workspaces/isaac_ros-dev/ros_ws/install/zed_msgs', 'merge_install': False, 'path': '/workspaces/isaac_ros-dev/ros_ws/src/zed-ros2-interfaces', 'symlink_install': True, 'test_result_base': None}[0m
[0.767s] [34mcolcon.colcon_core.verb[0m [1;30mLevel 5[0m set package 'zed_components' build argument 'cmake_args' from command line to 'None'
[0.767s] [34mcolcon.colcon_core.verb[0m [1;30mLevel 5[0m set package 'zed_components' build argument 'cmake_target' from command line to 'None'
[0.767s] [34mcolcon.colcon_core.verb[0m [1;30mLevel 5[0m set package 'zed_components' build argument 'cmake_target_skip_unavailable' from command line to 'False'
[0.767s] [34mcolcon.colcon_core.verb[0m [1;30mLevel 5[0m set package 'zed_components' build argument 'cmake_clean_cache' from command line to 'False'
[0.767s] [34mcolcon.colcon_core.verb[0m [1;30mLevel 5[0m set package 'zed_components' build argument 'cmake_clean_first' from command line to 'False'
[0.767s] [34mcolcon.colcon_core.verb[0m [1;30mLevel 5[0m set package 'zed_components' build argument 'cmake_force_configure' from command line to 'False'
[0.767s] [34mcolcon.colcon_core.verb[0m [1;30mLevel 5[0m set package 'zed_components' build argument 'ament_cmake_args' from command line to 'None'
[0.767s] [34mcolcon.colcon_core.verb[0m [1;30mLevel 5[0m set package 'zed_components' build argument 'catkin_cmake_args' from command line to 'None'
[0.767s] [34mcolcon.colcon_core.verb[0m [1;30mLevel 5[0m set package 'zed_components' build argument 'catkin_skip_building_tests' from command line to 'False'
[0.768s] [34mcolcon.colcon_core.verb[0m [1;30mDEBUG[0m [32mBuilding package 'zed_components' with the following arguments: {'ament_cmake_args': None, 'build_base': '/workspaces/isaac_ros-dev/ros_ws/build/zed_components', 'catkin_cmake_args': None, 'catkin_skip_building_tests': False, 'cmake_args': None, 'cmake_clean_cache': False, 'cmake_clean_first': False, 'cmake_force_configure': False, 'cmake_target': None, 'cmake_target_skip_unavailable': False, 'install_base': '/workspaces/isaac_ros-dev/ros_ws/install/zed_components', 'merge_install': False, 'path': '/workspaces/isaac_ros-dev/ros_ws/src/zed-ros2-wrapper/zed_components', 'symlink_install': True, 'test_result_base': None}[0m
[0.768s] [34mcolcon.colcon_core.verb[0m [1;30mLevel 5[0m set package 'zed_wrapper' build argument 'cmake_args' from command line to 'None'
[0.768s] [34mcolcon.colcon_core.verb[0m [1;30mLevel 5[0m set package 'zed_wrapper' build argument 'cmake_target' from command line to 'None'
[0.768s] [34mcolcon.colcon_core.verb[0m [1;30mLevel 5[0m set package 'zed_wrapper' build argument 'cmake_target_skip_unavailable' from command line to 'False'
[0.768s] [34mcolcon.colcon_core.verb[0m [1;30mLevel 5[0m set package 'zed_wrapper' build argument 'cmake_clean_cache' from command line to 'False'
[0.768s] [34mcolcon.colcon_core.verb[0m [1;30mLevel 5[0m set package 'zed_wrapper' build argument 'cmake_clean_first' from command line to 'False'
[0.768s] [34mcolcon.colcon_core.verb[0m [1;30mLevel 5[0m set package 'zed_wrapper' build argument 'cmake_force_configure' from command line to 'False'
[0.768s] [34mcolcon.colcon_core.verb[0m [1;30mLevel 5[0m set package 'zed_wrapper' build argument 'ament_cmake_args' from command line to 'None'
[0.768s] [34mcolcon.colcon_core.verb[0m [1;30mLevel 5[0m set package 'zed_wrapper' build argument 'catkin_cmake_args' from command line to 'None'
[0.768s] [34mcolcon.colcon_core.verb[0m [1;30mLevel 5[0m set package 'zed_wrapper' build argument 'catkin_skip_building_tests' from command line to 'False'
[0.768s] [34mcolcon.colcon_core.verb[0m [1;30mDEBUG[0m [32mBuilding package 'zed_wrapper' with the following arguments: {'ament_cmake_args': None, 'build_base': '/workspaces/isaac_ros-dev/ros_ws/build/zed_wrapper', 'catkin_cmake_args': None, 'catkin_skip_building_tests': False, 'cmake_args': None, 'cmake_clean_cache': False, 'cmake_clean_first': False, 'cmake_force_configure': False, 'cmake_target': None, 'cmake_target_skip_unavailable': False, 'install_base': '/workspaces/isaac_ros-dev/ros_ws/install/zed_wrapper', 'merge_install': False, 'path': '/workspaces/isaac_ros-dev/ros_ws/src/zed-ros2-wrapper/zed_wrapper', 'symlink_install': True, 'test_result_base': None}[0m
[0.769s] [34mcolcon.colcon_core.verb[0m [1;30mLevel 5[0m set package 'zed_ros2' build argument 'cmake_args' from command line to 'None'
[0.769s] [34mcolcon.colcon_core.verb[0m [1;30mLevel 5[0m set package 'zed_ros2' build argument 'cmake_target' from command line to 'None'
[0.769s] [34mcolcon.colcon_core.verb[0m [1;30mLevel 5[0m set package 'zed_ros2' build argument 'cmake_target_skip_unavailable' from command line to 'False'
[0.769s] [34mcolcon.colcon_core.verb[0m [1;30mLevel 5[0m set package 'zed_ros2' build argument 'cmake_clean_cache' from command line to 'False'
[0.769s] [34mcolcon.colcon_core.verb[0m [1;30mLevel 5[0m set package 'zed_ros2' build argument 'cmake_clean_first' from command line to 'False'
[0.769s] [34mcolcon.colcon_core.verb[0m [1;30mLevel 5[0m set package 'zed_ros2' build argument 'cmake_force_configure' from command line to 'False'
[0.769s] [34mcolcon.colcon_core.verb[0m [1;30mLevel 5[0m set package 'zed_ros2' build argument 'ament_cmake_args' from command line to 'None'
[0.769s] [34mcolcon.colcon_core.verb[0m [1;30mLevel 5[0m set package 'zed_ros2' build argument 'catkin_cmake_args' from command line to 'None'
[0.769s] [34mcolcon.colcon_core.verb[0m [1;30mLevel 5[0m set package 'zed_ros2' build argument 'catkin_skip_building_tests' from command line to 'False'
[0.769s] [34mcolcon.colcon_core.verb[0m [1;30mDEBUG[0m [32mBuilding package 'zed_ros2' with the following arguments: {'ament_cmake_args': None, 'build_base': '/workspaces/isaac_ros-dev/ros_ws/build/zed_ros2', 'catkin_cmake_args': None, 'catkin_skip_building_tests': False, 'cmake_args': None, 'cmake_clean_cache': False, 'cmake_clean_first': False, 'cmake_force_configure': False, 'cmake_target': None, 'cmake_target_skip_unavailable': False, 'install_base': '/workspaces/isaac_ros-dev/ros_ws/install/zed_ros2', 'merge_install': False, 'path': '/workspaces/isaac_ros-dev/ros_ws/src/zed-ros2-wrapper/zed_ros2', 'symlink_install': True, 'test_result_base': None}[0m
[0.769s] [34mcolcon.colcon_core.executor[0m [1;30mINFO[0m Executing jobs using 'parallel' executor
[0.771s] [34mcolcon.colcon_parallel_executor.executor.parallel[0m [1;30mDEBUG[0m [32mrun_until_complete[0m
[0.772s] [34mcolcon.colcon_ros.task.ament_cmake.build[0m [1;30mINFO[0m Building ROS package in '/workspaces/isaac_ros-dev/ros_ws/src/zed-ros2-interfaces' with build type 'ament_cmake'
[0.772s] [34mcolcon.colcon_cmake.task.cmake.build[0m [1;30mINFO[0m Building CMake package in '/workspaces/isaac_ros-dev/ros_ws/src/zed-ros2-interfaces'
[0.776s] [34mcolcon.colcon_core.plugin_system[0m [1;30mINFO[0m Skipping extension 'colcon_core.shell.bat': Not used on non-Windows systems
[0.776s] [34mcolcon.colcon_core.shell[0m [1;30mINFO[0m Skip shell extension 'powershell' for command environment: Not usable outside of PowerShell
[0.776s] [34mcolcon.colcon_core.shell[0m [1;30mDEBUG[0m [32mSkip shell extension 'dsv' for command environment[0m
[0.783s] [34mcolcon.colcon_ros.task.ament_cmake.build[0m [1;30mINFO[0m Building ROS package in '/workspaces/isaac_ros-dev/ros_ws/src/ur5e_visual_servo' with build type 'ament_cmake'
[0.783s] [34mcolcon.colcon_cmake.task.cmake.build[0m [1;30mINFO[0m Building CMake package in '/workspaces/isaac_ros-dev/ros_ws/src/ur5e_visual_servo'
[0.784s] [34mcolcon.colcon_core.shell[0m [1;30mINFO[0m Skip shell extension 'powershell' for command environment: Not usable outside of PowerShell
[0.784s] [34mcolcon.colcon_core.shell[0m [1;30mDEBUG[0m [32mSkip shell extension 'dsv' for command environment[0m
[0.798s] [34mcolcon.colcon_core.event_handler.log_command[0m [1;30mDEBUG[0m [32mInvoking command in '/workspaces/isaac_ros-dev/ros_ws/build/zed_msgs': CMAKE_PREFIX_PATH=${CMAKE_PREFIX_PATH}:/opt/ros/humble /usr/bin/cmake --build /workspaces/isaac_ros-dev/ros_ws/build/zed_msgs -- -j12 -l12[0m
[0.805s] [34mcolcon.colcon_core.event_handler.log_command[0m [1;30mDEBUG[0m [32mInvoking command in '/workspaces/isaac_ros-dev/ros_ws/build/ur5e_visual_servo': CMAKE_PREFIX_PATH=${CMAKE_PREFIX_PATH}:/opt/ros/humble /usr/bin/cmake --build /workspaces/isaac_ros-dev/ros_ws/build/ur5e_visual_servo -- -j12 -l12[0m
[0.879s] [34mcolcon.colcon_core.event_handler.log_command[0m [1;30mDEBUG[0m [32mInvoked command in '/workspaces/isaac_ros-dev/ros_ws/build/ur5e_visual_servo' returned '0': CMAKE_PREFIX_PATH=${CMAKE_PREFIX_PATH}:/opt/ros/humble /usr/bin/cmake --build /workspaces/isaac_ros-dev/ros_ws/build/ur5e_visual_servo -- -j12 -l12[0m
[0.898s] [34mcolcon.colcon_core.event_handler.log_command[0m [1;30mDEBUG[0m [32mInvoking command in '/workspaces/isaac_ros-dev/ros_ws/build/ur5e_visual_servo': CMAKE_PREFIX_PATH=${CMAKE_PREFIX_PATH}:/opt/ros/humble /usr/bin/cmake --install /workspaces/isaac_ros-dev/ros_ws/build/ur5e_visual_servo[0m
[0.937s] [34mcolcon.colcon_core.environment[0m [1;30mLevel 1[0m create_environment_scripts_only(ur5e_visual_servo)
[0.938s] [34mcolcon.colcon_core.event_handler.log_command[0m [1;30mDEBUG[0m [32mInvoked command in '/workspaces/isaac_ros-dev/ros_ws/build/ur5e_visual_servo' returned '0': CMAKE_PREFIX_PATH=${CMAKE_PREFIX_PATH}:/opt/ros/humble /usr/bin/cmake --install /workspaces/isaac_ros-dev/ros_ws/build/ur5e_visual_servo[0m
[0.945s] [34mcolcon.colcon_core.environment[0m [1;30mLevel 1[0m checking '/workspaces/isaac_ros-dev/ros_ws/install/ur5e_visual_servo' for CMake module files
[0.947s] [34mcolcon.colcon_core.environment[0m [1;30mLevel 1[0m checking '/workspaces/isaac_ros-dev/ros_ws/install/ur5e_visual_servo' for CMake config files
[0.948s] [34mcolcon.colcon_core.shell[0m [1;30mLevel 1[0m create_environment_hook('ur5e_visual_servo', 'cmake_prefix_path')
[0.949s] [34mcolcon.colcon_core.shell[0m [1;30mINFO[0m Creating environment hook '/workspaces/isaac_ros-dev/ros_ws/install/ur5e_visual_servo/share/ur5e_visual_servo/hook/cmake_prefix_path.ps1'
[0.951s] [34mcolcon.colcon_core.shell[0m [1;30mINFO[0m Creating environment descriptor '/workspaces/isaac_ros-dev/ros_ws/install/ur5e_visual_servo/share/ur5e_visual_servo/hook/cmake_prefix_path.dsv'
[0.952s] [34mcolcon.colcon_core.shell[0m [1;30mINFO[0m Creating environment hook '/workspaces/isaac_ros-dev/ros_ws/install/ur5e_visual_servo/share/ur5e_visual_servo/hook/cmake_prefix_path.sh'
[0.955s] [34mcolcon.colcon_core.environment[0m [1;30mLevel 1[0m checking '/workspaces/isaac_ros-dev/ros_ws/install/ur5e_visual_servo/lib'
[0.955s] [34mcolcon.colcon_core.environment[0m [1;30mLevel 1[0m checking '/workspaces/isaac_ros-dev/ros_ws/install/ur5e_visual_servo/bin'
[0.955s] [34mcolcon.colcon_core.environment[0m [1;30mLevel 1[0m checking '/workspaces/isaac_ros-dev/ros_ws/install/ur5e_visual_servo/lib/pkgconfig/ur5e_visual_servo.pc'
[0.957s] [34mcolcon.colcon_core.environment[0m [1;30mLevel 1[0m checking '/workspaces/isaac_ros-dev/ros_ws/install/ur5e_visual_servo/lib/python3.10/site-packages'
[0.958s] [34mcolcon.colcon_core.environment[0m [1;30mLevel 1[0m checking '/workspaces/isaac_ros-dev/ros_ws/install/ur5e_visual_servo/bin'
[0.958s] [34mcolcon.colcon_core.shell[0m [1;30mINFO[0m Creating package script '/workspaces/isaac_ros-dev/ros_ws/install/ur5e_visual_servo/share/ur5e_visual_servo/package.ps1'
[0.960s] [34mcolcon.colcon_core.shell[0m [1;30mINFO[0m Creating package descriptor '/workspaces/isaac_ros-dev/ros_ws/install/ur5e_visual_servo/share/ur5e_visual_servo/package.dsv'
[0.961s] [34mcolcon.colcon_core.shell[0m [1;30mINFO[0m Creating package script '/workspaces/isaac_ros-dev/ros_ws/install/ur5e_visual_servo/share/ur5e_visual_servo/package.sh'
[0.962s] [34mcolcon.colcon_core.shell[0m [1;30mINFO[0m Creating package script '/workspaces/isaac_ros-dev/ros_ws/install/ur5e_visual_servo/share/ur5e_visual_servo/package.bash'
[0.964s] [34mcolcon.colcon_core.shell[0m [1;30mINFO[0m Creating package script '/workspaces/isaac_ros-dev/ros_ws/install/ur5e_visual_servo/share/ur5e_visual_servo/package.zsh'
[0.965s] [34mcolcon.colcon_core.environment[0m [1;30mLevel 1[0m create_file_with_runtime_dependencies(/workspaces/isaac_ros-dev/ros_ws/install/ur5e_visual_servo/share/colcon-core/packages/ur5e_visual_servo)
[0.968s] [34mcolcon.colcon_core.environment[0m [1;30mLevel 1[0m create_environment_scripts_only(ur5e_visual_servo)
[0.968s] [34mcolcon.colcon_core.environment[0m [1;30mLevel 1[0m checking '/workspaces/isaac_ros-dev/ros_ws/install/ur5e_visual_servo' for CMake module files
[0.969s] [34mcolcon.colcon_core.environment[0m [1;30mLevel 1[0m checking '/workspaces/isaac_ros-dev/ros_ws/install/ur5e_visual_servo' for CMake config files
[0.969s] [34mcolcon.colcon_core.shell[0m [1;30mLevel 1[0m create_environment_hook('ur5e_visual_servo', 'cmake_prefix_path')
[0.970s] [34mcolcon.colcon_core.shell[0m [1;30mINFO[0m Creating environment hook '/workspaces/isaac_ros-dev/ros_ws/install/ur5e_visual_servo/share/ur5e_visual_servo/hook/cmake_prefix_path.ps1'
[0.972s] [34mcolcon.colcon_core.shell[0m [1;30mINFO[0m Creating environment descriptor '/workspaces/isaac_ros-dev/ros_ws/install/ur5e_visual_servo/share/ur5e_visual_servo/hook/cmake_prefix_path.dsv'
[0.972s] [34mcolcon.colcon_core.shell[0m [1;30mINFO[0m Creating environment hook '/workspaces/isaac_ros-dev/ros_ws/install/ur5e_visual_servo/share/ur5e_visual_servo/hook/cmake_prefix_path.sh'
[0.974s] [34mcolcon.colcon_core.environment[0m [1;30mLevel 1[0m checking '/workspaces/isaac_ros-dev/ros_ws/install/ur5e_visual_servo/lib'
[0.974s] [34mcolcon.colcon_core.environment[0m [1;30mLevel 1[0m checking '/workspaces/isaac_ros-dev/ros_ws/install/ur5e_visual_servo/bin'
[0.974s] [34mcolcon.colcon_core.environment[0m [1;30mLevel 1[0m checking '/workspaces/isaac_ros-dev/ros_ws/install/ur5e_visual_servo/lib/pkgconfig/ur5e_visual_servo.pc'
[0.974s] [34mcolcon.colcon_core.environment[0m [1;30mLevel 1[0m checking '/workspaces/isaac_ros-dev/ros_ws/install/ur5e_visual_servo/lib/python3.10/site-packages'
[0.974s] [34mcolcon.colcon_core.environment[0m [1;30mLevel 1[0m checking '/workspaces/isaac_ros-dev/ros_ws/install/ur5e_visual_servo/bin'
[0.975s] [34mcolcon.colcon_core.shell[0m [1;30mINFO[0m Creating package script '/workspaces/isaac_ros-dev/ros_ws/install/ur5e_visual_servo/share/ur5e_visual_servo/package.ps1'
[0.977s] [34mcolcon.colcon_core.shell[0m [1;30mINFO[0m Creating package descriptor '/workspaces/isaac_ros-dev/ros_ws/install/ur5e_visual_servo/share/ur5e_visual_servo/package.dsv'
[0.978s] [34mcolcon.colcon_core.shell[0m [1;30mINFO[0m Creating package script '/workspaces/isaac_ros-dev/ros_ws/install/ur5e_visual_servo/share/ur5e_visual_servo/package.sh'
[0.979s] [34mcolcon.colcon_core.shell[0m [1;30mINFO[0m Creating package script '/workspaces/isaac_ros-dev/ros_ws/install/ur5e_visual_servo/share/ur5e_visual_servo/package.bash'
[0.980s] [34mcolcon.colcon_core.shell[0m [1;30mINFO[0m Creating package script '/workspaces/isaac_ros-dev/ros_ws/install/ur5e_visual_servo/share/ur5e_visual_servo/package.zsh'
[0.981s] [34mcolcon.colcon_core.environment[0m [1;30mLevel 1[0m create_file_with_runtime_dependencies(/workspaces/isaac_ros-dev/ros_ws/install/ur5e_visual_servo/share/colcon-core/packages/ur5e_visual_servo)
[2.096s] [34mcolcon.colcon_core.event_handler.log_command[0m [1;30mDEBUG[0m [32mInvoked command in '/workspaces/isaac_ros-dev/ros_ws/build/zed_msgs' returned '0': CMAKE_PREFIX_PATH=${CMAKE_PREFIX_PATH}:/opt/ros/humble /usr/bin/cmake --build /workspaces/isaac_ros-dev/ros_ws/build/zed_msgs -- -j12 -l12[0m
[2.101s] [34mcolcon.colcon_core.event_handler.log_command[0m [1;30mDEBUG[0m [32mInvoking command in '/workspaces/isaac_ros-dev/ros_ws/build/zed_msgs': CMAKE_PREFIX_PATH=${CMAKE_PREFIX_PATH}:/opt/ros/humble /usr/bin/cmake --install /workspaces/isaac_ros-dev/ros_ws/build/zed_msgs[0m
[2.294s] [34mcolcon.colcon_core.environment[0m [1;30mLevel 1[0m create_environment_scripts_only(zed_msgs)
[2.295s] [34mcolcon.colcon_core.environment[0m [1;30mLevel 1[0m checking '/workspaces/isaac_ros-dev/ros_ws/install/zed_msgs' for CMake module files
[2.296s] [34mcolcon.colcon_core.event_handler.log_command[0m [1;30mDEBUG[0m [32mInvoked command in '/workspaces/isaac_ros-dev/ros_ws/build/zed_msgs' returned '0': CMAKE_PREFIX_PATH=${CMAKE_PREFIX_PATH}:/opt/ros/humble /usr/bin/cmake --install /workspaces/isaac_ros-dev/ros_ws/build/zed_msgs[0m
[2.299s] [34mcolcon.colcon_core.environment[0m [1;30mLevel 1[0m checking '/workspaces/isaac_ros-dev/ros_ws/install/zed_msgs' for CMake config files
[2.307s] [34mcolcon.colcon_core.shell[0m [1;30mLevel 1[0m create_environment_hook('zed_msgs', 'cmake_prefix_path')
[2.308s] [34mcolcon.colcon_core.shell[0m [1;30mINFO[0m Creating environment hook '/workspaces/isaac_ros-dev/ros_ws/install/zed_msgs/share/zed_msgs/hook/cmake_prefix_path.ps1'
[2.310s] [34mcolcon.colcon_core.shell[0m [1;30mINFO[0m Creating environment descriptor '/workspaces/isaac_ros-dev/ros_ws/install/zed_msgs/share/zed_msgs/hook/cmake_prefix_path.dsv'
[2.312s] [34mcolcon.colcon_core.shell[0m [1;30mINFO[0m Creating environment hook '/workspaces/isaac_ros-dev/ros_ws/install/zed_msgs/share/zed_msgs/hook/cmake_prefix_path.sh'
[2.314s] [34mcolcon.colcon_core.environment[0m [1;30mLevel 1[0m checking '/workspaces/isaac_ros-dev/ros_ws/install/zed_msgs/lib'
[2.314s] [34mcolcon.colcon_core.shell[0m [1;30mLevel 1[0m create_environment_hook('zed_msgs', 'ld_library_path_lib')
[2.315s] [34mcolcon.colcon_core.shell[0m [1;30mINFO[0m Creating environment hook '/workspaces/isaac_ros-dev/ros_ws/install/zed_msgs/share/zed_msgs/hook/ld_library_path_lib.ps1'
[2.317s] [34mcolcon.colcon_core.shell[0m [1;30mINFO[0m Creating environment descriptor '/workspaces/isaac_ros-dev/ros_ws/install/zed_msgs/share/zed_msgs/hook/ld_library_path_lib.dsv'
[2.318s] [34mcolcon.colcon_core.shell[0m [1;30mINFO[0m Creating environment hook '/workspaces/isaac_ros-dev/ros_ws/install/zed_msgs/share/zed_msgs/hook/ld_library_path_lib.sh'
[2.319s] [34mcolcon.colcon_core.environment[0m [1;30mLevel 1[0m checking '/workspaces/isaac_ros-dev/ros_ws/install/zed_msgs/bin'
[2.320s] [34mcolcon.colcon_core.environment[0m [1;30mLevel 1[0m checking '/workspaces/isaac_ros-dev/ros_ws/install/zed_msgs/lib/pkgconfig/zed_msgs.pc'
[2.321s] [34mcolcon.colcon_core.environment[0m [1;30mLevel 1[0m checking '/workspaces/isaac_ros-dev/ros_ws/install/zed_msgs/lib/python3.10/site-packages'
[2.321s] [34mcolcon.colcon_core.environment[0m [1;30mLevel 1[0m checking '/workspaces/isaac_ros-dev/ros_ws/install/zed_msgs/bin'
[2.322s] [34mcolcon.colcon_core.shell[0m [1;30mINFO[0m Creating package script '/workspaces/isaac_ros-dev/ros_ws/install/zed_msgs/share/zed_msgs/package.ps1'
[2.324s] [34mcolcon.colcon_core.shell[0m [1;30mINFO[0m Creating package descriptor '/workspaces/isaac_ros-dev/ros_ws/install/zed_msgs/share/zed_msgs/package.dsv'
[2.326s] [34mcolcon.colcon_core.shell[0m [1;30mINFO[0m Creating package script '/workspaces/isaac_ros-dev/ros_ws/install/zed_msgs/share/zed_msgs/package.sh'
[2.328s] [34mcolcon.colcon_core.shell[0m [1;30mINFO[0m Creating package script '/workspaces/isaac_ros-dev/ros_ws/install/zed_msgs/share/zed_msgs/package.bash'
[2.329s] [34mcolcon.colcon_core.shell[0m [1;30mINFO[0m Creating package script '/workspaces/isaac_ros-dev/ros_ws/install/zed_msgs/share/zed_msgs/package.zsh'
[2.330s] [34mcolcon.colcon_core.environment[0m [1;30mLevel 1[0m create_file_with_runtime_dependencies(/workspaces/isaac_ros-dev/ros_ws/install/zed_msgs/share/colcon-core/packages/zed_msgs)
[2.332s] [34mcolcon.colcon_core.environment[0m [1;30mLevel 1[0m create_environment_scripts_only(zed_msgs)
[2.333s] [34mcolcon.colcon_core.environment[0m [1;30mLevel 1[0m checking '/workspaces/isaac_ros-dev/ros_ws/install/zed_msgs' for CMake module files
[2.336s] [34mcolcon.colcon_core.environment[0m [1;30mLevel 1[0m checking '/workspaces/isaac_ros-dev/ros_ws/install/zed_msgs' for CMake config files
[2.343s] [34mcolcon.colcon_core.shell[0m [1;30mLevel 1[0m create_environment_hook('zed_msgs', 'cmake_prefix_path')
[2.344s] [34mcolcon.colcon_core.shell[0m [1;30mINFO[0m Creating environment hook '/workspaces/isaac_ros-dev/ros_ws/install/zed_msgs/share/zed_msgs/hook/cmake_prefix_path.ps1'
[2.346s] [34mcolcon.colcon_core.shell[0m [1;30mINFO[0m Creating environment descriptor '/workspaces/isaac_ros-dev/ros_ws/install/zed_msgs/share/zed_msgs/hook/cmake_prefix_path.dsv'
[2.347s] [34mcolcon.colcon_core.shell[0m [1;30mINFO[0m Creating environment hook '/workspaces/isaac_ros-dev/ros_ws/install/zed_msgs/share/zed_msgs/hook/cmake_prefix_path.sh'
[2.349s] [34mcolcon.colcon_core.environment[0m [1;30mLevel 1[0m checking '/workspaces/isaac_ros-dev/ros_ws/install/zed_msgs/lib'
[2.349s] [34mcolcon.colcon_core.shell[0m [1;30mLevel 1[0m create_environment_hook('zed_msgs', 'ld_library_path_lib')
[2.350s] [34mcolcon.colcon_core.shell[0m [1;30mINFO[0m Creating environment hook '/workspaces/isaac_ros-dev/ros_ws/install/zed_msgs/share/zed_msgs/hook/ld_library_path_lib.ps1'
[2.351s] [34mcolcon.colcon_core.shell[0m [1;30mINFO[0m Creating environment descriptor '/workspaces/isaac_ros-dev/ros_ws/install/zed_msgs/share/zed_msgs/hook/ld_library_path_lib.dsv'
[2.352s] [34mcolcon.colcon_core.shell[0m [1;30mINFO[0m Creating environment hook '/workspaces/isaac_ros-dev/ros_ws/install/zed_msgs/share/zed_msgs/hook/ld_library_path_lib.sh'
[2.353s] [34mcolcon.colcon_core.environment[0m [1;30mLevel 1[0m checking '/workspaces/isaac_ros-dev/ros_ws/install/zed_msgs/bin'
[2.353s] [34mcolcon.colcon_core.environment[0m [1;30mLevel 1[0m checking '/workspaces/isaac_ros-dev/ros_ws/install/zed_msgs/lib/pkgconfig/zed_msgs.pc'
[2.354s] [34mcolcon.colcon_core.environment[0m [1;30mLevel 1[0m checking '/workspaces/isaac_ros-dev/ros_ws/install/zed_msgs/lib/python3.10/site-packages'
[2.354s] [34mcolcon.colcon_core.environment[0m [1;30mLevel 1[0m checking '/workspaces/isaac_ros-dev/ros_ws/install/zed_msgs/bin'
[2.355s] [34mcolcon.colcon_core.shell[0m [1;30mINFO[0m Creating package script '/workspaces/isaac_ros-dev/ros_ws/install/zed_msgs/share/zed_msgs/package.ps1'
[2.356s] [34mcolcon.colcon_core.shell[0m [1;30mINFO[0m Creating package descriptor '/workspaces/isaac_ros-dev/ros_ws/install/zed_msgs/share/zed_msgs/package.dsv'
[2.358s] [34mcolcon.colcon_core.shell[0m [1;30mINFO[0m Creating package script '/workspaces/isaac_ros-dev/ros_ws/install/zed_msgs/share/zed_msgs/package.sh'
[2.359s] [34mcolcon.colcon_core.shell[0m [1;30mINFO[0m Creating package script '/workspaces/isaac_ros-dev/ros_ws/install/zed_msgs/share/zed_msgs/package.bash'
[2.360s] [34mcolcon.colcon_core.shell[0m [1;30mINFO[0m Creating package script '/workspaces/isaac_ros-dev/ros_ws/install/zed_msgs/share/zed_msgs/package.zsh'
[2.361s] [34mcolcon.colcon_core.environment[0m [1;30mLevel 1[0m create_file_with_runtime_dependencies(/workspaces/isaac_ros-dev/ros_ws/install/zed_msgs/share/colcon-core/packages/zed_msgs)
[2.362s] [34mcolcon.colcon_ros.task.ament_cmake.build[0m [1;30mINFO[0m Building ROS package in '/workspaces/isaac_ros-dev/ros_ws/src/zed-ros2-wrapper/zed_components' with build type 'ament_cmake'
[2.362s] [34mcolcon.colcon_cmake.task.cmake.build[0m [1;30mINFO[0m Building CMake package in '/workspaces/isaac_ros-dev/ros_ws/src/zed-ros2-wrapper/zed_components'
[2.363s] [34mcolcon.colcon_core.shell[0m [1;30mINFO[0m Skip shell extension 'powershell' for command environment: Not usable outside of PowerShell
[2.363s] [34mcolcon.colcon_core.shell[0m [1;30mDEBUG[0m [32mSkip shell extension 'dsv' for command environment[0m
[2.395s] [34mcolcon.colcon_core.event_handler.log_command[0m [1;30mDEBUG[0m [32mInvoking command in '/workspaces/isaac_ros-dev/ros_ws/build/zed_components': CMAKE_PREFIX_PATH=/workspaces/isaac_ros-dev/ros_ws/install/zed_msgs:/workspaces/isaac_ros-dev/ros_ws/install/zed_ros2:/workspaces/isaac_ros-dev/ros_ws/install/zed_wrapper:/workspaces/isaac_ros-dev/ros_ws/install/zed_components:/workspaces/isaac_ros-dev/ros_ws/install/ur5e_visual_servo:/usr/local/libcudss-linux-0.3.0.9_cuda12-archive:/opt/ros/humble LD_LIBRARY_PATH=/workspaces/isaac_ros-dev/ros_ws/install/zed_msgs/lib:/workspaces/isaac_ros-dev/ros_ws/install/zed_components/lib:/opt/ros/humble/opt/rviz_ogre_vendor/lib:/opt/ros/humble/lib/aarch64-linux-gnu:/opt/ros/humble/lib:/usr/lib/aarch64-linux-gnu/tegra/weston:/usr/lib/aarch64-linux-gnu/tegra-egl:/usr/local/cuda-12.6/targets/aarch64-linux/lib:/usr/lib/aarch64-linux-gnu/tegra:/opt/nvidia/vpi3/lib64:/usr/local/libcudss-linux-0.3.0.9_cuda12-archive/lib:/usr/local/nvidia/lib:/usr/local/nvidia/lib64:/usr/lib/aarch64-linux-gnu-host:/opt/tritonserver/lib:/usr/local/zed/lib /usr/bin/cmake --build /workspaces/isaac_ros-dev/ros_ws/build/zed_components -- -j12 -l12[0m
[2.544s] [34mcolcon.colcon_core.event_handler.log_command[0m [1;30mDEBUG[0m [32mInvoked command in '/workspaces/isaac_ros-dev/ros_ws/build/zed_components' returned '0': CMAKE_PREFIX_PATH=/workspaces/isaac_ros-dev/ros_ws/install/zed_msgs:/workspaces/isaac_ros-dev/ros_ws/install/zed_ros2:/workspaces/isaac_ros-dev/ros_ws/install/zed_wrapper:/workspaces/isaac_ros-dev/ros_ws/install/zed_components:/workspaces/isaac_ros-dev/ros_ws/install/ur5e_visual_servo:/usr/local/libcudss-linux-0.3.0.9_cuda12-archive:/opt/ros/humble LD_LIBRARY_PATH=/workspaces/isaac_ros-dev/ros_ws/install/zed_msgs/lib:/workspaces/isaac_ros-dev/ros_ws/install/zed_components/lib:/opt/ros/humble/opt/rviz_ogre_vendor/lib:/opt/ros/humble/lib/aarch64-linux-gnu:/opt/ros/humble/lib:/usr/lib/aarch64-linux-gnu/tegra/weston:/usr/lib/aarch64-linux-gnu/tegra-egl:/usr/local/cuda-12.6/targets/aarch64-linux/lib:/usr/lib/aarch64-linux-gnu/tegra:/opt/nvidia/vpi3/lib64:/usr/local/libcudss-linux-0.3.0.9_cuda12-archive/lib:/usr/local/nvidia/lib:/usr/local/nvidia/lib64:/usr/lib/aarch64-linux-gnu-host:/opt/tritonserver/lib:/usr/local/zed/lib /usr/bin/cmake --build /workspaces/isaac_ros-dev/ros_ws/build/zed_components -- -j12 -l12[0m
[2.549s] [34mcolcon.colcon_core.event_handler.log_command[0m [1;30mDEBUG[0m [32mInvoking command in '/workspaces/isaac_ros-dev/ros_ws/build/zed_components': CMAKE_PREFIX_PATH=/workspaces/isaac_ros-dev/ros_ws/install/zed_msgs:/workspaces/isaac_ros-dev/ros_ws/install/zed_ros2:/workspaces/isaac_ros-dev/ros_ws/install/zed_wrapper:/workspaces/isaac_ros-dev/ros_ws/install/zed_components:/workspaces/isaac_ros-dev/ros_ws/install/ur5e_visual_servo:/usr/local/libcudss-linux-0.3.0.9_cuda12-archive:/opt/ros/humble LD_LIBRARY_PATH=/workspaces/isaac_ros-dev/ros_ws/install/zed_msgs/lib:/workspaces/isaac_ros-dev/ros_ws/install/zed_components/lib:/opt/ros/humble/opt/rviz_ogre_vendor/lib:/opt/ros/humble/lib/aarch64-linux-gnu:/opt/ros/humble/lib:/usr/lib/aarch64-linux-gnu/tegra/weston:/usr/lib/aarch64-linux-gnu/tegra-egl:/usr/local/cuda-12.6/targets/aarch64-linux/lib:/usr/lib/aarch64-linux-gnu/tegra:/opt/nvidia/vpi3/lib64:/usr/local/libcudss-linux-0.3.0.9_cuda12-archive/lib:/usr/local/nvidia/lib:/usr/local/nvidia/lib64:/usr/lib/aarch64-linux-gnu-host:/opt/tritonserver/lib:/usr/local/zed/lib /usr/bin/cmake --install /workspaces/isaac_ros-dev/ros_ws/build/zed_components[0m
[2.591s] [34mcolcon.colcon_core.environment[0m [1;30mLevel 1[0m create_environment_scripts_only(zed_components)
[2.592s] [34mcolcon.colcon_core.environment[0m [1;30mLevel 1[0m checking '/workspaces/isaac_ros-dev/ros_ws/install/zed_components' for CMake module files
[2.593s] [34mcolcon.colcon_core.event_handler.log_command[0m [1;30mDEBUG[0m [32mInvoked command in '/workspaces/isaac_ros-dev/ros_ws/build/zed_components' returned '0': CMAKE_PREFIX_PATH=/workspaces/isaac_ros-dev/ros_ws/install/zed_msgs:/workspaces/isaac_ros-dev/ros_ws/install/zed_ros2:/workspaces/isaac_ros-dev/ros_ws/install/zed_wrapper:/workspaces/isaac_ros-dev/ros_ws/install/zed_components:/workspaces/isaac_ros-dev/ros_ws/install/ur5e_visual_servo:/usr/local/libcudss-linux-0.3.0.9_cuda12-archive:/opt/ros/humble LD_LIBRARY_PATH=/workspaces/isaac_ros-dev/ros_ws/install/zed_msgs/lib:/workspaces/isaac_ros-dev/ros_ws/install/zed_components/lib:/opt/ros/humble/opt/rviz_ogre_vendor/lib:/opt/ros/humble/lib/aarch64-linux-gnu:/opt/ros/humble/lib:/usr/lib/aarch64-linux-gnu/tegra/weston:/usr/lib/aarch64-linux-gnu/tegra-egl:/usr/local/cuda-12.6/targets/aarch64-linux/lib:/usr/lib/aarch64-linux-gnu/tegra:/opt/nvidia/vpi3/lib64:/usr/local/libcudss-linux-0.3.0.9_cuda12-archive/lib:/usr/local/nvidia/lib:/usr/local/nvidia/lib64:/usr/lib/aarch64-linux-gnu-host:/opt/tritonserver/lib:/usr/local/zed/lib /usr/bin/cmake --install /workspaces/isaac_ros-dev/ros_ws/build/zed_components[0m
[2.594s] [34mcolcon.colcon_core.environment[0m [1;30mLevel 1[0m checking '/workspaces/isaac_ros-dev/ros_ws/install/zed_components' for CMake config files
[2.594s] [34mcolcon.colcon_core.shell[0m [1;30mLevel 1[0m create_environment_hook('zed_components', 'cmake_prefix_path')
[2.595s] [34mcolcon.colcon_core.shell[0m [1;30mINFO[0m Creating environment hook '/workspaces/isaac_ros-dev/ros_ws/install/zed_components/share/zed_components/hook/cmake_prefix_path.ps1'
[2.596s] [34mcolcon.colcon_core.shell[0m [1;30mINFO[0m Creating environment descriptor '/workspaces/isaac_ros-dev/ros_ws/install/zed_components/share/zed_components/hook/cmake_prefix_path.dsv'
[2.597s] [34mcolcon.colcon_core.shell[0m [1;30mINFO[0m Creating environment hook '/workspaces/isaac_ros-dev/ros_ws/install/zed_components/share/zed_components/hook/cmake_prefix_path.sh'
[2.599s] [34mcolcon.colcon_core.environment[0m [1;30mLevel 1[0m checking '/workspaces/isaac_ros-dev/ros_ws/install/zed_components/lib'
[2.600s] [34mcolcon.colcon_core.shell[0m [1;30mLevel 1[0m create_environment_hook('zed_components', 'ld_library_path_lib')
[2.600s] [34mcolcon.colcon_core.shell[0m [1;30mINFO[0m Creating environment hook '/workspaces/isaac_ros-dev/ros_ws/install/zed_components/share/zed_components/hook/ld_library_path_lib.ps1'
[2.602s] [34mcolcon.colcon_core.shell[0m [1;30mINFO[0m Creating environment descriptor '/workspaces/isaac_ros-dev/ros_ws/install/zed_components/share/zed_components/hook/ld_library_path_lib.dsv'
[2.603s] [34mcolcon.colcon_core.shell[0m [1;30mINFO[0m Creating environment hook '/workspaces/isaac_ros-dev/ros_ws/install/zed_components/share/zed_components/hook/ld_library_path_lib.sh'
[2.605s] [34mcolcon.colcon_core.environment[0m [1;30mLevel 1[0m checking '/workspaces/isaac_ros-dev/ros_ws/install/zed_components/bin'
[2.605s] [34mcolcon.colcon_core.environment[0m [1;30mLevel 1[0m checking '/workspaces/isaac_ros-dev/ros_ws/install/zed_components/lib/pkgconfig/zed_components.pc'
[2.605s] [34mcolcon.colcon_core.environment[0m [1;30mLevel 1[0m checking '/workspaces/isaac_ros-dev/ros_ws/install/zed_components/lib/python3.10/site-packages'
[2.605s] [34mcolcon.colcon_core.environment[0m [1;30mLevel 1[0m checking '/workspaces/isaac_ros-dev/ros_ws/install/zed_components/bin'
[2.606s] [34mcolcon.colcon_core.shell[0m [1;30mINFO[0m Creating package script '/workspaces/isaac_ros-dev/ros_ws/install/zed_components/share/zed_components/package.ps1'
[2.607s] [34mcolcon.colcon_core.shell[0m [1;30mINFO[0m Creating package descriptor '/workspaces/isaac_ros-dev/ros_ws/install/zed_components/share/zed_components/package.dsv'
[2.609s] [34mcolcon.colcon_core.shell[0m [1;30mINFO[0m Creating package script '/workspaces/isaac_ros-dev/ros_ws/install/zed_components/share/zed_components/package.sh'
[2.610s] [34mcolcon.colcon_core.shell[0m [1;30mINFO[0m Creating package script '/workspaces/isaac_ros-dev/ros_ws/install/zed_components/share/zed_components/package.bash'
[2.610s] [34mcolcon.colcon_core.shell[0m [1;30mINFO[0m Creating package script '/workspaces/isaac_ros-dev/ros_ws/install/zed_components/share/zed_components/package.zsh'
[2.611s] [34mcolcon.colcon_core.environment[0m [1;30mLevel 1[0m create_file_with_runtime_dependencies(/workspaces/isaac_ros-dev/ros_ws/install/zed_components/share/colcon-core/packages/zed_components)
[2.613s] [34mcolcon.colcon_core.environment[0m [1;30mLevel 1[0m create_environment_scripts_only(zed_components)
[2.614s] [34mcolcon.colcon_core.environment[0m [1;30mLevel 1[0m checking '/workspaces/isaac_ros-dev/ros_ws/install/zed_components' for CMake module files
[2.615s] [34mcolcon.colcon_core.environment[0m [1;30mLevel 1[0m checking '/workspaces/isaac_ros-dev/ros_ws/install/zed_components' for CMake config files
[2.616s] [34mcolcon.colcon_core.shell[0m [1;30mLevel 1[0m create_environment_hook('zed_components', 'cmake_prefix_path')
[2.617s] [34mcolcon.colcon_core.shell[0m [1;30mINFO[0m Creating environment hook '/workspaces/isaac_ros-dev/ros_ws/install/zed_components/share/zed_components/hook/cmake_prefix_path.ps1'
[2.618s] [34mcolcon.colcon_core.shell[0m [1;30mINFO[0m Creating environment descriptor '/workspaces/isaac_ros-dev/ros_ws/install/zed_components/share/zed_components/hook/cmake_prefix_path.dsv'
[2.619s] [34mcolcon.colcon_core.shell[0m [1;30mINFO[0m Creating environment hook '/workspaces/isaac_ros-dev/ros_ws/install/zed_components/share/zed_components/hook/cmake_prefix_path.sh'
[2.620s] [34mcolcon.colcon_core.environment[0m [1;30mLevel 1[0m checking '/workspaces/isaac_ros-dev/ros_ws/install/zed_components/lib'
[2.620s] [34mcolcon.colcon_core.shell[0m [1;30mLevel 1[0m create_environment_hook('zed_components', 'ld_library_path_lib')
[2.621s] [34mcolcon.colcon_core.shell[0m [1;30mINFO[0m Creating environment hook '/workspaces/isaac_ros-dev/ros_ws/install/zed_components/share/zed_components/hook/ld_library_path_lib.ps1'
[2.621s] [34mcolcon.colcon_core.shell[0m [1;30mINFO[0m Creating environment descriptor '/workspaces/isaac_ros-dev/ros_ws/install/zed_components/share/zed_components/hook/ld_library_path_lib.dsv'
[2.622s] [34mcolcon.colcon_core.shell[0m [1;30mINFO[0m Creating environment hook '/workspaces/isaac_ros-dev/ros_ws/install/zed_components/share/zed_components/hook/ld_library_path_lib.sh'
[2.622s] [34mcolcon.colcon_core.environment[0m [1;30mLevel 1[0m checking '/workspaces/isaac_ros-dev/ros_ws/install/zed_components/bin'
[2.623s] [34mcolcon.colcon_core.environment[0m [1;30mLevel 1[0m checking '/workspaces/isaac_ros-dev/ros_ws/install/zed_components/lib/pkgconfig/zed_components.pc'
[2.623s] [34mcolcon.colcon_core.environment[0m [1;30mLevel 1[0m checking '/workspaces/isaac_ros-dev/ros_ws/install/zed_components/lib/python3.10/site-packages'
[2.623s] [34mcolcon.colcon_core.environment[0m [1;30mLevel 1[0m checking '/workspaces/isaac_ros-dev/ros_ws/install/zed_components/bin'
[2.624s] [34mcolcon.colcon_core.shell[0m [1;30mINFO[0m Creating package script '/workspaces/isaac_ros-dev/ros_ws/install/zed_components/share/zed_components/package.ps1'
[2.625s] [34mcolcon.colcon_core.shell[0m [1;30mINFO[0m Creating package descriptor '/workspaces/isaac_ros-dev/ros_ws/install/zed_components/share/zed_components/package.dsv'
[2.626s] [34mcolcon.colcon_core.shell[0m [1;30mINFO[0m Creating package script '/workspaces/isaac_ros-dev/ros_ws/install/zed_components/share/zed_components/package.sh'
[2.626s] [34mcolcon.colcon_core.shell[0m [1;30mINFO[0m Creating package script '/workspaces/isaac_ros-dev/ros_ws/install/zed_components/share/zed_components/package.bash'
[2.627s] [34mcolcon.colcon_core.shell[0m [1;30mINFO[0m Creating package script '/workspaces/isaac_ros-dev/ros_ws/install/zed_components/share/zed_components/package.zsh'
[2.628s] [34mcolcon.colcon_core.environment[0m [1;30mLevel 1[0m create_file_with_runtime_dependencies(/workspaces/isaac_ros-dev/ros_ws/install/zed_components/share/colcon-core/packages/zed_components)
[2.628s] [34mcolcon.colcon_ros.task.ament_cmake.build[0m [1;30mINFO[0m Building ROS package in '/workspaces/isaac_ros-dev/ros_ws/src/zed-ros2-wrapper/zed_wrapper' with build type 'ament_cmake'
[2.629s] [34mcolcon.colcon_cmake.task.cmake.build[0m [1;30mINFO[0m Building CMake package in '/workspaces/isaac_ros-dev/ros_ws/src/zed-ros2-wrapper/zed_wrapper'
[2.629s] [34mcolcon.colcon_core.shell[0m [1;30mINFO[0m Skip shell extension 'powershell' for command environment: Not usable outside of PowerShell
[2.629s] [34mcolcon.colcon_core.shell[0m [1;30mDEBUG[0m [32mSkip shell extension 'dsv' for command environment[0m
[2.657s] [34mcolcon.colcon_core.event_handler.log_command[0m [1;30mDEBUG[0m [32mInvoking command in '/workspaces/isaac_ros-dev/ros_ws/build/zed_wrapper': CMAKE_PREFIX_PATH=/workspaces/isaac_ros-dev/ros_ws/install/zed_components:/workspaces/isaac_ros-dev/ros_ws/install/zed_msgs:/workspaces/isaac_ros-dev/ros_ws/install/zed_ros2:/workspaces/isaac_ros-dev/ros_ws/install/zed_wrapper:/workspaces/isaac_ros-dev/ros_ws/install/ur5e_visual_servo:/usr/local/libcudss-linux-0.3.0.9_cuda12-archive:/opt/ros/humble /usr/bin/cmake --build /workspaces/isaac_ros-dev/ros_ws/build/zed_wrapper -- -j12 -l12[0m
[2.748s] [34mcolcon.colcon_core.event_handler.log_command[0m [1;30mDEBUG[0m [32mInvoked command in '/workspaces/isaac_ros-dev/ros_ws/build/zed_wrapper' returned '0': CMAKE_PREFIX_PATH=/workspaces/isaac_ros-dev/ros_ws/install/zed_components:/workspaces/isaac_ros-dev/ros_ws/install/zed_msgs:/workspaces/isaac_ros-dev/ros_ws/install/zed_ros2:/workspaces/isaac_ros-dev/ros_ws/install/zed_wrapper:/workspaces/isaac_ros-dev/ros_ws/install/ur5e_visual_servo:/usr/local/libcudss-linux-0.3.0.9_cuda12-archive:/opt/ros/humble /usr/bin/cmake --build /workspaces/isaac_ros-dev/ros_ws/build/zed_wrapper -- -j12 -l12[0m
[2.752s] [34mcolcon.colcon_core.event_handler.log_command[0m [1;30mDEBUG[0m [32mInvoking command in '/workspaces/isaac_ros-dev/ros_ws/build/zed_wrapper': CMAKE_PREFIX_PATH=/workspaces/isaac_ros-dev/ros_ws/install/zed_components:/workspaces/isaac_ros-dev/ros_ws/install/zed_msgs:/workspaces/isaac_ros-dev/ros_ws/install/zed_ros2:/workspaces/isaac_ros-dev/ros_ws/install/zed_wrapper:/workspaces/isaac_ros-dev/ros_ws/install/ur5e_visual_servo:/usr/local/libcudss-linux-0.3.0.9_cuda12-archive:/opt/ros/humble /usr/bin/cmake --install /workspaces/isaac_ros-dev/ros_ws/build/zed_wrapper[0m
[2.801s] [34mcolcon.colcon_core.environment[0m [1;30mLevel 1[0m create_environment_scripts_only(zed_wrapper)
[2.802s] [34mcolcon.colcon_core.environment[0m [1;30mLevel 1[0m checking '/workspaces/isaac_ros-dev/ros_ws/install/zed_wrapper' for CMake module files
[2.803s] [34mcolcon.colcon_core.event_handler.log_command[0m [1;30mDEBUG[0m [32mInvoked command in '/workspaces/isaac_ros-dev/ros_ws/build/zed_wrapper' returned '0': CMAKE_PREFIX_PATH=/workspaces/isaac_ros-dev/ros_ws/install/zed_components:/workspaces/isaac_ros-dev/ros_ws/install/zed_msgs:/workspaces/isaac_ros-dev/ros_ws/install/zed_ros2:/workspaces/isaac_ros-dev/ros_ws/install/zed_wrapper:/workspaces/isaac_ros-dev/ros_ws/install/ur5e_visual_servo:/usr/local/libcudss-linux-0.3.0.9_cuda12-archive:/opt/ros/humble /usr/bin/cmake --install /workspaces/isaac_ros-dev/ros_ws/build/zed_wrapper[0m
[2.805s] [34mcolcon.colcon_core.environment[0m [1;30mLevel 1[0m checking '/workspaces/isaac_ros-dev/ros_ws/install/zed_wrapper' for CMake config files
[2.806s] [34mcolcon.colcon_core.shell[0m [1;30mLevel 1[0m create_environment_hook('zed_wrapper', 'cmake_prefix_path')
[2.807s] [34mcolcon.colcon_core.shell[0m [1;30mINFO[0m Creating environment hook '/workspaces/isaac_ros-dev/ros_ws/install/zed_wrapper/share/zed_wrapper/hook/cmake_prefix_path.ps1'
[2.809s] [34mcolcon.colcon_core.shell[0m [1;30mINFO[0m Creating environment descriptor '/workspaces/isaac_ros-dev/ros_ws/install/zed_wrapper/share/zed_wrapper/hook/cmake_prefix_path.dsv'
[2.810s] [34mcolcon.colcon_core.shell[0m [1;30mINFO[0m Creating environment hook '/workspaces/isaac_ros-dev/ros_ws/install/zed_wrapper/share/zed_wrapper/hook/cmake_prefix_path.sh'
[2.812s] [34mcolcon.colcon_core.environment[0m [1;30mLevel 1[0m checking '/workspaces/isaac_ros-dev/ros_ws/install/zed_wrapper/bin'
[2.813s] [34mcolcon.colcon_core.environment[0m [1;30mLevel 1[0m checking '/workspaces/isaac_ros-dev/ros_ws/install/zed_wrapper/lib/pkgconfig/zed_wrapper.pc'
[2.813s] [34mcolcon.colcon_core.environment[0m [1;30mLevel 1[0m checking '/workspaces/isaac_ros-dev/ros_ws/install/zed_wrapper/lib/python3.10/site-packages'
[2.814s] [34mcolcon.colcon_core.environment[0m [1;30mLevel 1[0m checking '/workspaces/isaac_ros-dev/ros_ws/install/zed_wrapper/bin'
[2.815s] [34mcolcon.colcon_core.shell[0m [1;30mINFO[0m Creating package script '/workspaces/isaac_ros-dev/ros_ws/install/zed_wrapper/share/zed_wrapper/package.ps1'
[2.817s] [34mcolcon.colcon_core.shell[0m [1;30mINFO[0m Creating package descriptor '/workspaces/isaac_ros-dev/ros_ws/install/zed_wrapper/share/zed_wrapper/package.dsv'
[2.819s] [34mcolcon.colcon_core.shell[0m [1;30mINFO[0m Creating package script '/workspaces/isaac_ros-dev/ros_ws/install/zed_wrapper/share/zed_wrapper/package.sh'
[2.820s] [34mcolcon.colcon_core.shell[0m [1;30mINFO[0m Creating package script '/workspaces/isaac_ros-dev/ros_ws/install/zed_wrapper/share/zed_wrapper/package.bash'
[2.822s] [34mcolcon.colcon_core.shell[0m [1;30mINFO[0m Creating package script '/workspaces/isaac_ros-dev/ros_ws/install/zed_wrapper/share/zed_wrapper/package.zsh'
[2.823s] [34mcolcon.colcon_core.environment[0m [1;30mLevel 1[0m create_file_with_runtime_dependencies(/workspaces/isaac_ros-dev/ros_ws/install/zed_wrapper/share/colcon-core/packages/zed_wrapper)
[2.825s] [34mcolcon.colcon_core.environment[0m [1;30mLevel 1[0m create_environment_scripts_only(zed_wrapper)
[2.826s] [34mcolcon.colcon_core.environment[0m [1;30mLevel 1[0m checking '/workspaces/isaac_ros-dev/ros_ws/install/zed_wrapper' for CMake module files
[2.828s] [34mcolcon.colcon_core.environment[0m [1;30mLevel 1[0m checking '/workspaces/isaac_ros-dev/ros_ws/install/zed_wrapper' for CMake config files
[2.829s] [34mcolcon.colcon_core.shell[0m [1;30mLevel 1[0m create_environment_hook('zed_wrapper', 'cmake_prefix_path')
[2.829s] [34mcolcon.colcon_core.shell[0m [1;30mINFO[0m Creating environment hook '/workspaces/isaac_ros-dev/ros_ws/install/zed_wrapper/share/zed_wrapper/hook/cmake_prefix_path.ps1'
[2.831s] [34mcolcon.colcon_core.shell[0m [1;30mINFO[0m Creating environment descriptor '/workspaces/isaac_ros-dev/ros_ws/install/zed_wrapper/share/zed_wrapper/hook/cmake_prefix_path.dsv'
[2.832s] [34mcolcon.colcon_core.shell[0m [1;30mINFO[0m Creating environment hook '/workspaces/isaac_ros-dev/ros_ws/install/zed_wrapper/share/zed_wrapper/hook/cmake_prefix_path.sh'
[2.834s] [34mcolcon.colcon_core.environment[0m [1;30mLevel 1[0m checking '/workspaces/isaac_ros-dev/ros_ws/install/zed_wrapper/bin'
[2.835s] [34mcolcon.colcon_core.environment[0m [1;30mLevel 1[0m checking '/workspaces/isaac_ros-dev/ros_ws/install/zed_wrapper/lib/pkgconfig/zed_wrapper.pc'
[2.835s] [34mcolcon.colcon_core.environment[0m [1;30mLevel 1[0m checking '/workspaces/isaac_ros-dev/ros_ws/install/zed_wrapper/lib/python3.10/site-packages'
[2.836s] [34mcolcon.colcon_core.environment[0m [1;30mLevel 1[0m checking '/workspaces/isaac_ros-dev/ros_ws/install/zed_wrapper/bin'
[2.837s] [34mcolcon.colcon_core.shell[0m [1;30mINFO[0m Creating package script '/workspaces/isaac_ros-dev/ros_ws/install/zed_wrapper/share/zed_wrapper/package.ps1'
[2.839s] [34mcolcon.colcon_core.shell[0m [1;30mINFO[0m Creating package descriptor '/workspaces/isaac_ros-dev/ros_ws/install/zed_wrapper/share/zed_wrapper/package.dsv'
[2.841s] [34mcolcon.colcon_core.shell[0m [1;30mINFO[0m Creating package script '/workspaces/isaac_ros-dev/ros_ws/install/zed_wrapper/share/zed_wrapper/package.sh'
[2.842s] [34mcolcon.colcon_core.shell[0m [1;30mINFO[0m Creating package script '/workspaces/isaac_ros-dev/ros_ws/install/zed_wrapper/share/zed_wrapper/package.bash'
[2.842s] [34mcolcon.colcon_core.shell[0m [1;30mINFO[0m Creating package script '/workspaces/isaac_ros-dev/ros_ws/install/zed_wrapper/share/zed_wrapper/package.zsh'
[2.843s] [34mcolcon.colcon_core.environment[0m [1;30mLevel 1[0m create_file_with_runtime_dependencies(/workspaces/isaac_ros-dev/ros_ws/install/zed_wrapper/share/colcon-core/packages/zed_wrapper)
[2.844s] [34mcolcon.colcon_ros.task.ament_cmake.build[0m [1;30mINFO[0m Building ROS package in '/workspaces/isaac_ros-dev/ros_ws/src/zed-ros2-wrapper/zed_ros2' with build type 'ament_cmake'
[2.844s] [34mcolcon.colcon_cmake.task.cmake.build[0m [1;30mINFO[0m Building CMake package in '/workspaces/isaac_ros-dev/ros_ws/src/zed-ros2-wrapper/zed_ros2'
[2.845s] [34mcolcon.colcon_core.shell[0m [1;30mINFO[0m Skip shell extension 'powershell' for command environment: Not usable outside of PowerShell
[2.845s] [34mcolcon.colcon_core.shell[0m [1;30mDEBUG[0m [32mSkip shell extension 'dsv' for command environment[0m
[2.880s] [34mcolcon.colcon_core.event_handler.log_command[0m [1;30mDEBUG[0m [32mInvoking command in '/workspaces/isaac_ros-dev/ros_ws/build/zed_ros2': CMAKE_PREFIX_PATH=/workspaces/isaac_ros-dev/ros_ws/install/zed_wrapper:/workspaces/isaac_ros-dev/ros_ws/install/zed_components:/workspaces/isaac_ros-dev/ros_ws/install/zed_msgs:/workspaces/isaac_ros-dev/ros_ws/install/zed_ros2:/workspaces/isaac_ros-dev/ros_ws/install/ur5e_visual_servo:/usr/local/libcudss-linux-0.3.0.9_cuda12-archive:/opt/ros/humble /usr/bin/cmake --build /workspaces/isaac_ros-dev/ros_ws/build/zed_ros2 -- -j12 -l12[0m
[2.958s] [34mcolcon.colcon_core.event_handler.log_command[0m [1;30mDEBUG[0m [32mInvoked command in '/workspaces/isaac_ros-dev/ros_ws/build/zed_ros2' returned '0': CMAKE_PREFIX_PATH=/workspaces/isaac_ros-dev/ros_ws/install/zed_wrapper:/workspaces/isaac_ros-dev/ros_ws/install/zed_components:/workspaces/isaac_ros-dev/ros_ws/install/zed_msgs:/workspaces/isaac_ros-dev/ros_ws/install/zed_ros2:/workspaces/isaac_ros-dev/ros_ws/install/ur5e_visual_servo:/usr/local/libcudss-linux-0.3.0.9_cuda12-archive:/opt/ros/humble /usr/bin/cmake --build /workspaces/isaac_ros-dev/ros_ws/build/zed_ros2 -- -j12 -l12[0m
[2.962s] [34mcolcon.colcon_core.event_handler.log_command[0m [1;30mDEBUG[0m [32mInvoking command in '/workspaces/isaac_ros-dev/ros_ws/build/zed_ros2': CMAKE_PREFIX_PATH=/workspaces/isaac_ros-dev/ros_ws/install/zed_wrapper:/workspaces/isaac_ros-dev/ros_ws/install/zed_components:/workspaces/isaac_ros-dev/ros_ws/install/zed_msgs:/workspaces/isaac_ros-dev/ros_ws/install/zed_ros2:/workspaces/isaac_ros-dev/ros_ws/install/ur5e_visual_servo:/usr/local/libcudss-linux-0.3.0.9_cuda12-archive:/opt/ros/humble /usr/bin/cmake --install /workspaces/isaac_ros-dev/ros_ws/build/zed_ros2[0m
[2.999s] [34mcolcon.colcon_core.environment[0m [1;30mLevel 1[0m create_environment_scripts_only(zed_ros2)
[3.000s] [34mcolcon.colcon_core.environment[0m [1;30mLevel 1[0m checking '/workspaces/isaac_ros-dev/ros_ws/install/zed_ros2' for CMake module files
[3.001s] [34mcolcon.colcon_core.event_handler.log_command[0m [1;30mDEBUG[0m [32mInvoked command in '/workspaces/isaac_ros-dev/ros_ws/build/zed_ros2' returned '0': CMAKE_PREFIX_PATH=/workspaces/isaac_ros-dev/ros_ws/install/zed_wrapper:/workspaces/isaac_ros-dev/ros_ws/install/zed_components:/workspaces/isaac_ros-dev/ros_ws/install/zed_msgs:/workspaces/isaac_ros-dev/ros_ws/install/zed_ros2:/workspaces/isaac_ros-dev/ros_ws/install/ur5e_visual_servo:/usr/local/libcudss-linux-0.3.0.9_cuda12-archive:/opt/ros/humble /usr/bin/cmake --install /workspaces/isaac_ros-dev/ros_ws/build/zed_ros2[0m
[3.001s] [34mcolcon.colcon_core.environment[0m [1;30mLevel 1[0m checking '/workspaces/isaac_ros-dev/ros_ws/install/zed_ros2' for CMake config files
[3.002s] [34mcolcon.colcon_core.shell[0m [1;30mLevel 1[0m create_environment_hook('zed_ros2', 'cmake_prefix_path')
[3.002s] [34mcolcon.colcon_core.shell[0m [1;30mINFO[0m Creating environment hook '/workspaces/isaac_ros-dev/ros_ws/install/zed_ros2/share/zed_ros2/hook/cmake_prefix_path.ps1'
[3.004s] [34mcolcon.colcon_core.shell[0m [1;30mINFO[0m Creating environment descriptor '/workspaces/isaac_ros-dev/ros_ws/install/zed_ros2/share/zed_ros2/hook/cmake_prefix_path.dsv'
[3.005s] [34mcolcon.colcon_core.shell[0m [1;30mINFO[0m Creating environment hook '/workspaces/isaac_ros-dev/ros_ws/install/zed_ros2/share/zed_ros2/hook/cmake_prefix_path.sh'
[3.006s] [34mcolcon.colcon_core.environment[0m [1;30mLevel 1[0m checking '/workspaces/isaac_ros-dev/ros_ws/install/zed_ros2/bin'
[3.006s] [34mcolcon.colcon_core.environment[0m [1;30mLevel 1[0m checking '/workspaces/isaac_ros-dev/ros_ws/install/zed_ros2/lib/pkgconfig/zed_ros2.pc'
[3.007s] [34mcolcon.colcon_core.environment[0m [1;30mLevel 1[0m checking '/workspaces/isaac_ros-dev/ros_ws/install/zed_ros2/lib/python3.10/site-packages'
[3.007s] [34mcolcon.colcon_core.environment[0m [1;30mLevel 1[0m checking '/workspaces/isaac_ros-dev/ros_ws/install/zed_ros2/bin'
[3.008s] [34mcolcon.colcon_core.shell[0m [1;30mINFO[0m Creating package script '/workspaces/isaac_ros-dev/ros_ws/install/zed_ros2/share/zed_ros2/package.ps1'
[3.010s] [34mcolcon.colcon_core.shell[0m [1;30mINFO[0m Creating package descriptor '/workspaces/isaac_ros-dev/ros_ws/install/zed_ros2/share/zed_ros2/package.dsv'
[3.011s] [34mcolcon.colcon_core.shell[0m [1;30mINFO[0m Creating package script '/workspaces/isaac_ros-dev/ros_ws/install/zed_ros2/share/zed_ros2/package.sh'
[3.012s] [34mcolcon.colcon_core.shell[0m [1;30mINFO[0m Creating package script '/workspaces/isaac_ros-dev/ros_ws/install/zed_ros2/share/zed_ros2/package.bash'
[3.012s] [34mcolcon.colcon_core.shell[0m [1;30mINFO[0m Creating package script '/workspaces/isaac_ros-dev/ros_ws/install/zed_ros2/share/zed_ros2/package.zsh'
[3.013s] [34mcolcon.colcon_core.environment[0m [1;30mLevel 1[0m create_file_with_runtime_dependencies(/workspaces/isaac_ros-dev/ros_ws/install/zed_ros2/share/colcon-core/packages/zed_ros2)
[3.014s] [34mcolcon.colcon_core.environment[0m [1;30mLevel 1[0m create_environment_scripts_only(zed_ros2)
[3.015s] [34mcolcon.colcon_core.environment[0m [1;30mLevel 1[0m checking '/workspaces/isaac_ros-dev/ros_ws/install/zed_ros2' for CMake module files
[3.015s] [34mcolcon.colcon_core.environment[0m [1;30mLevel 1[0m checking '/workspaces/isaac_ros-dev/ros_ws/install/zed_ros2' for CMake config files
[3.016s] [34mcolcon.colcon_core.shell[0m [1;30mLevel 1[0m create_environment_hook('zed_ros2', 'cmake_prefix_path')
[3.016s] [34mcolcon.colcon_core.shell[0m [1;30mINFO[0m Creating environment hook '/workspaces/isaac_ros-dev/ros_ws/install/zed_ros2/share/zed_ros2/hook/cmake_prefix_path.ps1'
[3.017s] [34mcolcon.colcon_core.shell[0m [1;30mINFO[0m Creating environment descriptor '/workspaces/isaac_ros-dev/ros_ws/install/zed_ros2/share/zed_ros2/hook/cmake_prefix_path.dsv'
[3.017s] [34mcolcon.colcon_core.shell[0m [1;30mINFO[0m Creating environment hook '/workspaces/isaac_ros-dev/ros_ws/install/zed_ros2/share/zed_ros2/hook/cmake_prefix_path.sh'
[3.019s] [34mcolcon.colcon_core.environment[0m [1;30mLevel 1[0m checking '/workspaces/isaac_ros-dev/ros_ws/install/zed_ros2/bin'
[3.019s] [34mcolcon.colcon_core.environment[0m [1;30mLevel 1[0m checking '/workspaces/isaac_ros-dev/ros_ws/install/zed_ros2/lib/pkgconfig/zed_ros2.pc'
[3.020s] [34mcolcon.colcon_core.environment[0m [1;30mLevel 1[0m checking '/workspaces/isaac_ros-dev/ros_ws/install/zed_ros2/lib/python3.10/site-packages'
[3.020s] [34mcolcon.colcon_core.environment[0m [1;30mLevel 1[0m checking '/workspaces/isaac_ros-dev/ros_ws/install/zed_ros2/bin'
[3.021s] [34mcolcon.colcon_core.shell[0m [1;30mINFO[0m Creating package script '/workspaces/isaac_ros-dev/ros_ws/install/zed_ros2/share/zed_ros2/package.ps1'
[3.022s] [34mcolcon.colcon_core.shell[0m [1;30mINFO[0m Creating package descriptor '/workspaces/isaac_ros-dev/ros_ws/install/zed_ros2/share/zed_ros2/package.dsv'
[3.023s] [34mcolcon.colcon_core.shell[0m [1;30mINFO[0m Creating package script '/workspaces/isaac_ros-dev/ros_ws/install/zed_ros2/share/zed_ros2/package.sh'
[3.025s] [34mcolcon.colcon_core.shell[0m [1;30mINFO[0m Creating package script '/workspaces/isaac_ros-dev/ros_ws/install/zed_ros2/share/zed_ros2/package.bash'
[3.026s] [34mcolcon.colcon_core.shell[0m [1;30mINFO[0m Creating package script '/workspaces/isaac_ros-dev/ros_ws/install/zed_ros2/share/zed_ros2/package.zsh'
[3.027s] [34mcolcon.colcon_core.environment[0m [1;30mLevel 1[0m create_file_with_runtime_dependencies(/workspaces/isaac_ros-dev/ros_ws/install/zed_ros2/share/colcon-core/packages/zed_ros2)
[3.028s] [34mcolcon.colcon_parallel_executor.executor.parallel[0m [1;30mDEBUG[0m [32mclosing loop[0m
[3.029s] [34mcolcon.colcon_parallel_executor.executor.parallel[0m [1;30mDEBUG[0m [32mloop closed[0m
[3.029s] [34mcolcon.colcon_parallel_executor.executor.parallel[0m [1;30mDEBUG[0m [32mrun_until_complete finished with '0'[0m
[3.029s] [34mcolcon.colcon_core.event_reactor[0m [1;30mDEBUG[0m [32mjoining thread[0m
[3.042s] [34mcolcon.colcon_core.plugin_system[0m [1;30mINFO[0m Skipping extension 'colcon_notification.desktop_notification.notify_send': Could not find 'notify-send'
[3.043s] [34mcolcon.colcon_core.plugin_system[0m [1;30mINFO[0m Skipping extension 'colcon_notification.desktop_notification.terminal_notifier': Not used on non-Darwin systems
[3.043s] [34mcolcon.colcon_core.plugin_system[0m [1;30mINFO[0m Skipping extension 'colcon_notification.desktop_notification.win32': Not used on non-Windows systems
[3.043s] [34mcolcon.colcon_notification.desktop_notification[0m [1;30mINFO[0m Sending desktop notification using 'notify2'
[3.051s] [34mcolcon.colcon_notification.desktop_notification.notify2[0m [1;30mDEBUG[0m [32mFailed to initialize notify2: org.freedesktop.DBus.Error.Spawn.ExecFailed: /usr/bin/dbus-launch terminated abnormally without any error message[0m
[3.052s] [34mcolcon.colcon_core.event_reactor[0m [1;30mDEBUG[0m [32mjoined thread[0m
[3.053s] [34mcolcon.colcon_core.shell[0m [1;30mINFO[0m Creating prefix script '/workspaces/isaac_ros-dev/ros_ws/install/local_setup.ps1'
[3.057s] [34mcolcon.colcon_core.shell[0m [1;30mINFO[0m Creating prefix util module '/workspaces/isaac_ros-dev/ros_ws/install/_local_setup_util_ps1.py'
[3.062s] [34mcolcon.colcon_core.shell[0m [1;30mINFO[0m Creating prefix chain script '/workspaces/isaac_ros-dev/ros_ws/install/setup.ps1'
[3.067s] [34mcolcon.colcon_core.shell[0m [1;30mINFO[0m Creating prefix script '/workspaces/isaac_ros-dev/ros_ws/install/local_setup.sh'
[3.068s] [34mcolcon.colcon_core.shell[0m [1;30mINFO[0m Creating prefix util module '/workspaces/isaac_ros-dev/ros_ws/install/_local_setup_util_sh.py'
[3.071s] [34mcolcon.colcon_core.shell[0m [1;30mINFO[0m Creating prefix chain script '/workspaces/isaac_ros-dev/ros_ws/install/setup.sh'
[3.074s] [34mcolcon.colcon_core.shell[0m [1;30mINFO[0m Creating prefix script '/workspaces/isaac_ros-dev/ros_ws/install/local_setup.bash'
[3.076s] [34mcolcon.colcon_core.shell[0m [1;30mINFO[0m Creating prefix chain script '/workspaces/isaac_ros-dev/ros_ws/install/setup.bash'
[3.079s] [34mcolcon.colcon_core.shell[0m [1;30mINFO[0m Creating prefix script '/workspaces/isaac_ros-dev/ros_ws/install/local_setup.zsh'
[3.081s] [34mcolcon.colcon_core.shell[0m [1;30mINFO[0m Creating prefix chain script '/workspaces/isaac_ros-dev/ros_ws/install/setup.zsh'
