running egg_info
creating ../../build/control/control.egg-info
writing ../../build/control/control.egg-info/PKG-INFO
writing dependency_links to ../../build/control/control.egg-info/dependency_links.txt
writing entry points to ../../build/control/control.egg-info/entry_points.txt
writing requirements to ../../build/control/control.egg-info/requires.txt
writing top-level names to ../../build/control/control.egg-info/top_level.txt
writing manifest file '../../build/control/control.egg-info/SOURCES.txt'
reading manifest file '../../build/control/control.egg-info/SOURCES.txt'
writing manifest file '../../build/control/control.egg-info/SOURCES.txt'
running build
running build_py
creating /workspaces/isaac_ros-dev/ros_ws/build/control/build
creating /workspaces/isaac_ros-dev/ros_ws/build/control/build/lib
creating /workspaces/isaac_ros-dev/ros_ws/build/control/build/lib/control
copying control/control_node.py -> /workspaces/isaac_ros-dev/ros_ws/build/control/build/lib/control
copying control/__init__.py -> /workspaces/isaac_ros-dev/ros_ws/build/control/build/lib/control
running install
running install_lib
creating /workspaces/isaac_ros-dev/ros_ws/install/control/lib/python3.10/site-packages/control
copying /workspaces/isaac_ros-dev/ros_ws/build/control/build/lib/control/control_node.py -> /workspaces/isaac_ros-dev/ros_ws/install/control/lib/python3.10/site-packages/control
copying /workspaces/isaac_ros-dev/ros_ws/build/control/build/lib/control/__init__.py -> /workspaces/isaac_ros-dev/ros_ws/install/control/lib/python3.10/site-packages/control
byte-compiling /workspaces/isaac_ros-dev/ros_ws/install/control/lib/python3.10/site-packages/control/control_node.py to control_node.cpython-310.pyc
byte-compiling /workspaces/isaac_ros-dev/ros_ws/install/control/lib/python3.10/site-packages/control/__init__.py to __init__.cpython-310.pyc
running install_data
creating /workspaces/isaac_ros-dev/ros_ws/install/control/share/ament_index
creating /workspaces/isaac_ros-dev/ros_ws/install/control/share/ament_index/resource_index
creating /workspaces/isaac_ros-dev/ros_ws/install/control/share/ament_index/resource_index/packages
copying resource/control -> /workspaces/isaac_ros-dev/ros_ws/install/control/share/ament_index/resource_index/packages
copying package.xml -> /workspaces/isaac_ros-dev/ros_ws/install/control/share/control
creating /workspaces/isaac_ros-dev/ros_ws/install/control/share/control/launch
copying launch/control.launch.py -> /workspaces/isaac_ros-dev/ros_ws/install/control/share/control/launch
running install_egg_info
Copying ../../build/control/control.egg-info to /workspaces/isaac_ros-dev/ros_ws/install/control/lib/python3.10/site-packages/control-0.0.1-py3.10.egg-info
running install_scripts
Installing control_node script to /workspaces/isaac_ros-dev/ros_ws/install/control/lib/control
writing list of installed files to '/workspaces/isaac_ros-dev/ros_ws/build/control/install.log'
