[0.022s] Invoking command in '/workspaces/isaac_ros-dev/ros_ws/build/ur5e_visual_servo': /usr/bin/cmake /workspaces/isaac_ros-dev/ros_ws/src/ur5e_visual_servo -DCMAKE_INSTALL_PREFIX=/workspaces/isaac_ros-dev/ros_ws/install/ur5e_visual_servo
[0.046s] -- Found ament_cmake: 1.3.11 (/opt/ros/humble/share/ament_cmake/cmake)
[0.285s] -- Override CMake install command with custom implementation using symlinks instead of copying resources
[0.299s] -- Found rclpy: 3.3.15 (/opt/ros/humble/share/rclpy/cmake)
[0.299s] -- Found geometry_msgs: 4.2.4 (/opt/ros/humble/share/geometry_msgs/cmake)
[0.339s] -- Found rosidl_generator_c: 3.1.6 (/opt/ros/humble/share/rosidl_generator_c/cmake)
[0.343s] -- Found rosidl_adapter: 3.1.6 (/opt/ros/humble/share/rosidl_adapter/cmake)
[0.352s] -- Found rosidl_generator_cpp: 3.1.6 (/opt/ros/humble/share/rosidl_generator_cpp/cmake)
[0.367s] -- Using all available rosidl_typesupport_c: rosidl_typesupport_fastrtps_c;rosidl_typesupport_introspection_c
[0.387s] -- Using all available rosidl_typesupport_cpp: rosidl_typesupport_fastrtps_cpp;rosidl_typesupport_introspection_cpp
[0.442s] -- Found sensor_msgs: 4.2.4 (/opt/ros/humble/share/sensor_msgs/cmake)
[0.467s] -- Found tf2_ros: 0.25.12 (/opt/ros/humble/share/tf2_ros/cmake)
[0.539s] -- Found rmw_implementation_cmake: 6.1.2 (/opt/ros/humble/share/rmw_implementation_cmake/cmake)
[0.542s] -- Found rmw_cyclonedds_cpp: 1.3.4 (/opt/ros/humble/share/rmw_cyclonedds_cpp/cmake)
[0.650s] -- Using RMW implementation 'rmw_cyclonedds_cpp' as default
[0.888s] -- Found visualization_msgs: 4.2.4 (/opt/ros/humble/share/visualization_msgs/cmake)
[0.918s] -- Found cv_bridge: 3.2.1 (/opt/ros/humble/share/cv_bridge/cmake)
[1.058s] Error parsing '/workspaces/isaac_ros-dev/ros_ws/src/ur5e_visual_servo/package.xml':
[1.058s] Traceback (most recent call last):
[1.058s]   File "/opt/ros/humble/share/ament_cmake_core/cmake/core/package_xml_2_cmake.py", line 150, in <module>
[1.058s]     main()
[1.059s]   File "/opt/ros/humble/share/ament_cmake_core/cmake/core/package_xml_2_cmake.py", line 53, in main
[1.059s]     raise e
[1.059s]   File "/opt/ros/humble/share/ament_cmake_core/cmake/core/package_xml_2_cmake.py", line 49, in main
[1.059s]     package = parse_package_string(
[1.059s]   File "/usr/lib/python3/dist-packages/catkin_pkg/package.py", line 786, in parse_package_string
[1.059s]     raise InvalidPackage('Error(s):%s' % (''.join(['\n- %s' % e for e in errors])), filename)
[1.059s] catkin_pkg.package.InvalidPackage: Error(s) in package '/workspaces/isaac_ros-dev/ros_ws/src/ur5e_visual_servo/package.xml':
[1.059s] Error(s):
[1.060s] - The generic dependency on 'python3-svgpathtools' is redundant with: exec_depend
[1.093s] [31mCMake Error at /opt/ros/humble/share/ament_cmake_core/cmake/core/ament_package_xml.cmake:95 (message):
[1.094s]   execute_process(/usr/bin/python3
[1.094s]   /opt/ros/humble/share/ament_cmake_core/cmake/core/package_xml_2_cmake.py
[1.094s]   /workspaces/isaac_ros-dev/ros_ws/src/ur5e_visual_servo/package.xml
[1.094s]   /workspaces/isaac_ros-dev/ros_ws/build/ur5e_visual_servo/ament_cmake_core/package.cmake)
[1.094s]   returned error code 1
[1.095s] Call Stack (most recent call first):
[1.095s]   /opt/ros/humble/share/ament_cmake_core/cmake/core/ament_package_xml.cmake:49 (_ament_package_xml)
[1.095s]   /opt/ros/humble/share/ament_cmake_core/cmake/core/ament_package.cmake:63 (ament_package_xml)
[1.095s]   CMakeLists.txt:54 (ament_package)
[1.095s] 
[1.095s] [0m
[1.095s] -- Configuring incomplete, errors occurred!
[1.095s] See also "/workspaces/isaac_ros-dev/ros_ws/build/ur5e_visual_servo/CMakeFiles/CMakeOutput.log".
[1.121s] Invoked command in '/workspaces/isaac_ros-dev/ros_ws/build/ur5e_visual_servo' returned '1': /usr/bin/cmake /workspaces/isaac_ros-dev/ros_ws/src/ur5e_visual_servo -DCMAKE_INSTALL_PREFIX=/workspaces/isaac_ros-dev/ros_ws/install/ur5e_visual_servo
