running egg_info
creating ../../build/vision/vision.egg-info
writing ../../build/vision/vision.egg-info/PKG-INFO
writing dependency_links to ../../build/vision/vision.egg-info/dependency_links.txt
writing entry points to ../../build/vision/vision.egg-info/entry_points.txt
writing requirements to ../../build/vision/vision.egg-info/requires.txt
writing top-level names to ../../build/vision/vision.egg-info/top_level.txt
writing manifest file '../../build/vision/vision.egg-info/SOURCES.txt'
reading manifest file '../../build/vision/vision.egg-info/SOURCES.txt'
writing manifest file '../../build/vision/vision.egg-info/SOURCES.txt'
running build
running build_py
creating /workspaces/isaac_ros-dev/ros_ws/build/vision/build
creating /workspaces/isaac_ros-dev/ros_ws/build/vision/build/lib
creating /workspaces/isaac_ros-dev/ros_ws/build/vision/build/lib/vision
copying vision/__init__.py -> /workspaces/isaac_ros-dev/ros_ws/build/vision/build/lib/vision
copying vision/vision_node.py -> /workspaces/isaac_ros-dev/ros_ws/build/vision/build/lib/vision
running install
running install_lib
creating /workspaces/isaac_ros-dev/ros_ws/install/vision/lib/python3.10/site-packages/vision
copying /workspaces/isaac_ros-dev/ros_ws/build/vision/build/lib/vision/__init__.py -> /workspaces/isaac_ros-dev/ros_ws/install/vision/lib/python3.10/site-packages/vision
copying /workspaces/isaac_ros-dev/ros_ws/build/vision/build/lib/vision/vision_node.py -> /workspaces/isaac_ros-dev/ros_ws/install/vision/lib/python3.10/site-packages/vision
byte-compiling /workspaces/isaac_ros-dev/ros_ws/install/vision/lib/python3.10/site-packages/vision/__init__.py to __init__.cpython-310.pyc
byte-compiling /workspaces/isaac_ros-dev/ros_ws/install/vision/lib/python3.10/site-packages/vision/vision_node.py to vision_node.cpython-310.pyc
running install_data
creating /workspaces/isaac_ros-dev/ros_ws/install/vision/share/ament_index
creating /workspaces/isaac_ros-dev/ros_ws/install/vision/share/ament_index/resource_index
creating /workspaces/isaac_ros-dev/ros_ws/install/vision/share/ament_index/resource_index/packages
copying resource/vision -> /workspaces/isaac_ros-dev/ros_ws/install/vision/share/ament_index/resource_index/packages
copying package.xml -> /workspaces/isaac_ros-dev/ros_ws/install/vision/share/vision
creating /workspaces/isaac_ros-dev/ros_ws/install/vision/share/vision/launch
copying launch/vision.launch.py -> /workspaces/isaac_ros-dev/ros_ws/install/vision/share/vision/launch
running install_egg_info
Copying ../../build/vision/vision.egg-info to /workspaces/isaac_ros-dev/ros_ws/install/vision/lib/python3.10/site-packages/vision-0.0.0-py3.10.egg-info
running install_scripts
Installing vision_node script to /workspaces/isaac_ros-dev/ros_ws/install/vision/lib/vision
writing list of installed files to '/workspaces/isaac_ros-dev/ros_ws/build/vision/install.log'
