[1.927s] Invoking command in '/workspaces/isaac_ros-dev/ros_ws/src/vision': PYTHONPATH=/workspaces/isaac_ros-dev/ros_ws/build/vision/prefix_override:/usr/lib/python3/dist-packages/colcon_core/task/python/colcon_distutils_commands:/workspaces/isaac_ros-dev/ros_ws/install/vision/lib/python3.10/site-packages:${PYTHONPATH} /usr/bin/python3 -W ignore:setup.py install is deprecated -W ignore:easy_install command is deprecated setup.py egg_info --egg-base ../../build/vision build --build-base /workspaces/isaac_ros-dev/ros_ws/build/vision/build install --record /workspaces/isaac_ros-dev/ros_ws/build/vision/install.log --single-version-externally-managed install_data
[2.637s] running egg_info
[2.637s] creating ../../build/vision/vision.egg-info
[2.665s] writing ../../build/vision/vision.egg-info/PKG-INFO
[2.666s] writing dependency_links to ../../build/vision/vision.egg-info/dependency_links.txt
[2.666s] writing entry points to ../../build/vision/vision.egg-info/entry_points.txt
[2.666s] writing requirements to ../../build/vision/vision.egg-info/requires.txt
[2.666s] writing top-level names to ../../build/vision/vision.egg-info/top_level.txt
[2.667s] writing manifest file '../../build/vision/vision.egg-info/SOURCES.txt'
[2.785s] ERROR setuptools_scm._file_finders.git listing git files failed - pretending there aren't any
[2.967s] reading manifest file '../../build/vision/vision.egg-info/SOURCES.txt'
[2.968s] writing manifest file '../../build/vision/vision.egg-info/SOURCES.txt'
[2.968s] running build
[2.968s] running build_py
[2.969s] creating /workspaces/isaac_ros-dev/ros_ws/build/vision/build
[2.969s] creating /workspaces/isaac_ros-dev/ros_ws/build/vision/build/lib
[2.969s] creating /workspaces/isaac_ros-dev/ros_ws/build/vision/build/lib/vision
[2.970s] copying vision/__init__.py -> /workspaces/isaac_ros-dev/ros_ws/build/vision/build/lib/vision
[2.970s] copying vision/vision_node.py -> /workspaces/isaac_ros-dev/ros_ws/build/vision/build/lib/vision
[2.970s] running install
[2.977s] running install_lib
[3.006s] creating /workspaces/isaac_ros-dev/ros_ws/install/vision/lib/python3.10/site-packages/vision
[3.007s] copying /workspaces/isaac_ros-dev/ros_ws/build/vision/build/lib/vision/__init__.py -> /workspaces/isaac_ros-dev/ros_ws/install/vision/lib/python3.10/site-packages/vision
[3.007s] copying /workspaces/isaac_ros-dev/ros_ws/build/vision/build/lib/vision/vision_node.py -> /workspaces/isaac_ros-dev/ros_ws/install/vision/lib/python3.10/site-packages/vision
[3.008s] byte-compiling /workspaces/isaac_ros-dev/ros_ws/install/vision/lib/python3.10/site-packages/vision/__init__.py to __init__.cpython-310.pyc
[3.008s] byte-compiling /workspaces/isaac_ros-dev/ros_ws/install/vision/lib/python3.10/site-packages/vision/vision_node.py to vision_node.cpython-310.pyc
[3.011s] running install_data
[3.011s] creating /workspaces/isaac_ros-dev/ros_ws/install/vision/share/ament_index
[3.011s] creating /workspaces/isaac_ros-dev/ros_ws/install/vision/share/ament_index/resource_index
[3.012s] creating /workspaces/isaac_ros-dev/ros_ws/install/vision/share/ament_index/resource_index/packages
[3.012s] copying resource/vision -> /workspaces/isaac_ros-dev/ros_ws/install/vision/share/ament_index/resource_index/packages
[3.012s] copying package.xml -> /workspaces/isaac_ros-dev/ros_ws/install/vision/share/vision
[3.013s] creating /workspaces/isaac_ros-dev/ros_ws/install/vision/share/vision/launch
[3.013s] copying launch/vision.launch.py -> /workspaces/isaac_ros-dev/ros_ws/install/vision/share/vision/launch
[3.013s] running install_egg_info
[3.042s] Copying ../../build/vision/vision.egg-info to /workspaces/isaac_ros-dev/ros_ws/install/vision/lib/python3.10/site-packages/vision-0.0.0-py3.10.egg-info
[3.044s] running install_scripts
[3.157s] Installing vision_node script to /workspaces/isaac_ros-dev/ros_ws/install/vision/lib/vision
[3.158s] writing list of installed files to '/workspaces/isaac_ros-dev/ros_ws/build/vision/install.log'
[3.244s] Invoked command in '/workspaces/isaac_ros-dev/ros_ws/src/vision' returned '0': PYTHONPATH=/workspaces/isaac_ros-dev/ros_ws/build/vision/prefix_override:/usr/lib/python3/dist-packages/colcon_core/task/python/colcon_distutils_commands:/workspaces/isaac_ros-dev/ros_ws/install/vision/lib/python3.10/site-packages:${PYTHONPATH} /usr/bin/python3 -W ignore:setup.py install is deprecated -W ignore:easy_install command is deprecated setup.py egg_info --egg-base ../../build/vision build --build-base /workspaces/isaac_ros-dev/ros_ws/build/vision/build install --record /workspaces/isaac_ros-dev/ros_ws/build/vision/install.log --single-version-externally-managed install_data
