[0.044s] Invoking command in '/workspaces/isaac_ros-dev/ros_ws/build/zed_msgs': CMAKE_PREFIX_PATH=${CMAKE_PREFIX_PATH}:/workspaces/isaac_ros-dev/ros_ws/install/vision:/workspaces/isaac_ros-dev/ros_ws/install/pattern:/workspaces/isaac_ros-dev/ros_ws/install/control:/opt/ros/humble /usr/bin/cmake --build /workspaces/isaac_ros-dev/ros_ws/build/zed_msgs -- -j12 -l12
[1.418s] [  0%] Built target zed_msgs__cpp
[1.420s] [  1%] Built target ament_cmake_python_symlink_zed_msgs
[1.421s] [ 12%] Built target zed_msgs__rosidl_generator_c
[1.421s] [ 36%] Built target zed_msgs__rosidl_typesupport_cpp
[1.422s] [ 37%] Built target zed_msgs__rosidl_typesupport_introspection_cpp
[1.423s] [ 49%] Built target zed_msgs__rosidl_typesupport_c
[1.423s] [ 73%] Built target zed_msgs__rosidl_typesupport_introspection_c
[1.423s] [ 73%] Built target zed_msgs__rosidl_typesupport_fastrtps_cpp
[1.423s] [ 85%] Built target zed_msgs__rosidl_typesupport_fastrtps_c
[1.423s] [ 85%] Built target zed_msgs
[1.424s] [ 86%] Built target zed_msgs__py
[1.424s] [ 97%] Built target zed_msgs__rosidl_generator_py
[1.424s] [100%] Built target zed_msgs__rosidl_typesupport_fastrtps_c__pyext
[1.424s] [100%] Built target zed_msgs__rosidl_typesupport_c__pyext
[1.424s] [100%] Built target zed_msgs__rosidl_typesupport_introspection_c__pyext
[1.424s] running egg_info
[1.425s] writing zed_msgs.egg-info/PKG-INFO
[1.425s] writing dependency_links to zed_msgs.egg-info/dependency_links.txt
[1.425s] writing top-level names to zed_msgs.egg-info/top_level.txt
[1.425s] reading manifest file 'zed_msgs.egg-info/SOURCES.txt'
[1.425s] writing manifest file 'zed_msgs.egg-info/SOURCES.txt'
[1.426s] [100%] Built target ament_cmake_python_build_zed_msgs_egg
[1.426s] Invoked command in '/workspaces/isaac_ros-dev/ros_ws/build/zed_msgs' returned '0': CMAKE_PREFIX_PATH=${CMAKE_PREFIX_PATH}:/workspaces/isaac_ros-dev/ros_ws/install/vision:/workspaces/isaac_ros-dev/ros_ws/install/pattern:/workspaces/isaac_ros-dev/ros_ws/install/control:/opt/ros/humble /usr/bin/cmake --build /workspaces/isaac_ros-dev/ros_ws/build/zed_msgs -- -j12 -l12
[1.440s] Invoking command in '/workspaces/isaac_ros-dev/ros_ws/build/zed_msgs': CMAKE_PREFIX_PATH=${CMAKE_PREFIX_PATH}:/workspaces/isaac_ros-dev/ros_ws/install/vision:/workspaces/isaac_ros-dev/ros_ws/install/pattern:/workspaces/isaac_ros-dev/ros_ws/install/control:/opt/ros/humble /usr/bin/cmake --install /workspaces/isaac_ros-dev/ros_ws/build/zed_msgs
[2.119s] -- Install configuration: ""
[2.120s] -- Execute custom install script
[2.120s] -- Up-to-date symlink: /workspaces/isaac_ros-dev/ros_ws/install/zed_msgs/share/ament_index/resource_index/rosidl_interfaces/zed_msgs
[2.121s] -- Up-to-date symlink: /workspaces/isaac_ros-dev/ros_ws/install/zed_msgs/include/zed_msgs/zed_msgs/msg/bounding_box2_df.h
[2.122s] -- Up-to-date symlink: /workspaces/isaac_ros-dev/ros_ws/install/zed_msgs/include/zed_msgs/zed_msgs/msg/bounding_box2_di.h
[2.123s] -- Up-to-date symlink: /workspaces/isaac_ros-dev/ros_ws/install/zed_msgs/include/zed_msgs/zed_msgs/msg/bounding_box3_d.h
[2.123s] -- Up-to-date symlink: /workspaces/isaac_ros-dev/ros_ws/install/zed_msgs/include/zed_msgs/zed_msgs/msg/depth_info_stamped.h
[2.124s] -- Up-to-date symlink: /workspaces/isaac_ros-dev/ros_ws/install/zed_msgs/include/zed_msgs/zed_msgs/msg/detail/bounding_box2_df__functions.h
[2.124s] -- Up-to-date symlink: /workspaces/isaac_ros-dev/ros_ws/install/zed_msgs/include/zed_msgs/zed_msgs/msg/detail/bounding_box2_df__struct.h
[2.125s] -- Up-to-date symlink: /workspaces/isaac_ros-dev/ros_ws/install/zed_msgs/include/zed_msgs/zed_msgs/msg/detail/bounding_box2_df__type_support.h
[2.126s] -- Up-to-date symlink: /workspaces/isaac_ros-dev/ros_ws/install/zed_msgs/include/zed_msgs/zed_msgs/msg/detail/bounding_box2_di__functions.h
[2.127s] -- Up-to-date symlink: /workspaces/isaac_ros-dev/ros_ws/install/zed_msgs/include/zed_msgs/zed_msgs/msg/detail/bounding_box2_di__struct.h
[2.127s] -- Up-to-date symlink: /workspaces/isaac_ros-dev/ros_ws/install/zed_msgs/include/zed_msgs/zed_msgs/msg/detail/bounding_box2_di__type_support.h
[2.128s] -- Up-to-date symlink: /workspaces/isaac_ros-dev/ros_ws/install/zed_msgs/include/zed_msgs/zed_msgs/msg/detail/bounding_box3_d__functions.h
[2.129s] -- Up-to-date symlink: /workspaces/isaac_ros-dev/ros_ws/install/zed_msgs/include/zed_msgs/zed_msgs/msg/detail/bounding_box3_d__struct.h
[2.130s] -- Up-to-date symlink: /workspaces/isaac_ros-dev/ros_ws/install/zed_msgs/include/zed_msgs/zed_msgs/msg/detail/bounding_box3_d__type_support.h
[2.130s] -- Up-to-date symlink: /workspaces/isaac_ros-dev/ros_ws/install/zed_msgs/include/zed_msgs/zed_msgs/msg/detail/depth_info_stamped__functions.h
[2.130s] -- Up-to-date symlink: /workspaces/isaac_ros-dev/ros_ws/install/zed_msgs/include/zed_msgs/zed_msgs/msg/detail/depth_info_stamped__struct.h
[2.130s] -- Up-to-date symlink: /workspaces/isaac_ros-dev/ros_ws/install/zed_msgs/include/zed_msgs/zed_msgs/msg/detail/depth_info_stamped__type_support.h
[2.131s] -- Up-to-date symlink: /workspaces/isaac_ros-dev/ros_ws/install/zed_msgs/include/zed_msgs/zed_msgs/msg/detail/gnss_fusion_status__functions.h
[2.131s] -- Up-to-date symlink: /workspaces/isaac_ros-dev/ros_ws/install/zed_msgs/include/zed_msgs/zed_msgs/msg/detail/gnss_fusion_status__struct.h
[2.131s] -- Up-to-date symlink: /workspaces/isaac_ros-dev/ros_ws/install/zed_msgs/include/zed_msgs/zed_msgs/msg/detail/gnss_fusion_status__type_support.h
[2.132s] -- Up-to-date symlink: /workspaces/isaac_ros-dev/ros_ws/install/zed_msgs/include/zed_msgs/zed_msgs/msg/detail/health_status_stamped__functions.h
[2.133s] -- Up-to-date symlink: /workspaces/isaac_ros-dev/ros_ws/install/zed_msgs/include/zed_msgs/zed_msgs/msg/detail/health_status_stamped__struct.h
[2.133s] -- Up-to-date symlink: /workspaces/isaac_ros-dev/ros_ws/install/zed_msgs/include/zed_msgs/zed_msgs/msg/detail/health_status_stamped__type_support.h
[2.133s] -- Up-to-date symlink: /workspaces/isaac_ros-dev/ros_ws/install/zed_msgs/include/zed_msgs/zed_msgs/msg/detail/heartbeat__functions.h
[2.133s] -- Up-to-date symlink: /workspaces/isaac_ros-dev/ros_ws/install/zed_msgs/include/zed_msgs/zed_msgs/msg/detail/heartbeat__struct.h
[2.133s] -- Up-to-date symlink: /workspaces/isaac_ros-dev/ros_ws/install/zed_msgs/include/zed_msgs/zed_msgs/msg/detail/heartbeat__type_support.h
[2.134s] -- Up-to-date symlink: /workspaces/isaac_ros-dev/ros_ws/install/zed_msgs/include/zed_msgs/zed_msgs/msg/detail/keypoint2_df__functions.h
[2.134s] -- Up-to-date symlink: /workspaces/isaac_ros-dev/ros_ws/install/zed_msgs/include/zed_msgs/zed_msgs/msg/detail/keypoint2_df__struct.h
[2.134s] -- Up-to-date symlink: /workspaces/isaac_ros-dev/ros_ws/install/zed_msgs/include/zed_msgs/zed_msgs/msg/detail/keypoint2_df__type_support.h
[2.134s] -- Up-to-date symlink: /workspaces/isaac_ros-dev/ros_ws/install/zed_msgs/include/zed_msgs/zed_msgs/msg/detail/keypoint2_di__functions.h
[2.134s] -- Up-to-date symlink: /workspaces/isaac_ros-dev/ros_ws/install/zed_msgs/include/zed_msgs/zed_msgs/msg/detail/keypoint2_di__struct.h
[2.134s] -- Up-to-date symlink: /workspaces/isaac_ros-dev/ros_ws/install/zed_msgs/include/zed_msgs/zed_msgs/msg/detail/keypoint2_di__type_support.h
[2.134s] -- Up-to-date symlink: /workspaces/isaac_ros-dev/ros_ws/install/zed_msgs/include/zed_msgs/zed_msgs/msg/detail/keypoint3_d__functions.h
[2.134s] -- Up-to-date symlink: /workspaces/isaac_ros-dev/ros_ws/install/zed_msgs/include/zed_msgs/zed_msgs/msg/detail/keypoint3_d__struct.h
[2.134s] -- Up-to-date symlink: /workspaces/isaac_ros-dev/ros_ws/install/zed_msgs/include/zed_msgs/zed_msgs/msg/detail/keypoint3_d__type_support.h
[2.135s] -- Up-to-date symlink: /workspaces/isaac_ros-dev/ros_ws/install/zed_msgs/include/zed_msgs/zed_msgs/msg/detail/mag_heading_status__functions.h
[2.135s] -- Up-to-date symlink: /workspaces/isaac_ros-dev/ros_ws/install/zed_msgs/include/zed_msgs/zed_msgs/msg/detail/mag_heading_status__struct.h
[2.135s] -- Up-to-date symlink: /workspaces/isaac_ros-dev/ros_ws/install/zed_msgs/include/zed_msgs/zed_msgs/msg/detail/mag_heading_status__type_support.h
[2.135s] -- Up-to-date symlink: /workspaces/isaac_ros-dev/ros_ws/install/zed_msgs/include/zed_msgs/zed_msgs/msg/detail/object__functions.h
[2.135s] -- Up-to-date symlink: /workspaces/isaac_ros-dev/ros_ws/install/zed_msgs/include/zed_msgs/zed_msgs/msg/detail/object__struct.h
[2.135s] -- Up-to-date symlink: /workspaces/isaac_ros-dev/ros_ws/install/zed_msgs/include/zed_msgs/zed_msgs/msg/detail/object__type_support.h
[2.135s] -- Up-to-date symlink: /workspaces/isaac_ros-dev/ros_ws/install/zed_msgs/include/zed_msgs/zed_msgs/msg/detail/objects_stamped__functions.h
[2.135s] -- Up-to-date symlink: /workspaces/isaac_ros-dev/ros_ws/install/zed_msgs/include/zed_msgs/zed_msgs/msg/detail/objects_stamped__struct.h
[2.135s] -- Up-to-date symlink: /workspaces/isaac_ros-dev/ros_ws/install/zed_msgs/include/zed_msgs/zed_msgs/msg/detail/objects_stamped__type_support.h
[2.136s] -- Up-to-date symlink: /workspaces/isaac_ros-dev/ros_ws/install/zed_msgs/include/zed_msgs/zed_msgs/msg/detail/plane_stamped__functions.h
[2.136s] -- Up-to-date symlink: /workspaces/isaac_ros-dev/ros_ws/install/zed_msgs/include/zed_msgs/zed_msgs/msg/detail/plane_stamped__struct.h
[2.136s] -- Up-to-date symlink: /workspaces/isaac_ros-dev/ros_ws/install/zed_msgs/include/zed_msgs/zed_msgs/msg/detail/plane_stamped__type_support.h
[2.136s] -- Up-to-date symlink: /workspaces/isaac_ros-dev/ros_ws/install/zed_msgs/include/zed_msgs/zed_msgs/msg/detail/pos_track_status__functions.h
[2.136s] -- Up-to-date symlink: /workspaces/isaac_ros-dev/ros_ws/install/zed_msgs/include/zed_msgs/zed_msgs/msg/detail/pos_track_status__struct.h
[2.136s] -- Up-to-date symlink: /workspaces/isaac_ros-dev/ros_ws/install/zed_msgs/include/zed_msgs/zed_msgs/msg/detail/pos_track_status__type_support.h
[2.136s] -- Up-to-date symlink: /workspaces/isaac_ros-dev/ros_ws/install/zed_msgs/include/zed_msgs/zed_msgs/msg/detail/skeleton2_d__functions.h
[2.137s] -- Up-to-date symlink: /workspaces/isaac_ros-dev/ros_ws/install/zed_msgs/include/zed_msgs/zed_msgs/msg/detail/skeleton2_d__struct.h
[2.137s] -- Up-to-date symlink: /workspaces/isaac_ros-dev/ros_ws/install/zed_msgs/include/zed_msgs/zed_msgs/msg/detail/skeleton2_d__type_support.h
[2.137s] -- Up-to-date symlink: /workspaces/isaac_ros-dev/ros_ws/install/zed_msgs/include/zed_msgs/zed_msgs/msg/detail/skeleton3_d__functions.h
[2.137s] -- Up-to-date symlink: /workspaces/isaac_ros-dev/ros_ws/install/zed_msgs/include/zed_msgs/zed_msgs/msg/detail/skeleton3_d__struct.h
[2.137s] -- Up-to-date symlink: /workspaces/isaac_ros-dev/ros_ws/install/zed_msgs/include/zed_msgs/zed_msgs/msg/detail/skeleton3_d__type_support.h
[2.137s] -- Up-to-date symlink: /workspaces/isaac_ros-dev/ros_ws/install/zed_msgs/include/zed_msgs/zed_msgs/msg/detail/svo_status__functions.h
[2.137s] -- Up-to-date symlink: /workspaces/isaac_ros-dev/ros_ws/install/zed_msgs/include/zed_msgs/zed_msgs/msg/detail/svo_status__struct.h
[2.137s] -- Up-to-date symlink: /workspaces/isaac_ros-dev/ros_ws/install/zed_msgs/include/zed_msgs/zed_msgs/msg/detail/svo_status__type_support.h
[2.137s] -- Up-to-date symlink: /workspaces/isaac_ros-dev/ros_ws/install/zed_msgs/include/zed_msgs/zed_msgs/msg/gnss_fusion_status.h
[2.138s] -- Up-to-date symlink: /workspaces/isaac_ros-dev/ros_ws/install/zed_msgs/include/zed_msgs/zed_msgs/msg/health_status_stamped.h
[2.138s] -- Up-to-date symlink: /workspaces/isaac_ros-dev/ros_ws/install/zed_msgs/include/zed_msgs/zed_msgs/msg/heartbeat.h
[2.138s] -- Up-to-date symlink: /workspaces/isaac_ros-dev/ros_ws/install/zed_msgs/include/zed_msgs/zed_msgs/msg/keypoint2_df.h
[2.138s] -- Up-to-date symlink: /workspaces/isaac_ros-dev/ros_ws/install/zed_msgs/include/zed_msgs/zed_msgs/msg/keypoint2_di.h
[2.138s] -- Up-to-date symlink: /workspaces/isaac_ros-dev/ros_ws/install/zed_msgs/include/zed_msgs/zed_msgs/msg/keypoint3_d.h
[2.138s] -- Up-to-date symlink: /workspaces/isaac_ros-dev/ros_ws/install/zed_msgs/include/zed_msgs/zed_msgs/msg/mag_heading_status.h
[2.138s] -- Up-to-date symlink: /workspaces/isaac_ros-dev/ros_ws/install/zed_msgs/include/zed_msgs/zed_msgs/msg/object.h
[2.138s] -- Up-to-date symlink: /workspaces/isaac_ros-dev/ros_ws/install/zed_msgs/include/zed_msgs/zed_msgs/msg/objects_stamped.h
[2.138s] -- Up-to-date symlink: /workspaces/isaac_ros-dev/ros_ws/install/zed_msgs/include/zed_msgs/zed_msgs/msg/plane_stamped.h
[2.139s] -- Up-to-date symlink: /workspaces/isaac_ros-dev/ros_ws/install/zed_msgs/include/zed_msgs/zed_msgs/msg/pos_track_status.h
[2.139s] -- Up-to-date symlink: /workspaces/isaac_ros-dev/ros_ws/install/zed_msgs/include/zed_msgs/zed_msgs/msg/rosidl_generator_c__visibility_control.h
[2.139s] -- Up-to-date symlink: /workspaces/isaac_ros-dev/ros_ws/install/zed_msgs/include/zed_msgs/zed_msgs/msg/skeleton2_d.h
[2.139s] -- Up-to-date symlink: /workspaces/isaac_ros-dev/ros_ws/install/zed_msgs/include/zed_msgs/zed_msgs/msg/skeleton3_d.h
[2.139s] -- Up-to-date symlink: /workspaces/isaac_ros-dev/ros_ws/install/zed_msgs/include/zed_msgs/zed_msgs/msg/svo_status.h
[2.139s] -- Up-to-date symlink: /workspaces/isaac_ros-dev/ros_ws/install/zed_msgs/include/zed_msgs/zed_msgs/srv/detail/set_pose__functions.h
[2.139s] -- Up-to-date symlink: /workspaces/isaac_ros-dev/ros_ws/install/zed_msgs/include/zed_msgs/zed_msgs/srv/detail/set_pose__struct.h
[2.139s] -- Up-to-date symlink: /workspaces/isaac_ros-dev/ros_ws/install/zed_msgs/include/zed_msgs/zed_msgs/srv/detail/set_pose__type_support.h
[2.139s] -- Up-to-date symlink: /workspaces/isaac_ros-dev/ros_ws/install/zed_msgs/include/zed_msgs/zed_msgs/srv/detail/set_roi__functions.h
[2.140s] -- Up-to-date symlink: /workspaces/isaac_ros-dev/ros_ws/install/zed_msgs/include/zed_msgs/zed_msgs/srv/detail/set_roi__struct.h
[2.140s] -- Up-to-date symlink: /workspaces/isaac_ros-dev/ros_ws/install/zed_msgs/include/zed_msgs/zed_msgs/srv/detail/set_roi__type_support.h
[2.140s] -- Up-to-date symlink: /workspaces/isaac_ros-dev/ros_ws/install/zed_msgs/include/zed_msgs/zed_msgs/srv/detail/set_svo_frame__functions.h
[2.140s] -- Up-to-date symlink: /workspaces/isaac_ros-dev/ros_ws/install/zed_msgs/include/zed_msgs/zed_msgs/srv/detail/set_svo_frame__struct.h
[2.140s] -- Up-to-date symlink: /workspaces/isaac_ros-dev/ros_ws/install/zed_msgs/include/zed_msgs/zed_msgs/srv/detail/set_svo_frame__type_support.h
[2.140s] -- Up-to-date symlink: /workspaces/isaac_ros-dev/ros_ws/install/zed_msgs/include/zed_msgs/zed_msgs/srv/detail/start_svo_rec__functions.h
[2.140s] -- Up-to-date symlink: /workspaces/isaac_ros-dev/ros_ws/install/zed_msgs/include/zed_msgs/zed_msgs/srv/detail/start_svo_rec__struct.h
[2.140s] -- Up-to-date symlink: /workspaces/isaac_ros-dev/ros_ws/install/zed_msgs/include/zed_msgs/zed_msgs/srv/detail/start_svo_rec__type_support.h
[2.140s] -- Up-to-date symlink: /workspaces/isaac_ros-dev/ros_ws/install/zed_msgs/include/zed_msgs/zed_msgs/srv/set_pose.h
[2.141s] -- Up-to-date symlink: /workspaces/isaac_ros-dev/ros_ws/install/zed_msgs/include/zed_msgs/zed_msgs/srv/set_roi.h
[2.141s] -- Up-to-date symlink: /workspaces/isaac_ros-dev/ros_ws/install/zed_msgs/include/zed_msgs/zed_msgs/srv/set_svo_frame.h
[2.141s] -- Up-to-date symlink: /workspaces/isaac_ros-dev/ros_ws/install/zed_msgs/include/zed_msgs/zed_msgs/srv/start_svo_rec.h
[2.141s] -- Up-to-date symlink: /workspaces/isaac_ros-dev/ros_ws/install/zed_msgs/share/zed_msgs/environment/library_path.sh
[2.141s] -- Up-to-date symlink: /workspaces/isaac_ros-dev/ros_ws/install/zed_msgs/share/zed_msgs/environment/library_path.dsv
[2.141s] -- Up-to-date symlink: /workspaces/isaac_ros-dev/ros_ws/install/zed_msgs/include/zed_msgs/zed_msgs/msg/detail/bounding_box2_df__rosidl_typesupport_fastrtps_c.h
[2.141s] -- Up-to-date symlink: /workspaces/isaac_ros-dev/ros_ws/install/zed_msgs/include/zed_msgs/zed_msgs/msg/detail/bounding_box2_di__rosidl_typesupport_fastrtps_c.h
[2.141s] -- Up-to-date symlink: /workspaces/isaac_ros-dev/ros_ws/install/zed_msgs/include/zed_msgs/zed_msgs/msg/detail/bounding_box3_d__rosidl_typesupport_fastrtps_c.h
[2.141s] -- Up-to-date symlink: /workspaces/isaac_ros-dev/ros_ws/install/zed_msgs/include/zed_msgs/zed_msgs/msg/detail/depth_info_stamped__rosidl_typesupport_fastrtps_c.h
[2.141s] -- Up-to-date symlink: /workspaces/isaac_ros-dev/ros_ws/install/zed_msgs/include/zed_msgs/zed_msgs/msg/detail/gnss_fusion_status__rosidl_typesupport_fastrtps_c.h
[2.142s] -- Up-to-date symlink: /workspaces/isaac_ros-dev/ros_ws/install/zed_msgs/include/zed_msgs/zed_msgs/msg/detail/health_status_stamped__rosidl_typesupport_fastrtps_c.h
[2.142s] -- Up-to-date symlink: /workspaces/isaac_ros-dev/ros_ws/install/zed_msgs/include/zed_msgs/zed_msgs/msg/detail/heartbeat__rosidl_typesupport_fastrtps_c.h
[2.142s] -- Up-to-date symlink: /workspaces/isaac_ros-dev/ros_ws/install/zed_msgs/include/zed_msgs/zed_msgs/msg/detail/keypoint2_df__rosidl_typesupport_fastrtps_c.h
[2.142s] -- Up-to-date symlink: /workspaces/isaac_ros-dev/ros_ws/install/zed_msgs/include/zed_msgs/zed_msgs/msg/detail/keypoint2_di__rosidl_typesupport_fastrtps_c.h
[2.142s] -- Up-to-date symlink: /workspaces/isaac_ros-dev/ros_ws/install/zed_msgs/include/zed_msgs/zed_msgs/msg/detail/keypoint3_d__rosidl_typesupport_fastrtps_c.h
[2.142s] -- Up-to-date symlink: /workspaces/isaac_ros-dev/ros_ws/install/zed_msgs/include/zed_msgs/zed_msgs/msg/detail/mag_heading_status__rosidl_typesupport_fastrtps_c.h
[2.142s] -- Up-to-date symlink: /workspaces/isaac_ros-dev/ros_ws/install/zed_msgs/include/zed_msgs/zed_msgs/msg/detail/object__rosidl_typesupport_fastrtps_c.h
[2.142s] -- Up-to-date symlink: /workspaces/isaac_ros-dev/ros_ws/install/zed_msgs/include/zed_msgs/zed_msgs/msg/detail/objects_stamped__rosidl_typesupport_fastrtps_c.h
[2.142s] -- Up-to-date symlink: /workspaces/isaac_ros-dev/ros_ws/install/zed_msgs/include/zed_msgs/zed_msgs/msg/detail/plane_stamped__rosidl_typesupport_fastrtps_c.h
[2.143s] -- Up-to-date symlink: /workspaces/isaac_ros-dev/ros_ws/install/zed_msgs/include/zed_msgs/zed_msgs/msg/detail/pos_track_status__rosidl_typesupport_fastrtps_c.h
[2.143s] -- Up-to-date symlink: /workspaces/isaac_ros-dev/ros_ws/install/zed_msgs/include/zed_msgs/zed_msgs/msg/detail/skeleton2_d__rosidl_typesupport_fastrtps_c.h
[2.143s] -- Up-to-date symlink: /workspaces/isaac_ros-dev/ros_ws/install/zed_msgs/include/zed_msgs/zed_msgs/msg/detail/skeleton3_d__rosidl_typesupport_fastrtps_c.h
[2.143s] -- Up-to-date symlink: /workspaces/isaac_ros-dev/ros_ws/install/zed_msgs/include/zed_msgs/zed_msgs/msg/detail/svo_status__rosidl_typesupport_fastrtps_c.h
[2.143s] -- Up-to-date symlink: /workspaces/isaac_ros-dev/ros_ws/install/zed_msgs/include/zed_msgs/zed_msgs/msg/rosidl_typesupport_fastrtps_c__visibility_control.h
[2.143s] -- Up-to-date symlink: /workspaces/isaac_ros-dev/ros_ws/install/zed_msgs/include/zed_msgs/zed_msgs/srv/detail/set_pose__rosidl_typesupport_fastrtps_c.h
[2.143s] -- Up-to-date symlink: /workspaces/isaac_ros-dev/ros_ws/install/zed_msgs/include/zed_msgs/zed_msgs/srv/detail/set_roi__rosidl_typesupport_fastrtps_c.h
[2.143s] -- Up-to-date symlink: /workspaces/isaac_ros-dev/ros_ws/install/zed_msgs/include/zed_msgs/zed_msgs/srv/detail/set_svo_frame__rosidl_typesupport_fastrtps_c.h
[2.143s] -- Up-to-date symlink: /workspaces/isaac_ros-dev/ros_ws/install/zed_msgs/include/zed_msgs/zed_msgs/srv/detail/start_svo_rec__rosidl_typesupport_fastrtps_c.h
[2.144s] -- Up-to-date symlink: /workspaces/isaac_ros-dev/ros_ws/install/zed_msgs/include/zed_msgs/zed_msgs/msg/bounding_box2_df.hpp
[2.144s] -- Up-to-date symlink: /workspaces/isaac_ros-dev/ros_ws/install/zed_msgs/include/zed_msgs/zed_msgs/msg/bounding_box2_di.hpp
[2.144s] -- Up-to-date symlink: /workspaces/isaac_ros-dev/ros_ws/install/zed_msgs/include/zed_msgs/zed_msgs/msg/bounding_box3_d.hpp
[2.144s] -- Up-to-date symlink: /workspaces/isaac_ros-dev/ros_ws/install/zed_msgs/include/zed_msgs/zed_msgs/msg/depth_info_stamped.hpp
[2.144s] -- Up-to-date symlink: /workspaces/isaac_ros-dev/ros_ws/install/zed_msgs/include/zed_msgs/zed_msgs/msg/detail/bounding_box2_df__builder.hpp
[2.144s] -- Up-to-date symlink: /workspaces/isaac_ros-dev/ros_ws/install/zed_msgs/include/zed_msgs/zed_msgs/msg/detail/bounding_box2_df__struct.hpp
[2.144s] -- Up-to-date symlink: /workspaces/isaac_ros-dev/ros_ws/install/zed_msgs/include/zed_msgs/zed_msgs/msg/detail/bounding_box2_df__traits.hpp
[2.144s] -- Up-to-date symlink: /workspaces/isaac_ros-dev/ros_ws/install/zed_msgs/include/zed_msgs/zed_msgs/msg/detail/bounding_box2_df__type_support.hpp
[2.144s] -- Up-to-date symlink: /workspaces/isaac_ros-dev/ros_ws/install/zed_msgs/include/zed_msgs/zed_msgs/msg/detail/bounding_box2_di__builder.hpp
[2.145s] -- Up-to-date symlink: /workspaces/isaac_ros-dev/ros_ws/install/zed_msgs/include/zed_msgs/zed_msgs/msg/detail/bounding_box2_di__struct.hpp
[2.145s] -- Up-to-date symlink: /workspaces/isaac_ros-dev/ros_ws/install/zed_msgs/include/zed_msgs/zed_msgs/msg/detail/bounding_box2_di__traits.hpp
[2.145s] -- Up-to-date symlink: /workspaces/isaac_ros-dev/ros_ws/install/zed_msgs/include/zed_msgs/zed_msgs/msg/detail/bounding_box2_di__type_support.hpp
[2.145s] -- Up-to-date symlink: /workspaces/isaac_ros-dev/ros_ws/install/zed_msgs/include/zed_msgs/zed_msgs/msg/detail/bounding_box3_d__builder.hpp
[2.145s] -- Up-to-date symlink: /workspaces/isaac_ros-dev/ros_ws/install/zed_msgs/include/zed_msgs/zed_msgs/msg/detail/bounding_box3_d__struct.hpp
[2.145s] -- Up-to-date symlink: /workspaces/isaac_ros-dev/ros_ws/install/zed_msgs/include/zed_msgs/zed_msgs/msg/detail/bounding_box3_d__traits.hpp
[2.145s] -- Up-to-date symlink: /workspaces/isaac_ros-dev/ros_ws/install/zed_msgs/include/zed_msgs/zed_msgs/msg/detail/bounding_box3_d__type_support.hpp
[2.145s] -- Up-to-date symlink: /workspaces/isaac_ros-dev/ros_ws/install/zed_msgs/include/zed_msgs/zed_msgs/msg/detail/depth_info_stamped__builder.hpp
[2.145s] -- Up-to-date symlink: /workspaces/isaac_ros-dev/ros_ws/install/zed_msgs/include/zed_msgs/zed_msgs/msg/detail/depth_info_stamped__struct.hpp
[2.145s] -- Up-to-date symlink: /workspaces/isaac_ros-dev/ros_ws/install/zed_msgs/include/zed_msgs/zed_msgs/msg/detail/depth_info_stamped__traits.hpp
[2.146s] -- Up-to-date symlink: /workspaces/isaac_ros-dev/ros_ws/install/zed_msgs/include/zed_msgs/zed_msgs/msg/detail/depth_info_stamped__type_support.hpp
[2.146s] -- Up-to-date symlink: /workspaces/isaac_ros-dev/ros_ws/install/zed_msgs/include/zed_msgs/zed_msgs/msg/detail/gnss_fusion_status__builder.hpp
[2.146s] -- Up-to-date symlink: /workspaces/isaac_ros-dev/ros_ws/install/zed_msgs/include/zed_msgs/zed_msgs/msg/detail/gnss_fusion_status__struct.hpp
[2.146s] -- Up-to-date symlink: /workspaces/isaac_ros-dev/ros_ws/install/zed_msgs/include/zed_msgs/zed_msgs/msg/detail/gnss_fusion_status__traits.hpp
[2.146s] -- Up-to-date symlink: /workspaces/isaac_ros-dev/ros_ws/install/zed_msgs/include/zed_msgs/zed_msgs/msg/detail/gnss_fusion_status__type_support.hpp
[2.146s] -- Up-to-date symlink: /workspaces/isaac_ros-dev/ros_ws/install/zed_msgs/include/zed_msgs/zed_msgs/msg/detail/health_status_stamped__builder.hpp
[2.146s] -- Up-to-date symlink: /workspaces/isaac_ros-dev/ros_ws/install/zed_msgs/include/zed_msgs/zed_msgs/msg/detail/health_status_stamped__struct.hpp
[2.146s] -- Up-to-date symlink: /workspaces/isaac_ros-dev/ros_ws/install/zed_msgs/include/zed_msgs/zed_msgs/msg/detail/health_status_stamped__traits.hpp
[2.146s] -- Up-to-date symlink: /workspaces/isaac_ros-dev/ros_ws/install/zed_msgs/include/zed_msgs/zed_msgs/msg/detail/health_status_stamped__type_support.hpp
[2.146s] -- Up-to-date symlink: /workspaces/isaac_ros-dev/ros_ws/install/zed_msgs/include/zed_msgs/zed_msgs/msg/detail/heartbeat__builder.hpp
[2.147s] -- Up-to-date symlink: /workspaces/isaac_ros-dev/ros_ws/install/zed_msgs/include/zed_msgs/zed_msgs/msg/detail/heartbeat__struct.hpp
[2.147s] -- Up-to-date symlink: /workspaces/isaac_ros-dev/ros_ws/install/zed_msgs/include/zed_msgs/zed_msgs/msg/detail/heartbeat__traits.hpp
[2.147s] -- Up-to-date symlink: /workspaces/isaac_ros-dev/ros_ws/install/zed_msgs/include/zed_msgs/zed_msgs/msg/detail/heartbeat__type_support.hpp
[2.147s] -- Up-to-date symlink: /workspaces/isaac_ros-dev/ros_ws/install/zed_msgs/include/zed_msgs/zed_msgs/msg/detail/keypoint2_df__builder.hpp
[2.147s] -- Up-to-date symlink: /workspaces/isaac_ros-dev/ros_ws/install/zed_msgs/include/zed_msgs/zed_msgs/msg/detail/keypoint2_df__struct.hpp
[2.147s] -- Up-to-date symlink: /workspaces/isaac_ros-dev/ros_ws/install/zed_msgs/include/zed_msgs/zed_msgs/msg/detail/keypoint2_df__traits.hpp
[2.147s] -- Up-to-date symlink: /workspaces/isaac_ros-dev/ros_ws/install/zed_msgs/include/zed_msgs/zed_msgs/msg/detail/keypoint2_df__type_support.hpp
[2.147s] -- Up-to-date symlink: /workspaces/isaac_ros-dev/ros_ws/install/zed_msgs/include/zed_msgs/zed_msgs/msg/detail/keypoint2_di__builder.hpp
[2.147s] -- Up-to-date symlink: /workspaces/isaac_ros-dev/ros_ws/install/zed_msgs/include/zed_msgs/zed_msgs/msg/detail/keypoint2_di__struct.hpp
[2.148s] -- Up-to-date symlink: /workspaces/isaac_ros-dev/ros_ws/install/zed_msgs/include/zed_msgs/zed_msgs/msg/detail/keypoint2_di__traits.hpp
[2.148s] -- Up-to-date symlink: /workspaces/isaac_ros-dev/ros_ws/install/zed_msgs/include/zed_msgs/zed_msgs/msg/detail/keypoint2_di__type_support.hpp
[2.148s] -- Up-to-date symlink: /workspaces/isaac_ros-dev/ros_ws/install/zed_msgs/include/zed_msgs/zed_msgs/msg/detail/keypoint3_d__builder.hpp
[2.148s] -- Up-to-date symlink: /workspaces/isaac_ros-dev/ros_ws/install/zed_msgs/include/zed_msgs/zed_msgs/msg/detail/keypoint3_d__struct.hpp
[2.148s] -- Up-to-date symlink: /workspaces/isaac_ros-dev/ros_ws/install/zed_msgs/include/zed_msgs/zed_msgs/msg/detail/keypoint3_d__traits.hpp
[2.148s] -- Up-to-date symlink: /workspaces/isaac_ros-dev/ros_ws/install/zed_msgs/include/zed_msgs/zed_msgs/msg/detail/keypoint3_d__type_support.hpp
[2.148s] -- Up-to-date symlink: /workspaces/isaac_ros-dev/ros_ws/install/zed_msgs/include/zed_msgs/zed_msgs/msg/detail/mag_heading_status__builder.hpp
[2.148s] -- Up-to-date symlink: /workspaces/isaac_ros-dev/ros_ws/install/zed_msgs/include/zed_msgs/zed_msgs/msg/detail/mag_heading_status__struct.hpp
[2.148s] -- Up-to-date symlink: /workspaces/isaac_ros-dev/ros_ws/install/zed_msgs/include/zed_msgs/zed_msgs/msg/detail/mag_heading_status__traits.hpp
[2.149s] -- Up-to-date symlink: /workspaces/isaac_ros-dev/ros_ws/install/zed_msgs/include/zed_msgs/zed_msgs/msg/detail/mag_heading_status__type_support.hpp
[2.149s] -- Up-to-date symlink: /workspaces/isaac_ros-dev/ros_ws/install/zed_msgs/include/zed_msgs/zed_msgs/msg/detail/object__builder.hpp
[2.149s] -- Up-to-date symlink: /workspaces/isaac_ros-dev/ros_ws/install/zed_msgs/include/zed_msgs/zed_msgs/msg/detail/object__struct.hpp
[2.149s] -- Up-to-date symlink: /workspaces/isaac_ros-dev/ros_ws/install/zed_msgs/include/zed_msgs/zed_msgs/msg/detail/object__traits.hpp
[2.149s] -- Up-to-date symlink: /workspaces/isaac_ros-dev/ros_ws/install/zed_msgs/include/zed_msgs/zed_msgs/msg/detail/object__type_support.hpp
[2.149s] -- Up-to-date symlink: /workspaces/isaac_ros-dev/ros_ws/install/zed_msgs/include/zed_msgs/zed_msgs/msg/detail/objects_stamped__builder.hpp
[2.149s] -- Up-to-date symlink: /workspaces/isaac_ros-dev/ros_ws/install/zed_msgs/include/zed_msgs/zed_msgs/msg/detail/objects_stamped__struct.hpp
[2.149s] -- Up-to-date symlink: /workspaces/isaac_ros-dev/ros_ws/install/zed_msgs/include/zed_msgs/zed_msgs/msg/detail/objects_stamped__traits.hpp
[2.149s] -- Up-to-date symlink: /workspaces/isaac_ros-dev/ros_ws/install/zed_msgs/include/zed_msgs/zed_msgs/msg/detail/objects_stamped__type_support.hpp
[2.150s] -- Up-to-date symlink: /workspaces/isaac_ros-dev/ros_ws/install/zed_msgs/include/zed_msgs/zed_msgs/msg/detail/plane_stamped__builder.hpp
[2.150s] -- Up-to-date symlink: /workspaces/isaac_ros-dev/ros_ws/install/zed_msgs/include/zed_msgs/zed_msgs/msg/detail/plane_stamped__struct.hpp
[2.150s] -- Up-to-date symlink: /workspaces/isaac_ros-dev/ros_ws/install/zed_msgs/include/zed_msgs/zed_msgs/msg/detail/plane_stamped__traits.hpp
[2.150s] -- Up-to-date symlink: /workspaces/isaac_ros-dev/ros_ws/install/zed_msgs/include/zed_msgs/zed_msgs/msg/detail/plane_stamped__type_support.hpp
[2.150s] -- Up-to-date symlink: /workspaces/isaac_ros-dev/ros_ws/install/zed_msgs/include/zed_msgs/zed_msgs/msg/detail/pos_track_status__builder.hpp
[2.150s] -- Up-to-date symlink: /workspaces/isaac_ros-dev/ros_ws/install/zed_msgs/include/zed_msgs/zed_msgs/msg/detail/pos_track_status__struct.hpp
[2.150s] -- Up-to-date symlink: /workspaces/isaac_ros-dev/ros_ws/install/zed_msgs/include/zed_msgs/zed_msgs/msg/detail/pos_track_status__traits.hpp
[2.150s] -- Up-to-date symlink: /workspaces/isaac_ros-dev/ros_ws/install/zed_msgs/include/zed_msgs/zed_msgs/msg/detail/pos_track_status__type_support.hpp
[2.150s] -- Up-to-date symlink: /workspaces/isaac_ros-dev/ros_ws/install/zed_msgs/include/zed_msgs/zed_msgs/msg/detail/skeleton2_d__builder.hpp
[2.151s] -- Up-to-date symlink: /workspaces/isaac_ros-dev/ros_ws/install/zed_msgs/include/zed_msgs/zed_msgs/msg/detail/skeleton2_d__struct.hpp
[2.151s] -- Up-to-date symlink: /workspaces/isaac_ros-dev/ros_ws/install/zed_msgs/include/zed_msgs/zed_msgs/msg/detail/skeleton2_d__traits.hpp
[2.151s] -- Up-to-date symlink: /workspaces/isaac_ros-dev/ros_ws/install/zed_msgs/include/zed_msgs/zed_msgs/msg/detail/skeleton2_d__type_support.hpp
[2.151s] -- Up-to-date symlink: /workspaces/isaac_ros-dev/ros_ws/install/zed_msgs/include/zed_msgs/zed_msgs/msg/detail/skeleton3_d__builder.hpp
[2.151s] -- Up-to-date symlink: /workspaces/isaac_ros-dev/ros_ws/install/zed_msgs/include/zed_msgs/zed_msgs/msg/detail/skeleton3_d__struct.hpp
[2.151s] -- Up-to-date symlink: /workspaces/isaac_ros-dev/ros_ws/install/zed_msgs/include/zed_msgs/zed_msgs/msg/detail/skeleton3_d__traits.hpp
[2.151s] -- Up-to-date symlink: /workspaces/isaac_ros-dev/ros_ws/install/zed_msgs/include/zed_msgs/zed_msgs/msg/detail/skeleton3_d__type_support.hpp
[2.151s] -- Up-to-date symlink: /workspaces/isaac_ros-dev/ros_ws/install/zed_msgs/include/zed_msgs/zed_msgs/msg/detail/svo_status__builder.hpp
[2.151s] -- Up-to-date symlink: /workspaces/isaac_ros-dev/ros_ws/install/zed_msgs/include/zed_msgs/zed_msgs/msg/detail/svo_status__struct.hpp
[2.151s] -- Up-to-date symlink: /workspaces/isaac_ros-dev/ros_ws/install/zed_msgs/include/zed_msgs/zed_msgs/msg/detail/svo_status__traits.hpp
[2.152s] -- Up-to-date symlink: /workspaces/isaac_ros-dev/ros_ws/install/zed_msgs/include/zed_msgs/zed_msgs/msg/detail/svo_status__type_support.hpp
[2.152s] -- Up-to-date symlink: /workspaces/isaac_ros-dev/ros_ws/install/zed_msgs/include/zed_msgs/zed_msgs/msg/gnss_fusion_status.hpp
[2.152s] -- Up-to-date symlink: /workspaces/isaac_ros-dev/ros_ws/install/zed_msgs/include/zed_msgs/zed_msgs/msg/health_status_stamped.hpp
[2.152s] -- Up-to-date symlink: /workspaces/isaac_ros-dev/ros_ws/install/zed_msgs/include/zed_msgs/zed_msgs/msg/heartbeat.hpp
[2.152s] -- Up-to-date symlink: /workspaces/isaac_ros-dev/ros_ws/install/zed_msgs/include/zed_msgs/zed_msgs/msg/keypoint2_df.hpp
[2.152s] -- Up-to-date symlink: /workspaces/isaac_ros-dev/ros_ws/install/zed_msgs/include/zed_msgs/zed_msgs/msg/keypoint2_di.hpp
[2.152s] -- Up-to-date symlink: /workspaces/isaac_ros-dev/ros_ws/install/zed_msgs/include/zed_msgs/zed_msgs/msg/keypoint3_d.hpp
[2.152s] -- Up-to-date symlink: /workspaces/isaac_ros-dev/ros_ws/install/zed_msgs/include/zed_msgs/zed_msgs/msg/mag_heading_status.hpp
[2.152s] -- Up-to-date symlink: /workspaces/isaac_ros-dev/ros_ws/install/zed_msgs/include/zed_msgs/zed_msgs/msg/object.hpp
[2.152s] -- Up-to-date symlink: /workspaces/isaac_ros-dev/ros_ws/install/zed_msgs/include/zed_msgs/zed_msgs/msg/objects_stamped.hpp
[2.153s] -- Up-to-date symlink: /workspaces/isaac_ros-dev/ros_ws/install/zed_msgs/include/zed_msgs/zed_msgs/msg/plane_stamped.hpp
[2.153s] -- Up-to-date symlink: /workspaces/isaac_ros-dev/ros_ws/install/zed_msgs/include/zed_msgs/zed_msgs/msg/pos_track_status.hpp
[2.153s] -- Up-to-date symlink: /workspaces/isaac_ros-dev/ros_ws/install/zed_msgs/include/zed_msgs/zed_msgs/msg/rosidl_generator_cpp__visibility_control.hpp
[2.153s] -- Up-to-date symlink: /workspaces/isaac_ros-dev/ros_ws/install/zed_msgs/include/zed_msgs/zed_msgs/msg/skeleton2_d.hpp
[2.153s] -- Up-to-date symlink: /workspaces/isaac_ros-dev/ros_ws/install/zed_msgs/include/zed_msgs/zed_msgs/msg/skeleton3_d.hpp
[2.153s] -- Up-to-date symlink: /workspaces/isaac_ros-dev/ros_ws/install/zed_msgs/include/zed_msgs/zed_msgs/msg/svo_status.hpp
[2.153s] -- Up-to-date symlink: /workspaces/isaac_ros-dev/ros_ws/install/zed_msgs/include/zed_msgs/zed_msgs/srv/detail/set_pose__builder.hpp
[2.153s] -- Up-to-date symlink: /workspaces/isaac_ros-dev/ros_ws/install/zed_msgs/include/zed_msgs/zed_msgs/srv/detail/set_pose__struct.hpp
[2.153s] -- Up-to-date symlink: /workspaces/isaac_ros-dev/ros_ws/install/zed_msgs/include/zed_msgs/zed_msgs/srv/detail/set_pose__traits.hpp
[2.154s] -- Up-to-date symlink: /workspaces/isaac_ros-dev/ros_ws/install/zed_msgs/include/zed_msgs/zed_msgs/srv/detail/set_pose__type_support.hpp
[2.154s] -- Up-to-date symlink: /workspaces/isaac_ros-dev/ros_ws/install/zed_msgs/include/zed_msgs/zed_msgs/srv/detail/set_roi__builder.hpp
[2.154s] -- Up-to-date symlink: /workspaces/isaac_ros-dev/ros_ws/install/zed_msgs/include/zed_msgs/zed_msgs/srv/detail/set_roi__struct.hpp
[2.154s] -- Up-to-date symlink: /workspaces/isaac_ros-dev/ros_ws/install/zed_msgs/include/zed_msgs/zed_msgs/srv/detail/set_roi__traits.hpp
[2.154s] -- Up-to-date symlink: /workspaces/isaac_ros-dev/ros_ws/install/zed_msgs/include/zed_msgs/zed_msgs/srv/detail/set_roi__type_support.hpp
[2.154s] -- Up-to-date symlink: /workspaces/isaac_ros-dev/ros_ws/install/zed_msgs/include/zed_msgs/zed_msgs/srv/detail/set_svo_frame__builder.hpp
[2.154s] -- Up-to-date symlink: /workspaces/isaac_ros-dev/ros_ws/install/zed_msgs/include/zed_msgs/zed_msgs/srv/detail/set_svo_frame__struct.hpp
[2.154s] -- Up-to-date symlink: /workspaces/isaac_ros-dev/ros_ws/install/zed_msgs/include/zed_msgs/zed_msgs/srv/detail/set_svo_frame__traits.hpp
[2.154s] -- Up-to-date symlink: /workspaces/isaac_ros-dev/ros_ws/install/zed_msgs/include/zed_msgs/zed_msgs/srv/detail/set_svo_frame__type_support.hpp
[2.155s] -- Up-to-date symlink: /workspaces/isaac_ros-dev/ros_ws/install/zed_msgs/include/zed_msgs/zed_msgs/srv/detail/start_svo_rec__builder.hpp
[2.155s] -- Up-to-date symlink: /workspaces/isaac_ros-dev/ros_ws/install/zed_msgs/include/zed_msgs/zed_msgs/srv/detail/start_svo_rec__struct.hpp
[2.155s] -- Up-to-date symlink: /workspaces/isaac_ros-dev/ros_ws/install/zed_msgs/include/zed_msgs/zed_msgs/srv/detail/start_svo_rec__traits.hpp
[2.155s] -- Up-to-date symlink: /workspaces/isaac_ros-dev/ros_ws/install/zed_msgs/include/zed_msgs/zed_msgs/srv/detail/start_svo_rec__type_support.hpp
[2.155s] -- Up-to-date symlink: /workspaces/isaac_ros-dev/ros_ws/install/zed_msgs/include/zed_msgs/zed_msgs/srv/set_pose.hpp
[2.155s] -- Up-to-date symlink: /workspaces/isaac_ros-dev/ros_ws/install/zed_msgs/include/zed_msgs/zed_msgs/srv/set_roi.hpp
[2.155s] -- Up-to-date symlink: /workspaces/isaac_ros-dev/ros_ws/install/zed_msgs/include/zed_msgs/zed_msgs/srv/set_svo_frame.hpp
[2.155s] -- Up-to-date symlink: /workspaces/isaac_ros-dev/ros_ws/install/zed_msgs/include/zed_msgs/zed_msgs/srv/start_svo_rec.hpp
[2.155s] -- Up-to-date symlink: /workspaces/isaac_ros-dev/ros_ws/install/zed_msgs/include/zed_msgs/zed_msgs/msg/detail/bounding_box2_df__rosidl_typesupport_fastrtps_cpp.hpp
[2.156s] -- Up-to-date symlink: /workspaces/isaac_ros-dev/ros_ws/install/zed_msgs/include/zed_msgs/zed_msgs/msg/detail/bounding_box2_di__rosidl_typesupport_fastrtps_cpp.hpp
[2.156s] -- Up-to-date symlink: /workspaces/isaac_ros-dev/ros_ws/install/zed_msgs/include/zed_msgs/zed_msgs/msg/detail/bounding_box3_d__rosidl_typesupport_fastrtps_cpp.hpp
[2.156s] -- Up-to-date symlink: /workspaces/isaac_ros-dev/ros_ws/install/zed_msgs/include/zed_msgs/zed_msgs/msg/detail/depth_info_stamped__rosidl_typesupport_fastrtps_cpp.hpp
[2.156s] -- Up-to-date symlink: /workspaces/isaac_ros-dev/ros_ws/install/zed_msgs/include/zed_msgs/zed_msgs/msg/detail/gnss_fusion_status__rosidl_typesupport_fastrtps_cpp.hpp
[2.156s] -- Up-to-date symlink: /workspaces/isaac_ros-dev/ros_ws/install/zed_msgs/include/zed_msgs/zed_msgs/msg/detail/health_status_stamped__rosidl_typesupport_fastrtps_cpp.hpp
[2.156s] -- Up-to-date symlink: /workspaces/isaac_ros-dev/ros_ws/install/zed_msgs/include/zed_msgs/zed_msgs/msg/detail/heartbeat__rosidl_typesupport_fastrtps_cpp.hpp
[2.156s] -- Up-to-date symlink: /workspaces/isaac_ros-dev/ros_ws/install/zed_msgs/include/zed_msgs/zed_msgs/msg/detail/keypoint2_df__rosidl_typesupport_fastrtps_cpp.hpp
[2.156s] -- Up-to-date symlink: /workspaces/isaac_ros-dev/ros_ws/install/zed_msgs/include/zed_msgs/zed_msgs/msg/detail/keypoint2_di__rosidl_typesupport_fastrtps_cpp.hpp
[2.156s] -- Up-to-date symlink: /workspaces/isaac_ros-dev/ros_ws/install/zed_msgs/include/zed_msgs/zed_msgs/msg/detail/keypoint3_d__rosidl_typesupport_fastrtps_cpp.hpp
[2.157s] -- Up-to-date symlink: /workspaces/isaac_ros-dev/ros_ws/install/zed_msgs/include/zed_msgs/zed_msgs/msg/detail/mag_heading_status__rosidl_typesupport_fastrtps_cpp.hpp
[2.157s] -- Up-to-date symlink: /workspaces/isaac_ros-dev/ros_ws/install/zed_msgs/include/zed_msgs/zed_msgs/msg/detail/object__rosidl_typesupport_fastrtps_cpp.hpp
[2.157s] -- Up-to-date symlink: /workspaces/isaac_ros-dev/ros_ws/install/zed_msgs/include/zed_msgs/zed_msgs/msg/detail/objects_stamped__rosidl_typesupport_fastrtps_cpp.hpp
[2.157s] -- Up-to-date symlink: /workspaces/isaac_ros-dev/ros_ws/install/zed_msgs/include/zed_msgs/zed_msgs/msg/detail/plane_stamped__rosidl_typesupport_fastrtps_cpp.hpp
[2.157s] -- Up-to-date symlink: /workspaces/isaac_ros-dev/ros_ws/install/zed_msgs/include/zed_msgs/zed_msgs/msg/detail/pos_track_status__rosidl_typesupport_fastrtps_cpp.hpp
[2.157s] -- Up-to-date symlink: /workspaces/isaac_ros-dev/ros_ws/install/zed_msgs/include/zed_msgs/zed_msgs/msg/detail/skeleton2_d__rosidl_typesupport_fastrtps_cpp.hpp
[2.157s] -- Up-to-date symlink: /workspaces/isaac_ros-dev/ros_ws/install/zed_msgs/include/zed_msgs/zed_msgs/msg/detail/skeleton3_d__rosidl_typesupport_fastrtps_cpp.hpp
[2.157s] -- Up-to-date symlink: /workspaces/isaac_ros-dev/ros_ws/install/zed_msgs/include/zed_msgs/zed_msgs/msg/detail/svo_status__rosidl_typesupport_fastrtps_cpp.hpp
[2.157s] -- Up-to-date symlink: /workspaces/isaac_ros-dev/ros_ws/install/zed_msgs/include/zed_msgs/zed_msgs/msg/rosidl_typesupport_fastrtps_cpp__visibility_control.h
[2.158s] -- Up-to-date symlink: /workspaces/isaac_ros-dev/ros_ws/install/zed_msgs/include/zed_msgs/zed_msgs/srv/detail/set_pose__rosidl_typesupport_fastrtps_cpp.hpp
[2.158s] -- Up-to-date symlink: /workspaces/isaac_ros-dev/ros_ws/install/zed_msgs/include/zed_msgs/zed_msgs/srv/detail/set_roi__rosidl_typesupport_fastrtps_cpp.hpp
[2.158s] -- Up-to-date symlink: /workspaces/isaac_ros-dev/ros_ws/install/zed_msgs/include/zed_msgs/zed_msgs/srv/detail/set_svo_frame__rosidl_typesupport_fastrtps_cpp.hpp
[2.158s] -- Up-to-date symlink: /workspaces/isaac_ros-dev/ros_ws/install/zed_msgs/include/zed_msgs/zed_msgs/srv/detail/start_svo_rec__rosidl_typesupport_fastrtps_cpp.hpp
[2.158s] -- Up-to-date symlink: /workspaces/isaac_ros-dev/ros_ws/install/zed_msgs/include/zed_msgs/zed_msgs/msg/detail/bounding_box2_df__rosidl_typesupport_introspection_c.h
[2.158s] -- Up-to-date symlink: /workspaces/isaac_ros-dev/ros_ws/install/zed_msgs/include/zed_msgs/zed_msgs/msg/detail/bounding_box2_di__rosidl_typesupport_introspection_c.h
[2.158s] -- Up-to-date symlink: /workspaces/isaac_ros-dev/ros_ws/install/zed_msgs/include/zed_msgs/zed_msgs/msg/detail/bounding_box3_d__rosidl_typesupport_introspection_c.h
[2.158s] -- Up-to-date symlink: /workspaces/isaac_ros-dev/ros_ws/install/zed_msgs/include/zed_msgs/zed_msgs/msg/detail/depth_info_stamped__rosidl_typesupport_introspection_c.h
[2.158s] -- Up-to-date symlink: /workspaces/isaac_ros-dev/ros_ws/install/zed_msgs/include/zed_msgs/zed_msgs/msg/detail/gnss_fusion_status__rosidl_typesupport_introspection_c.h
[2.159s] -- Up-to-date symlink: /workspaces/isaac_ros-dev/ros_ws/install/zed_msgs/include/zed_msgs/zed_msgs/msg/detail/health_status_stamped__rosidl_typesupport_introspection_c.h
[2.159s] -- Up-to-date symlink: /workspaces/isaac_ros-dev/ros_ws/install/zed_msgs/include/zed_msgs/zed_msgs/msg/detail/heartbeat__rosidl_typesupport_introspection_c.h
[2.159s] -- Up-to-date symlink: /workspaces/isaac_ros-dev/ros_ws/install/zed_msgs/include/zed_msgs/zed_msgs/msg/detail/keypoint2_df__rosidl_typesupport_introspection_c.h
[2.159s] -- Up-to-date symlink: /workspaces/isaac_ros-dev/ros_ws/install/zed_msgs/include/zed_msgs/zed_msgs/msg/detail/keypoint2_di__rosidl_typesupport_introspection_c.h
[2.159s] -- Up-to-date symlink: /workspaces/isaac_ros-dev/ros_ws/install/zed_msgs/include/zed_msgs/zed_msgs/msg/detail/keypoint3_d__rosidl_typesupport_introspection_c.h
[2.159s] -- Up-to-date symlink: /workspaces/isaac_ros-dev/ros_ws/install/zed_msgs/include/zed_msgs/zed_msgs/msg/detail/mag_heading_status__rosidl_typesupport_introspection_c.h
[2.159s] -- Up-to-date symlink: /workspaces/isaac_ros-dev/ros_ws/install/zed_msgs/include/zed_msgs/zed_msgs/msg/detail/object__rosidl_typesupport_introspection_c.h
[2.159s] -- Up-to-date symlink: /workspaces/isaac_ros-dev/ros_ws/install/zed_msgs/include/zed_msgs/zed_msgs/msg/detail/objects_stamped__rosidl_typesupport_introspection_c.h
[2.159s] -- Up-to-date symlink: /workspaces/isaac_ros-dev/ros_ws/install/zed_msgs/include/zed_msgs/zed_msgs/msg/detail/plane_stamped__rosidl_typesupport_introspection_c.h
[2.160s] -- Up-to-date symlink: /workspaces/isaac_ros-dev/ros_ws/install/zed_msgs/include/zed_msgs/zed_msgs/msg/detail/pos_track_status__rosidl_typesupport_introspection_c.h
[2.160s] -- Up-to-date symlink: /workspaces/isaac_ros-dev/ros_ws/install/zed_msgs/include/zed_msgs/zed_msgs/msg/detail/skeleton2_d__rosidl_typesupport_introspection_c.h
[2.160s] -- Up-to-date symlink: /workspaces/isaac_ros-dev/ros_ws/install/zed_msgs/include/zed_msgs/zed_msgs/msg/detail/skeleton3_d__rosidl_typesupport_introspection_c.h
[2.160s] -- Up-to-date symlink: /workspaces/isaac_ros-dev/ros_ws/install/zed_msgs/include/zed_msgs/zed_msgs/msg/detail/svo_status__rosidl_typesupport_introspection_c.h
[2.160s] -- Up-to-date symlink: /workspaces/isaac_ros-dev/ros_ws/install/zed_msgs/include/zed_msgs/zed_msgs/msg/rosidl_typesupport_introspection_c__visibility_control.h
[2.160s] -- Up-to-date symlink: /workspaces/isaac_ros-dev/ros_ws/install/zed_msgs/include/zed_msgs/zed_msgs/srv/detail/set_pose__rosidl_typesupport_introspection_c.h
[2.160s] -- Up-to-date symlink: /workspaces/isaac_ros-dev/ros_ws/install/zed_msgs/include/zed_msgs/zed_msgs/srv/detail/set_roi__rosidl_typesupport_introspection_c.h
[2.160s] -- Up-to-date symlink: /workspaces/isaac_ros-dev/ros_ws/install/zed_msgs/include/zed_msgs/zed_msgs/srv/detail/set_svo_frame__rosidl_typesupport_introspection_c.h
[2.160s] -- Up-to-date symlink: /workspaces/isaac_ros-dev/ros_ws/install/zed_msgs/include/zed_msgs/zed_msgs/srv/detail/start_svo_rec__rosidl_typesupport_introspection_c.h
[2.161s] -- Up-to-date symlink: /workspaces/isaac_ros-dev/ros_ws/install/zed_msgs/include/zed_msgs/zed_msgs/msg/detail/bounding_box2_df__rosidl_typesupport_introspection_cpp.hpp
[2.161s] -- Up-to-date symlink: /workspaces/isaac_ros-dev/ros_ws/install/zed_msgs/include/zed_msgs/zed_msgs/msg/detail/bounding_box2_di__rosidl_typesupport_introspection_cpp.hpp
[2.161s] -- Up-to-date symlink: /workspaces/isaac_ros-dev/ros_ws/install/zed_msgs/include/zed_msgs/zed_msgs/msg/detail/bounding_box3_d__rosidl_typesupport_introspection_cpp.hpp
[2.161s] -- Up-to-date symlink: /workspaces/isaac_ros-dev/ros_ws/install/zed_msgs/include/zed_msgs/zed_msgs/msg/detail/depth_info_stamped__rosidl_typesupport_introspection_cpp.hpp
[2.161s] -- Up-to-date symlink: /workspaces/isaac_ros-dev/ros_ws/install/zed_msgs/include/zed_msgs/zed_msgs/msg/detail/gnss_fusion_status__rosidl_typesupport_introspection_cpp.hpp
[2.161s] -- Up-to-date symlink: /workspaces/isaac_ros-dev/ros_ws/install/zed_msgs/include/zed_msgs/zed_msgs/msg/detail/health_status_stamped__rosidl_typesupport_introspection_cpp.hpp
[2.161s] -- Up-to-date symlink: /workspaces/isaac_ros-dev/ros_ws/install/zed_msgs/include/zed_msgs/zed_msgs/msg/detail/heartbeat__rosidl_typesupport_introspection_cpp.hpp
[2.161s] -- Up-to-date symlink: /workspaces/isaac_ros-dev/ros_ws/install/zed_msgs/include/zed_msgs/zed_msgs/msg/detail/keypoint2_df__rosidl_typesupport_introspection_cpp.hpp
[2.161s] -- Up-to-date symlink: /workspaces/isaac_ros-dev/ros_ws/install/zed_msgs/include/zed_msgs/zed_msgs/msg/detail/keypoint2_di__rosidl_typesupport_introspection_cpp.hpp
[2.162s] -- Up-to-date symlink: /workspaces/isaac_ros-dev/ros_ws/install/zed_msgs/include/zed_msgs/zed_msgs/msg/detail/keypoint3_d__rosidl_typesupport_introspection_cpp.hpp
[2.162s] -- Up-to-date symlink: /workspaces/isaac_ros-dev/ros_ws/install/zed_msgs/include/zed_msgs/zed_msgs/msg/detail/mag_heading_status__rosidl_typesupport_introspection_cpp.hpp
[2.162s] -- Up-to-date symlink: /workspaces/isaac_ros-dev/ros_ws/install/zed_msgs/include/zed_msgs/zed_msgs/msg/detail/object__rosidl_typesupport_introspection_cpp.hpp
[2.162s] -- Up-to-date symlink: /workspaces/isaac_ros-dev/ros_ws/install/zed_msgs/include/zed_msgs/zed_msgs/msg/detail/objects_stamped__rosidl_typesupport_introspection_cpp.hpp
[2.162s] -- Up-to-date symlink: /workspaces/isaac_ros-dev/ros_ws/install/zed_msgs/include/zed_msgs/zed_msgs/msg/detail/plane_stamped__rosidl_typesupport_introspection_cpp.hpp
[2.162s] -- Up-to-date symlink: /workspaces/isaac_ros-dev/ros_ws/install/zed_msgs/include/zed_msgs/zed_msgs/msg/detail/pos_track_status__rosidl_typesupport_introspection_cpp.hpp
[2.162s] -- Up-to-date symlink: /workspaces/isaac_ros-dev/ros_ws/install/zed_msgs/include/zed_msgs/zed_msgs/msg/detail/skeleton2_d__rosidl_typesupport_introspection_cpp.hpp
[2.162s] -- Up-to-date symlink: /workspaces/isaac_ros-dev/ros_ws/install/zed_msgs/include/zed_msgs/zed_msgs/msg/detail/skeleton3_d__rosidl_typesupport_introspection_cpp.hpp
[2.162s] -- Up-to-date symlink: /workspaces/isaac_ros-dev/ros_ws/install/zed_msgs/include/zed_msgs/zed_msgs/msg/detail/svo_status__rosidl_typesupport_introspection_cpp.hpp
[2.163s] -- Up-to-date symlink: /workspaces/isaac_ros-dev/ros_ws/install/zed_msgs/include/zed_msgs/zed_msgs/srv/detail/set_pose__rosidl_typesupport_introspection_cpp.hpp
[2.163s] -- Up-to-date symlink: /workspaces/isaac_ros-dev/ros_ws/install/zed_msgs/include/zed_msgs/zed_msgs/srv/detail/set_roi__rosidl_typesupport_introspection_cpp.hpp
[2.163s] -- Up-to-date symlink: /workspaces/isaac_ros-dev/ros_ws/install/zed_msgs/include/zed_msgs/zed_msgs/srv/detail/set_svo_frame__rosidl_typesupport_introspection_cpp.hpp
[2.163s] -- Up-to-date symlink: /workspaces/isaac_ros-dev/ros_ws/install/zed_msgs/include/zed_msgs/zed_msgs/srv/detail/start_svo_rec__rosidl_typesupport_introspection_cpp.hpp
[2.163s] -- Up-to-date symlink: /workspaces/isaac_ros-dev/ros_ws/install/zed_msgs/share/zed_msgs/environment/pythonpath.sh
[2.163s] -- Up-to-date symlink: /workspaces/isaac_ros-dev/ros_ws/install/zed_msgs/share/zed_msgs/environment/pythonpath.dsv
[2.163s] -- Up-to-date symlink: /workspaces/isaac_ros-dev/ros_ws/install/zed_msgs/local/lib/python3.10/dist-packages/zed_msgs-5.0.0-py3.10.egg-info/PKG-INFO
[2.163s] -- Up-to-date symlink: /workspaces/isaac_ros-dev/ros_ws/install/zed_msgs/local/lib/python3.10/dist-packages/zed_msgs-5.0.0-py3.10.egg-info/SOURCES.txt
[2.163s] -- Up-to-date symlink: /workspaces/isaac_ros-dev/ros_ws/install/zed_msgs/local/lib/python3.10/dist-packages/zed_msgs-5.0.0-py3.10.egg-info/dependency_links.txt
[2.163s] -- Up-to-date symlink: /workspaces/isaac_ros-dev/ros_ws/install/zed_msgs/local/lib/python3.10/dist-packages/zed_msgs-5.0.0-py3.10.egg-info/top_level.txt
[2.164s] -- Up-to-date symlink: /workspaces/isaac_ros-dev/ros_ws/install/zed_msgs/local/lib/python3.10/dist-packages/zed_msgs/__init__.py
[2.164s] -- Up-to-date symlink: /workspaces/isaac_ros-dev/ros_ws/install/zed_msgs/local/lib/python3.10/dist-packages/zed_msgs/_zed_msgs_s.ep.rosidl_typesupport_c.c
[2.164s] -- Up-to-date symlink: /workspaces/isaac_ros-dev/ros_ws/install/zed_msgs/local/lib/python3.10/dist-packages/zed_msgs/_zed_msgs_s.ep.rosidl_typesupport_fastrtps_c.c
[2.164s] -- Up-to-date symlink: /workspaces/isaac_ros-dev/ros_ws/install/zed_msgs/local/lib/python3.10/dist-packages/zed_msgs/_zed_msgs_s.ep.rosidl_typesupport_introspection_c.c
[2.164s] -- Up-to-date symlink: /workspaces/isaac_ros-dev/ros_ws/install/zed_msgs/local/lib/python3.10/dist-packages/zed_msgs/libzed_msgs__rosidl_generator_py.so
[2.164s] -- Up-to-date symlink: /workspaces/isaac_ros-dev/ros_ws/install/zed_msgs/local/lib/python3.10/dist-packages/zed_msgs/msg/__init__.py
[2.164s] -- Up-to-date symlink: /workspaces/isaac_ros-dev/ros_ws/install/zed_msgs/local/lib/python3.10/dist-packages/zed_msgs/msg/_bounding_box2_df.py
[2.164s] -- Up-to-date symlink: /workspaces/isaac_ros-dev/ros_ws/install/zed_msgs/local/lib/python3.10/dist-packages/zed_msgs/msg/_bounding_box2_df_s.c
[2.165s] -- Up-to-date symlink: /workspaces/isaac_ros-dev/ros_ws/install/zed_msgs/local/lib/python3.10/dist-packages/zed_msgs/msg/_bounding_box2_di.py
[2.165s] -- Up-to-date symlink: /workspaces/isaac_ros-dev/ros_ws/install/zed_msgs/local/lib/python3.10/dist-packages/zed_msgs/msg/_bounding_box2_di_s.c
[2.165s] -- Up-to-date symlink: /workspaces/isaac_ros-dev/ros_ws/install/zed_msgs/local/lib/python3.10/dist-packages/zed_msgs/msg/_bounding_box3_d.py
[2.165s] -- Up-to-date symlink: /workspaces/isaac_ros-dev/ros_ws/install/zed_msgs/local/lib/python3.10/dist-packages/zed_msgs/msg/_bounding_box3_d_s.c
[2.165s] -- Up-to-date symlink: /workspaces/isaac_ros-dev/ros_ws/install/zed_msgs/local/lib/python3.10/dist-packages/zed_msgs/msg/_depth_info_stamped.py
[2.165s] -- Up-to-date symlink: /workspaces/isaac_ros-dev/ros_ws/install/zed_msgs/local/lib/python3.10/dist-packages/zed_msgs/msg/_depth_info_stamped_s.c
[2.165s] -- Up-to-date symlink: /workspaces/isaac_ros-dev/ros_ws/install/zed_msgs/local/lib/python3.10/dist-packages/zed_msgs/msg/_gnss_fusion_status.py
[2.165s] -- Up-to-date symlink: /workspaces/isaac_ros-dev/ros_ws/install/zed_msgs/local/lib/python3.10/dist-packages/zed_msgs/msg/_gnss_fusion_status_s.c
[2.165s] -- Up-to-date symlink: /workspaces/isaac_ros-dev/ros_ws/install/zed_msgs/local/lib/python3.10/dist-packages/zed_msgs/msg/_health_status_stamped.py
[2.165s] -- Up-to-date symlink: /workspaces/isaac_ros-dev/ros_ws/install/zed_msgs/local/lib/python3.10/dist-packages/zed_msgs/msg/_health_status_stamped_s.c
[2.166s] -- Up-to-date symlink: /workspaces/isaac_ros-dev/ros_ws/install/zed_msgs/local/lib/python3.10/dist-packages/zed_msgs/msg/_heartbeat.py
[2.166s] -- Up-to-date symlink: /workspaces/isaac_ros-dev/ros_ws/install/zed_msgs/local/lib/python3.10/dist-packages/zed_msgs/msg/_heartbeat_s.c
[2.166s] -- Up-to-date symlink: /workspaces/isaac_ros-dev/ros_ws/install/zed_msgs/local/lib/python3.10/dist-packages/zed_msgs/msg/_keypoint2_df.py
[2.166s] -- Up-to-date symlink: /workspaces/isaac_ros-dev/ros_ws/install/zed_msgs/local/lib/python3.10/dist-packages/zed_msgs/msg/_keypoint2_df_s.c
[2.166s] -- Up-to-date symlink: /workspaces/isaac_ros-dev/ros_ws/install/zed_msgs/local/lib/python3.10/dist-packages/zed_msgs/msg/_keypoint2_di.py
[2.166s] -- Up-to-date symlink: /workspaces/isaac_ros-dev/ros_ws/install/zed_msgs/local/lib/python3.10/dist-packages/zed_msgs/msg/_keypoint2_di_s.c
[2.166s] -- Up-to-date symlink: /workspaces/isaac_ros-dev/ros_ws/install/zed_msgs/local/lib/python3.10/dist-packages/zed_msgs/msg/_keypoint3_d.py
[2.166s] -- Up-to-date symlink: /workspaces/isaac_ros-dev/ros_ws/install/zed_msgs/local/lib/python3.10/dist-packages/zed_msgs/msg/_keypoint3_d_s.c
[2.166s] -- Up-to-date symlink: /workspaces/isaac_ros-dev/ros_ws/install/zed_msgs/local/lib/python3.10/dist-packages/zed_msgs/msg/_mag_heading_status.py
[2.167s] -- Up-to-date symlink: /workspaces/isaac_ros-dev/ros_ws/install/zed_msgs/local/lib/python3.10/dist-packages/zed_msgs/msg/_mag_heading_status_s.c
[2.167s] -- Up-to-date symlink: /workspaces/isaac_ros-dev/ros_ws/install/zed_msgs/local/lib/python3.10/dist-packages/zed_msgs/msg/_object.py
[2.167s] -- Up-to-date symlink: /workspaces/isaac_ros-dev/ros_ws/install/zed_msgs/local/lib/python3.10/dist-packages/zed_msgs/msg/_object_s.c
[2.167s] -- Up-to-date symlink: /workspaces/isaac_ros-dev/ros_ws/install/zed_msgs/local/lib/python3.10/dist-packages/zed_msgs/msg/_objects_stamped.py
[2.167s] -- Up-to-date symlink: /workspaces/isaac_ros-dev/ros_ws/install/zed_msgs/local/lib/python3.10/dist-packages/zed_msgs/msg/_objects_stamped_s.c
[2.167s] -- Up-to-date symlink: /workspaces/isaac_ros-dev/ros_ws/install/zed_msgs/local/lib/python3.10/dist-packages/zed_msgs/msg/_plane_stamped.py
[2.167s] -- Up-to-date symlink: /workspaces/isaac_ros-dev/ros_ws/install/zed_msgs/local/lib/python3.10/dist-packages/zed_msgs/msg/_plane_stamped_s.c
[2.167s] -- Up-to-date symlink: /workspaces/isaac_ros-dev/ros_ws/install/zed_msgs/local/lib/python3.10/dist-packages/zed_msgs/msg/_pos_track_status.py
[2.167s] -- Up-to-date symlink: /workspaces/isaac_ros-dev/ros_ws/install/zed_msgs/local/lib/python3.10/dist-packages/zed_msgs/msg/_pos_track_status_s.c
[2.168s] -- Up-to-date symlink: /workspaces/isaac_ros-dev/ros_ws/install/zed_msgs/local/lib/python3.10/dist-packages/zed_msgs/msg/_skeleton2_d.py
[2.168s] -- Up-to-date symlink: /workspaces/isaac_ros-dev/ros_ws/install/zed_msgs/local/lib/python3.10/dist-packages/zed_msgs/msg/_skeleton2_d_s.c
[2.168s] -- Up-to-date symlink: /workspaces/isaac_ros-dev/ros_ws/install/zed_msgs/local/lib/python3.10/dist-packages/zed_msgs/msg/_skeleton3_d.py
[2.168s] -- Up-to-date symlink: /workspaces/isaac_ros-dev/ros_ws/install/zed_msgs/local/lib/python3.10/dist-packages/zed_msgs/msg/_skeleton3_d_s.c
[2.168s] -- Up-to-date symlink: /workspaces/isaac_ros-dev/ros_ws/install/zed_msgs/local/lib/python3.10/dist-packages/zed_msgs/msg/_svo_status.py
[2.168s] -- Up-to-date symlink: /workspaces/isaac_ros-dev/ros_ws/install/zed_msgs/local/lib/python3.10/dist-packages/zed_msgs/msg/_svo_status_s.c
[2.168s] -- Up-to-date symlink: /workspaces/isaac_ros-dev/ros_ws/install/zed_msgs/local/lib/python3.10/dist-packages/zed_msgs/srv/__init__.py
[2.168s] -- Up-to-date symlink: /workspaces/isaac_ros-dev/ros_ws/install/zed_msgs/local/lib/python3.10/dist-packages/zed_msgs/srv/_set_pose.py
[2.168s] -- Up-to-date symlink: /workspaces/isaac_ros-dev/ros_ws/install/zed_msgs/local/lib/python3.10/dist-packages/zed_msgs/srv/_set_pose_s.c
[2.168s] -- Up-to-date symlink: /workspaces/isaac_ros-dev/ros_ws/install/zed_msgs/local/lib/python3.10/dist-packages/zed_msgs/srv/_set_roi.py
[2.169s] -- Up-to-date symlink: /workspaces/isaac_ros-dev/ros_ws/install/zed_msgs/local/lib/python3.10/dist-packages/zed_msgs/srv/_set_roi_s.c
[2.169s] -- Up-to-date symlink: /workspaces/isaac_ros-dev/ros_ws/install/zed_msgs/local/lib/python3.10/dist-packages/zed_msgs/srv/_set_svo_frame.py
[2.169s] -- Up-to-date symlink: /workspaces/isaac_ros-dev/ros_ws/install/zed_msgs/local/lib/python3.10/dist-packages/zed_msgs/srv/_set_svo_frame_s.c
[2.169s] -- Up-to-date symlink: /workspaces/isaac_ros-dev/ros_ws/install/zed_msgs/local/lib/python3.10/dist-packages/zed_msgs/srv/_start_svo_rec.py
[2.169s] -- Up-to-date symlink: /workspaces/isaac_ros-dev/ros_ws/install/zed_msgs/local/lib/python3.10/dist-packages/zed_msgs/srv/_start_svo_rec_s.c
[2.169s] -- Up-to-date symlink: /workspaces/isaac_ros-dev/ros_ws/install/zed_msgs/local/lib/python3.10/dist-packages/zed_msgs/zed_msgs_s__rosidl_typesupport_c.cpython-310-aarch64-linux-gnu.so
[2.169s] -- Up-to-date symlink: /workspaces/isaac_ros-dev/ros_ws/install/zed_msgs/local/lib/python3.10/dist-packages/zed_msgs/zed_msgs_s__rosidl_typesupport_fastrtps_c.cpython-310-aarch64-linux-gnu.so
[2.169s] -- Up-to-date symlink: /workspaces/isaac_ros-dev/ros_ws/install/zed_msgs/local/lib/python3.10/dist-packages/zed_msgs/zed_msgs_s__rosidl_typesupport_introspection_c.cpython-310-aarch64-linux-gnu.so
[2.169s] -- Up-to-date symlink: /workspaces/isaac_ros-dev/ros_ws/install/zed_msgs/local/lib/python3.10/dist-packages/zed_msgs/zed_msgs_s__rosidl_typesupport_fastrtps_c.cpython-310-aarch64-linux-gnu.so
[2.170s] -- Up-to-date symlink: /workspaces/isaac_ros-dev/ros_ws/install/zed_msgs/local/lib/python3.10/dist-packages/zed_msgs/zed_msgs_s__rosidl_typesupport_introspection_c.cpython-310-aarch64-linux-gnu.so
[2.170s] -- Up-to-date symlink: /workspaces/isaac_ros-dev/ros_ws/install/zed_msgs/local/lib/python3.10/dist-packages/zed_msgs/zed_msgs_s__rosidl_typesupport_c.cpython-310-aarch64-linux-gnu.so
[2.170s] -- Up-to-date symlink: /workspaces/isaac_ros-dev/ros_ws/install/zed_msgs/share/zed_msgs/msg/Object.idl
[2.170s] -- Up-to-date symlink: /workspaces/isaac_ros-dev/ros_ws/install/zed_msgs/share/zed_msgs/msg/ObjectsStamped.idl
[2.170s] -- Up-to-date symlink: /workspaces/isaac_ros-dev/ros_ws/install/zed_msgs/share/zed_msgs/msg/Keypoint2Di.idl
[2.170s] -- Up-to-date symlink: /workspaces/isaac_ros-dev/ros_ws/install/zed_msgs/share/zed_msgs/msg/Keypoint2Df.idl
[2.170s] -- Up-to-date symlink: /workspaces/isaac_ros-dev/ros_ws/install/zed_msgs/share/zed_msgs/msg/Keypoint3D.idl
[2.170s] -- Up-to-date symlink: /workspaces/isaac_ros-dev/ros_ws/install/zed_msgs/share/zed_msgs/msg/BoundingBox2Di.idl
[2.170s] -- Up-to-date symlink: /workspaces/isaac_ros-dev/ros_ws/install/zed_msgs/share/zed_msgs/msg/BoundingBox2Df.idl
[2.171s] -- Up-to-date symlink: /workspaces/isaac_ros-dev/ros_ws/install/zed_msgs/share/zed_msgs/msg/BoundingBox3D.idl
[2.171s] -- Up-to-date symlink: /workspaces/isaac_ros-dev/ros_ws/install/zed_msgs/share/zed_msgs/msg/Skeleton2D.idl
[2.171s] -- Up-to-date symlink: /workspaces/isaac_ros-dev/ros_ws/install/zed_msgs/share/zed_msgs/msg/Skeleton3D.idl
[2.171s] -- Up-to-date symlink: /workspaces/isaac_ros-dev/ros_ws/install/zed_msgs/share/zed_msgs/msg/DepthInfoStamped.idl
[2.171s] -- Up-to-date symlink: /workspaces/isaac_ros-dev/ros_ws/install/zed_msgs/share/zed_msgs/msg/PlaneStamped.idl
[2.171s] -- Up-to-date symlink: /workspaces/isaac_ros-dev/ros_ws/install/zed_msgs/share/zed_msgs/msg/PosTrackStatus.idl
[2.171s] -- Up-to-date symlink: /workspaces/isaac_ros-dev/ros_ws/install/zed_msgs/share/zed_msgs/msg/GnssFusionStatus.idl
[2.171s] -- Up-to-date symlink: /workspaces/isaac_ros-dev/ros_ws/install/zed_msgs/share/zed_msgs/msg/Heartbeat.idl
[2.171s] -- Up-to-date symlink: /workspaces/isaac_ros-dev/ros_ws/install/zed_msgs/share/zed_msgs/msg/MagHeadingStatus.idl
[2.172s] -- Up-to-date symlink: /workspaces/isaac_ros-dev/ros_ws/install/zed_msgs/share/zed_msgs/msg/SvoStatus.idl
[2.172s] -- Up-to-date symlink: /workspaces/isaac_ros-dev/ros_ws/install/zed_msgs/share/zed_msgs/msg/HealthStatusStamped.idl
[2.172s] -- Up-to-date symlink: /workspaces/isaac_ros-dev/ros_ws/install/zed_msgs/share/zed_msgs/srv/SetPose.idl
[2.172s] -- Up-to-date symlink: /workspaces/isaac_ros-dev/ros_ws/install/zed_msgs/share/zed_msgs/srv/StartSvoRec.idl
[2.172s] -- Up-to-date symlink: /workspaces/isaac_ros-dev/ros_ws/install/zed_msgs/share/zed_msgs/srv/SetROI.idl
[2.172s] -- Up-to-date symlink: /workspaces/isaac_ros-dev/ros_ws/install/zed_msgs/share/zed_msgs/srv/SetSvoFrame.idl
[2.172s] -- Up-to-date symlink: /workspaces/isaac_ros-dev/ros_ws/install/zed_msgs/share/zed_msgs/msg/Object.msg
[2.172s] -- Up-to-date symlink: /workspaces/isaac_ros-dev/ros_ws/install/zed_msgs/share/zed_msgs/msg/ObjectsStamped.msg
[2.172s] -- Up-to-date symlink: /workspaces/isaac_ros-dev/ros_ws/install/zed_msgs/share/zed_msgs/msg/Keypoint2Di.msg
[2.172s] -- Up-to-date symlink: /workspaces/isaac_ros-dev/ros_ws/install/zed_msgs/share/zed_msgs/msg/Keypoint2Df.msg
[2.173s] -- Up-to-date symlink: /workspaces/isaac_ros-dev/ros_ws/install/zed_msgs/share/zed_msgs/msg/Keypoint3D.msg
[2.173s] -- Up-to-date symlink: /workspaces/isaac_ros-dev/ros_ws/install/zed_msgs/share/zed_msgs/msg/BoundingBox2Di.msg
[2.173s] -- Up-to-date symlink: /workspaces/isaac_ros-dev/ros_ws/install/zed_msgs/share/zed_msgs/msg/BoundingBox2Df.msg
[2.173s] -- Up-to-date symlink: /workspaces/isaac_ros-dev/ros_ws/install/zed_msgs/share/zed_msgs/msg/BoundingBox3D.msg
[2.173s] -- Up-to-date symlink: /workspaces/isaac_ros-dev/ros_ws/install/zed_msgs/share/zed_msgs/msg/Skeleton2D.msg
[2.173s] -- Up-to-date symlink: /workspaces/isaac_ros-dev/ros_ws/install/zed_msgs/share/zed_msgs/msg/Skeleton3D.msg
[2.173s] -- Up-to-date symlink: /workspaces/isaac_ros-dev/ros_ws/install/zed_msgs/share/zed_msgs/msg/DepthInfoStamped.msg
[2.173s] -- Up-to-date symlink: /workspaces/isaac_ros-dev/ros_ws/install/zed_msgs/share/zed_msgs/msg/PlaneStamped.msg
[2.173s] -- Up-to-date symlink: /workspaces/isaac_ros-dev/ros_ws/install/zed_msgs/share/zed_msgs/msg/PosTrackStatus.msg
[2.174s] -- Up-to-date symlink: /workspaces/isaac_ros-dev/ros_ws/install/zed_msgs/share/zed_msgs/msg/GnssFusionStatus.msg
[2.174s] -- Up-to-date symlink: /workspaces/isaac_ros-dev/ros_ws/install/zed_msgs/share/zed_msgs/msg/Heartbeat.msg
[2.174s] -- Up-to-date symlink: /workspaces/isaac_ros-dev/ros_ws/install/zed_msgs/share/zed_msgs/msg/MagHeadingStatus.msg
[2.174s] -- Up-to-date symlink: /workspaces/isaac_ros-dev/ros_ws/install/zed_msgs/share/zed_msgs/msg/SvoStatus.msg
[2.174s] -- Up-to-date symlink: /workspaces/isaac_ros-dev/ros_ws/install/zed_msgs/share/zed_msgs/msg/HealthStatusStamped.msg
[2.174s] -- Up-to-date symlink: /workspaces/isaac_ros-dev/ros_ws/install/zed_msgs/share/zed_msgs/srv/SetPose.srv
[2.174s] -- Up-to-date symlink: /workspaces/isaac_ros-dev/ros_ws/install/zed_msgs/share/zed_msgs/srv/SetPose_Request.msg
[2.174s] -- Up-to-date symlink: /workspaces/isaac_ros-dev/ros_ws/install/zed_msgs/share/zed_msgs/srv/SetPose_Response.msg
[2.174s] -- Up-to-date symlink: /workspaces/isaac_ros-dev/ros_ws/install/zed_msgs/share/zed_msgs/srv/StartSvoRec.srv
[2.175s] -- Up-to-date symlink: /workspaces/isaac_ros-dev/ros_ws/install/zed_msgs/share/zed_msgs/srv/StartSvoRec_Request.msg
[2.175s] -- Up-to-date symlink: /workspaces/isaac_ros-dev/ros_ws/install/zed_msgs/share/zed_msgs/srv/StartSvoRec_Response.msg
[2.175s] -- Up-to-date symlink: /workspaces/isaac_ros-dev/ros_ws/install/zed_msgs/share/zed_msgs/srv/SetROI.srv
[2.175s] -- Up-to-date symlink: /workspaces/isaac_ros-dev/ros_ws/install/zed_msgs/share/zed_msgs/srv/SetROI_Request.msg
[2.175s] -- Up-to-date symlink: /workspaces/isaac_ros-dev/ros_ws/install/zed_msgs/share/zed_msgs/srv/SetROI_Response.msg
[2.175s] -- Up-to-date symlink: /workspaces/isaac_ros-dev/ros_ws/install/zed_msgs/share/zed_msgs/srv/SetSvoFrame.srv
[2.175s] -- Up-to-date symlink: /workspaces/isaac_ros-dev/ros_ws/install/zed_msgs/share/zed_msgs/srv/SetSvoFrame_Request.msg
[2.175s] -- Up-to-date symlink: /workspaces/isaac_ros-dev/ros_ws/install/zed_msgs/share/zed_msgs/srv/SetSvoFrame_Response.msg
[2.175s] -- Up-to-date symlink: /workspaces/isaac_ros-dev/ros_ws/install/zed_msgs/share/zed_msgs/meshes/virtual.stl
[2.175s] -- Up-to-date symlink: /workspaces/isaac_ros-dev/ros_ws/install/zed_msgs/share/zed_msgs/meshes/zed.stl
[2.176s] -- Up-to-date symlink: /workspaces/isaac_ros-dev/ros_ws/install/zed_msgs/share/zed_msgs/meshes/zed2.stl
[2.176s] -- Up-to-date symlink: /workspaces/isaac_ros-dev/ros_ws/install/zed_msgs/share/zed_msgs/meshes/zed2i.stl
[2.176s] -- Up-to-date symlink: /workspaces/isaac_ros-dev/ros_ws/install/zed_msgs/share/zed_msgs/meshes/zedm.stl
[2.176s] -- Up-to-date symlink: /workspaces/isaac_ros-dev/ros_ws/install/zed_msgs/share/zed_msgs/meshes/zedx.stl
[2.176s] -- Up-to-date symlink: /workspaces/isaac_ros-dev/ros_ws/install/zed_msgs/share/zed_msgs/meshes/zedxm.stl
[2.176s] -- Up-to-date symlink: /workspaces/isaac_ros-dev/ros_ws/install/zed_msgs/share/zed_msgs/meshes/zedxone4k.stl
[2.176s] -- Up-to-date symlink: /workspaces/isaac_ros-dev/ros_ws/install/zed_msgs/share/zed_msgs/meshes/zedxonegs.stl
[2.176s] -- Up-to-date symlink: /workspaces/isaac_ros-dev/ros_ws/install/zed_msgs/share/ament_index/resource_index/package_run_dependencies/zed_msgs
[2.176s] -- Up-to-date symlink: /workspaces/isaac_ros-dev/ros_ws/install/zed_msgs/share/ament_index/resource_index/parent_prefix_path/zed_msgs
[2.176s] -- Up-to-date symlink: /workspaces/isaac_ros-dev/ros_ws/install/zed_msgs/share/zed_msgs/environment/ament_prefix_path.sh
[2.177s] -- Up-to-date symlink: /workspaces/isaac_ros-dev/ros_ws/install/zed_msgs/share/zed_msgs/environment/ament_prefix_path.dsv
[2.177s] -- Up-to-date symlink: /workspaces/isaac_ros-dev/ros_ws/install/zed_msgs/share/zed_msgs/environment/path.sh
[2.177s] -- Up-to-date symlink: /workspaces/isaac_ros-dev/ros_ws/install/zed_msgs/share/zed_msgs/environment/path.dsv
[2.177s] -- Up-to-date symlink: /workspaces/isaac_ros-dev/ros_ws/install/zed_msgs/share/zed_msgs/local_setup.bash
[2.177s] -- Up-to-date symlink: /workspaces/isaac_ros-dev/ros_ws/install/zed_msgs/share/zed_msgs/local_setup.sh
[2.177s] -- Up-to-date symlink: /workspaces/isaac_ros-dev/ros_ws/install/zed_msgs/share/zed_msgs/local_setup.zsh
[2.177s] -- Up-to-date symlink: /workspaces/isaac_ros-dev/ros_ws/install/zed_msgs/share/zed_msgs/local_setup.dsv
[2.177s] -- Symlinking: /workspaces/isaac_ros-dev/ros_ws/install/zed_msgs/share/zed_msgs/package.dsv
[2.193s] -- Up-to-date symlink: /workspaces/isaac_ros-dev/ros_ws/install/zed_msgs/share/ament_index/resource_index/packages/zed_msgs
[2.193s] -- Up-to-date symlink: /workspaces/isaac_ros-dev/ros_ws/install/zed_msgs/share/zed_msgs/cmake/rosidl_cmake-extras.cmake
[2.193s] -- Up-to-date symlink: /workspaces/isaac_ros-dev/ros_ws/install/zed_msgs/share/zed_msgs/cmake/ament_cmake_export_dependencies-extras.cmake
[2.193s] -- Up-to-date symlink: /workspaces/isaac_ros-dev/ros_ws/install/zed_msgs/share/zed_msgs/cmake/ament_cmake_export_include_directories-extras.cmake
[2.194s] -- Up-to-date symlink: /workspaces/isaac_ros-dev/ros_ws/install/zed_msgs/share/zed_msgs/cmake/ament_cmake_export_libraries-extras.cmake
[2.194s] -- Up-to-date symlink: /workspaces/isaac_ros-dev/ros_ws/install/zed_msgs/share/zed_msgs/cmake/ament_cmake_export_targets-extras.cmake
[2.194s] -- Up-to-date symlink: /workspaces/isaac_ros-dev/ros_ws/install/zed_msgs/share/zed_msgs/cmake/rosidl_cmake_export_typesupport_targets-extras.cmake
[2.194s] -- Up-to-date symlink: /workspaces/isaac_ros-dev/ros_ws/install/zed_msgs/share/zed_msgs/cmake/rosidl_cmake_export_typesupport_libraries-extras.cmake
[2.194s] -- Up-to-date symlink: /workspaces/isaac_ros-dev/ros_ws/install/zed_msgs/share/zed_msgs/cmake/zed_msgsConfig.cmake
[2.195s] -- Up-to-date symlink: /workspaces/isaac_ros-dev/ros_ws/install/zed_msgs/share/zed_msgs/cmake/zed_msgsConfig-version.cmake
[2.195s] -- Up-to-date symlink: /workspaces/isaac_ros-dev/ros_ws/install/zed_msgs/share/zed_msgs/package.xml
[2.195s] -- Up-to-date: /workspaces/isaac_ros-dev/ros_ws/install/zed_msgs/lib/libzed_msgs__rosidl_generator_c.so
[2.196s] -- Up-to-date: /workspaces/isaac_ros-dev/ros_ws/install/zed_msgs/lib/libzed_msgs__rosidl_typesupport_fastrtps_c.so
[2.196s] -- Up-to-date: /workspaces/isaac_ros-dev/ros_ws/install/zed_msgs/lib/libzed_msgs__rosidl_typesupport_fastrtps_cpp.so
[2.197s] -- Up-to-date: /workspaces/isaac_ros-dev/ros_ws/install/zed_msgs/lib/libzed_msgs__rosidl_typesupport_introspection_c.so
[2.197s] -- Up-to-date: /workspaces/isaac_ros-dev/ros_ws/install/zed_msgs/lib/libzed_msgs__rosidl_typesupport_c.so
[2.197s] -- Up-to-date: /workspaces/isaac_ros-dev/ros_ws/install/zed_msgs/lib/libzed_msgs__rosidl_typesupport_introspection_cpp.so
[2.198s] -- Up-to-date: /workspaces/isaac_ros-dev/ros_ws/install/zed_msgs/lib/libzed_msgs__rosidl_typesupport_cpp.so
[2.265s] Listing '/workspaces/isaac_ros-dev/ros_ws/install/zed_msgs/local/lib/python3.10/dist-packages/zed_msgs'...
[2.265s] Listing '/workspaces/isaac_ros-dev/ros_ws/install/zed_msgs/local/lib/python3.10/dist-packages/zed_msgs/msg'...
[2.265s] Listing '/workspaces/isaac_ros-dev/ros_ws/install/zed_msgs/local/lib/python3.10/dist-packages/zed_msgs/srv'...
[2.274s] -- Up-to-date: /workspaces/isaac_ros-dev/ros_ws/install/zed_msgs/lib/libzed_msgs__rosidl_generator_py.so
[2.274s] -- Up-to-date: /workspaces/isaac_ros-dev/ros_ws/install/zed_msgs/share/zed_msgs/cmake/export_zed_msgs__rosidl_generator_cExport.cmake
[2.275s] -- Up-to-date: /workspaces/isaac_ros-dev/ros_ws/install/zed_msgs/share/zed_msgs/cmake/export_zed_msgs__rosidl_generator_cExport-noconfig.cmake
[2.275s] -- Up-to-date: /workspaces/isaac_ros-dev/ros_ws/install/zed_msgs/share/zed_msgs/cmake/export_zed_msgs__rosidl_typesupport_fastrtps_cExport.cmake
[2.275s] -- Up-to-date: /workspaces/isaac_ros-dev/ros_ws/install/zed_msgs/share/zed_msgs/cmake/export_zed_msgs__rosidl_typesupport_fastrtps_cExport-noconfig.cmake
[2.275s] -- Up-to-date: /workspaces/isaac_ros-dev/ros_ws/install/zed_msgs/share/zed_msgs/cmake/export_zed_msgs__rosidl_generator_cppExport.cmake
[2.275s] -- Up-to-date: /workspaces/isaac_ros-dev/ros_ws/install/zed_msgs/share/zed_msgs/cmake/export_zed_msgs__rosidl_typesupport_fastrtps_cppExport.cmake
[2.276s] -- Up-to-date: /workspaces/isaac_ros-dev/ros_ws/install/zed_msgs/share/zed_msgs/cmake/export_zed_msgs__rosidl_typesupport_fastrtps_cppExport-noconfig.cmake
[2.276s] -- Up-to-date: /workspaces/isaac_ros-dev/ros_ws/install/zed_msgs/share/zed_msgs/cmake/zed_msgs__rosidl_typesupport_introspection_cExport.cmake
[2.276s] -- Up-to-date: /workspaces/isaac_ros-dev/ros_ws/install/zed_msgs/share/zed_msgs/cmake/zed_msgs__rosidl_typesupport_introspection_cExport-noconfig.cmake
[2.276s] -- Up-to-date: /workspaces/isaac_ros-dev/ros_ws/install/zed_msgs/share/zed_msgs/cmake/zed_msgs__rosidl_typesupport_cExport.cmake
[2.276s] -- Up-to-date: /workspaces/isaac_ros-dev/ros_ws/install/zed_msgs/share/zed_msgs/cmake/zed_msgs__rosidl_typesupport_cExport-noconfig.cmake
[2.276s] -- Up-to-date: /workspaces/isaac_ros-dev/ros_ws/install/zed_msgs/share/zed_msgs/cmake/zed_msgs__rosidl_typesupport_introspection_cppExport.cmake
[2.277s] -- Up-to-date: /workspaces/isaac_ros-dev/ros_ws/install/zed_msgs/share/zed_msgs/cmake/zed_msgs__rosidl_typesupport_introspection_cppExport-noconfig.cmake
[2.277s] -- Up-to-date: /workspaces/isaac_ros-dev/ros_ws/install/zed_msgs/share/zed_msgs/cmake/zed_msgs__rosidl_typesupport_cppExport.cmake
[2.277s] -- Up-to-date: /workspaces/isaac_ros-dev/ros_ws/install/zed_msgs/share/zed_msgs/cmake/zed_msgs__rosidl_typesupport_cppExport-noconfig.cmake
[2.277s] -- Up-to-date: /workspaces/isaac_ros-dev/ros_ws/install/zed_msgs/share/zed_msgs/cmake/export_zed_msgs__rosidl_generator_pyExport.cmake
[2.277s] -- Up-to-date: /workspaces/isaac_ros-dev/ros_ws/install/zed_msgs/share/zed_msgs/cmake/export_zed_msgs__rosidl_generator_pyExport-noconfig.cmake
[2.281s] Invoked command in '/workspaces/isaac_ros-dev/ros_ws/build/zed_msgs' returned '0': CMAKE_PREFIX_PATH=${CMAKE_PREFIX_PATH}:/workspaces/isaac_ros-dev/ros_ws/install/vision:/workspaces/isaac_ros-dev/ros_ws/install/pattern:/workspaces/isaac_ros-dev/ros_ws/install/control:/opt/ros/humble /usr/bin/cmake --install /workspaces/isaac_ros-dev/ros_ws/build/zed_msgs
